[ 2016-10-29T00:00:39+08:00 ] 171.38.74.183 http://shoujiji.baijia.baidu.com/article/672570
INFO: [ app_init ] --START--
INFO: Run Behavior\BuildLiteBehavior [ RunTime:0.000021s ]
INFO: [ app_init ] --END-- [ RunTime:0.000213s ]
ERR: 无法加载模块:Article

[ 2016-10-29T00:00:39+08:00 ] 171.38.74.183 http://shoujiji.baijia.baidu.com/article/672570
INFO: [ app_init ] --START--
INFO: Run Behavior\BuildLiteBehavior [ RunTime:0.000020s ]
INFO: [ app_init ] --END-- [ RunTime:0.000156s ]
ERR: 无法加载模块:Article

[ 2016-10-29T00:01:59+08:00 ] 189.219.43.182 /cgi/common.cgi
INFO: [ app_init ] --START--
INFO: Run Behavior\BuildLiteBehavior [ RunTime:0.000020s ]
INFO: [ app_init ] --END-- [ RunTime:0.000169s ]
ERR: 无法加载模块:Cgi

[ 2016-10-29T00:02:05+08:00 ] 189.219.43.182 /stssys.htm
INFO: [ app_init ] --START--
INFO: Run Behavior\BuildLiteBehavior [ RunTime:0.000014s ]
INFO: [ app_init ] --END-- [ RunTime:0.000116s ]
ERR: 无法加载模块:Stssys

[ 2016-10-29T00:02:05+08:00 ] 189.219.43.182 /command.php
INFO: [ app_init ] --START--
INFO: Run Behavior\BuildLiteBehavior [ RunTime:0.000018s ]
INFO: [ app_init ] --END-- [ RunTime:0.000139s ]
ERR: 无法加载模块:Command

[ 2016-10-29T00:02:12+08:00 ] 189.219.43.182 /language/Swedish${IFS}&&echo${IFS}610cker>qt&&tar${IFS}/string.js
INFO: [ app_init ] --START--
INFO: Run Behavior\BuildLiteBehavior [ RunTime:0.000021s ]
INFO: [ app_init ] --END-- [ RunTime:0.000166s ]
ERR: 无法加载模块:Language

[ 2016-10-29T00:04:26+08:00 ] 171.38.74.183 http://shoujiji.baijia.baidu.com/article/672570
INFO: [ app_init ] --START--
INFO: Run Behavior\BuildLiteBehavior [ RunTime:0.000021s ]
INFO: [ app_init ] --END-- [ RunTime:0.000151s ]
ERR: 无法加载模块:Article

[ 2016-10-29T00:04:26+08:00 ] 171.38.74.183 http://shoujiji.baijia.baidu.com/article/672570
INFO: [ app_init ] --START--
INFO: Run Behavior\BuildLiteBehavior [ RunTime:0.000015s ]
INFO: [ app_init ] --END-- [ RunTime:0.000131s ]
ERR: 无法加载模块:Article

[ 2016-10-29T00:06:28+08:00 ] 171.38.74.183 http://tyfan.baijia.baidu.com/article/673000
INFO: [ app_init ] --START--
INFO: Run Behavior\BuildLiteBehavior [ RunTime:0.000015s ]
INFO: [ app_init ] --END-- [ RunTime:0.000148s ]
ERR: 无法加载模块:Article

[ 2016-10-29T00:06:28+08:00 ] 171.38.74.183 http://tyfan.baijia.baidu.com/article/673000
INFO: [ app_init ] --START--
INFO: Run Behavior\BuildLiteBehavior [ RunTime:0.000021s ]
INFO: [ app_init ] --END-- [ RunTime:0.000166s ]
ERR: 无法加载模块:Article

[ 2016-10-29T00:11:23+08:00 ] 171.38.74.183 http://tyfan.baijia.baidu.com/article/673000
INFO: [ app_init ] --START--
INFO: Run Behavior\BuildLiteBehavior [ RunTime:0.000021s ]
INFO: [ app_init ] --END-- [ RunTime:0.000189s ]
ERR: 无法加载模块:Article

[ 2016-10-29T00:11:23+08:00 ] 171.38.74.183 http://tyfan.baijia.baidu.com/article/673000
INFO: [ app_init ] --START--
INFO: Run Behavior\BuildLiteBehavior [ RunTime:0.000022s ]
INFO: [ app_init ] --END-- [ RunTime:0.000180s ]
ERR: 无法加载模块:Article

[ 2016-10-29T00:13:42+08:00 ] 171.38.74.183 http://statis.api.3g.youku.com/openapi-wireless/statis/vv?_t_=1477671165&e=md5&_s_=21f55af3ba75881a481430848a675a00&pid=642a656c40601971&guid=3d1bb101f21ae33bbd7ce6ac9615dd61&mac=45:3c:0b:39:5d:96&imei=993896813600134&ver=5.5&operator=CMCC_46000&network=WIFI&sessionid=def24f789854353b055d2c198513ac76&play_types=net&play_codes=200&type=begin&os=Android&video_format=1&play_decoding=1&id=XMTc3NzgzNTAyMA==&ev=1&ctype=20&token=9389&oip=1144171355&sid=147767116585016b27aa2&autoplay=&dns=192.168.3.1&intrIP=192.168.3.48&video_coding_format=0&is_phone_stream=0&switch_original=0
INFO: [ app_init ] --START--
INFO: Run Behavior\BuildLiteBehavior [ RunTime:0.000016s ]
INFO: [ app_init ] --END-- [ RunTime:0.000141s ]
ERR: 无法加载模块:Openapi-wireless

[ 2016-10-29T00:14:09+08:00 ] 171.38.74.183 http://shoujiji.baijia.baidu.com/article/672570
INFO: [ app_init ] --START--
INFO: Run Behavior\BuildLiteBehavior [ RunTime:0.000021s ]
INFO: [ app_init ] --END-- [ RunTime:0.000168s ]
ERR: 无法加载模块:Article

[ 2016-10-29T00:14:09+08:00 ] 171.38.74.183 http://shoujiji.baijia.baidu.com/article/672570
INFO: [ app_init ] --START--
INFO: Run Behavior\BuildLiteBehavior [ RunTime:0.000015s ]
INFO: [ app_init ] --END-- [ RunTime:0.000117s ]
ERR: 无法加载模块:Article

[ 2016-10-29T00:14:24+08:00 ] 171.38.74.183 http://www.le.com/ptv/vplay/26895602.html
INFO: [ app_init ] --START--
INFO: Run Behavior\BuildLiteBehavior [ RunTime:0.000016s ]
INFO: [ app_init ] --END-- [ RunTime:0.000148s ]
ERR: 无法加载模块:Ptv

[ 2016-10-29T00:17:47+08:00 ] 171.38.74.183 http://shoujiji.baijia.baidu.com/article/672570
INFO: [ app_init ] --START--
INFO: Run Behavior\BuildLiteBehavior [ RunTime:0.000020s ]
INFO: [ app_init ] --END-- [ RunTime:0.000158s ]
ERR: 无法加载模块:Article

[ 2016-10-29T00:17:47+08:00 ] 171.38.74.183 http://shoujiji.baijia.baidu.com/article/672570
INFO: [ app_init ] --START--
INFO: Run Behavior\BuildLiteBehavior [ RunTime:0.000020s ]
INFO: [ app_init ] --END-- [ RunTime:0.000154s ]
ERR: 无法加载模块:Article

[ 2016-10-29T00:22:38+08:00 ] 171.38.74.183 http://tyfan.baijia.baidu.com/article/673000
INFO: [ app_init ] --START--
INFO: Run Behavior\BuildLiteBehavior [ RunTime:0.000026s ]
INFO: [ app_init ] --END-- [ RunTime:0.000207s ]
ERR: 无法加载模块:Article

[ 2016-10-29T00:22:38+08:00 ] 171.38.74.183 http://tyfan.baijia.baidu.com/article/673000
INFO: [ app_init ] --START--
INFO: Run Behavior\BuildLiteBehavior [ RunTime:0.000020s ]
INFO: [ app_init ] --END-- [ RunTime:0.000195s ]
ERR: 无法加载模块:Article

[ 2016-10-29T00:23:51+08:00 ] 171.38.74.183 http://statis.api.3g.youku.com/openapi-wireless/statis/vv?_t_=1477671774&e=md5&_s_=4e2a75a166b2b24fae6446c6b5956319&pid=642a656c40601971&guid=1ed0352fb39b7b57095873671e8855e9&mac=cd:e2:1e:06:d5:03&imei=894506625050470&ver=5.5&operator=CMCC_46000&network=WIFI&sessionid=27b511a7405c115b9402abb2630d461f&play_types=net&play_codes=200&type=begin&os=Android&video_format=1&play_decoding=1&id=XMTc3NzgzNTAyMA==&ev=1&ctype=20&token=5130&oip=9566542175&sid=14776717743456f764bd1&autoplay=&dns=192.168.3.1&intrIP=192.168.3.50&video_coding_format=0&is_phone_stream=0&switch_original=0
INFO: [ app_init ] --START--
INFO: Run Behavior\BuildLiteBehavior [ RunTime:0.000019s ]
INFO: [ app_init ] --END-- [ RunTime:0.000161s ]
ERR: 无法加载模块:Openapi-wireless

[ 2016-10-29T00:26:24+08:00 ] 171.38.74.183 http://www.le.com/ptv/vplay/26895602.html
INFO: [ app_init ] --START--
INFO: Run Behavior\BuildLiteBehavior [ RunTime:0.000017s ]
INFO: [ app_init ] --END-- [ RunTime:0.000177s ]
ERR: 无法加载模块:Ptv

[ 2016-10-29T00:28:30+08:00 ] 171.38.74.183 http://tyfan.baijia.baidu.com/article/673000
INFO: [ app_init ] --START--
INFO: Run Behavior\BuildLiteBehavior [ RunTime:0.000015s ]
INFO: [ app_init ] --END-- [ RunTime:0.000127s ]
ERR: 无法加载模块:Article

[ 2016-10-29T00:28:30+08:00 ] 171.38.74.183 http://tyfan.baijia.baidu.com/article/673000
INFO: [ app_init ] --START--
INFO: Run Behavior\BuildLiteBehavior [ RunTime:0.000017s ]
INFO: [ app_init ] --END-- [ RunTime:0.000136s ]
ERR: 无法加载模块:Article

[ 2016-10-29T00:35:00+08:00 ] 171.38.74.183 http://toutiao.com/i6345818150365299201/
INFO: [ app_init ] --START--
INFO: Run Behavior\BuildLiteBehavior [ RunTime:0.000014s ]
INFO: [ app_init ] --END-- [ RunTime:0.000129s ]
ERR: 无法加载模块:I6345818150365299201

[ 2016-10-29T00:42:11+08:00 ] 171.38.74.183 http://statis.api.3g.youku.com/openapi-wireless/statis/vv?_t_=1477672874&e=md5&_s_=96295e94ef317fd6f5241dcbcea03a2d&pid=642a656c40601971&guid=2eb263084821ec35d035b82434266007&mac=df:21:45:8e:c6:0e&imei=164892413337746&ver=5.5&operator=CMCC_46000&network=WIFI&sessionid=4632fa077abd30c92d9b33729f039b56&play_types=net&play_codes=200&type=begin&os=Android&video_format=1&play_decoding=1&id=XMTc3NzgzNTAyMA==&ev=1&ctype=20&token=8025&oip=4035909092&sid=14776728747318ef22541&autoplay=&dns=192.168.3.1&intrIP=192.168.3.48&video_coding_format=0&is_phone_stream=0&switch_original=0
INFO: [ app_init ] --START--
INFO: Run Behavior\BuildLiteBehavior [ RunTime:0.000015s ]
INFO: [ app_init ] --END-- [ RunTime:0.000154s ]
ERR: 无法加载模块:Openapi-wireless

[ 2016-10-29T00:42:32+08:00 ] 171.38.74.183 http://tyfan.baijia.baidu.com/article/673000
INFO: [ app_init ] --START--
INFO: Run Behavior\BuildLiteBehavior [ RunTime:0.000014s ]
INFO: [ app_init ] --END-- [ RunTime:0.000129s ]
ERR: 无法加载模块:Article

[ 2016-10-29T00:42:32+08:00 ] 171.38.74.183 http://tyfan.baijia.baidu.com/article/673000
INFO: [ app_init ] --START--
INFO: Run Behavior\BuildLiteBehavior [ RunTime:0.000014s ]
INFO: [ app_init ] --END-- [ RunTime:0.000117s ]
ERR: 无法加载模块:Article

[ 2016-10-29T00:43:08+08:00 ] 171.38.74.183 http://www.le.com/ptv/vplay/26895602.html
INFO: [ app_init ] --START--
INFO: Run Behavior\BuildLiteBehavior [ RunTime:0.000019s ]
INFO: [ app_init ] --END-- [ RunTime:0.000145s ]
ERR: 无法加载模块:Ptv

[ 2016-10-29T00:47:44+08:00 ] 171.38.74.183 http://www.le.com/ptv/vplay/26895602.html
INFO: [ app_init ] --START--
INFO: Run Behavior\BuildLiteBehavior [ RunTime:0.000014s ]
INFO: [ app_init ] --END-- [ RunTime:0.000124s ]
ERR: 无法加载模块:Ptv

[ 2016-10-29T00:47:52+08:00 ] 171.38.74.183 http://statis.api.3g.youku.com/openapi-wireless/statis/vv?_t_=1477673215&e=md5&_s_=49b005ed29f1b6c686c96edca21efe97&pid=642a656c40601971&guid=d24bb07dd9d3d2b64d4603517127c00c&mac=cb:1e:b2:a4:6f:9d&imei=586569120437527&ver=5.5&operator=CMCC_46000&network=WIFI&sessionid=b118d0091d00b6a0e94a794d741e7205&play_types=net&play_codes=200&type=begin&os=Android&video_format=1&play_decoding=1&id=XMTc3NzgzNTAyMA==&ev=1&ctype=20&token=3861&oip=8153880442&sid=1477673215693f9d80b33&autoplay=&dns=192.168.3.1&intrIP=192.168.3.50&video_coding_format=0&is_phone_stream=0&switch_original=0
INFO: [ app_init ] --START--
INFO: Run Behavior\BuildLiteBehavior [ RunTime:0.000020s ]
INFO: [ app_init ] --END-- [ RunTime:0.000165s ]
ERR: 无法加载模块:Openapi-wireless

[ 2016-10-29T00:53:39+08:00 ] 171.38.74.183 http://statis.api.3g.youku.com/openapi-wireless/statis/vv?_t_=1477673562&e=md5&_s_=3ac3ee8a35baaea3f1b2b4a453bc8a23&pid=642a656c40601971&guid=68dd24c911d27e130fe7ce7aa1bc8bd6&mac=8c:8c:43:d2:97:e9&imei=708670738589080&ver=5.5&operator=CMCC_46000&network=WIFI&sessionid=0daa2ff9ff83f9fd1c995ba5b4e6cf54&play_types=net&play_codes=200&type=begin&os=Android&video_format=1&play_decoding=1&id=XMTc3NzgzNTAyMA==&ev=1&ctype=20&token=7589&oip=9812616582&sid=1477673562293456b5a22&autoplay=&dns=192.168.3.1&intrIP=192.168.3.11&video_coding_format=0&is_phone_stream=0&switch_original=0
INFO: [ app_init ] --START--
INFO: Run Behavior\BuildLiteBehavior [ RunTime:0.000014s ]
INFO: [ app_init ] --END-- [ RunTime:0.000130s ]
ERR: 无法加载模块:Openapi-wireless

[ 2016-10-29T00:54:59+08:00 ] 119.147.84.6 /phpmyadmin
INFO: [ app_init ] --START--
INFO: Run Behavior\BuildLiteBehavior [ RunTime:0.000021s ]
INFO: [ app_init ] --END-- [ RunTime:0.000130s ]
ERR: 无法加载模块:Phpmyadmin

[ 2016-10-29T00:55:15+08:00 ] 171.38.74.183 http://www.le.com/ptv/vplay/26895602.html
INFO: [ app_init ] --START--
INFO: Run Behavior\BuildLiteBehavior [ RunTime:0.000014s ]
INFO: [ app_init ] --END-- [ RunTime:0.000120s ]
ERR: 无法加载模块:Ptv

[ 2016-10-29T00:56:02+08:00 ] 119.147.84.6 /phpmyadmin
INFO: [ app_init ] --START--
INFO: Run Behavior\BuildLiteBehavior [ RunTime:0.000019s ]
INFO: [ app_init ] --END-- [ RunTime:0.000155s ]
ERR: 无法加载模块:Phpmyadmin

[ 2016-10-29T01:01:02+08:00 ] 171.38.74.183 http://statis.api.3g.youku.com/openapi-wireless/statis/vv?_t_=1477674005&e=md5&_s_=99ef1e174eb23e738fa69ab9124b0593&pid=642a656c40601971&guid=18d4d4cc5c5f263c6ced2acba79567ae&mac=ed:3f:53:9b:d3:1b&imei=281249500359781&ver=5.5&operator=CMCC_46000&network=WIFI&sessionid=53ac095945a1741ca608bcb6c5e94a9b&play_types=net&play_codes=200&type=begin&os=Android&video_format=1&play_decoding=1&id=XMTc3NzgzNTAyMA==&ev=1&ctype=20&token=1631&oip=7842904856&sid=14776740053539b6d3492&autoplay=&dns=192.168.3.1&intrIP=192.168.3.77&video_coding_format=0&is_phone_stream=0&switch_original=0
INFO: [ app_init ] --START--
INFO: Run Behavior\BuildLiteBehavior [ RunTime:0.000015s ]
INFO: [ app_init ] --END-- [ RunTime:0.000126s ]
ERR: 无法加载模块:Openapi-wireless

[ 2016-10-29T01:01:23+08:00 ] 171.38.74.183 http://toutiao.com/i6345368961340670466/
INFO: [ app_init ] --START--
INFO: Run Behavior\BuildLiteBehavior [ RunTime:0.000028s ]
INFO: [ app_init ] --END-- [ RunTime:0.000244s ]
ERR: 无法加载模块:I6345368961340670466

[ 2016-10-29T01:03:36+08:00 ] 171.38.74.183 http://statis.api.3g.youku.com/openapi-wireless/statis/vv?_t_=1477674159&e=md5&_s_=5fc5b85e68ea3c07bb874b07d6bfae5a&pid=642a656c40601971&guid=a3af86de9eee07c3d03214824a43a900&mac=f3:6c:f4:a5:f7:1b&imei=608712429927896&ver=5.5&operator=CMCC_46000&network=WIFI&sessionid=53af9cc3365181bc9965429caaf449a7&play_types=net&play_codes=200&type=begin&os=Android&video_format=1&play_decoding=1&id=XMTc3NzgzNTAyMA==&ev=1&ctype=20&token=5265&oip=3599815226&sid=14776741596639b5fc70d&autoplay=&dns=192.168.3.1&intrIP=192.168.3.69&video_coding_format=0&is_phone_stream=0&switch_original=0
INFO: [ app_init ] --START--
INFO: Run Behavior\BuildLiteBehavior [ RunTime:0.000014s ]
INFO: [ app_init ] --END-- [ RunTime:0.000118s ]
ERR: 无法加载模块:Openapi-wireless

[ 2016-10-29T01:10:13+08:00 ] 101.226.35.225 /favicon.ico
INFO: [ app_init ] --START--
INFO: Run Behavior\BuildLiteBehavior [ RunTime:0.000018s ]
INFO: [ app_init ] --END-- [ RunTime:0.000149s ]
ERR: 无法加载模块:Favicon

[ 2016-10-29T01:10:13+08:00 ] 101.226.35.225 /favicon.ico
INFO: [ app_init ] --START--
INFO: Run Behavior\BuildLiteBehavior [ RunTime:0.000014s ]
INFO: [ app_init ] --END-- [ RunTime:0.000120s ]
ERR: 无法加载模块:Favicon

[ 2016-10-29T01:10:13+08:00 ] 101.226.35.225 /favicon.ico
INFO: [ app_init ] --START--
INFO: Run Behavior\BuildLiteBehavior [ RunTime:0.000015s ]
INFO: [ app_init ] --END-- [ RunTime:0.000119s ]
ERR: 无法加载模块:Favicon

[ 2016-10-29T01:10:55+08:00 ] 171.38.74.183 http://statis.api.3g.youku.com/openapi-wireless/statis/vv?_t_=1477674598&e=md5&_s_=97d8f4b67c391eba8a0b572d32662860&pid=642a656c40601971&guid=389ab93a5121d2597e366d7defd3c2d8&mac=8a:ae:e6:2e:66:ae&imei=484397839984645&ver=5.5&operator=CMCC_46000&network=WIFI&sessionid=e619b6ef1c5165e6b1ecf1c52402c3dd&play_types=net&play_codes=200&type=begin&os=Android&video_format=1&play_decoding=1&id=XMTc3NzgzNTAyMA==&ev=1&ctype=20&token=4395&oip=7990372653&sid=14776745984222ed9e118&autoplay=&dns=192.168.3.1&intrIP=192.168.3.60&video_coding_format=0&is_phone_stream=0&switch_original=0
INFO: [ app_init ] --START--
INFO: Run Behavior\BuildLiteBehavior [ RunTime:0.000015s ]
INFO: [ app_init ] --END-- [ RunTime:0.000141s ]
ERR: 无法加载模块:Openapi-wireless

[ 2016-10-29T01:18:19+08:00 ] 171.38.74.183 http://tyfan.baijia.baidu.com/article/673000
INFO: [ app_init ] --START--
INFO: Run Behavior\BuildLiteBehavior [ RunTime:0.000021s ]
INFO: [ app_init ] --END-- [ RunTime:0.000203s ]
ERR: 无法加载模块:Article

[ 2016-10-29T01:18:19+08:00 ] 171.38.74.183 http://tyfan.baijia.baidu.com/article/673000
INFO: [ app_init ] --START--
INFO: Run Behavior\BuildLiteBehavior [ RunTime:0.000014s ]
INFO: [ app_init ] --END-- [ RunTime:0.000116s ]
ERR: 无法加载模块:Article

[ 2016-10-29T01:34:11+08:00 ] 117.136.79.201 /favicon.ico
INFO: [ app_init ] --START--
INFO: Run Behavior\BuildLiteBehavior [ RunTime:0.000014s ]
INFO: [ app_init ] --END-- [ RunTime:0.000122s ]
ERR: 无法加载模块:Favicon

[ 2016-10-29T01:34:46+08:00 ] 117.136.79.201 /favicon.ico
INFO: [ app_init ] --START--
INFO: Run Behavior\BuildLiteBehavior [ RunTime:0.000015s ]
INFO: [ app_init ] --END-- [ RunTime:0.000133s ]
ERR: 无法加载模块:Favicon

[ 2016-10-29T01:35:18+08:00 ] 171.38.74.183 http://toutiao.com/i6345368961340670466/
INFO: [ app_init ] --START--
INFO: Run Behavior\BuildLiteBehavior [ RunTime:0.000014s ]
INFO: [ app_init ] --END-- [ RunTime:0.000132s ]
ERR: 无法加载模块:I6345368961340670466

[ 2016-10-29T01:38:18+08:00 ] 171.38.74.183 http://toutiao.com/i6345818150365299201/
INFO: [ app_init ] --START--
INFO: Run Behavior\BuildLiteBehavior [ RunTime:0.000015s ]
INFO: [ app_init ] --END-- [ RunTime:0.000139s ]
ERR: 无法加载模块:I6345818150365299201

[ 2016-10-29T01:39:33+08:00 ] 171.38.74.183 http://toutiao.com/i6345368961340670466/
INFO: [ app_init ] --START--
INFO: Run Behavior\BuildLiteBehavior [ RunTime:0.000017s ]
INFO: [ app_init ] --END-- [ RunTime:0.000128s ]
ERR: 无法加载模块:I6345368961340670466

[ 2016-10-29T01:40:30+08:00 ] 171.38.74.183 http://statis.api.3g.youku.com/openapi-wireless/statis/vv?_t_=1477676373&e=md5&_s_=1b794349433893177b3fe83a22b5bcf3&pid=642a656c40601971&guid=e083955ae0e651f15c200716a38a0ffa&mac=32:56:9e:d6:1e:56&imei=575713920503817&ver=5.5&operator=CMCC_46000&network=WIFI&sessionid=9e11a21eab07f58e9ed69b6ee8b8f0f0&play_types=net&play_codes=200&type=begin&os=Android&video_format=1&play_decoding=1&id=XMTc3NzgzNTAyMA==&ev=1&ctype=20&token=6281&oip=7471437687&sid=1477676373753d6d1dd48&autoplay=&dns=192.168.3.1&intrIP=192.168.3.29&video_coding_format=0&is_phone_stream=0&switch_original=0
INFO: [ app_init ] --START--
INFO: Run Behavior\BuildLiteBehavior [ RunTime:0.000016s ]
INFO: [ app_init ] --END-- [ RunTime:0.000151s ]
ERR: 无法加载模块:Openapi-wireless

[ 2016-10-29T01:58:34+08:00 ] 117.136.79.201 /favicon.ico
INFO: [ app_init ] --START--
INFO: Run Behavior\BuildLiteBehavior [ RunTime:0.000021s ]
INFO: [ app_init ] --END-- [ RunTime:0.000167s ]
ERR: 无法加载模块:Favicon

[ 2016-10-29T02:10:21+08:00 ] 117.136.79.201 /favicon.ico
INFO: [ app_init ] --START--
INFO: Run Behavior\BuildLiteBehavior [ RunTime:0.000021s ]
INFO: [ app_init ] --END-- [ RunTime:0.000136s ]
ERR: 无法加载模块:Favicon

[ 2016-10-29T04:54:37+08:00 ] 207.46.13.240 /robots.txt
INFO: [ app_init ] --START--
INFO: Run Behavior\BuildLiteBehavior [ RunTime:0.000019s ]
INFO: [ app_init ] --END-- [ RunTime:0.000157s ]
ERR: 无法加载模块:Robots

[ 2016-10-29T04:56:41+08:00 ] 114.103.185.134 /phpmyadmin
INFO: [ app_init ] --START--
INFO: Run Behavior\BuildLiteBehavior [ RunTime:0.000025s ]
INFO: [ app_init ] --END-- [ RunTime:0.000227s ]
ERR: 无法加载模块:Phpmyadmin

[ 2016-10-29T06:13:35+08:00 ] 66.249.65.161 /robots.txt
INFO: [ app_init ] --START--
INFO: Run Behavior\BuildLiteBehavior [ RunTime:0.000018s ]
INFO: [ app_init ] --END-- [ RunTime:0.000150s ]
ERR: 无法加载模块:Robots

[ 2016-10-29T06:36:36+08:00 ] 172.82.166.210 http://www.baidu.com/cache/global/img/gs.gif
INFO: [ app_init ] --START--
INFO: Run Behavior\BuildLiteBehavior [ RunTime:0.000014s ]
INFO: [ app_init ] --END-- [ RunTime:0.000120s ]
ERR: 无法加载模块:Cache

[ 2016-10-29T08:54:48+08:00 ] 117.136.41.110 /favicon.ico
INFO: [ app_init ] --START--
INFO: Run Behavior\BuildLiteBehavior [ RunTime:0.000019s ]
INFO: [ app_init ] --END-- [ RunTime:0.000158s ]
ERR: 无法加载模块:Favicon

[ 2016-10-29T08:54:51+08:00 ] 117.136.41.110 /favicon.ico
INFO: [ app_init ] --START--
INFO: Run Behavior\BuildLiteBehavior [ RunTime:0.000019s ]
INFO: [ app_init ] --END-- [ RunTime:0.000165s ]
ERR: 无法加载模块:Favicon

[ 2016-10-29T09:20:47+08:00 ] 171.38.74.183 http://log.u17.com/click.php?object_type=comic&object_id=134776&ext=1
INFO: [ app_init ] --START--
INFO: Run Behavior\BuildLiteBehavior [ RunTime:0.000014s ]
INFO: [ app_init ] --END-- [ RunTime:0.000141s ]
ERR: 无法加载模块:Click

[ 2016-10-29T09:27:55+08:00 ] 171.38.74.183 http://log.u17.com/click.php?object_type=comic&object_id=134776&ext=1
INFO: [ app_init ] --START--
INFO: Run Behavior\BuildLiteBehavior [ RunTime:0.000020s ]
INFO: [ app_init ] --END-- [ RunTime:0.000200s ]
ERR: 无法加载模块:Click

[ 2016-10-29T09:36:25+08:00 ] 171.38.74.183 http://log.u17.com/click.php?object_type=comic&object_id=134776&ext=1
INFO: [ app_init ] --START--
INFO: Run Behavior\BuildLiteBehavior [ RunTime:0.000018s ]
INFO: [ app_init ] --END-- [ RunTime:0.000152s ]
ERR: 无法加载模块:Click

[ 2016-10-29T09:52:15+08:00 ] 171.38.74.183 http://log.u17.com/click.php?object_type=comic&object_id=134776&ext=1
INFO: [ app_init ] --START--
INFO: Run Behavior\BuildLiteBehavior [ RunTime:0.000022s ]
INFO: [ app_init ] --END-- [ RunTime:0.000176s ]
ERR: 无法加载模块:Click

[ 2016-10-29T10:15:25+08:00 ] 171.38.74.183 http://log.u17.com/click.php?object_type=comic&object_id=134776&ext=1
INFO: [ app_init ] --START--
INFO: Run Behavior\BuildLiteBehavior [ RunTime:0.000020s ]
INFO: [ app_init ] --END-- [ RunTime:0.000174s ]
ERR: 无法加载模块:Click

[ 2016-10-29T10:38:41+08:00 ] 80.82.78.38 http://www.baidu.com/cache/global/img/gs.gif
INFO: [ app_init ] --START--
INFO: Run Behavior\BuildLiteBehavior [ RunTime:0.000025s ]
INFO: [ app_init ] --END-- [ RunTime:0.000200s ]
ERR: 无法加载模块:Cache

[ 2016-10-29T10:42:57+08:00 ] 223.74.85.87 /favicon.ico
INFO: [ app_init ] --START--
INFO: Run Behavior\BuildLiteBehavior [ RunTime:0.000021s ]
INFO: [ app_init ] --END-- [ RunTime:0.000168s ]
ERR: 无法加载模块:Favicon

[ 2016-10-29T10:44:34+08:00 ] 171.38.74.183 http://log.u17.com/click.php?object_type=comic&object_id=134776&ext=1
INFO: [ app_init ] --START--
INFO: Run Behavior\BuildLiteBehavior [ RunTime:0.000014s ]
INFO: [ app_init ] --END-- [ RunTime:0.000139s ]
ERR: 无法加载模块:Click

[ 2016-10-29T11:12:19+08:00 ] 101.226.35.225 /favicon.ico
INFO: [ app_init ] --START--
INFO: Run Behavior\BuildLiteBehavior [ RunTime:0.000020s ]
INFO: [ app_init ] --END-- [ RunTime:0.000166s ]
ERR: 无法加载模块:Favicon

[ 2016-10-29T11:12:20+08:00 ] 101.226.35.225 /favicon.ico
INFO: [ app_init ] --START--
INFO: Run Behavior\BuildLiteBehavior [ RunTime:0.000019s ]
INFO: [ app_init ] --END-- [ RunTime:0.000179s ]
ERR: 无法加载模块:Favicon

[ 2016-10-29T11:12:20+08:00 ] 101.226.35.225 /favicon.ico
INFO: [ app_init ] --START--
INFO: Run Behavior\BuildLiteBehavior [ RunTime:0.000018s ]
INFO: [ app_init ] --END-- [ RunTime:0.000139s ]
ERR: 无法加载模块:Favicon

[ 2016-10-29T11:27:27+08:00 ] 207.46.13.233 /robots.txt
INFO: [ app_init ] --START--
INFO: Run Behavior\BuildLiteBehavior [ RunTime:0.000026s ]
INFO: [ app_init ] --END-- [ RunTime:0.000193s ]
ERR: 无法加载模块:Robots

[ 2016-10-29T12:18:52+08:00 ] 171.38.74.183 http://log.u17.com/click.php?object_type=comic&object_id=134776&ext=1
INFO: [ app_init ] --START--
INFO: Run Behavior\BuildLiteBehavior [ RunTime:0.000014s ]
INFO: [ app_init ] --END-- [ RunTime:0.000134s ]
ERR: 无法加载模块:Click

[ 2016-10-29T12:31:06+08:00 ] 171.38.74.183 http://log.u17.com/click.php?object_type=comic&object_id=134776&ext=1
INFO: [ app_init ] --START--
INFO: Run Behavior\BuildLiteBehavior [ RunTime:0.000014s ]
INFO: [ app_init ] --END-- [ RunTime:0.000131s ]
ERR: 无法加载模块:Click

[ 2016-10-29T12:44:04+08:00 ] 171.38.74.183 http://log.u17.com/click.php?object_type=comic&object_id=134776&ext=1
INFO: [ app_init ] --START--
INFO: Run Behavior\BuildLiteBehavior [ RunTime:0.000028s ]
INFO: [ app_init ] --END-- [ RunTime:0.000214s ]
ERR: 无法加载模块:Click

[ 2016-10-29T12:48:43+08:00 ] 171.38.74.183 http://log.u17.com/click.php?object_type=comic&object_id=134776&ext=1
INFO: [ app_init ] --START--
INFO: Run Behavior\BuildLiteBehavior [ RunTime:0.000015s ]
INFO: [ app_init ] --END-- [ RunTime:0.000138s ]
ERR: 无法加载模块:Click

[ 2016-10-29T12:49:28+08:00 ] 171.38.74.183 http://log.u17.com/click.php?object_type=comic&object_id=134776&ext=1
INFO: [ app_init ] --START--
INFO: Run Behavior\BuildLiteBehavior [ RunTime:0.000020s ]
INFO: [ app_init ] --END-- [ RunTime:0.000151s ]
ERR: 无法加载模块:Click

[ 2016-10-29T12:49:35+08:00 ] 171.38.74.183 http://log.u17.com/click.php?object_type=comic&object_id=134776&ext=1
INFO: [ app_init ] --START--
INFO: Run Behavior\BuildLiteBehavior [ RunTime:0.000014s ]
INFO: [ app_init ] --END-- [ RunTime:0.000118s ]
ERR: 无法加载模块:Click

[ 2016-10-29T13:52:40+08:00 ] 120.25.103.140 /admin
INFO: [ app_init ] --START--
INFO: Run Behavior\BuildLiteBehavior [ RunTime:0.000018s ]
INFO: [ app_init ] --END-- [ RunTime:0.000199s ]
ERR: 无法加载模块:Admin

[ 2016-10-29T15:22:44+08:00 ] 171.38.74.183 http://toutiao.com/i6345982631674380801/
INFO: [ app_init ] --START--
INFO: Run Behavior\BuildLiteBehavior [ RunTime:0.000014s ]
INFO: [ app_init ] --END-- [ RunTime:0.000148s ]
ERR: 无法加载模块:I6345982631674380801

[ 2016-10-29T15:29:36+08:00 ] 171.38.74.183 http://toutiao.com/i6345978888564244994/
INFO: [ app_init ] --START--
INFO: Run Behavior\BuildLiteBehavior [ RunTime:0.000013s ]
INFO: [ app_init ] --END-- [ RunTime:0.000132s ]
ERR: 无法加载模块:I6345978888564244994

[ 2016-10-29T15:31:44+08:00 ] 171.38.74.183 http://toutiao.com/i6346012419474588162/
INFO: [ app_init ] --START--
INFO: Run Behavior\BuildLiteBehavior [ RunTime:0.000014s ]
INFO: [ app_init ] --END-- [ RunTime:0.000115s ]
ERR: 无法加载模块:I6346012419474588162

[ 2016-10-29T15:32:45+08:00 ] 171.38.74.183 http://toutiao.com/i6346012419474588162/
INFO: [ app_init ] --START--
INFO: Run Behavior\BuildLiteBehavior [ RunTime:0.000015s ]
INFO: [ app_init ] --END-- [ RunTime:0.000164s ]
ERR: 无法加载模块:I6346012419474588162

[ 2016-10-29T15:39:26+08:00 ] 171.38.74.183 http://toutiao.com/i6346012419474588162/
INFO: [ app_init ] --START--
INFO: Run Behavior\BuildLiteBehavior [ RunTime:0.000014s ]
INFO: [ app_init ] --END-- [ RunTime:0.000148s ]
ERR: 无法加载模块:I6346012419474588162

[ 2016-10-29T15:39:54+08:00 ] 171.38.74.183 http://toutiao.com/i6345982631674380801/
INFO: [ app_init ] --START--
INFO: Run Behavior\BuildLiteBehavior [ RunTime:0.000019s ]
INFO: [ app_init ] --END-- [ RunTime:0.000169s ]
ERR: 无法加载模块:I6345982631674380801

[ 2016-10-29T16:06:07+08:00 ] 171.38.74.183 http://toutiao.com/i6346514001270145537/
INFO: [ app_init ] --START--
INFO: Run Behavior\BuildLiteBehavior [ RunTime:0.000028s ]
INFO: [ app_init ] --END-- [ RunTime:0.000242s ]
ERR: 无法加载模块:I6346514001270145537

[ 2016-10-29T16:06:59+08:00 ] 171.38.74.183 http://ajax.club.autohome.com.cn/Detail/LoadX_Mini?callback=jsonpCallback&topicId=57419596&UID=-1&roleId=0&bbs=c&bbsid=2334&pageIndex=1&recom=0&_=1477728362651
INFO: [ app_init ] --START--
INFO: Run Behavior\BuildLiteBehavior [ RunTime:0.000020s ]
INFO: [ app_init ] --END-- [ RunTime:0.000138s ]
ERR: 无法加载模块:Detail

[ 2016-10-29T16:07:04+08:00 ] 171.38.74.183 http://toutiao.com/i6346514001270145537/
INFO: [ app_init ] --START--
INFO: Run Behavior\BuildLiteBehavior [ RunTime:0.000015s ]
INFO: [ app_init ] --END-- [ RunTime:0.000116s ]
ERR: 无法加载模块:I6346514001270145537

[ 2016-10-29T16:07:27+08:00 ] 171.38.74.183 http://toutiao.com/i6346514001270145537/
INFO: [ app_init ] --START--
INFO: Run Behavior\BuildLiteBehavior [ RunTime:0.000015s ]
INFO: [ app_init ] --END-- [ RunTime:0.000119s ]
ERR: 无法加载模块:I6346514001270145537

[ 2016-10-29T16:11:58+08:00 ] 171.38.74.183 http://ajax.club.autohome.com.cn/Detail/LoadX_Mini?callback=jsonpCallback&topicId=57419596&UID=-1&roleId=0&bbs=c&bbsid=2334&pageIndex=1&recom=0&_=1477728661963
INFO: [ app_init ] --START--
INFO: Run Behavior\BuildLiteBehavior [ RunTime:0.000021s ]
INFO: [ app_init ] --END-- [ RunTime:0.000170s ]
ERR: 无法加载模块:Detail

[ 2016-10-29T16:16:52+08:00 ] 171.38.74.183 http://toutiao.com/i6337584127868404226/
INFO: [ app_init ] --START--
INFO: Run Behavior\BuildLiteBehavior [ RunTime:0.000014s ]
INFO: [ app_init ] --END-- [ RunTime:0.000118s ]
ERR: 无法加载模块:I6337584127868404226

[ 2016-10-29T16:30:38+08:00 ] 180.97.35.165 http://odds.500.com/fenxi1/json/ouzhi.php?_=1477722666517&fid=435708&cid=1189&r=1&time=2014-12-06%2022%3A57%3A01&type=europe
INFO: [ app_init ] --START--
INFO: Run Behavior\BuildLiteBehavior [ RunTime:0.000016s ]
INFO: [ app_init ] --END-- [ RunTime:0.000142s ]
ERR: 无法加载模块:Fenxi1

[ 2016-10-29T17:14:08+08:00 ] 223.74.85.124 /favicon.ico
INFO: [ app_init ] --START--
INFO: Run Behavior\BuildLiteBehavior [ RunTime:0.000014s ]
INFO: [ app_init ] --END-- [ RunTime:0.000141s ]
ERR: 无法加载模块:Favicon

[ 2016-10-29T17:14:17+08:00 ] 223.74.85.124 /favicon.ico
INFO: [ app_init ] --START--
INFO: Run Behavior\BuildLiteBehavior [ RunTime:0.000022s ]
INFO: [ app_init ] --END-- [ RunTime:0.000165s ]
ERR: 无法加载模块:Favicon

[ 2016-10-29T17:16:27+08:00 ] 117.136.41.110 /favicon.ico
INFO: [ app_init ] --START--
INFO: Run Behavior\BuildLiteBehavior [ RunTime:0.000014s ]
INFO: [ app_init ] --END-- [ RunTime:0.000119s ]
ERR: 无法加载模块:Favicon

[ 2016-10-29T17:16:29+08:00 ] 117.136.41.110 /favicon.ico
INFO: [ app_init ] --START--
INFO: Run Behavior\BuildLiteBehavior [ RunTime:0.000014s ]
INFO: [ app_init ] --END-- [ RunTime:0.000115s ]
ERR: 无法加载模块:Favicon

[ 2016-10-29T18:57:54+08:00 ] 116.8.238.232 /phpinfo.php
INFO: [ app_init ] --START--
INFO: Run Behavior\BuildLiteBehavior [ RunTime:0.000018s ]
INFO: [ app_init ] --END-- [ RunTime:0.000132s ]
ERR: 无法加载模块:Phpinfo

[ 2016-10-29T18:57:54+08:00 ] 116.8.238.232 /test.php
INFO: [ app_init ] --START--
INFO: Run Behavior\BuildLiteBehavior [ RunTime:0.000018s ]
INFO: [ app_init ] --END-- [ RunTime:0.000138s ]
ERR: 无法加载模块:Test

[ 2016-10-29T18:57:54+08:00 ] 116.8.238.232 /l.php
INFO: [ app_init ] --START--
INFO: Run Behavior\BuildLiteBehavior [ RunTime:0.000015s ]
INFO: [ app_init ] --END-- [ RunTime:0.000142s ]
ERR: 无法加载模块:L

[ 2016-10-29T19:47:26+08:00 ] 116.55.227.87 /phpmyadmin
INFO: [ app_init ] --START--
INFO: Run Behavior\BuildLiteBehavior [ RunTime:0.000015s ]
INFO: [ app_init ] --END-- [ RunTime:0.000124s ]
ERR: 无法加载模块:Phpmyadmin

[ 2016-10-29T20:10:43+08:00 ] 104.223.133.24 /phpmyadmin
INFO: [ app_init ] --START--
INFO: Run Behavior\BuildLiteBehavior [ RunTime:0.000023s ]
INFO: [ app_init ] --END-- [ RunTime:0.000189s ]
ERR: 无法加载模块:Phpmyadmin

[ 2016-10-29T21:00:40+08:00 ] 180.97.35.165 http://odds.500.com/fenxi1/json/ouzhi.php?_=1477722666517&fid=435708&cid=1189&r=1&time=2014-12-06%2022%3A57%3A01&type=europe
INFO: [ app_init ] --START--
INFO: Run Behavior\BuildLiteBehavior [ RunTime:0.000013s ]
INFO: [ app_init ] --END-- [ RunTime:0.000122s ]
ERR: 无法加载模块:Fenxi1

[ 2016-10-29T21:13:24+08:00 ] 101.226.35.225 /favicon.ico
INFO: [ app_init ] --START--
INFO: Run Behavior\BuildLiteBehavior [ RunTime:0.000015s ]
INFO: [ app_init ] --END-- [ RunTime:0.000131s ]
ERR: 无法加载模块:Favicon

[ 2016-10-29T21:13:24+08:00 ] 101.226.35.225 /favicon.ico
INFO: [ app_init ] --START--
INFO: Run Behavior\BuildLiteBehavior [ RunTime:0.000016s ]
INFO: [ app_init ] --END-- [ RunTime:0.000149s ]
ERR: 无法加载模块:Favicon

[ 2016-10-29T21:13:24+08:00 ] 101.226.35.225 /favicon.ico
INFO: [ app_init ] --START--
INFO: Run Behavior\BuildLiteBehavior [ RunTime:0.000014s ]
INFO: [ app_init ] --END-- [ RunTime:0.000118s ]
ERR: 无法加载模块:Favicon

[ 2016-10-29T21:28:10+08:00 ] 223.74.85.87 /favicon.ico
INFO: [ app_init ] --START--
INFO: Run Behavior\BuildLiteBehavior [ RunTime:0.000023s ]
INFO: [ app_init ] --END-- [ RunTime:0.000188s ]
ERR: 无法加载模块:Favicon

[ 2016-10-29T21:28:15+08:00 ] 223.74.85.87 /favicon.ico
INFO: [ app_init ] --START--
INFO: Run Behavior\BuildLiteBehavior [ RunTime:0.000015s ]
INFO: [ app_init ] --END-- [ RunTime:0.000117s ]
ERR: 无法加载模块:Favicon

[ 2016-10-29T21:28:18+08:00 ] 223.74.85.87 /favicon.ico
INFO: [ app_init ] --START--
INFO: Run Behavior\BuildLiteBehavior [ RunTime:0.000020s ]
INFO: [ app_init ] --END-- [ RunTime:0.000157s ]
ERR: 无法加载模块:Favicon

[ 2016-10-29T22:03:03+08:00 ] 223.74.85.87 /favicon.ico
INFO: [ app_init ] --START--
INFO: Run Behavior\BuildLiteBehavior [ RunTime:0.000023s ]
INFO: [ app_init ] --END-- [ RunTime:0.000210s ]
ERR: 无法加载模块:Favicon

[ 2016-10-29T22:04:22+08:00 ] 223.74.85.87 /favicon.ico
INFO: [ app_init ] --START--
INFO: Run Behavior\BuildLiteBehavior [ RunTime:0.000024s ]
INFO: [ app_init ] --END-- [ RunTime:0.000183s ]
ERR: 无法加载模块:Favicon

[ 2016-10-29T22:04:47+08:00 ] 223.74.85.87 /favicon.ico
INFO: [ app_init ] --START--
INFO: Run Behavior\BuildLiteBehavior [ RunTime:0.000021s ]
INFO: [ app_init ] --END-- [ RunTime:0.000167s ]
ERR: 无法加载模块:Favicon

[ 2016-10-29T22:11:45+08:00 ] 223.74.85.87 /favicon.ico
INFO: [ app_init ] --START--
INFO: Run Behavior\BuildLiteBehavior [ RunTime:0.000014s ]
INFO: [ app_init ] --END-- [ RunTime:0.000123s ]
ERR: 无法加载模块:Favicon

[ 2016-10-29T22:11:52+08:00 ] 223.74.85.87 /favicon.ico
INFO: [ app_init ] --START--
INFO: Run Behavior\BuildLiteBehavior [ RunTime:0.000021s ]
INFO: [ app_init ] --END-- [ RunTime:0.000169s ]
ERR: 无法加载模块:Favicon

[ 2016-10-29T22:11:59+08:00 ] 223.74.85.87 /favicon.ico
INFO: [ app_init ] --START--
INFO: Run Behavior\BuildLiteBehavior [ RunTime:0.000015s ]
INFO: [ app_init ] --END-- [ RunTime:0.000136s ]
ERR: 无法加载模块:Favicon

[ 2016-10-29T22:12:01+08:00 ] 223.74.85.87 /favicon.ico
INFO: [ app_init ] --START--
INFO: Run Behavior\BuildLiteBehavior [ RunTime:0.000015s ]
INFO: [ app_init ] --END-- [ RunTime:0.000131s ]
ERR: 无法加载模块:Favicon

[ 2016-10-29T22:12:34+08:00 ] 223.74.85.87 /favicon.ico
INFO: [ app_init ] --START--
INFO: Run Behavior\BuildLiteBehavior [ RunTime:0.000015s ]
INFO: [ app_init ] --END-- [ RunTime:0.000115s ]
ERR: 无法加载模块:Favicon

[ 2016-10-29T22:20:09+08:00 ] 223.74.85.87 /favicon.ico
INFO: [ app_init ] --START--
INFO: Run Behavior\BuildLiteBehavior [ RunTime:0.000023s ]
INFO: [ app_init ] --END-- [ RunTime:0.000169s ]
ERR: 无法加载模块:Favicon

[ 2016-10-29T22:22:06+08:00 ] 223.74.85.87 /favicon.ico
INFO: [ app_init ] --START--
INFO: Run Behavior\BuildLiteBehavior [ RunTime:0.000015s ]
INFO: [ app_init ] --END-- [ RunTime:0.000152s ]
ERR: 无法加载模块:Favicon

[ 2016-10-29T22:28:35+08:00 ] 223.74.85.87 /favicon.ico
INFO: [ app_init ] --START--
INFO: Run Behavior\BuildLiteBehavior [ RunTime:0.000014s ]
INFO: [ app_init ] --END-- [ RunTime:0.000121s ]
ERR: 无法加载模块:Favicon

[ 2016-10-29T23:05:53+08:00 ] 207.46.13.65 /robots.txt
INFO: [ app_init ] --START--
INFO: Run Behavior\BuildLiteBehavior [ RunTime:0.000015s ]
INFO: [ app_init ] --END-- [ RunTime:0.000123s ]
ERR: 无法加载模块:Robots

[ 2016-10-29T23:14:36+08:00 ] 223.74.85.124 /favicon.ico
INFO: [ app_init ] --START--
INFO: Run Behavior\BuildLiteBehavior [ RunTime:0.000018s ]
INFO: [ app_init ] --END-- [ RunTime:0.000157s ]
ERR: 无法加载模块:Favicon

[ 2016-10-29T23:14:40+08:00 ] 223.74.85.124 /favicon.ico
INFO: [ app_init ] --START--
INFO: Run Behavior\BuildLiteBehavior [ RunTime:0.000020s ]
INFO: [ app_init ] --END-- [ RunTime:0.000156s ]
ERR: 无法加载模块:Favicon

[ 2016-10-29T23:17:57+08:00 ] 223.74.85.124 /favicon.ico
INFO: [ app_init ] --START--
INFO: Run Behavior\BuildLiteBehavior [ RunTime:0.000015s ]
INFO: [ app_init ] --END-- [ RunTime:0.000135s ]
ERR: 无法加载模块:Favicon

[ 2016-10-29T23:18:50+08:00 ] 223.74.85.124 /favicon.ico
INFO: [ app_init ] --START--
INFO: Run Behavior\BuildLiteBehavior [ RunTime:0.000017s ]
INFO: [ app_init ] --END-- [ RunTime:0.000126s ]
ERR: 无法加载模块:Favicon

[ 2016-10-29T23:37:34+08:00 ] 52.198.96.87 /locale/en/adv_wtp_trafficmanage.php
INFO: [ app_init ] --START--
INFO: Run Behavior\BuildLiteBehavior [ RunTime:0.000015s ]
INFO: [ app_init ] --END-- [ RunTime:0.000122s ]
ERR: 无法加载模块:Locale

[ 2016-10-29T23:54:38+08:00 ] 118.178.228.150 /phpmyadmin
INFO: [ app_init ] --START--
INFO: Run Behavior\BuildLiteBehavior [ RunTime:0.000021s ]
INFO: [ app_init ] --END-- [ RunTime:0.000193s ]
ERR: 无法加载模块:Phpmyadmin

