[ 2016-11-22T00:39:16+08:00 ] 124.226.24.201 /phpinfo.php
INFO: [ app_init ] --START--
INFO: Run Behavior\BuildLiteBehavior [ RunTime:0.000014s ]
INFO: [ app_init ] --END-- [ RunTime:0.000116s ]
ERR: 无法加载模块:Phpinfo

[ 2016-11-22T00:39:16+08:00 ] 124.226.24.201 /test.php
INFO: [ app_init ] --START--
INFO: Run Behavior\BuildLiteBehavior [ RunTime:0.000015s ]
INFO: [ app_init ] --END-- [ RunTime:0.000141s ]
ERR: 无法加载模块:Test

[ 2016-11-22T00:39:16+08:00 ] 124.226.24.201 /l.php
INFO: [ app_init ] --START--
INFO: Run Behavior\BuildLiteBehavior [ RunTime:0.000014s ]
INFO: [ app_init ] --END-- [ RunTime:0.000116s ]
ERR: 无法加载模块:L

[ 2016-11-22T00:40:59+08:00 ] 124.226.24.201 /phpinfo.php
INFO: [ app_init ] --START--
INFO: Run Behavior\BuildLiteBehavior [ RunTime:0.000015s ]
INFO: [ app_init ] --END-- [ RunTime:0.000160s ]
ERR: 无法加载模块:Phpinfo

[ 2016-11-22T00:40:59+08:00 ] 124.226.24.201 /test.php
INFO: [ app_init ] --START--
INFO: Run Behavior\BuildLiteBehavior [ RunTime:0.000016s ]
INFO: [ app_init ] --END-- [ RunTime:0.000143s ]
ERR: 无法加载模块:Test

[ 2016-11-22T00:40:59+08:00 ] 124.226.24.201 /l.php
INFO: [ app_init ] --START--
INFO: Run Behavior\BuildLiteBehavior [ RunTime:0.000021s ]
INFO: [ app_init ] --END-- [ RunTime:0.000167s ]
ERR: 无法加载模块:L

[ 2016-11-22T01:08:18+08:00 ] 101.226.35.225 /favicon.ico
INFO: [ app_init ] --START--
INFO: Run Behavior\BuildLiteBehavior [ RunTime:0.000015s ]
INFO: [ app_init ] --END-- [ RunTime:0.000138s ]
ERR: 无法加载模块:Favicon

[ 2016-11-22T01:08:18+08:00 ] 101.226.35.225 /favicon.ico
INFO: [ app_init ] --START--
INFO: Run Behavior\BuildLiteBehavior [ RunTime:0.000016s ]
INFO: [ app_init ] --END-- [ RunTime:0.000124s ]
ERR: 无法加载模块:Favicon

[ 2016-11-22T01:08:19+08:00 ] 101.226.35.225 /favicon.ico
INFO: [ app_init ] --START--
INFO: Run Behavior\BuildLiteBehavior [ RunTime:0.000031s ]
INFO: [ app_init ] --END-- [ RunTime:0.000205s ]
ERR: 无法加载模块:Favicon

[ 2016-11-22T03:46:13+08:00 ] 123.125.67.226 /robots.txt
INFO: [ app_init ] --START--
INFO: Run Behavior\BuildLiteBehavior [ RunTime:0.000019s ]
INFO: [ app_init ] --END-- [ RunTime:0.000178s ]
ERR: 无法加载模块:Robots

[ 2016-11-22T04:59:40+08:00 ] 52.87.177.129 /wp-login.php
INFO: [ app_init ] --START--
INFO: Run Behavior\BuildLiteBehavior [ RunTime:0.000019s ]
INFO: [ app_init ] --END-- [ RunTime:0.000173s ]
ERR: 无法加载模块:Wp-login

[ 2016-11-22T04:59:40+08:00 ] 52.87.177.129 /administrator/
INFO: [ app_init ] --START--
INFO: Run Behavior\BuildLiteBehavior [ RunTime:0.000016s ]
INFO: [ app_init ] --END-- [ RunTime:0.000130s ]
ERR: 无法加载模块:Administrator

[ 2016-11-22T05:30:19+08:00 ] 212.53.160.181 /blog/wp-login.php
INFO: [ app_init ] --START--
INFO: Run Behavior\BuildLiteBehavior [ RunTime:0.000015s ]
INFO: [ app_init ] --END-- [ RunTime:0.000173s ]
ERR: 无法加载模块:Blog

[ 2016-11-22T07:56:10+08:00 ] 212.53.160.181 /wp-login.php
INFO: [ app_init ] --START--
INFO: Run Behavior\BuildLiteBehavior [ RunTime:0.000021s ]
INFO: [ app_init ] --END-- [ RunTime:0.000147s ]
ERR: 无法加载模块:Wp-login

[ 2016-11-22T08:20:33+08:00 ] 207.46.13.131 /main
INFO: [ app_init ] --START--
INFO: Run Behavior\BuildLiteBehavior [ RunTime:0.000019s ]
INFO: [ app_init ] --END-- [ RunTime:0.000176s ]
ERR: 无法加载模块:Main

[ 2016-11-22T09:14:46+08:00 ] 117.136.41.110 /favicon.ico
INFO: [ app_init ] --START--
INFO: Run Behavior\BuildLiteBehavior [ RunTime:0.000016s ]
INFO: [ app_init ] --END-- [ RunTime:0.000160s ]
ERR: 无法加载模块:Favicon

[ 2016-11-22T09:14:51+08:00 ] 117.136.41.110 /favicon.ico
INFO: [ app_init ] --START--
INFO: Run Behavior\BuildLiteBehavior [ RunTime:0.000014s ]
INFO: [ app_init ] --END-- [ RunTime:0.000129s ]
ERR: 无法加载模块:Favicon

[ 2016-11-22T09:15:20+08:00 ] 117.136.41.110 /favicon.ico
INFO: [ app_init ] --START--
INFO: Run Behavior\BuildLiteBehavior [ RunTime:0.000021s ]
INFO: [ app_init ] --END-- [ RunTime:0.000192s ]
ERR: 无法加载模块:Favicon

[ 2016-11-22T09:15:24+08:00 ] 117.136.41.110 /favicon.ico
INFO: [ app_init ] --START--
INFO: Run Behavior\BuildLiteBehavior [ RunTime:0.000016s ]
INFO: [ app_init ] --END-- [ RunTime:0.000151s ]
ERR: 无法加载模块:Favicon

[ 2016-11-22T10:21:33+08:00 ] 171.38.80.229 http://ajax.club.autohome.com.cn/Detail/LoadX_Mini?callback=jsonpCallback&topicId=58258137&UID=-1&roleId=0&bbs=c&bbsid=111&pageIndex=1&recom=0&_=1479781207552
INFO: [ app_init ] --START--
INFO: Run Behavior\BuildLiteBehavior [ RunTime:0.000015s ]
INFO: [ app_init ] --END-- [ RunTime:0.000149s ]
ERR: 无法加载模块:Detail

[ 2016-11-22T10:30:45+08:00 ] 171.38.80.229 http://ajax.club.autohome.com.cn/Detail/LoadX_Mini?callback=jsonpCallback&topicId=58258137&UID=-1&roleId=0&bbs=c&bbsid=111&pageIndex=1&recom=0&_=1479781759703
INFO: [ app_init ] --START--
INFO: Run Behavior\BuildLiteBehavior [ RunTime:0.000015s ]
INFO: [ app_init ] --END-- [ RunTime:0.000180s ]
ERR: 无法加载模块:Detail

[ 2016-11-22T10:32:14+08:00 ] 171.38.80.229 http://ajax.club.autohome.com.cn/Detail/LoadX_Mini?callback=jsonpCallback&topicId=58258137&UID=-1&roleId=0&bbs=c&bbsid=111&pageIndex=1&recom=0&_=1479781848679
INFO: [ app_init ] --START--
INFO: Run Behavior\BuildLiteBehavior [ RunTime:0.000014s ]
INFO: [ app_init ] --END-- [ RunTime:0.000119s ]
ERR: 无法加载模块:Detail

[ 2016-11-22T10:43:16+08:00 ] 171.38.80.229 http://log.u17.com/click.php?object_type=comic&object_id=134776&ext=1
INFO: [ app_init ] --START--
INFO: Run Behavior\BuildLiteBehavior [ RunTime:0.000015s ]
INFO: [ app_init ] --END-- [ RunTime:0.000143s ]
ERR: 无法加载模块:Click

[ 2016-11-22T10:45:32+08:00 ] 171.38.11.228 http://log.u17.com/click.php?object_type=comic&object_id=134776&ext=1
INFO: [ app_init ] --START--
INFO: Run Behavior\BuildLiteBehavior [ RunTime:0.000015s ]
INFO: [ app_init ] --END-- [ RunTime:0.000123s ]
ERR: 无法加载模块:Click

[ 2016-11-22T10:46:57+08:00 ] 171.38.11.228 http://log.u17.com/click.php?object_type=comic&object_id=134776&ext=1
INFO: [ app_init ] --START--
INFO: Run Behavior\BuildLiteBehavior [ RunTime:0.000016s ]
INFO: [ app_init ] --END-- [ RunTime:0.000137s ]
ERR: 无法加载模块:Click

[ 2016-11-22T10:52:47+08:00 ] 223.74.85.108 /favicon.ico
INFO: [ app_init ] --START--
INFO: Run Behavior\BuildLiteBehavior [ RunTime:0.000023s ]
INFO: [ app_init ] --END-- [ RunTime:0.000190s ]
ERR: 无法加载模块:Favicon

[ 2016-11-22T10:52:50+08:00 ] 223.74.85.108 /favicon.ico
INFO: [ app_init ] --START--
INFO: Run Behavior\BuildLiteBehavior [ RunTime:0.000023s ]
INFO: [ app_init ] --END-- [ RunTime:0.000301s ]
ERR: 无法加载模块:Favicon

[ 2016-11-22T10:52:53+08:00 ] 223.74.85.108 /favicon.ico
INFO: [ app_init ] --START--
INFO: Run Behavior\BuildLiteBehavior [ RunTime:0.000015s ]
INFO: [ app_init ] --END-- [ RunTime:0.000118s ]
ERR: 无法加载模块:Favicon

[ 2016-11-22T10:52:53+08:00 ] 223.74.85.93 /favicon.ico
INFO: [ app_init ] --START--
INFO: Run Behavior\BuildLiteBehavior [ RunTime:0.000016s ]
INFO: [ app_init ] --END-- [ RunTime:0.000117s ]
ERR: 无法加载模块:Favicon

[ 2016-11-22T10:52:54+08:00 ] 223.74.85.108 /favicon.ico
INFO: [ app_init ] --START--
INFO: Run Behavior\BuildLiteBehavior [ RunTime:0.000015s ]
INFO: [ app_init ] --END-- [ RunTime:0.000125s ]
ERR: 无法加载模块:Favicon

[ 2016-11-22T10:53:17+08:00 ] 223.74.85.108 /favicon.ico
INFO: [ app_init ] --START--
INFO: Run Behavior\BuildLiteBehavior [ RunTime:0.000021s ]
INFO: [ app_init ] --END-- [ RunTime:0.000165s ]
ERR: 无法加载模块:Favicon

[ 2016-11-22T10:53:20+08:00 ] 223.74.85.108 /favicon.ico
INFO: [ app_init ] --START--
INFO: Run Behavior\BuildLiteBehavior [ RunTime:0.000019s ]
INFO: [ app_init ] --END-- [ RunTime:0.000167s ]
ERR: 无法加载模块:Favicon

[ 2016-11-22T10:53:20+08:00 ] 223.74.85.108 /favicon.ico
INFO: [ app_init ] --START--
INFO: Run Behavior\BuildLiteBehavior [ RunTime:0.000014s ]
INFO: [ app_init ] --END-- [ RunTime:0.000122s ]
ERR: 无法加载模块:Favicon

[ 2016-11-22T10:53:28+08:00 ] 223.74.85.108 /favicon.ico
INFO: [ app_init ] --START--
INFO: Run Behavior\BuildLiteBehavior [ RunTime:0.000015s ]
INFO: [ app_init ] --END-- [ RunTime:0.000120s ]
ERR: 无法加载模块:Favicon

[ 2016-11-22T10:53:30+08:00 ] 223.74.85.108 /favicon.ico
INFO: [ app_init ] --START--
INFO: Run Behavior\BuildLiteBehavior [ RunTime:0.000014s ]
INFO: [ app_init ] --END-- [ RunTime:0.000130s ]
ERR: 无法加载模块:Favicon

[ 2016-11-22T10:53:32+08:00 ] 223.74.85.108 /favicon.ico
INFO: [ app_init ] --START--
INFO: Run Behavior\BuildLiteBehavior [ RunTime:0.000021s ]
INFO: [ app_init ] --END-- [ RunTime:0.000198s ]
ERR: 无法加载模块:Favicon

[ 2016-11-22T10:53:33+08:00 ] 223.74.85.108 /favicon.ico
INFO: [ app_init ] --START--
INFO: Run Behavior\BuildLiteBehavior [ RunTime:0.000033s ]
INFO: [ app_init ] --END-- [ RunTime:0.000186s ]
ERR: 无法加载模块:Favicon

[ 2016-11-22T10:53:37+08:00 ] 223.74.85.108 /favicon.ico
INFO: [ app_init ] --START--
INFO: Run Behavior\BuildLiteBehavior [ RunTime:0.000013s ]
INFO: [ app_init ] --END-- [ RunTime:0.000133s ]
ERR: 无法加载模块:Favicon

[ 2016-11-22T10:53:55+08:00 ] 223.74.85.108 /favicon.ico
INFO: [ app_init ] --START--
INFO: Run Behavior\BuildLiteBehavior [ RunTime:0.000014s ]
INFO: [ app_init ] --END-- [ RunTime:0.000132s ]
ERR: 无法加载模块:Favicon

[ 2016-11-22T10:53:57+08:00 ] 223.74.85.108 /favicon.ico
INFO: [ app_init ] --START--
INFO: Run Behavior\BuildLiteBehavior [ RunTime:0.000015s ]
INFO: [ app_init ] --END-- [ RunTime:0.000137s ]
ERR: 无法加载模块:Favicon

[ 2016-11-22T10:54:00+08:00 ] 223.74.85.108 /favicon.ico
INFO: [ app_init ] --START--
INFO: Run Behavior\BuildLiteBehavior [ RunTime:0.000010s ]
INFO: [ app_init ] --END-- [ RunTime:0.000091s ]
ERR: 无法加载模块:Favicon

[ 2016-11-22T10:54:01+08:00 ] 223.74.85.108 /favicon.ico
INFO: [ app_init ] --START--
INFO: Run Behavior\BuildLiteBehavior [ RunTime:0.000020s ]
INFO: [ app_init ] --END-- [ RunTime:0.000157s ]
ERR: 无法加载模块:Favicon

[ 2016-11-22T10:54:07+08:00 ] 223.74.85.108 /favicon.ico
INFO: [ app_init ] --START--
INFO: Run Behavior\BuildLiteBehavior [ RunTime:0.000022s ]
INFO: [ app_init ] --END-- [ RunTime:0.000175s ]
ERR: 无法加载模块:Favicon

[ 2016-11-22T10:54:08+08:00 ] 223.74.85.108 /favicon.ico
INFO: [ app_init ] --START--
INFO: Run Behavior\BuildLiteBehavior [ RunTime:0.000016s ]
INFO: [ app_init ] --END-- [ RunTime:0.000154s ]
ERR: 无法加载模块:Favicon

[ 2016-11-22T10:54:09+08:00 ] 223.74.85.108 /favicon.ico
INFO: [ app_init ] --START--
INFO: Run Behavior\BuildLiteBehavior [ RunTime:0.000020s ]
INFO: [ app_init ] --END-- [ RunTime:0.000136s ]
ERR: 无法加载模块:Favicon

[ 2016-11-22T10:54:10+08:00 ] 223.74.85.108 /favicon.ico
INFO: [ app_init ] --START--
INFO: Run Behavior\BuildLiteBehavior [ RunTime:0.000016s ]
INFO: [ app_init ] --END-- [ RunTime:0.000131s ]
ERR: 无法加载模块:Favicon

[ 2016-11-22T10:54:12+08:00 ] 223.74.85.108 /favicon.ico
INFO: [ app_init ] --START--
INFO: Run Behavior\BuildLiteBehavior [ RunTime:0.000016s ]
INFO: [ app_init ] --END-- [ RunTime:0.000180s ]
ERR: 无法加载模块:Favicon

[ 2016-11-22T10:54:13+08:00 ] 223.74.85.108 /favicon.ico
INFO: [ app_init ] --START--
INFO: Run Behavior\BuildLiteBehavior [ RunTime:0.000019s ]
INFO: [ app_init ] --END-- [ RunTime:0.000155s ]
ERR: 无法加载模块:Favicon

[ 2016-11-22T10:54:14+08:00 ] 223.74.85.108 /favicon.ico
INFO: [ app_init ] --START--
INFO: Run Behavior\BuildLiteBehavior [ RunTime:0.000013s ]
INFO: [ app_init ] --END-- [ RunTime:0.000119s ]
ERR: 无法加载模块:Favicon

[ 2016-11-22T10:54:16+08:00 ] 223.74.85.108 /favicon.ico
INFO: [ app_init ] --START--
INFO: Run Behavior\BuildLiteBehavior [ RunTime:0.000014s ]
INFO: [ app_init ] --END-- [ RunTime:0.000129s ]
ERR: 无法加载模块:Favicon

[ 2016-11-22T10:54:23+08:00 ] 223.74.85.108 /favicon.ico
INFO: [ app_init ] --START--
INFO: Run Behavior\BuildLiteBehavior [ RunTime:0.000019s ]
INFO: [ app_init ] --END-- [ RunTime:0.000193s ]
ERR: 无法加载模块:Favicon

[ 2016-11-22T10:54:28+08:00 ] 223.74.85.108 /favicon.ico
INFO: [ app_init ] --START--
INFO: Run Behavior\BuildLiteBehavior [ RunTime:0.000020s ]
INFO: [ app_init ] --END-- [ RunTime:0.000178s ]
ERR: 无法加载模块:Favicon

[ 2016-11-22T10:54:35+08:00 ] 223.74.85.108 /favicon.ico
INFO: [ app_init ] --START--
INFO: Run Behavior\BuildLiteBehavior [ RunTime:0.000023s ]
INFO: [ app_init ] --END-- [ RunTime:0.000175s ]
ERR: 无法加载模块:Favicon

[ 2016-11-22T10:55:05+08:00 ] 223.74.85.108 /favicon.ico
INFO: [ app_init ] --START--
INFO: Run Behavior\BuildLiteBehavior [ RunTime:0.000044s ]
INFO: [ app_init ] --END-- [ RunTime:0.000196s ]
ERR: 无法加载模块:Favicon

[ 2016-11-22T10:55:45+08:00 ] 223.74.85.108 /favicon.ico
INFO: [ app_init ] --START--
INFO: Run Behavior\BuildLiteBehavior [ RunTime:0.000015s ]
INFO: [ app_init ] --END-- [ RunTime:0.000131s ]
ERR: 无法加载模块:Favicon

[ 2016-11-22T10:57:32+08:00 ] 223.74.85.108 /favicon.ico
INFO: [ app_init ] --START--
INFO: Run Behavior\BuildLiteBehavior [ RunTime:0.000015s ]
INFO: [ app_init ] --END-- [ RunTime:0.000157s ]
ERR: 无法加载模块:Favicon

[ 2016-11-22T10:58:10+08:00 ] 223.74.85.108 /favicon.ico
INFO: [ app_init ] --START--
INFO: Run Behavior\BuildLiteBehavior [ RunTime:0.000017s ]
INFO: [ app_init ] --END-- [ RunTime:0.000145s ]
ERR: 无法加载模块:Favicon

[ 2016-11-22T10:59:10+08:00 ] 223.74.85.108 /favicon.ico
INFO: [ app_init ] --START--
INFO: Run Behavior\BuildLiteBehavior [ RunTime:0.000020s ]
INFO: [ app_init ] --END-- [ RunTime:0.000160s ]
ERR: 无法加载模块:Favicon

[ 2016-11-22T11:00:40+08:00 ] 171.38.11.228 http://log.u17.com/click.php?object_type=comic&object_id=134776&ext=1
INFO: [ app_init ] --START--
INFO: Run Behavior\BuildLiteBehavior [ RunTime:0.000020s ]
INFO: [ app_init ] --END-- [ RunTime:0.000137s ]
ERR: 无法加载模块:Click

[ 2016-11-22T11:05:35+08:00 ] 171.38.11.228 http://log.u17.com/click.php?object_type=comic&object_id=134776&ext=1
INFO: [ app_init ] --START--
INFO: Run Behavior\BuildLiteBehavior [ RunTime:0.000015s ]
INFO: [ app_init ] --END-- [ RunTime:0.000122s ]
ERR: 无法加载模块:Click

[ 2016-11-22T11:06:27+08:00 ] 171.38.11.228 http://my.fx678.com/forum.php?mod=viewthread&tid=1434533
INFO: [ app_init ] --START--
INFO: Run Behavior\BuildLiteBehavior [ RunTime:0.000023s ]
INFO: [ app_init ] --END-- [ RunTime:0.000174s ]
ERR: 无法加载模块:Forum

[ 2016-11-22T11:06:50+08:00 ] 171.38.11.228 http://my.fx678.com/forum.php?mod=viewthread&tid=1434533
INFO: [ app_init ] --START--
INFO: Run Behavior\BuildLiteBehavior [ RunTime:0.000020s ]
INFO: [ app_init ] --END-- [ RunTime:0.000141s ]
ERR: 无法加载模块:Forum

[ 2016-11-22T11:08:03+08:00 ] 171.38.11.228 http://log.u17.com/click.php?object_type=comic&object_id=134776&ext=1
INFO: [ app_init ] --START--
INFO: Run Behavior\BuildLiteBehavior [ RunTime:0.000029s ]
INFO: [ app_init ] --END-- [ RunTime:0.000227s ]
ERR: 无法加载模块:Click

[ 2016-11-22T11:08:10+08:00 ] 202.192.143.13 /favicon.ico
INFO: [ app_init ] --START--
INFO: Run Behavior\BuildLiteBehavior [ RunTime:0.000019s ]
INFO: [ app_init ] --END-- [ RunTime:0.000133s ]
ERR: 无法加载模块:Favicon

[ 2016-11-22T11:09:01+08:00 ] 117.136.79.189 /favicon.ico
INFO: [ app_init ] --START--
INFO: Run Behavior\BuildLiteBehavior [ RunTime:0.000023s ]
INFO: [ app_init ] --END-- [ RunTime:0.000184s ]
ERR: 无法加载模块:Favicon

[ 2016-11-22T11:09:03+08:00 ] 117.136.79.189 /favicon.ico
INFO: [ app_init ] --START--
INFO: Run Behavior\BuildLiteBehavior [ RunTime:0.000022s ]
INFO: [ app_init ] --END-- [ RunTime:0.000188s ]
ERR: 无法加载模块:Favicon

[ 2016-11-22T11:09:08+08:00 ] 117.136.79.189 /favicon.ico
INFO: [ app_init ] --START--
INFO: Run Behavior\BuildLiteBehavior [ RunTime:0.000020s ]
INFO: [ app_init ] --END-- [ RunTime:0.000167s ]
ERR: 无法加载模块:Favicon

[ 2016-11-22T11:09:20+08:00 ] 101.226.35.225 /favicon.ico
INFO: [ app_init ] --START--
INFO: Run Behavior\BuildLiteBehavior [ RunTime:0.000030s ]
INFO: [ app_init ] --END-- [ RunTime:0.000140s ]
ERR: 无法加载模块:Favicon

[ 2016-11-22T11:09:20+08:00 ] 101.226.35.225 /favicon.ico
INFO: [ app_init ] --START--
INFO: Run Behavior\BuildLiteBehavior [ RunTime:0.000023s ]
INFO: [ app_init ] --END-- [ RunTime:0.000183s ]
ERR: 无法加载模块:Favicon

[ 2016-11-22T11:09:20+08:00 ] 101.226.35.225 /favicon.ico
INFO: [ app_init ] --START--
INFO: Run Behavior\BuildLiteBehavior [ RunTime:0.000020s ]
INFO: [ app_init ] --END-- [ RunTime:0.000172s ]
ERR: 无法加载模块:Favicon

[ 2016-11-22T11:09:21+08:00 ] 117.136.79.189 /favicon.ico
INFO: [ app_init ] --START--
INFO: Run Behavior\BuildLiteBehavior [ RunTime:0.000015s ]
INFO: [ app_init ] --END-- [ RunTime:0.000117s ]
ERR: 无法加载模块:Favicon

[ 2016-11-22T11:10:01+08:00 ] 117.136.79.189 /favicon.ico
INFO: [ app_init ] --START--
INFO: Run Behavior\BuildLiteBehavior [ RunTime:0.000015s ]
INFO: [ app_init ] --END-- [ RunTime:0.000130s ]
ERR: 无法加载模块:Favicon

[ 2016-11-22T11:10:04+08:00 ] 117.136.79.189 /favicon.ico
INFO: [ app_init ] --START--
INFO: Run Behavior\BuildLiteBehavior [ RunTime:0.000021s ]
INFO: [ app_init ] --END-- [ RunTime:0.000168s ]
ERR: 无法加载模块:Favicon

[ 2016-11-22T11:10:20+08:00 ] 117.136.79.189 /favicon.ico
INFO: [ app_init ] --START--
INFO: Run Behavior\BuildLiteBehavior [ RunTime:0.000016s ]
INFO: [ app_init ] --END-- [ RunTime:0.000132s ]
ERR: 无法加载模块:Favicon

[ 2016-11-22T11:12:20+08:00 ] 171.38.11.228 http://my.fx678.com/forum.php?mod=viewthread&tid=1434533
INFO: [ app_init ] --START--
INFO: Run Behavior\BuildLiteBehavior [ RunTime:0.000022s ]
INFO: [ app_init ] --END-- [ RunTime:0.000192s ]
ERR: 无法加载模块:Forum

[ 2016-11-22T11:15:15+08:00 ] 171.38.11.228 http://my.fx678.com/forum.php?mod=viewthread&tid=1434533
INFO: [ app_init ] --START--
INFO: Run Behavior\BuildLiteBehavior [ RunTime:0.000019s ]
INFO: [ app_init ] --END-- [ RunTime:0.000128s ]
ERR: 无法加载模块:Forum

[ 2016-11-22T11:17:49+08:00 ] 171.38.11.228 http://my.fx678.com/forum.php?mod=viewthread&tid=1434533
INFO: [ app_init ] --START--
INFO: Run Behavior\BuildLiteBehavior [ RunTime:0.000015s ]
INFO: [ app_init ] --END-- [ RunTime:0.000126s ]
ERR: 无法加载模块:Forum

[ 2016-11-22T11:20:15+08:00 ] 171.38.11.228 http://my.fx678.com/forum.php?mod=viewthread&tid=1434533
INFO: [ app_init ] --START--
INFO: Run Behavior\BuildLiteBehavior [ RunTime:0.000016s ]
INFO: [ app_init ] --END-- [ RunTime:0.000156s ]
ERR: 无法加载模块:Forum

[ 2016-11-22T11:27:23+08:00 ] 171.38.11.228 http://ajax.club.autohome.com.cn/Detail/LoadX_Mini?callback=jsonpCallback&topicId=58281602&UID=-1&roleId=0&bbs=c&bbsid=3589&pageIndex=1&recom=0&_=1479785157143
INFO: [ app_init ] --START--
INFO: Run Behavior\BuildLiteBehavior [ RunTime:0.000015s ]
INFO: [ app_init ] --END-- [ RunTime:0.000131s ]
ERR: 无法加载模块:Detail

[ 2016-11-22T11:27:48+08:00 ] 219.132.14.213 /phpMyAdmine
INFO: [ app_init ] --START--
INFO: Run Behavior\BuildLiteBehavior [ RunTime:0.000014s ]
INFO: [ app_init ] --END-- [ RunTime:0.000134s ]
ERR: 无法加载模块:PhpMyAdmine

[ 2016-11-22T11:28:10+08:00 ] 171.38.11.228 http://my.fx678.com/forum.php?mod=viewthread&tid=1434533
INFO: [ app_init ] --START--
INFO: Run Behavior\BuildLiteBehavior [ RunTime:0.000023s ]
INFO: [ app_init ] --END-- [ RunTime:0.000148s ]
ERR: 无法加载模块:Forum

[ 2016-11-22T11:34:14+08:00 ] 171.38.11.228 http://log.u17.com/click.php?object_type=comic&object_id=134776&ext=1
INFO: [ app_init ] --START--
INFO: Run Behavior\BuildLiteBehavior [ RunTime:0.000015s ]
INFO: [ app_init ] --END-- [ RunTime:0.000129s ]
ERR: 无法加载模块:Click

[ 2016-11-22T11:47:06+08:00 ] 117.136.79.176 /favicon.ico
INFO: [ app_init ] --START--
INFO: Run Behavior\BuildLiteBehavior [ RunTime:0.000015s ]
INFO: [ app_init ] --END-- [ RunTime:0.000121s ]
ERR: 无法加载模块:Favicon

[ 2016-11-22T11:47:08+08:00 ] 117.136.79.176 /favicon.ico
INFO: [ app_init ] --START--
INFO: Run Behavior\BuildLiteBehavior [ RunTime:0.000014s ]
INFO: [ app_init ] --END-- [ RunTime:0.000136s ]
ERR: 无法加载模块:Favicon

[ 2016-11-22T11:47:10+08:00 ] 117.136.79.176 /favicon.ico
INFO: [ app_init ] --START--
INFO: Run Behavior\BuildLiteBehavior [ RunTime:0.000022s ]
INFO: [ app_init ] --END-- [ RunTime:0.000174s ]
ERR: 无法加载模块:Favicon

[ 2016-11-22T11:54:09+08:00 ] 117.136.79.176 /favicon.ico
INFO: [ app_init ] --START--
INFO: Run Behavior\BuildLiteBehavior [ RunTime:0.000015s ]
INFO: [ app_init ] --END-- [ RunTime:0.000137s ]
ERR: 无法加载模块:Favicon

[ 2016-11-22T12:01:15+08:00 ] 117.136.79.176 /favicon.ico
INFO: [ app_init ] --START--
INFO: Run Behavior\BuildLiteBehavior [ RunTime:0.000017s ]
INFO: [ app_init ] --END-- [ RunTime:0.000132s ]
ERR: 无法加载模块:Favicon

[ 2016-11-22T12:01:20+08:00 ] 117.136.79.176 /favicon.ico
INFO: [ app_init ] --START--
INFO: Run Behavior\BuildLiteBehavior [ RunTime:0.000015s ]
INFO: [ app_init ] --END-- [ RunTime:0.000124s ]
ERR: 无法加载模块:Favicon

[ 2016-11-22T12:01:45+08:00 ] 117.136.79.176 /favicon.ico
INFO: [ app_init ] --START--
INFO: Run Behavior\BuildLiteBehavior [ RunTime:0.000019s ]
INFO: [ app_init ] --END-- [ RunTime:0.000162s ]
ERR: 无法加载模块:Favicon

[ 2016-11-22T12:04:58+08:00 ] 117.136.79.176 /favicon.ico
INFO: [ app_init ] --START--
INFO: Run Behavior\BuildLiteBehavior [ RunTime:0.000014s ]
INFO: [ app_init ] --END-- [ RunTime:0.000135s ]
ERR: 无法加载模块:Favicon

[ 2016-11-22T12:05:00+08:00 ] 117.136.79.176 /favicon.ico
INFO: [ app_init ] --START--
INFO: Run Behavior\BuildLiteBehavior [ RunTime:0.000016s ]
INFO: [ app_init ] --END-- [ RunTime:0.000157s ]
ERR: 无法加载模块:Favicon

[ 2016-11-22T12:10:27+08:00 ] 117.136.79.176 /favicon.ico
INFO: [ app_init ] --START--
INFO: Run Behavior\BuildLiteBehavior [ RunTime:0.000022s ]
INFO: [ app_init ] --END-- [ RunTime:0.000176s ]
ERR: 无法加载模块:Favicon

[ 2016-11-22T12:10:31+08:00 ] 117.136.79.176 /favicon.ico
INFO: [ app_init ] --START--
INFO: Run Behavior\BuildLiteBehavior [ RunTime:0.000015s ]
INFO: [ app_init ] --END-- [ RunTime:0.000126s ]
ERR: 无法加载模块:Favicon

[ 2016-11-22T12:25:10+08:00 ] 223.74.85.93 /favicon.ico
INFO: [ app_init ] --START--
INFO: Run Behavior\BuildLiteBehavior [ RunTime:0.000015s ]
INFO: [ app_init ] --END-- [ RunTime:0.000123s ]
ERR: 无法加载模块:Favicon

[ 2016-11-22T12:34:17+08:00 ] 120.239.147.214 /favicon.ico
INFO: [ app_init ] --START--
INFO: Run Behavior\BuildLiteBehavior [ RunTime:0.000021s ]
INFO: [ app_init ] --END-- [ RunTime:0.000188s ]
ERR: 无法加载模块:Favicon

[ 2016-11-22T12:35:36+08:00 ] 120.239.147.214 /index.js.map
INFO: [ app_init ] --START--
INFO: Run Behavior\BuildLiteBehavior [ RunTime:0.000020s ]
INFO: [ app_init ] --END-- [ RunTime:0.000142s ]
ERR: 无法加载模块:Index.js

[ 2016-11-22T12:49:26+08:00 ] 117.136.79.176 /favicon.ico
INFO: [ app_init ] --START--
INFO: Run Behavior\BuildLiteBehavior [ RunTime:0.000024s ]
INFO: [ app_init ] --END-- [ RunTime:0.000234s ]
ERR: 无法加载模块:Favicon

[ 2016-11-22T12:49:31+08:00 ] 117.136.79.176 /favicon.ico
INFO: [ app_init ] --START--
INFO: Run Behavior\BuildLiteBehavior [ RunTime:0.000015s ]
INFO: [ app_init ] --END-- [ RunTime:0.000120s ]
ERR: 无法加载模块:Favicon

[ 2016-11-22T12:49:38+08:00 ] 117.136.79.176 /favicon.ico
INFO: [ app_init ] --START--
INFO: Run Behavior\BuildLiteBehavior [ RunTime:0.000021s ]
INFO: [ app_init ] --END-- [ RunTime:0.000146s ]
ERR: 无法加载模块:Favicon

[ 2016-11-22T12:50:16+08:00 ] 223.74.85.108 /favicon.ico
INFO: [ app_init ] --START--
INFO: Run Behavior\BuildLiteBehavior [ RunTime:0.000016s ]
INFO: [ app_init ] --END-- [ RunTime:0.000137s ]
ERR: 无法加载模块:Favicon

[ 2016-11-22T12:50:19+08:00 ] 223.74.85.108 /favicon.ico
INFO: [ app_init ] --START--
INFO: Run Behavior\BuildLiteBehavior [ RunTime:0.000033s ]
INFO: [ app_init ] --END-- [ RunTime:0.000194s ]
ERR: 无法加载模块:Favicon

[ 2016-11-22T12:50:23+08:00 ] 223.74.85.108 /favicon.ico
INFO: [ app_init ] --START--
INFO: Run Behavior\BuildLiteBehavior [ RunTime:0.000014s ]
INFO: [ app_init ] --END-- [ RunTime:0.000122s ]
ERR: 无法加载模块:Favicon

[ 2016-11-22T12:50:25+08:00 ] 223.74.85.108 /favicon.ico
INFO: [ app_init ] --START--
INFO: Run Behavior\BuildLiteBehavior [ RunTime:0.000015s ]
INFO: [ app_init ] --END-- [ RunTime:0.000122s ]
ERR: 无法加载模块:Favicon

[ 2016-11-22T13:01:37+08:00 ] 120.239.147.214 /favicon.ico
INFO: [ app_init ] --START--
INFO: Run Behavior\BuildLiteBehavior [ RunTime:0.000023s ]
INFO: [ app_init ] --END-- [ RunTime:0.000174s ]
ERR: 无法加载模块:Favicon

[ 2016-11-22T13:03:53+08:00 ] 120.239.147.214 /index.php/index.js.map
INFO: [ app_init ] --START--
INFO: Run Behavior\BuildLiteBehavior [ RunTime:0.000016s ]
INFO: [ app_init ] --END-- [ RunTime:0.000134s ]
ERR: 无法加载模块:Index.js

[ 2016-11-22T13:07:24+08:00 ] 120.239.147.214 /index.php/Log/log
INFO: [ app_init ] --START--
INFO: Run Behavior\BuildLiteBehavior [ RunTime:0.000030s ]
INFO: [ app_init ] --END-- [ RunTime:0.000189s ]
ERR: 无法加载模块:Log

[ 2016-11-22T13:07:24+08:00 ] 120.239.147.214 /index.php/Log/index.js.map
INFO: [ app_init ] --START--
INFO: Run Behavior\BuildLiteBehavior [ RunTime:0.000015s ]
INFO: [ app_init ] --END-- [ RunTime:0.000131s ]
ERR: 无法加载模块:Log

[ 2016-11-22T13:07:59+08:00 ] 120.239.147.214 /index.php/Log/log
INFO: [ app_init ] --START--
INFO: Run Behavior\BuildLiteBehavior [ RunTime:0.000016s ]
INFO: [ app_init ] --END-- [ RunTime:0.000139s ]
ERR: 无法加载模块:Log

[ 2016-11-22T13:07:59+08:00 ] 120.239.147.214 /index.php/Log/index.js.map
INFO: [ app_init ] --START--
INFO: Run Behavior\BuildLiteBehavior [ RunTime:0.000015s ]
INFO: [ app_init ] --END-- [ RunTime:0.000137s ]
ERR: 无法加载模块:Log

[ 2016-11-22T13:08:05+08:00 ] 120.239.147.214 /index.php/Log/
INFO: [ app_init ] --START--
INFO: Run Behavior\BuildLiteBehavior [ RunTime:0.000015s ]
INFO: [ app_init ] --END-- [ RunTime:0.000120s ]
ERR: 无法加载模块:Log

[ 2016-11-22T13:08:05+08:00 ] 120.239.147.214 /index.php/Log/index.js.map
INFO: [ app_init ] --START--
INFO: Run Behavior\BuildLiteBehavior [ RunTime:0.000015s ]
INFO: [ app_init ] --END-- [ RunTime:0.000141s ]
ERR: 无法加载模块:Log

[ 2016-11-22T13:08:37+08:00 ] 120.239.147.214 /index.php/Log/
INFO: [ app_init ] --START--
INFO: Run Behavior\BuildLiteBehavior [ RunTime:0.000020s ]
INFO: [ app_init ] --END-- [ RunTime:0.000141s ]
ERR: 无法加载模块:Log

[ 2016-11-22T13:08:37+08:00 ] 120.239.147.214 /index.php/Log/index.js.map
INFO: [ app_init ] --START--
INFO: Run Behavior\BuildLiteBehavior [ RunTime:0.000015s ]
INFO: [ app_init ] --END-- [ RunTime:0.000131s ]
ERR: 无法加载模块:Log

[ 2016-11-22T13:08:38+08:00 ] 120.239.147.214 /index.php/Log/
INFO: [ app_init ] --START--
INFO: Run Behavior\BuildLiteBehavior [ RunTime:0.000015s ]
INFO: [ app_init ] --END-- [ RunTime:0.000129s ]
ERR: 无法加载模块:Log

[ 2016-11-22T13:08:38+08:00 ] 120.239.147.214 /index.php/Log/index.js.map
INFO: [ app_init ] --START--
INFO: Run Behavior\BuildLiteBehavior [ RunTime:0.000014s ]
INFO: [ app_init ] --END-- [ RunTime:0.000128s ]
ERR: 无法加载模块:Log

[ 2016-11-22T13:08:42+08:00 ] 120.239.147.214 /index.php/Log/log
INFO: [ app_init ] --START--
INFO: Run Behavior\BuildLiteBehavior [ RunTime:0.000015s ]
INFO: [ app_init ] --END-- [ RunTime:0.000124s ]
ERR: 无法加载模块:Log

[ 2016-11-22T13:08:42+08:00 ] 120.239.147.214 /index.php/Log/index.js.map
INFO: [ app_init ] --START--
INFO: Run Behavior\BuildLiteBehavior [ RunTime:0.000015s ]
INFO: [ app_init ] --END-- [ RunTime:0.000123s ]
ERR: 无法加载模块:Log

[ 2016-11-22T13:09:05+08:00 ] 120.239.147.214 /index.php/Log/log
INFO: [ app_init ] --START--
INFO: Run Behavior\BuildLiteBehavior [ RunTime:0.000015s ]
INFO: [ app_init ] --END-- [ RunTime:0.000123s ]
ERR: 无法加载模块:Log

[ 2016-11-22T13:09:05+08:00 ] 120.239.147.214 /index.php/Log/index.js.map
INFO: [ app_init ] --START--
INFO: Run Behavior\BuildLiteBehavior [ RunTime:0.000018s ]
INFO: [ app_init ] --END-- [ RunTime:0.000151s ]
ERR: 无法加载模块:Log

[ 2016-11-22T13:09:07+08:00 ] 120.239.147.214 /index.php/Log/
INFO: [ app_init ] --START--
INFO: Run Behavior\BuildLiteBehavior [ RunTime:0.000021s ]
INFO: [ app_init ] --END-- [ RunTime:0.000167s ]
ERR: 无法加载模块:Log

[ 2016-11-22T13:09:07+08:00 ] 120.239.147.214 /index.php/Log/index.js.map
INFO: [ app_init ] --START--
INFO: Run Behavior\BuildLiteBehavior [ RunTime:0.000023s ]
INFO: [ app_init ] --END-- [ RunTime:0.000200s ]
ERR: 无法加载模块:Log

[ 2016-11-22T13:09:08+08:00 ] 120.239.147.214 /index.php/Log/
INFO: [ app_init ] --START--
INFO: Run Behavior\BuildLiteBehavior [ RunTime:0.000050s ]
INFO: [ app_init ] --END-- [ RunTime:0.000202s ]
ERR: 无法加载模块:Log

[ 2016-11-22T13:09:08+08:00 ] 120.239.147.214 /index.php/Log/index.js.map
INFO: [ app_init ] --START--
INFO: Run Behavior\BuildLiteBehavior [ RunTime:0.000022s ]
INFO: [ app_init ] --END-- [ RunTime:0.000139s ]
ERR: 无法加载模块:Log

[ 2016-11-22T13:09:18+08:00 ] 120.239.147.214 /index.php/Log/log
INFO: [ app_init ] --START--
INFO: Run Behavior\BuildLiteBehavior [ RunTime:0.000015s ]
INFO: [ app_init ] --END-- [ RunTime:0.000128s ]
ERR: 无法加载模块:Log

[ 2016-11-22T13:09:19+08:00 ] 120.239.147.214 /index.php/index.js.map
INFO: [ app_init ] --START--
INFO: Run Behavior\BuildLiteBehavior [ RunTime:0.000015s ]
INFO: [ app_init ] --END-- [ RunTime:0.000141s ]
ERR: 无法加载模块:Index.js

[ 2016-11-22T13:09:19+08:00 ] 120.239.147.214 /index.php/Log/index.js.map
INFO: [ app_init ] --START--
INFO: Run Behavior\BuildLiteBehavior [ RunTime:0.000015s ]
INFO: [ app_init ] --END-- [ RunTime:0.000134s ]
ERR: 无法加载模块:Log

[ 2016-11-22T13:10:32+08:00 ] 120.239.147.214 /index.php/Log/log
INFO: [ app_init ] --START--
INFO: Run Behavior\BuildLiteBehavior [ RunTime:0.000015s ]
INFO: [ app_init ] --END-- [ RunTime:0.000121s ]
ERR: 无法加载模块:Log

[ 2016-11-22T13:10:32+08:00 ] 120.239.147.214 /index.php/Log/index.js.map
INFO: [ app_init ] --START--
INFO: Run Behavior\BuildLiteBehavior [ RunTime:0.000015s ]
INFO: [ app_init ] --END-- [ RunTime:0.000116s ]
ERR: 无法加载模块:Log

[ 2016-11-22T13:10:33+08:00 ] 120.239.147.214 /index.php/Log/log
INFO: [ app_init ] --START--
INFO: Run Behavior\BuildLiteBehavior [ RunTime:0.000014s ]
INFO: [ app_init ] --END-- [ RunTime:0.000120s ]
ERR: 无法加载模块:Log

[ 2016-11-22T13:10:33+08:00 ] 120.239.147.214 /index.php/Log/index.js.map
INFO: [ app_init ] --START--
INFO: Run Behavior\BuildLiteBehavior [ RunTime:0.000015s ]
INFO: [ app_init ] --END-- [ RunTime:0.000138s ]
ERR: 无法加载模块:Log

[ 2016-11-22T13:10:35+08:00 ] 120.239.147.214 /index.php/index.js.map
INFO: [ app_init ] --START--
INFO: Run Behavior\BuildLiteBehavior [ RunTime:0.000014s ]
INFO: [ app_init ] --END-- [ RunTime:0.000147s ]
ERR: 无法加载模块:Index.js

[ 2016-11-22T13:10:41+08:00 ] 120.239.147.214 /index.php/Log/log
INFO: [ app_init ] --START--
INFO: Run Behavior\BuildLiteBehavior [ RunTime:0.000014s ]
INFO: [ app_init ] --END-- [ RunTime:0.000115s ]
ERR: 无法加载模块:Log

[ 2016-11-22T13:10:41+08:00 ] 120.239.147.214 /index.php/Log/index.js.map
INFO: [ app_init ] --START--
INFO: Run Behavior\BuildLiteBehavior [ RunTime:0.000021s ]
INFO: [ app_init ] --END-- [ RunTime:0.000163s ]
ERR: 无法加载模块:Log

[ 2016-11-22T13:10:57+08:00 ] 120.239.147.214 /index.php/Log/log
INFO: [ app_init ] --START--
INFO: Run Behavior\BuildLiteBehavior [ RunTime:0.000015s ]
INFO: [ app_init ] --END-- [ RunTime:0.000132s ]
ERR: 无法加载模块:Log

[ 2016-11-22T13:10:57+08:00 ] 120.239.147.214 /index.php/Log/index.js.map
INFO: [ app_init ] --START--
INFO: Run Behavior\BuildLiteBehavior [ RunTime:0.000016s ]
INFO: [ app_init ] --END-- [ RunTime:0.000153s ]
ERR: 无法加载模块:Log

[ 2016-11-22T13:10:58+08:00 ] 120.239.147.214 /index.php/Log/log
INFO: [ app_init ] --START--
INFO: Run Behavior\BuildLiteBehavior [ RunTime:0.000021s ]
INFO: [ app_init ] --END-- [ RunTime:0.000180s ]
ERR: 无法加载模块:Log

[ 2016-11-22T13:10:58+08:00 ] 120.239.147.214 /index.php/Log/index.js.map
INFO: [ app_init ] --START--
INFO: Run Behavior\BuildLiteBehavior [ RunTime:0.000015s ]
INFO: [ app_init ] --END-- [ RunTime:0.000123s ]
ERR: 无法加载模块:Log

[ 2016-11-22T13:11:09+08:00 ] 120.239.147.214 /index.php/Log/Logn
INFO: [ app_init ] --START--
INFO: Run Behavior\BuildLiteBehavior [ RunTime:0.000015s ]
INFO: [ app_init ] --END-- [ RunTime:0.000120s ]
ERR: 无法加载模块:Log

[ 2016-11-22T13:11:09+08:00 ] 120.239.147.214 /index.php/index.js.map
INFO: [ app_init ] --START--
INFO: Run Behavior\BuildLiteBehavior [ RunTime:0.000014s ]
INFO: [ app_init ] --END-- [ RunTime:0.000138s ]
ERR: 无法加载模块:Index.js

[ 2016-11-22T13:11:09+08:00 ] 120.239.147.214 /index.php/Log/index.js.map
INFO: [ app_init ] --START--
INFO: Run Behavior\BuildLiteBehavior [ RunTime:0.000014s ]
INFO: [ app_init ] --END-- [ RunTime:0.000115s ]
ERR: 无法加载模块:Log

[ 2016-11-22T13:11:11+08:00 ] 120.239.147.214 /index.php/Log/log
INFO: [ app_init ] --START--
INFO: Run Behavior\BuildLiteBehavior [ RunTime:0.000015s ]
INFO: [ app_init ] --END-- [ RunTime:0.000171s ]
ERR: 无法加载模块:Log

[ 2016-11-22T13:11:11+08:00 ] 120.239.147.214 /index.php/Log/index.js.map
INFO: [ app_init ] --START--
INFO: Run Behavior\BuildLiteBehavior [ RunTime:0.000016s ]
INFO: [ app_init ] --END-- [ RunTime:0.000129s ]
ERR: 无法加载模块:Log

[ 2016-11-22T13:13:26+08:00 ] 120.239.147.214 /index.php/index.js.map
INFO: [ app_init ] --START--
INFO: Run Behavior\BuildLiteBehavior [ RunTime:0.000016s ]
INFO: [ app_init ] --END-- [ RunTime:0.000138s ]
ERR: 无法加载模块:Index.js

[ 2016-11-22T13:14:12+08:00 ] 120.239.147.214 /index.php/index.js.map
INFO: [ app_init ] --START--
INFO: Run Behavior\BuildLiteBehavior [ RunTime:0.000022s ]
INFO: [ app_init ] --END-- [ RunTime:0.000173s ]
ERR: 无法加载模块:Index.js

[ 2016-11-22T13:14:43+08:00 ] 212.53.160.181 /news/wp-login.php
INFO: [ app_init ] --START--
INFO: Run Behavior\BuildLiteBehavior [ RunTime:0.000019s ]
INFO: [ app_init ] --END-- [ RunTime:0.000157s ]
ERR: 无法加载模块:News

[ 2016-11-22T13:30:22+08:00 ] 223.74.85.93 /favicon.ico
INFO: [ app_init ] --START--
INFO: Run Behavior\BuildLiteBehavior [ RunTime:0.000015s ]
INFO: [ app_init ] --END-- [ RunTime:0.000142s ]
ERR: 无法加载模块:Favicon

[ 2016-11-22T13:30:33+08:00 ] 223.74.85.93 /favicon.ico
INFO: [ app_init ] --START--
INFO: Run Behavior\BuildLiteBehavior [ RunTime:0.000023s ]
INFO: [ app_init ] --END-- [ RunTime:0.000179s ]
ERR: 无法加载模块:Favicon

[ 2016-11-22T13:30:34+08:00 ] 223.74.85.93 /favicon.ico
INFO: [ app_init ] --START--
INFO: Run Behavior\BuildLiteBehavior [ RunTime:0.000015s ]
INFO: [ app_init ] --END-- [ RunTime:0.000138s ]
ERR: 无法加载模块:Favicon

[ 2016-11-22T13:30:55+08:00 ] 223.74.85.93 /favicon.ico
INFO: [ app_init ] --START--
INFO: Run Behavior\BuildLiteBehavior [ RunTime:0.000014s ]
INFO: [ app_init ] --END-- [ RunTime:0.000124s ]
ERR: 无法加载模块:Favicon

[ 2016-11-22T13:31:00+08:00 ] 223.74.85.93 /favicon.ico
INFO: [ app_init ] --START--
INFO: Run Behavior\BuildLiteBehavior [ RunTime:0.000014s ]
INFO: [ app_init ] --END-- [ RunTime:0.000117s ]
ERR: 无法加载模块:Favicon

[ 2016-11-22T13:31:32+08:00 ] 223.74.85.93 /favicon.ico
INFO: [ app_init ] --START--
INFO: Run Behavior\BuildLiteBehavior [ RunTime:0.000020s ]
INFO: [ app_init ] --END-- [ RunTime:0.000155s ]
ERR: 无法加载模块:Favicon

[ 2016-11-22T13:31:35+08:00 ] 223.74.85.93 /favicon.ico
INFO: [ app_init ] --START--
INFO: Run Behavior\BuildLiteBehavior [ RunTime:0.000020s ]
INFO: [ app_init ] --END-- [ RunTime:0.000137s ]
ERR: 无法加载模块:Favicon

[ 2016-11-22T13:32:46+08:00 ] 223.74.85.93 /favicon.ico
INFO: [ app_init ] --START--
INFO: Run Behavior\BuildLiteBehavior [ RunTime:0.000020s ]
INFO: [ app_init ] --END-- [ RunTime:0.000173s ]
ERR: 无法加载模块:Favicon

[ 2016-11-22T13:35:19+08:00 ] 223.74.85.93 /favicon.ico
ERR: 无法加载模块:Favicon

[ 2016-11-22T13:36:01+08:00 ] 171.38.11.228 http://www.cangmaohu.com/thread-67467-1-1.html
ERR: 无法加载模块:Thread-67467-1-1

[ 2016-11-22T13:37:33+08:00 ] 223.74.85.93 /favicon.ico
ERR: 无法加载模块:Favicon

[ 2016-11-22T13:37:37+08:00 ] 223.74.85.93 /favicon.ico
ERR: 无法加载模块:Favicon

[ 2016-11-22T13:47:32+08:00 ] 171.38.11.228 http://bbs.oeeee.com/thread-17843275-1-1.html
ERR: 无法加载模块:Thread-17843275-1-1

[ 2016-11-22T13:52:55+08:00 ] 171.38.11.228 http://bbs.clzg.cn/thread-7551919-1-1.html
ERR: 无法加载模块:Thread-7551919-1-1

[ 2016-11-22T13:54:10+08:00 ] 80.82.78.38 http://www.baidu.com/cache/global/img/gs.gif
ERR: 无法加载模块:Cache

[ 2016-11-22T13:56:17+08:00 ] 220.181.51.84 /robots.txt
ERR: 无法加载模块:Robots

[ 2016-11-22T13:59:39+08:00 ] 171.38.11.228 http://tieba.baidu.com/p/4871146677
ERR: 无法加载模块:P

[ 2016-11-22T14:00:44+08:00 ] 171.38.11.228 http://mysh.qq.com/t-424694-1.htm
ERR: 无法加载模块:T-424694-1

[ 2016-11-22T14:06:13+08:00 ] 120.25.103.140 /admin
ERR: 无法加载模块:Admin

[ 2016-11-22T14:06:27+08:00 ] 64.246.165.150 /robots.txt
ERR: 无法加载模块:Robots

[ 2016-11-22T14:09:18+08:00 ] 171.38.11.228 http://bbs.dongyingnews.cn/thread-2244616-1-1.html
ERR: 无法加载模块:Thread-2244616-1-1

[ 2016-11-22T14:11:19+08:00 ] 171.38.11.228 http://www.xici.net/d235880425.htm
ERR: 无法加载模块:D235880425

[ 2016-11-22T14:21:12+08:00 ] 171.38.11.228 http://www.3sogou.com/read.php?tid=1124849&ds=1
ERR: 无法加载模块:Read

[ 2016-11-22T14:22:39+08:00 ] 171.38.11.228 http://mysh.qq.com/t-424694-1.htm
ERR: 无法加载模块:T-424694-1

[ 2016-11-22T14:22:44+08:00 ] 171.38.11.228 http://dzh.mop.com/50427416.html
ERR: 无法加载模块:50427416

[ 2016-11-22T14:22:59+08:00 ] 171.38.11.228 http://bbs.ent.qq.com/t-512332-1.htm
ERR: 无法加载模块:T-512332-1

[ 2016-11-22T14:28:49+08:00 ] 171.38.11.228 http://www.juyuanlm.com/read.php?tid=226990&ds=1
ERR: 无法加载模块:Read

[ 2016-11-22T15:09:47+08:00 ] 223.74.85.93 /favicon.ico
ERR: 无法加载模块:Favicon

[ 2016-11-22T15:14:49+08:00 ] 171.38.11.228 http://bbs.gulugule.com/forum.php?mod=viewthread&tid=29169
ERR: 无法加载模块:Forum

[ 2016-11-22T15:14:57+08:00 ] 171.38.11.228 http://bbs.gulugule.com/forum.php?mod=viewthread&tid=29169
ERR: 无法加载模块:Forum

[ 2016-11-22T15:14:59+08:00 ] 171.38.11.228 http://bbs.cheshi.com/viewthread.php?tid=5047951
ERR: 无法加载模块:Viewthread

[ 2016-11-22T15:15:02+08:00 ] 171.38.11.228 http://www.432520.com/b122021/1.html
ERR: 无法加载模块:B122021

[ 2016-11-22T15:15:07+08:00 ] 171.38.11.228 http://bbs.wangdaidongtai.com/thread-280814-1-1.html
ERR: 无法加载模块:Thread-280814-1-1

[ 2016-11-22T15:15:07+08:00 ] 171.38.11.228 http://www.zxtv.com.cn/bbs/forum.php?mod=viewthread&tid=160983
ERR: 无法加载模块:Bbs

[ 2016-11-22T15:15:07+08:00 ] 171.38.11.228 http://www.ttyqq.com/forum.php?mod=viewthread&tid=108993
ERR: 无法加载模块:Forum

[ 2016-11-22T15:15:07+08:00 ] 171.38.11.228 http://bbs.cheshi.com/viewthread.php?tid=5047951
ERR: 无法加载模块:Viewthread

[ 2016-11-22T16:10:13+08:00 ] 104.223.180.9 /phpmyadmin
ERR: 无法加载模块:Phpmyadmin

[ 2016-11-22T16:22:59+08:00 ] 117.136.79.176 /favicon.ico
ERR: 无法加载模块:Favicon

[ 2016-11-22T16:23:03+08:00 ] 117.136.79.176 /favicon.ico
ERR: 无法加载模块:Favicon

[ 2016-11-22T16:23:08+08:00 ] 117.136.79.176 /favicon.ico
ERR: 无法加载模块:Favicon

[ 2016-11-22T16:23:11+08:00 ] 117.136.79.176 /favicon.ico
ERR: 无法加载模块:Favicon

[ 2016-11-22T16:23:21+08:00 ] 117.136.79.176 /favicon.ico
ERR: 无法加载模块:Favicon

[ 2016-11-22T16:23:33+08:00 ] 117.136.79.176 /favicon.ico
ERR: 无法加载模块:Favicon

[ 2016-11-22T16:25:58+08:00 ] 117.136.32.31 /favicon.ico
ERR: 无法加载模块:Favicon

[ 2016-11-22T16:26:32+08:00 ] 171.38.11.228 http://bbs.510379.com/thread-525207-1-1.html
ERR: 无法加载模块:Thread-525207-1-1

[ 2016-11-22T16:32:40+08:00 ] 14.152.69.84 /favicon.ico
ERR: 无法加载模块:Favicon

[ 2016-11-22T16:36:53+08:00 ] 117.136.32.24 /favicon.ico
ERR: 无法加载模块:Favicon

[ 2016-11-22T16:43:02+08:00 ] 171.38.11.228 http://www.58sm.net/forum.php?mod=viewthread&tid=63082
ERR: 无法加载模块:Forum

[ 2016-11-22T16:51:48+08:00 ] 223.74.85.108 /favicon.ico
ERR: 无法加载模块:Favicon

[ 2016-11-22T17:22:07+08:00 ] 14.152.68.71 /favicon.ico
ERR: 无法加载模块:Favicon

[ 2016-11-22T17:22:09+08:00 ] 117.136.41.110 /favicon.ico
ERR: 无法加载模块:Favicon

[ 2016-11-22T17:22:26+08:00 ] 219.133.49.231 http://10.133.6.20/proxy.html
ERR: 无法加载模块:Proxy

[ 2016-11-22T17:26:31+08:00 ] 223.74.85.93 /favicon.ico
ERR: 无法加载模块:Favicon

[ 2016-11-22T17:26:33+08:00 ] 223.74.85.93 /favicon.ico
ERR: 无法加载模块:Favicon

[ 2016-11-22T17:26:47+08:00 ] 223.74.85.93 /favicon.ico
ERR: 无法加载模块:Favicon

[ 2016-11-22T17:29:54+08:00 ] 117.136.41.110 /favicon.ico
ERR: 无法加载模块:Favicon

[ 2016-11-22T17:33:26+08:00 ] 117.136.41.110 /favicon.ico
ERR: 无法加载模块:Favicon

[ 2016-11-22T17:33:27+08:00 ] 117.136.41.110 /favicon.ico
ERR: 无法加载模块:Favicon

[ 2016-11-22T17:33:29+08:00 ] 117.136.41.110 /favicon.ico
ERR: 无法加载模块:Favicon

[ 2016-11-22T17:51:18+08:00 ] 171.38.11.228 http://www.luntanp2p.com/forum/thread-48232-1-1.html
ERR: 无法加载模块:Forum

[ 2016-11-22T17:52:42+08:00 ] 117.136.79.176 /favicon.ico
ERR: 无法加载模块:Favicon

[ 2016-11-22T17:52:45+08:00 ] 117.136.79.176 /favicon.ico
ERR: 无法加载模块:Favicon

[ 2016-11-22T17:52:46+08:00 ] 117.136.79.176 /favicon.ico
ERR: 无法加载模块:Favicon

[ 2016-11-22T17:52:49+08:00 ] 117.136.79.176 /favicon.ico
ERR: 无法加载模块:Favicon

[ 2016-11-22T17:53:03+08:00 ] 171.38.11.228 http://www.25baidu.com/read.php?tid=1347353&ds=1
ERR: 无法加载模块:Read

[ 2016-11-22T17:59:31+08:00 ] 171.38.11.228 http://www.wangdai88.com/bbs/forum.php?mod=viewthread&tid=62264
ERR: 无法加载模块:Bbs

[ 2016-11-22T18:07:31+08:00 ] 171.38.11.228 http://www.huaifu.cn/forum.php?mod=viewthread&tid=153840
ERR: 无法加载模块:Forum

[ 2016-11-22T18:10:06+08:00 ] 171.38.11.228 http://www.wangdai88.com/bbs/forum.php?mod=viewthread&tid=62264
ERR: 无法加载模块:Bbs

[ 2016-11-22T18:10:20+08:00 ] 171.38.11.228 http://www.hhphh.com/read.php?tid=968662&ds=1
ERR: 无法加载模块:Read

[ 2016-11-22T18:10:23+08:00 ] 171.38.11.228 http://www.wangdai88.com/bbs/forum.php?mod=viewthread&tid=62264
ERR: 无法加载模块:Bbs

[ 2016-11-22T18:10:23+08:00 ] 171.38.11.228 http://www.p2pwanjia.com/thread-91427-1-1.html
ERR: 无法加载模块:Thread-91427-1-1

[ 2016-11-22T18:10:24+08:00 ] 171.38.11.228 http://bbs.gulugule.com/forum.php?mod=viewthread&tid=29166
ERR: 无法加载模块:Forum

[ 2016-11-22T18:10:28+08:00 ] 171.38.11.228 http://www.wangdaigps.com/thread-15787-1-1.html
ERR: 无法加载模块:Thread-15787-1-1

[ 2016-11-22T18:20:37+08:00 ] 171.38.11.228 http://v.ku6.com/show/oG2efTElyqpXK3q4WTUIUg...html
ERR: 无法加载模块:Show

[ 2016-11-22T18:48:45+08:00 ] 171.38.11.228 http://www.wangdaishequ.cn/thread-272727-1-1.html
ERR: 无法加载模块:Thread-272727-1-1

[ 2016-11-22T19:03:07+08:00 ] 171.38.11.228 http://www.jcw1.com/forum.php?mod=viewthread&tid=59545
ERR: 无法加载模块:Forum

[ 2016-11-22T19:03:30+08:00 ] 207.46.13.131 /wutu
ERR: 无法加载模块:Wutu

[ 2016-11-22T19:39:15+08:00 ] 106.14.40.85 /manager/html
ERR: 无法加载模块:Manager

[ 2016-11-22T20:22:55+08:00 ] 114.242.9.199 /favicon.ico
ERR: 无法加载模块:Favicon

[ 2016-11-22T20:22:56+08:00 ] 114.242.9.199 /favicon.ico
ERR: 无法加载模块:Favicon

[ 2016-11-22T20:53:47+08:00 ] 139.162.81.62 http://clientapi.ipip.net/echo.php?info=1234567890
ERR: 无法加载模块:Echo

[ 2016-11-22T21:11:36+08:00 ] 101.226.35.225 /favicon.ico
ERR: 无法加载模块:Favicon

[ 2016-11-22T21:11:37+08:00 ] 101.226.35.225 /favicon.ico
ERR: 无法加载模块:Favicon

[ 2016-11-22T21:11:37+08:00 ] 101.226.35.225 /favicon.ico
ERR: 无法加载模块:Favicon

[ 2016-11-22T21:18:23+08:00 ] 117.136.79.194 /favicon.ico
ERR: 无法加载模块:Favicon

[ 2016-11-22T21:40:22+08:00 ] 207.46.13.131 /robots.txt
ERR: 无法加载模块:Robots

[ 2016-11-22T21:51:03+08:00 ] 172.82.166.210 http://www.baidu.com/cache/global/img/gs.gif
ERR: 无法加载模块:Cache

[ 2016-11-22T22:02:08+08:00 ] 120.239.147.65 /favicon.ico
ERR: 无法加载模块:Favicon

[ 2016-11-22T22:04:25+08:00 ] 117.136.33.163 /favicon.ico
ERR: 无法加载模块:Favicon

[ 2016-11-22T22:04:28+08:00 ] 117.136.33.163 /favicon.ico
ERR: 无法加载模块:Favicon

[ 2016-11-22T22:28:55+08:00 ] 14.152.68.65 /favicon.ico
ERR: 无法加载模块:Favicon

[ 2016-11-22T22:28:58+08:00 ] 223.74.85.93 /favicon.ico
ERR: 无法加载模块:Favicon

[ 2016-11-22T22:47:18+08:00 ] 117.136.33.163 /favicon.ico
ERR: 无法加载模块:Favicon

[ 2016-11-22T22:47:20+08:00 ] 117.136.33.163 /favicon.ico
ERR: 无法加载模块:Favicon

[ 2016-11-22T22:47:21+08:00 ] 117.136.33.163 /favicon.ico
ERR: 无法加载模块:Favicon

[ 2016-11-22T22:47:22+08:00 ] 117.136.33.163 /favicon.ico
ERR: 无法加载模块:Favicon

[ 2016-11-22T22:47:40+08:00 ] 117.136.33.163 /favicon.ico
ERR: 无法加载模块:Favicon

[ 2016-11-22T22:47:56+08:00 ] 117.136.33.163 /favicon.ico
ERR: 无法加载模块:Favicon

[ 2016-11-22T22:48:02+08:00 ] 117.136.32.31 /favicon.ico
ERR: 无法加载模块:Favicon

[ 2016-11-22T22:48:58+08:00 ] 117.136.33.163 /favicon.ico
ERR: 无法加载模块:Favicon

[ 2016-11-22T22:59:42+08:00 ] 117.136.79.184 /favicon.ico
ERR: 无法加载模块:Favicon

[ 2016-11-22T23:29:56+08:00 ] 117.136.41.110 /favicon.ico
ERR: 无法加载模块:Favicon

[ 2016-11-22T23:29:58+08:00 ] 117.136.41.110 /favicon.ico
ERR: 无法加载模块:Favicon

[ 2016-11-22T23:30:22+08:00 ] 117.136.41.110 /favicon.ico
ERR: 无法加载模块:Favicon

[ 2016-11-22T23:30:24+08:00 ] 117.136.41.110 /favicon.ico
ERR: 无法加载模块:Favicon

[ 2016-11-22T23:30:27+08:00 ] 117.136.41.110 /favicon.ico
ERR: 无法加载模块:Favicon

