[ 2016-11-18T01:09:40+08:00 ] 101.226.35.225 /favicon.ico
INFO: [ app_init ] --START--
INFO: Run Behavior\BuildLiteBehavior [ RunTime:0.000015s ]
INFO: [ app_init ] --END-- [ RunTime:0.000126s ]
ERR: 无法加载模块:Favicon

[ 2016-11-18T01:09:41+08:00 ] 101.226.35.225 /favicon.ico
INFO: [ app_init ] --START--
INFO: Run Behavior\BuildLiteBehavior [ RunTime:0.000029s ]
INFO: [ app_init ] --END-- [ RunTime:0.000199s ]
ERR: 无法加载模块:Favicon

[ 2016-11-18T01:09:41+08:00 ] 101.226.35.225 /favicon.ico
INFO: [ app_init ] --START--
INFO: Run Behavior\BuildLiteBehavior [ RunTime:0.000014s ]
INFO: [ app_init ] --END-- [ RunTime:0.000121s ]
ERR: 无法加载模块:Favicon

[ 2016-11-18T01:23:22+08:00 ] 183.44.147.55 /favicon.ico
INFO: [ app_init ] --START--
INFO: Run Behavior\BuildLiteBehavior [ RunTime:0.000014s ]
INFO: [ app_init ] --END-- [ RunTime:0.000131s ]
ERR: 无法加载模块:Favicon

[ 2016-11-18T02:16:20+08:00 ] 201.173.174.10 /cgi/common.cgi
INFO: [ app_init ] --START--
INFO: Run Behavior\BuildLiteBehavior [ RunTime:0.000021s ]
INFO: [ app_init ] --END-- [ RunTime:0.000183s ]
ERR: 无法加载模块:Cgi

[ 2016-11-18T02:16:23+08:00 ] 201.173.174.10 /stssys.htm
INFO: [ app_init ] --START--
INFO: Run Behavior\BuildLiteBehavior [ RunTime:0.000016s ]
INFO: [ app_init ] --END-- [ RunTime:0.000143s ]
ERR: 无法加载模块:Stssys

[ 2016-11-18T02:16:28+08:00 ] 201.173.174.10 /command.php
INFO: [ app_init ] --START--
INFO: Run Behavior\BuildLiteBehavior [ RunTime:0.000016s ]
INFO: [ app_init ] --END-- [ RunTime:0.000144s ]
ERR: 无法加载模块:Command

[ 2016-11-18T03:46:01+08:00 ] 220.181.108.146 /robots.txt
INFO: [ app_init ] --START--
INFO: Run Behavior\BuildLiteBehavior [ RunTime:0.000037s ]
INFO: [ app_init ] --END-- [ RunTime:0.000213s ]
ERR: 无法加载模块:Robots

[ 2016-11-18T08:23:13+08:00 ] 91.210.144.215 /blog/
INFO: [ app_init ] --START--
INFO: Run Behavior\BuildLiteBehavior [ RunTime:0.000023s ]
INFO: [ app_init ] --END-- [ RunTime:0.000199s ]
ERR: 无法加载模块:Blog

[ 2016-11-18T09:05:32+08:00 ] 183.44.147.55 /favicon.ico
INFO: [ app_init ] --START--
INFO: Run Behavior\BuildLiteBehavior [ RunTime:0.000018s ]
INFO: [ app_init ] --END-- [ RunTime:0.000137s ]
ERR: 无法加载模块:Favicon

[ 2016-11-18T09:05:34+08:00 ] 183.44.147.55 /favicon.ico
INFO: [ app_init ] --START--
INFO: Run Behavior\BuildLiteBehavior [ RunTime:0.000021s ]
INFO: [ app_init ] --END-- [ RunTime:0.000178s ]
ERR: 无法加载模块:Favicon

[ 2016-11-18T09:05:35+08:00 ] 183.44.147.55 /favicon.ico
INFO: [ app_init ] --START--
INFO: Run Behavior\BuildLiteBehavior [ RunTime:0.000018s ]
INFO: [ app_init ] --END-- [ RunTime:0.000174s ]
ERR: 无法加载模块:Favicon

[ 2016-11-18T09:05:37+08:00 ] 183.44.147.55 /favicon.ico
INFO: [ app_init ] --START--
INFO: Run Behavior\BuildLiteBehavior [ RunTime:0.000022s ]
INFO: [ app_init ] --END-- [ RunTime:0.000214s ]
ERR: 无法加载模块:Favicon

[ 2016-11-18T09:17:14+08:00 ] 117.136.41.111 /favicon.ico
INFO: [ app_init ] --START--
INFO: Run Behavior\BuildLiteBehavior [ RunTime:0.000019s ]
INFO: [ app_init ] --END-- [ RunTime:0.000153s ]
ERR: 无法加载模块:Favicon

[ 2016-11-18T09:17:21+08:00 ] 117.136.41.111 /favicon.ico
INFO: [ app_init ] --START--
INFO: Run Behavior\BuildLiteBehavior [ RunTime:0.000014s ]
INFO: [ app_init ] --END-- [ RunTime:0.000115s ]
ERR: 无法加载模块:Favicon

[ 2016-11-18T09:24:02+08:00 ] 218.242.168.130 /phpmyadmin/index.php
INFO: [ app_init ] --START--
INFO: Run Behavior\BuildLiteBehavior [ RunTime:0.000014s ]
INFO: [ app_init ] --END-- [ RunTime:0.000130s ]
ERR: 无法加载模块:Phpmyadmin

[ 2016-11-18T09:38:41+08:00 ] 61.151.218.118 /command.php
INFO: [ app_init ] --START--
INFO: Run Behavior\BuildLiteBehavior [ RunTime:0.000024s ]
INFO: [ app_init ] --END-- [ RunTime:0.000198s ]
ERR: 无法加载模块:Command

[ 2016-11-18T10:11:14+08:00 ] 66.249.73.177 /robots.txt
INFO: [ app_init ] --START--
INFO: Run Behavior\BuildLiteBehavior [ RunTime:0.000023s ]
INFO: [ app_init ] --END-- [ RunTime:0.000184s ]
ERR: 无法加载模块:Robots

[ 2016-11-18T10:58:30+08:00 ] 14.152.69.81 /favicon.ico
INFO: [ app_init ] --START--
INFO: Run Behavior\BuildLiteBehavior [ RunTime:0.000019s ]
INFO: [ app_init ] --END-- [ RunTime:0.000179s ]
ERR: 无法加载模块:Favicon

[ 2016-11-18T11:05:37+08:00 ] 14.152.69.58 /favicon.ico
INFO: [ app_init ] --START--
INFO: Run Behavior\BuildLiteBehavior [ RunTime:0.000023s ]
INFO: [ app_init ] --END-- [ RunTime:0.000161s ]
ERR: 无法加载模块:Favicon

[ 2016-11-18T11:09:35+08:00 ] 101.226.35.225 /favicon.ico
INFO: [ app_init ] --START--
INFO: Run Behavior\BuildLiteBehavior [ RunTime:0.000014s ]
INFO: [ app_init ] --END-- [ RunTime:0.000121s ]
ERR: 无法加载模块:Favicon

[ 2016-11-18T11:09:35+08:00 ] 101.226.35.225 /favicon.ico
INFO: [ app_init ] --START--
INFO: Run Behavior\BuildLiteBehavior [ RunTime:0.000015s ]
INFO: [ app_init ] --END-- [ RunTime:0.000123s ]
ERR: 无法加载模块:Favicon

[ 2016-11-18T11:09:35+08:00 ] 101.226.35.225 /favicon.ico
INFO: [ app_init ] --START--
INFO: Run Behavior\BuildLiteBehavior [ RunTime:0.000019s ]
INFO: [ app_init ] --END-- [ RunTime:0.000168s ]
ERR: 无法加载模块:Favicon

[ 2016-11-18T11:18:08+08:00 ] 171.38.10.219 http://ajax.club.autohome.com.cn/Detail/LoadX_Mini?callback=jsonpCallback&topicId=58135140&UID=-1&roleId=0&bbs=c&bbsid=2334&pageIndex=1&recom=0&_=1479439000901
INFO: [ app_init ] --START--
INFO: Run Behavior\BuildLiteBehavior [ RunTime:0.000022s ]
INFO: [ app_init ] --END-- [ RunTime:0.000177s ]
ERR: 无法加载模块:Detail

[ 2016-11-18T11:20:38+08:00 ] 171.38.10.219 http://ajax.club.autohome.com.cn/Detail/LoadX_Mini?callback=jsonpCallback&topicId=58135140&UID=-1&roleId=0&bbs=c&bbsid=2334&pageIndex=1&recom=0&_=1479439150643
INFO: [ app_init ] --START--
INFO: Run Behavior\BuildLiteBehavior [ RunTime:0.000015s ]
INFO: [ app_init ] --END-- [ RunTime:0.000130s ]
ERR: 无法加载模块:Detail

[ 2016-11-18T11:23:18+08:00 ] 171.38.10.219 http://ajax.club.autohome.com.cn/Detail/LoadX_Mini?callback=jsonpCallback&topicId=58135140&UID=-1&roleId=0&bbs=c&bbsid=2334&pageIndex=1&recom=0&_=1479439310453
INFO: [ app_init ] --START--
INFO: Run Behavior\BuildLiteBehavior [ RunTime:0.000014s ]
INFO: [ app_init ] --END-- [ RunTime:0.000120s ]
ERR: 无法加载模块:Detail

[ 2016-11-18T11:26:00+08:00 ] 171.38.10.219 http://ajax.club.autohome.com.cn/Detail/LoadX_Mini?callback=jsonpCallback&topicId=58136128&UID=-1&roleId=0&bbs=c&bbsid=2334&pageIndex=1&recom=0&_=1479439472472
INFO: [ app_init ] --START--
INFO: Run Behavior\BuildLiteBehavior [ RunTime:0.000014s ]
INFO: [ app_init ] --END-- [ RunTime:0.000136s ]
ERR: 无法加载模块:Detail

[ 2016-11-18T11:29:07+08:00 ] 171.38.10.219 http://ajax.club.autohome.com.cn/Detail/LoadX_Mini?callback=jsonpCallback&topicId=58135140&UID=-1&roleId=0&bbs=c&bbsid=2334&pageIndex=1&recom=0&_=1479439659285
INFO: [ app_init ] --START--
INFO: Run Behavior\BuildLiteBehavior [ RunTime:0.000028s ]
INFO: [ app_init ] --END-- [ RunTime:0.000220s ]
ERR: 无法加载模块:Detail

[ 2016-11-18T11:31:04+08:00 ] 171.38.10.219 http://ajax.club.autohome.com.cn/Detail/LoadX_Mini?callback=jsonpCallback&topicId=57964403&UID=-1&roleId=0&bbs=c&bbsid=2334&pageIndex=1&recom=0&_=1479439776985
INFO: [ app_init ] --START--
INFO: Run Behavior\BuildLiteBehavior [ RunTime:0.000020s ]
INFO: [ app_init ] --END-- [ RunTime:0.000167s ]
ERR: 无法加载模块:Detail

[ 2016-11-18T11:32:13+08:00 ] 171.38.10.219 http://ajax.club.autohome.com.cn/Detail/LoadX_Mini?callback=jsonpCallback&topicId=58135140&UID=-1&roleId=0&bbs=c&bbsid=2334&pageIndex=1&recom=0&_=1479439845184
INFO: [ app_init ] --START--
INFO: Run Behavior\BuildLiteBehavior [ RunTime:0.000020s ]
INFO: [ app_init ] --END-- [ RunTime:0.000161s ]
ERR: 无法加载模块:Detail

[ 2016-11-18T11:32:31+08:00 ] 171.38.10.219 http://log.u17.com/click.php?object_type=comic&object_id=134776&ext=1
INFO: [ app_init ] --START--
INFO: Run Behavior\BuildLiteBehavior [ RunTime:0.000022s ]
INFO: [ app_init ] --END-- [ RunTime:0.000173s ]
ERR: 无法加载模块:Click

[ 2016-11-18T11:32:47+08:00 ] 171.38.10.219 http://ajax.club.autohome.com.cn/Detail/LoadX_Mini?callback=jsonpCallback&topicId=58135140&UID=-1&roleId=0&bbs=c&bbsid=2334&pageIndex=1&recom=0&_=1479439878235
INFO: [ app_init ] --START--
INFO: Run Behavior\BuildLiteBehavior [ RunTime:0.000021s ]
INFO: [ app_init ] --END-- [ RunTime:0.000171s ]
ERR: 无法加载模块:Detail

[ 2016-11-18T11:34:16+08:00 ] 171.38.10.219 http://ajax.club.autohome.com.cn/Detail/LoadX_Mini?callback=jsonpCallback&topicId=58136128&UID=-1&roleId=0&bbs=c&bbsid=2334&pageIndex=1&recom=0&_=1479439968221
INFO: [ app_init ] --START--
INFO: Run Behavior\BuildLiteBehavior [ RunTime:0.000021s ]
INFO: [ app_init ] --END-- [ RunTime:0.000159s ]
ERR: 无法加载模块:Detail

[ 2016-11-18T11:37:22+08:00 ] 171.38.10.219 http://ajax.club.autohome.com.cn/Detail/LoadX_Mini?callback=jsonpCallback&topicId=57964403&UID=-1&roleId=0&bbs=c&bbsid=2334&pageIndex=1&recom=0&_=1479440154606
INFO: [ app_init ] --START--
INFO: Run Behavior\BuildLiteBehavior [ RunTime:0.000014s ]
INFO: [ app_init ] --END-- [ RunTime:0.000123s ]
ERR: 无法加载模块:Detail

[ 2016-11-18T11:37:30+08:00 ] 171.38.10.219 http://ajax.club.autohome.com.cn/Detail/LoadX_Mini?callback=jsonpCallback&topicId=58136128&UID=-1&roleId=0&bbs=c&bbsid=2334&pageIndex=1&recom=0&_=1479440162848
INFO: [ app_init ] --START--
INFO: Run Behavior\BuildLiteBehavior [ RunTime:0.000015s ]
INFO: [ app_init ] --END-- [ RunTime:0.000122s ]
ERR: 无法加载模块:Detail

[ 2016-11-18T11:38:00+08:00 ] 171.38.10.219 http://ajax.club.autohome.com.cn/Detail/LoadX_Mini?callback=jsonpCallback&topicId=58136128&UID=-1&roleId=0&bbs=c&bbsid=2334&pageIndex=1&recom=0&_=1479440191947
INFO: [ app_init ] --START--
INFO: Run Behavior\BuildLiteBehavior [ RunTime:0.000015s ]
INFO: [ app_init ] --END-- [ RunTime:0.000122s ]
ERR: 无法加载模块:Detail

[ 2016-11-18T11:38:19+08:00 ] 171.38.10.219 http://ajax.club.autohome.com.cn/Detail/LoadX_Mini?callback=jsonpCallback&topicId=57964403&UID=-1&roleId=0&bbs=c&bbsid=2334&pageIndex=1&recom=0&_=1479440211391
INFO: [ app_init ] --START--
INFO: Run Behavior\BuildLiteBehavior [ RunTime:0.000019s ]
INFO: [ app_init ] --END-- [ RunTime:0.000161s ]
ERR: 无法加载模块:Detail

[ 2016-11-18T11:38:34+08:00 ] 171.38.10.219 http://ajax.club.autohome.com.cn/Detail/LoadX_Mini?callback=jsonpCallback&topicId=58135140&UID=-1&roleId=0&bbs=c&bbsid=2334&pageIndex=1&recom=0&_=1479440226154
INFO: [ app_init ] --START--
INFO: Run Behavior\BuildLiteBehavior [ RunTime:0.000022s ]
INFO: [ app_init ] --END-- [ RunTime:0.000191s ]
ERR: 无法加载模块:Detail

[ 2016-11-18T11:38:56+08:00 ] 171.38.10.219 http://ajax.club.autohome.com.cn/Detail/LoadX_Mini?callback=jsonpCallback&topicId=57964403&UID=-1&roleId=0&bbs=c&bbsid=2334&pageIndex=1&recom=0&_=1479440248843
INFO: [ app_init ] --START--
INFO: Run Behavior\BuildLiteBehavior [ RunTime:0.000015s ]
INFO: [ app_init ] --END-- [ RunTime:0.000131s ]
ERR: 无法加载模块:Detail

[ 2016-11-18T11:39:19+08:00 ] 171.38.10.219 http://ajax.club.autohome.com.cn/Detail/LoadX_Mini?callback=jsonpCallback&topicId=58135140&UID=-1&roleId=0&bbs=c&bbsid=2334&pageIndex=1&recom=0&_=1479440270630
INFO: [ app_init ] --START--
INFO: Run Behavior\BuildLiteBehavior [ RunTime:0.000015s ]
INFO: [ app_init ] --END-- [ RunTime:0.000121s ]
ERR: 无法加载模块:Detail

[ 2016-11-18T11:57:39+08:00 ] 171.38.10.219 http://log.u17.com/click.php?object_type=comic&object_id=134776&ext=1
INFO: [ app_init ] --START--
INFO: Run Behavior\BuildLiteBehavior [ RunTime:0.000016s ]
INFO: [ app_init ] --END-- [ RunTime:0.000131s ]
ERR: 无法加载模块:Click

[ 2016-11-18T12:30:30+08:00 ] 171.38.10.219 http://log.u17.com/click.php?object_type=comic&object_id=134776&ext=1
INFO: [ app_init ] --START--
INFO: Run Behavior\BuildLiteBehavior [ RunTime:0.000016s ]
INFO: [ app_init ] --END-- [ RunTime:0.000125s ]
ERR: 无法加载模块:Click

[ 2016-11-18T12:37:37+08:00 ] 171.38.10.219 http://log.u17.com/click.php?object_type=comic&object_id=134776&ext=1
INFO: [ app_init ] --START--
INFO: Run Behavior\BuildLiteBehavior [ RunTime:0.000015s ]
INFO: [ app_init ] --END-- [ RunTime:0.000137s ]
ERR: 无法加载模块:Click

[ 2016-11-18T12:41:34+08:00 ] 171.38.10.219 http://toutiao.com/i6354136882938380802/
INFO: [ app_init ] --START--
INFO: Run Behavior\BuildLiteBehavior [ RunTime:0.000014s ]
INFO: [ app_init ] --END-- [ RunTime:0.000133s ]
ERR: 无法加载模块:I6354136882938380802

[ 2016-11-18T12:47:38+08:00 ] 171.38.10.219 http://log.u17.com/click.php?object_type=comic&object_id=134776&ext=1
INFO: [ app_init ] --START--
INFO: Run Behavior\BuildLiteBehavior [ RunTime:0.000015s ]
INFO: [ app_init ] --END-- [ RunTime:0.000120s ]
ERR: 无法加载模块:Click

[ 2016-11-18T12:48:18+08:00 ] 223.74.85.95 /favicon.ico
INFO: [ app_init ] --START--
INFO: Run Behavior\BuildLiteBehavior [ RunTime:0.000014s ]
INFO: [ app_init ] --END-- [ RunTime:0.000120s ]
ERR: 无法加载模块:Favicon

[ 2016-11-18T12:48:21+08:00 ] 223.74.85.95 /favicon.ico
INFO: [ app_init ] --START--
INFO: Run Behavior\BuildLiteBehavior [ RunTime:0.000015s ]
INFO: [ app_init ] --END-- [ RunTime:0.000141s ]
ERR: 无法加载模块:Favicon

[ 2016-11-18T12:59:45+08:00 ] 61.177.20.73 /manager/html
INFO: [ app_init ] --START--
INFO: Run Behavior\BuildLiteBehavior [ RunTime:0.000015s ]
INFO: [ app_init ] --END-- [ RunTime:0.000146s ]
ERR: 无法加载模块:Manager

[ 2016-11-18T12:59:59+08:00 ] 171.38.10.219 http://toutiao.com/i6354136882938380802/
INFO: [ app_init ] --START--
INFO: Run Behavior\BuildLiteBehavior [ RunTime:0.000028s ]
INFO: [ app_init ] --END-- [ RunTime:0.000160s ]
ERR: 无法加载模块:I6354136882938380802

[ 2016-11-18T13:02:21+08:00 ] 171.38.10.219 http://toutiao.com/i6354136882938380802/
INFO: [ app_init ] --START--
INFO: Run Behavior\BuildLiteBehavior [ RunTime:0.000015s ]
INFO: [ app_init ] --END-- [ RunTime:0.000127s ]
ERR: 无法加载模块:I6354136882938380802

[ 2016-11-18T13:13:23+08:00 ] 171.38.10.219 http://toutiao.com/i6354136882938380802/
INFO: [ app_init ] --START--
INFO: Run Behavior\BuildLiteBehavior [ RunTime:0.000016s ]
INFO: [ app_init ] --END-- [ RunTime:0.000138s ]
ERR: 无法加载模块:I6354136882938380802

[ 2016-11-18T13:27:04+08:00 ] 191.96.249.80 /xmlrpc.php
INFO: [ app_init ] --START--
INFO: Run Behavior\BuildLiteBehavior [ RunTime:0.000016s ]
INFO: [ app_init ] --END-- [ RunTime:0.000134s ]
ERR: 无法加载模块:Xmlrpc

[ 2016-11-18T13:53:47+08:00 ] 171.38.10.219 http://www.xici.net/d235477831.htm
INFO: [ app_init ] --START--
INFO: Run Behavior\BuildLiteBehavior [ RunTime:0.000016s ]
INFO: [ app_init ] --END-- [ RunTime:0.000153s ]
ERR: 无法加载模块:D235477831

[ 2016-11-18T14:39:19+08:00 ] 117.136.32.27 /favicon.ico
INFO: [ app_init ] --START--
INFO: Run Behavior\BuildLiteBehavior [ RunTime:0.000015s ]
INFO: [ app_init ] --END-- [ RunTime:0.000130s ]
ERR: 无法加载模块:Favicon

[ 2016-11-18T15:00:44+08:00 ] 117.136.79.197 /favicon.ico
INFO: [ app_init ] --START--
INFO: Run Behavior\BuildLiteBehavior [ RunTime:0.000014s ]
INFO: [ app_init ] --END-- [ RunTime:0.000128s ]
ERR: 无法加载模块:Favicon

[ 2016-11-18T15:28:06+08:00 ] 104.223.180.9 /phpmyadmin
INFO: [ app_init ] --START--
INFO: Run Behavior\BuildLiteBehavior [ RunTime:0.000021s ]
INFO: [ app_init ] --END-- [ RunTime:0.000171s ]
ERR: 无法加载模块:Phpmyadmin

[ 2016-11-18T15:44:44+08:00 ] 180.153.160.24 /blog
INFO: [ app_init ] --START--
INFO: Run Behavior\BuildLiteBehavior [ RunTime:0.000021s ]
INFO: [ app_init ] --END-- [ RunTime:0.000178s ]
ERR: 无法加载模块:Blog

[ 2016-11-18T15:58:58+08:00 ] 66.249.65.147 /robots.txt
INFO: [ app_init ] --START--
INFO: Run Behavior\BuildLiteBehavior [ RunTime:0.000020s ]
INFO: [ app_init ] --END-- [ RunTime:0.000176s ]
ERR: 无法加载模块:Robots

[ 2016-11-18T16:26:07+08:00 ] 171.38.10.219 http://bbs.auto.sina.cn/forum.php?mod=viewthread&tid=5404203
INFO: [ app_init ] --START--
INFO: Run Behavior\BuildLiteBehavior [ RunTime:0.000024s ]
INFO: [ app_init ] --END-- [ RunTime:0.000163s ]
ERR: 无法加载模块:Forum

[ 2016-11-18T16:35:03+08:00 ] 171.38.10.219 http://bbs.auto.sina.cn/forum.php?mod=viewthread&tid=5404203
INFO: [ app_init ] --START--
INFO: Run Behavior\BuildLiteBehavior [ RunTime:0.000020s ]
INFO: [ app_init ] --END-- [ RunTime:0.000198s ]
ERR: 无法加载模块:Forum

[ 2016-11-18T16:35:38+08:00 ] 219.133.40.16 /favicon.ico
INFO: [ app_init ] --START--
INFO: Run Behavior\BuildLiteBehavior [ RunTime:0.000015s ]
INFO: [ app_init ] --END-- [ RunTime:0.000118s ]
ERR: 无法加载模块:Favicon

[ 2016-11-18T16:51:48+08:00 ] 180.97.190.116 /phpmyadmin
INFO: [ app_init ] --START--
INFO: Run Behavior\BuildLiteBehavior [ RunTime:0.000022s ]
INFO: [ app_init ] --END-- [ RunTime:0.000187s ]
ERR: 无法加载模块:Phpmyadmin

[ 2016-11-18T17:00:17+08:00 ] 171.38.10.219 http://bbs.auto.sina.cn/forum.php?mod=viewthread&tid=5404568
INFO: [ app_init ] --START--
INFO: Run Behavior\BuildLiteBehavior [ RunTime:0.000029s ]
INFO: [ app_init ] --END-- [ RunTime:0.000196s ]
ERR: 无法加载模块:Forum

[ 2016-11-18T17:14:09+08:00 ] 171.38.10.219 http://bbs.auto.sina.cn/forum.php?mod=viewthread&tid=5404568
INFO: [ app_init ] --START--
INFO: Run Behavior\BuildLiteBehavior [ RunTime:0.000014s ]
INFO: [ app_init ] --END-- [ RunTime:0.000137s ]
ERR: 无法加载模块:Forum

[ 2016-11-18T17:18:44+08:00 ] 171.38.10.219 http://bbs.auto.sina.cn/forum.php?mod=viewthread&tid=5404203
INFO: [ app_init ] --START--
INFO: Run Behavior\BuildLiteBehavior [ RunTime:0.000016s ]
INFO: [ app_init ] --END-- [ RunTime:0.000148s ]
ERR: 无法加载模块:Forum

[ 2016-11-18T17:35:00+08:00 ] 117.136.41.102 /favicon.ico
INFO: [ app_init ] --START--
INFO: Run Behavior\BuildLiteBehavior [ RunTime:0.000016s ]
INFO: [ app_init ] --END-- [ RunTime:0.000137s ]
ERR: 无法加载模块:Favicon

[ 2016-11-18T17:54:14+08:00 ] 171.38.10.219 http://bbs.auto.sina.cn/forum.php?mod=viewthread&tid=5404203
INFO: [ app_init ] --START--
INFO: Run Behavior\BuildLiteBehavior [ RunTime:0.000014s ]
INFO: [ app_init ] --END-- [ RunTime:0.000133s ]
ERR: 无法加载模块:Forum

[ 2016-11-18T17:57:36+08:00 ] 171.38.10.219 http://bbs.auto.sina.cn/forum.php?mod=viewthread&tid=5404203
INFO: [ app_init ] --START--
INFO: Run Behavior\BuildLiteBehavior [ RunTime:0.000038s ]
INFO: [ app_init ] --END-- [ RunTime:0.000243s ]
ERR: 无法加载模块:Forum

[ 2016-11-18T18:23:21+08:00 ] 171.38.10.219 http://bbs.auto.sina.cn/forum.php?mod=viewthread&tid=5404568
INFO: [ app_init ] --START--
INFO: Run Behavior\BuildLiteBehavior [ RunTime:0.000022s ]
INFO: [ app_init ] --END-- [ RunTime:0.000191s ]
ERR: 无法加载模块:Forum

[ 2016-11-18T18:25:30+08:00 ] 171.38.10.219 http://bbs.auto.sina.cn/forum.php?mod=viewthread&tid=5404568
INFO: [ app_init ] --START--
INFO: Run Behavior\BuildLiteBehavior [ RunTime:0.000024s ]
INFO: [ app_init ] --END-- [ RunTime:0.000150s ]
ERR: 无法加载模块:Forum

[ 2016-11-18T18:25:30+08:00 ] 171.38.10.219 http://bbs.auto.sina.cn/forum.php?mod=viewthread&tid=5404568
INFO: [ app_init ] --START--
INFO: Run Behavior\BuildLiteBehavior [ RunTime:0.000015s ]
INFO: [ app_init ] --END-- [ RunTime:0.000140s ]
ERR: 无法加载模块:Forum

[ 2016-11-18T18:26:26+08:00 ] 183.232.90.79 /favicon.ico
INFO: [ app_init ] --START--
INFO: Run Behavior\BuildLiteBehavior [ RunTime:0.000018s ]
INFO: [ app_init ] --END-- [ RunTime:0.000150s ]
ERR: 无法加载模块:Favicon

[ 2016-11-18T18:27:23+08:00 ] 219.133.40.14 /favicon.ico
INFO: [ app_init ] --START--
INFO: Run Behavior\BuildLiteBehavior [ RunTime:0.000016s ]
INFO: [ app_init ] --END-- [ RunTime:0.000130s ]
ERR: 无法加载模块:Favicon

[ 2016-11-18T19:12:08+08:00 ] 219.133.49.231 http://10.133.6.20/proxy.html
INFO: [ app_init ] --START--
INFO: Run Behavior\BuildLiteBehavior [ RunTime:0.000015s ]
INFO: [ app_init ] --END-- [ RunTime:0.000128s ]
ERR: 无法加载模块:Proxy

[ 2016-11-18T19:24:37+08:00 ] 117.136.41.102 /favicon.ico
INFO: [ app_init ] --START--
INFO: Run Behavior\BuildLiteBehavior [ RunTime:0.000022s ]
INFO: [ app_init ] --END-- [ RunTime:0.000130s ]
ERR: 无法加载模块:Favicon

[ 2016-11-18T19:30:21+08:00 ] 223.74.85.24 /favicon.ico
INFO: [ app_init ] --START--
INFO: Run Behavior\BuildLiteBehavior [ RunTime:0.000015s ]
INFO: [ app_init ] --END-- [ RunTime:0.000135s ]
ERR: 无法加载模块:Favicon

[ 2016-11-18T19:30:27+08:00 ] 223.74.85.24 /favicon.ico
INFO: [ app_init ] --START--
INFO: Run Behavior\BuildLiteBehavior [ RunTime:0.000014s ]
INFO: [ app_init ] --END-- [ RunTime:0.000116s ]
ERR: 无法加载模块:Favicon

[ 2016-11-18T19:30:57+08:00 ] 223.74.85.24 /favicon.ico
INFO: [ app_init ] --START--
INFO: Run Behavior\BuildLiteBehavior [ RunTime:0.000015s ]
INFO: [ app_init ] --END-- [ RunTime:0.000145s ]
ERR: 无法加载模块:Favicon

[ 2016-11-18T19:31:01+08:00 ] 223.74.85.24 /favicon.ico
INFO: [ app_init ] --START--
INFO: Run Behavior\BuildLiteBehavior [ RunTime:0.000022s ]
INFO: [ app_init ] --END-- [ RunTime:0.000176s ]
ERR: 无法加载模块:Favicon

[ 2016-11-18T19:38:48+08:00 ] 223.74.85.24 /favicon.ico
INFO: [ app_init ] --START--
INFO: Run Behavior\BuildLiteBehavior [ RunTime:0.000014s ]
INFO: [ app_init ] --END-- [ RunTime:0.000129s ]
ERR: 无法加载模块:Favicon

[ 2016-11-18T19:38:50+08:00 ] 223.74.85.24 /favicon.ico
INFO: [ app_init ] --START--
INFO: Run Behavior\BuildLiteBehavior [ RunTime:0.000014s ]
INFO: [ app_init ] --END-- [ RunTime:0.000118s ]
ERR: 无法加载模块:Favicon

[ 2016-11-18T19:39:22+08:00 ] 223.74.85.24 /favicon.ico
INFO: [ app_init ] --START--
INFO: Run Behavior\BuildLiteBehavior [ RunTime:0.000022s ]
INFO: [ app_init ] --END-- [ RunTime:0.000137s ]
ERR: 无法加载模块:Favicon

[ 2016-11-18T20:03:48+08:00 ] 219.133.40.16 /favicon.ico
INFO: [ app_init ] --START--
INFO: Run Behavior\BuildLiteBehavior [ RunTime:0.000015s ]
INFO: [ app_init ] --END-- [ RunTime:0.000117s ]
ERR: 无法加载模块:Favicon

[ 2016-11-18T20:04:13+08:00 ] 223.74.85.24 /favicon.ico
INFO: [ app_init ] --START--
INFO: Run Behavior\BuildLiteBehavior [ RunTime:0.000015s ]
INFO: [ app_init ] --END-- [ RunTime:0.000181s ]
ERR: 无法加载模块:Favicon

[ 2016-11-18T20:04:31+08:00 ] 223.74.85.24 /favicon.ico
INFO: [ app_init ] --START--
INFO: Run Behavior\BuildLiteBehavior [ RunTime:0.000022s ]
INFO: [ app_init ] --END-- [ RunTime:0.000183s ]
ERR: 无法加载模块:Favicon

[ 2016-11-18T20:04:34+08:00 ] 223.74.85.24 /favicon.ico
INFO: [ app_init ] --START--
INFO: Run Behavior\BuildLiteBehavior [ RunTime:0.000016s ]
INFO: [ app_init ] --END-- [ RunTime:0.000161s ]
ERR: 无法加载模块:Favicon

[ 2016-11-18T20:06:12+08:00 ] 223.74.85.24 /favicon.ico
INFO: [ app_init ] --START--
INFO: Run Behavior\BuildLiteBehavior [ RunTime:0.000020s ]
INFO: [ app_init ] --END-- [ RunTime:0.000160s ]
ERR: 无法加载模块:Favicon

[ 2016-11-18T20:06:16+08:00 ] 223.74.85.24 /favicon.ico
INFO: [ app_init ] --START--
INFO: Run Behavior\BuildLiteBehavior [ RunTime:0.000014s ]
INFO: [ app_init ] --END-- [ RunTime:0.000116s ]
ERR: 无法加载模块:Favicon

[ 2016-11-18T20:06:17+08:00 ] 223.74.85.24 /favicon.ico
INFO: [ app_init ] --START--
INFO: Run Behavior\BuildLiteBehavior [ RunTime:0.000014s ]
INFO: [ app_init ] --END-- [ RunTime:0.000130s ]
ERR: 无法加载模块:Favicon

[ 2016-11-18T20:06:18+08:00 ] 223.74.85.24 /favicon.ico
INFO: [ app_init ] --START--
INFO: Run Behavior\BuildLiteBehavior [ RunTime:0.000015s ]
INFO: [ app_init ] --END-- [ RunTime:0.000129s ]
ERR: 无法加载模块:Favicon

[ 2016-11-18T20:08:32+08:00 ] 120.239.147.42 /favicon.ico
INFO: [ app_init ] --START--
INFO: Run Behavior\BuildLiteBehavior [ RunTime:0.000023s ]
INFO: [ app_init ] --END-- [ RunTime:0.000144s ]
ERR: 无法加载模块:Favicon

[ 2016-11-18T20:08:34+08:00 ] 120.239.147.42 /favicon.ico
INFO: [ app_init ] --START--
INFO: Run Behavior\BuildLiteBehavior [ RunTime:0.000015s ]
INFO: [ app_init ] --END-- [ RunTime:0.000142s ]
ERR: 无法加载模块:Favicon

[ 2016-11-18T20:08:39+08:00 ] 120.239.147.42 /favicon.ico
INFO: [ app_init ] --START--
INFO: Run Behavior\BuildLiteBehavior [ RunTime:0.000020s ]
INFO: [ app_init ] --END-- [ RunTime:0.000189s ]
ERR: 无法加载模块:Favicon

[ 2016-11-18T20:08:44+08:00 ] 120.239.147.42 /favicon.ico
INFO: [ app_init ] --START--
INFO: Run Behavior\BuildLiteBehavior [ RunTime:0.000022s ]
INFO: [ app_init ] --END-- [ RunTime:0.000175s ]
ERR: 无法加载模块:Favicon

[ 2016-11-18T20:09:13+08:00 ] 120.239.147.42 /favicon.ico
INFO: [ app_init ] --START--
INFO: Run Behavior\BuildLiteBehavior [ RunTime:0.000022s ]
INFO: [ app_init ] --END-- [ RunTime:0.000138s ]
ERR: 无法加载模块:Favicon

[ 2016-11-18T20:13:48+08:00 ] 223.74.85.24 /favicon.ico
INFO: [ app_init ] --START--
INFO: Run Behavior\BuildLiteBehavior [ RunTime:0.000015s ]
INFO: [ app_init ] --END-- [ RunTime:0.000144s ]
ERR: 无法加载模块:Favicon

[ 2016-11-18T20:13:54+08:00 ] 223.74.85.24 /favicon.ico
INFO: [ app_init ] --START--
INFO: Run Behavior\BuildLiteBehavior [ RunTime:0.000019s ]
INFO: [ app_init ] --END-- [ RunTime:0.000166s ]
ERR: 无法加载模块:Favicon

[ 2016-11-18T20:13:55+08:00 ] 223.74.85.24 /favicon.ico
INFO: [ app_init ] --START--
INFO: Run Behavior\BuildLiteBehavior [ RunTime:0.000022s ]
INFO: [ app_init ] --END-- [ RunTime:0.000178s ]
ERR: 无法加载模块:Favicon

[ 2016-11-18T20:15:30+08:00 ] 120.239.147.42 /favicon.ico
INFO: [ app_init ] --START--
INFO: Run Behavior\BuildLiteBehavior [ RunTime:0.000021s ]
INFO: [ app_init ] --END-- [ RunTime:0.000188s ]
ERR: 无法加载模块:Favicon

[ 2016-11-18T20:15:39+08:00 ] 120.239.147.42 /favicon.ico
INFO: [ app_init ] --START--
INFO: Run Behavior\BuildLiteBehavior [ RunTime:0.000015s ]
INFO: [ app_init ] --END-- [ RunTime:0.000145s ]
ERR: 无法加载模块:Favicon

[ 2016-11-18T20:16:35+08:00 ] 223.74.85.24 /favicon.ico
INFO: [ app_init ] --START--
INFO: Run Behavior\BuildLiteBehavior [ RunTime:0.000018s ]
INFO: [ app_init ] --END-- [ RunTime:0.000156s ]
ERR: 无法加载模块:Favicon

[ 2016-11-18T20:16:35+08:00 ] 120.239.147.42 /favicon.ico
INFO: [ app_init ] --START--
INFO: Run Behavior\BuildLiteBehavior [ RunTime:0.000014s ]
INFO: [ app_init ] --END-- [ RunTime:0.000117s ]
ERR: 无法加载模块:Favicon

[ 2016-11-18T20:16:35+08:00 ] 223.74.85.24 /favicon.ico
INFO: [ app_init ] --START--
INFO: Run Behavior\BuildLiteBehavior [ RunTime:0.000015s ]
INFO: [ app_init ] --END-- [ RunTime:0.000121s ]
ERR: 无法加载模块:Favicon

[ 2016-11-18T20:16:38+08:00 ] 223.74.85.24 /favicon.ico
INFO: [ app_init ] --START--
INFO: Run Behavior\BuildLiteBehavior [ RunTime:0.000021s ]
INFO: [ app_init ] --END-- [ RunTime:0.000165s ]
ERR: 无法加载模块:Favicon

[ 2016-11-18T20:16:39+08:00 ] 223.74.85.24 /favicon.ico
INFO: [ app_init ] --START--
INFO: Run Behavior\BuildLiteBehavior [ RunTime:0.000014s ]
INFO: [ app_init ] --END-- [ RunTime:0.000134s ]
ERR: 无法加载模块:Favicon

[ 2016-11-18T20:16:40+08:00 ] 223.74.85.24 /favicon.ico
INFO: [ app_init ] --START--
INFO: Run Behavior\BuildLiteBehavior [ RunTime:0.000015s ]
INFO: [ app_init ] --END-- [ RunTime:0.000127s ]
ERR: 无法加载模块:Favicon

[ 2016-11-18T20:16:41+08:00 ] 223.74.85.24 /favicon.ico
INFO: [ app_init ] --START--
INFO: Run Behavior\BuildLiteBehavior [ RunTime:0.000016s ]
INFO: [ app_init ] --END-- [ RunTime:0.000127s ]
ERR: 无法加载模块:Favicon

[ 2016-11-18T20:17:12+08:00 ] 219.133.40.16 /favicon.ico
INFO: [ app_init ] --START--
INFO: Run Behavior\BuildLiteBehavior [ RunTime:0.000015s ]
INFO: [ app_init ] --END-- [ RunTime:0.000146s ]
ERR: 无法加载模块:Favicon

[ 2016-11-18T20:18:02+08:00 ] 117.136.41.113 /favicon.ico
INFO: [ app_init ] --START--
INFO: Run Behavior\BuildLiteBehavior [ RunTime:0.000015s ]
INFO: [ app_init ] --END-- [ RunTime:0.000125s ]
ERR: 无法加载模块:Favicon

[ 2016-11-18T20:18:10+08:00 ] 223.74.85.24 /favicon.ico
INFO: [ app_init ] --START--
INFO: Run Behavior\BuildLiteBehavior [ RunTime:0.000018s ]
INFO: [ app_init ] --END-- [ RunTime:0.000155s ]
ERR: 无法加载模块:Favicon

[ 2016-11-18T20:18:21+08:00 ] 223.74.85.10 /favicon.ico
INFO: [ app_init ] --START--
INFO: Run Behavior\BuildLiteBehavior [ RunTime:0.000017s ]
INFO: [ app_init ] --END-- [ RunTime:0.000134s ]
ERR: 无法加载模块:Favicon

[ 2016-11-18T20:18:22+08:00 ] 223.74.85.10 /favicon.ico
INFO: [ app_init ] --START--
INFO: Run Behavior\BuildLiteBehavior [ RunTime:0.000021s ]
INFO: [ app_init ] --END-- [ RunTime:0.000159s ]
ERR: 无法加载模块:Favicon

[ 2016-11-18T20:19:52+08:00 ] 120.239.147.42 /favicon.ico
INFO: [ app_init ] --START--
INFO: Run Behavior\BuildLiteBehavior [ RunTime:0.000020s ]
INFO: [ app_init ] --END-- [ RunTime:0.000151s ]
ERR: 无法加载模块:Favicon

[ 2016-11-18T20:19:56+08:00 ] 120.239.147.42 /favicon.ico
INFO: [ app_init ] --START--
INFO: Run Behavior\BuildLiteBehavior [ RunTime:0.000023s ]
INFO: [ app_init ] --END-- [ RunTime:0.000170s ]
ERR: 无法加载模块:Favicon

[ 2016-11-18T20:19:57+08:00 ] 120.239.147.42 /favicon.ico
INFO: [ app_init ] --START--
INFO: Run Behavior\BuildLiteBehavior [ RunTime:0.000021s ]
INFO: [ app_init ] --END-- [ RunTime:0.000148s ]
ERR: 无法加载模块:Favicon

[ 2016-11-18T20:19:59+08:00 ] 120.239.147.42 /favicon.ico
INFO: [ app_init ] --START--
INFO: Run Behavior\BuildLiteBehavior [ RunTime:0.000017s ]
INFO: [ app_init ] --END-- [ RunTime:0.000157s ]
ERR: 无法加载模块:Favicon

[ 2016-11-18T20:21:41+08:00 ] 219.133.40.16 /favicon.ico
INFO: [ app_init ] --START--
INFO: Run Behavior\BuildLiteBehavior [ RunTime:0.000023s ]
INFO: [ app_init ] --END-- [ RunTime:0.000174s ]
ERR: 无法加载模块:Favicon

[ 2016-11-18T20:22:00+08:00 ] 80.82.78.38 http://www.baidu.com/cache/global/img/gs.gif
INFO: [ app_init ] --START--
INFO: Run Behavior\BuildLiteBehavior [ RunTime:0.000020s ]
INFO: [ app_init ] --END-- [ RunTime:0.000166s ]
ERR: 无法加载模块:Cache

[ 2016-11-18T20:35:06+08:00 ] 120.239.147.42 /favicon.ico
INFO: [ app_init ] --START--
INFO: Run Behavior\BuildLiteBehavior [ RunTime:0.000023s ]
INFO: [ app_init ] --END-- [ RunTime:0.000187s ]
ERR: 无法加载模块:Favicon

[ 2016-11-18T20:35:08+08:00 ] 120.239.147.42 /favicon.ico
INFO: [ app_init ] --START--
INFO: Run Behavior\BuildLiteBehavior [ RunTime:0.000014s ]
INFO: [ app_init ] --END-- [ RunTime:0.000139s ]
ERR: 无法加载模块:Favicon

[ 2016-11-18T20:35:14+08:00 ] 120.239.147.42 /favicon.ico
INFO: [ app_init ] --START--
INFO: Run Behavior\BuildLiteBehavior [ RunTime:0.000031s ]
INFO: [ app_init ] --END-- [ RunTime:0.000178s ]
ERR: 无法加载模块:Favicon

[ 2016-11-18T20:35:22+08:00 ] 120.239.147.42 /favicon.ico
INFO: [ app_init ] --START--
INFO: Run Behavior\BuildLiteBehavior [ RunTime:0.000016s ]
INFO: [ app_init ] --END-- [ RunTime:0.000133s ]
ERR: 无法加载模块:Favicon

[ 2016-11-18T20:35:31+08:00 ] 120.239.147.42 /favicon.ico
INFO: [ app_init ] --START--
INFO: Run Behavior\BuildLiteBehavior [ RunTime:0.000014s ]
INFO: [ app_init ] --END-- [ RunTime:0.000159s ]
ERR: 无法加载模块:Favicon

[ 2016-11-18T20:40:04+08:00 ] 120.239.147.42 /favicon.ico
INFO: [ app_init ] --START--
INFO: Run Behavior\BuildLiteBehavior [ RunTime:0.000023s ]
INFO: [ app_init ] --END-- [ RunTime:0.000177s ]
ERR: 无法加载模块:Favicon

[ 2016-11-18T20:40:06+08:00 ] 120.239.147.42 /favicon.ico
INFO: [ app_init ] --START--
INFO: Run Behavior\BuildLiteBehavior [ RunTime:0.000021s ]
INFO: [ app_init ] --END-- [ RunTime:0.000144s ]
ERR: 无法加载模块:Favicon

[ 2016-11-18T20:41:13+08:00 ] 120.239.147.42 /favicon.ico
INFO: [ app_init ] --START--
INFO: Run Behavior\BuildLiteBehavior [ RunTime:0.000016s ]
INFO: [ app_init ] --END-- [ RunTime:0.000131s ]
ERR: 无法加载模块:Favicon

[ 2016-11-18T20:42:52+08:00 ] 120.239.147.42 /favicon.ico
INFO: [ app_init ] --START--
INFO: Run Behavior\BuildLiteBehavior [ RunTime:0.000015s ]
INFO: [ app_init ] --END-- [ RunTime:0.000136s ]
ERR: 无法加载模块:Favicon

[ 2016-11-18T21:07:21+08:00 ] 120.239.147.42 /favicon.ico
INFO: [ app_init ] --START--
INFO: Run Behavior\BuildLiteBehavior [ RunTime:0.000019s ]
INFO: [ app_init ] --END-- [ RunTime:0.000145s ]
ERR: 无法加载模块:Favicon

[ 2016-11-18T21:07:23+08:00 ] 120.239.147.42 /favicon.ico
INFO: [ app_init ] --START--
INFO: Run Behavior\BuildLiteBehavior [ RunTime:0.000015s ]
INFO: [ app_init ] --END-- [ RunTime:0.000143s ]
ERR: 无法加载模块:Favicon

[ 2016-11-18T21:07:35+08:00 ] 120.239.147.42 /favicon.ico
INFO: [ app_init ] --START--
INFO: Run Behavior\BuildLiteBehavior [ RunTime:0.000024s ]
INFO: [ app_init ] --END-- [ RunTime:0.000186s ]
ERR: 无法加载模块:Favicon

[ 2016-11-18T21:17:05+08:00 ] 101.226.35.225 /favicon.ico
INFO: [ app_init ] --START--
INFO: Run Behavior\BuildLiteBehavior [ RunTime:0.000015s ]
INFO: [ app_init ] --END-- [ RunTime:0.000121s ]
ERR: 无法加载模块:Favicon

[ 2016-11-18T21:17:05+08:00 ] 101.226.35.225 /favicon.ico
INFO: [ app_init ] --START--
INFO: Run Behavior\BuildLiteBehavior [ RunTime:0.000016s ]
INFO: [ app_init ] --END-- [ RunTime:0.000129s ]
ERR: 无法加载模块:Favicon

[ 2016-11-18T21:17:05+08:00 ] 101.226.35.225 /favicon.ico
INFO: [ app_init ] --START--
INFO: Run Behavior\BuildLiteBehavior [ RunTime:0.000020s ]
INFO: [ app_init ] --END-- [ RunTime:0.000154s ]
ERR: 无法加载模块:Favicon

[ 2016-11-18T21:19:14+08:00 ] 120.239.147.42 /favicon.ico
INFO: [ app_init ] --START--
INFO: Run Behavior\BuildLiteBehavior [ RunTime:0.000019s ]
INFO: [ app_init ] --END-- [ RunTime:0.000164s ]
ERR: 无法加载模块:Favicon

[ 2016-11-18T21:19:26+08:00 ] 120.239.147.42 /favicon.ico
INFO: [ app_init ] --START--
INFO: Run Behavior\BuildLiteBehavior [ RunTime:0.000017s ]
INFO: [ app_init ] --END-- [ RunTime:0.000175s ]
ERR: 无法加载模块:Favicon

[ 2016-11-18T21:19:35+08:00 ] 120.239.147.42 /favicon.ico
INFO: [ app_init ] --START--
INFO: Run Behavior\BuildLiteBehavior [ RunTime:0.000020s ]
INFO: [ app_init ] --END-- [ RunTime:0.000158s ]
ERR: 无法加载模块:Favicon

[ 2016-11-18T21:22:16+08:00 ] 120.239.147.42 /favicon.ico
INFO: [ app_init ] --START--
INFO: Run Behavior\BuildLiteBehavior [ RunTime:0.000015s ]
INFO: [ app_init ] --END-- [ RunTime:0.000133s ]
ERR: 无法加载模块:Favicon

[ 2016-11-18T21:22:17+08:00 ] 120.239.147.42 /favicon.ico
INFO: [ app_init ] --START--
INFO: Run Behavior\BuildLiteBehavior [ RunTime:0.000023s ]
INFO: [ app_init ] --END-- [ RunTime:0.000199s ]
ERR: 无法加载模块:Favicon

[ 2016-11-18T21:30:14+08:00 ] 171.38.10.219 http://yule.sohu.com/20161115/n473233431.shtml
INFO: [ app_init ] --START--
INFO: Run Behavior\BuildLiteBehavior [ RunTime:0.000015s ]
INFO: [ app_init ] --END-- [ RunTime:0.000122s ]
ERR: 无法加载模块:20161115

[ 2016-11-18T21:30:17+08:00 ] 171.38.10.219 http://it.sohu.com/20161111/n472919023.shtml
INFO: [ app_init ] --START--
INFO: Run Behavior\BuildLiteBehavior [ RunTime:0.000058s ]
INFO: [ app_init ] --END-- [ RunTime:0.000180s ]
ERR: 无法加载模块:20161111

[ 2016-11-18T21:30:18+08:00 ] 171.38.10.219 http://it.sohu.com/20161111/n472918943.shtml
INFO: [ app_init ] --START--
INFO: Run Behavior\BuildLiteBehavior [ RunTime:0.000014s ]
INFO: [ app_init ] --END-- [ RunTime:0.000121s ]
ERR: 无法加载模块:20161111

[ 2016-11-18T21:30:36+08:00 ] 171.38.10.219 http://yule.sohu.com/20161115/n473233431.shtml
INFO: [ app_init ] --START--
INFO: Run Behavior\BuildLiteBehavior [ RunTime:0.000026s ]
INFO: [ app_init ] --END-- [ RunTime:0.000253s ]
ERR: 无法加载模块:20161115

[ 2016-11-18T21:30:43+08:00 ] 171.38.10.219 http://it.sohu.com/20161111/n472918943.shtml
INFO: [ app_init ] --START--
INFO: Run Behavior\BuildLiteBehavior [ RunTime:0.000021s ]
INFO: [ app_init ] --END-- [ RunTime:0.000175s ]
ERR: 无法加载模块:20161111

[ 2016-11-18T21:30:48+08:00 ] 171.38.10.219 http://yule.sohu.com/20161111/n472913978.shtml
INFO: [ app_init ] --START--
INFO: Run Behavior\BuildLiteBehavior [ RunTime:0.000020s ]
INFO: [ app_init ] --END-- [ RunTime:0.000160s ]
ERR: 无法加载模块:20161111

[ 2016-11-18T21:30:54+08:00 ] 171.38.10.219 http://yule.sohu.com/20161111/n472916542.shtml
INFO: [ app_init ] --START--
INFO: Run Behavior\BuildLiteBehavior [ RunTime:0.000021s ]
INFO: [ app_init ] --END-- [ RunTime:0.000145s ]
ERR: 无法加载模块:20161111

[ 2016-11-18T21:31:21+08:00 ] 171.38.10.219 http://yule.sohu.com/20161111/n472916542.shtml
INFO: [ app_init ] --START--
INFO: Run Behavior\BuildLiteBehavior [ RunTime:0.000014s ]
INFO: [ app_init ] --END-- [ RunTime:0.000132s ]
ERR: 无法加载模块:20161111

[ 2016-11-18T21:31:32+08:00 ] 171.38.10.219 http://yule.sohu.com/20161115/n473233431.shtml
INFO: [ app_init ] --START--
INFO: Run Behavior\BuildLiteBehavior [ RunTime:0.000014s ]
INFO: [ app_init ] --END-- [ RunTime:0.000130s ]
ERR: 无法加载模块:20161115

[ 2016-11-18T21:31:42+08:00 ] 171.38.10.219 http://yule.sohu.com/20161111/n472913978.shtml
INFO: [ app_init ] --START--
INFO: Run Behavior\BuildLiteBehavior [ RunTime:0.000014s ]
INFO: [ app_init ] --END-- [ RunTime:0.000117s ]
ERR: 无法加载模块:20161111

[ 2016-11-18T21:31:57+08:00 ] 171.38.10.219 http://it.sohu.com/20161115/n473278408.shtml
INFO: [ app_init ] --START--
INFO: Run Behavior\BuildLiteBehavior [ RunTime:0.000014s ]
INFO: [ app_init ] --END-- [ RunTime:0.000129s ]
ERR: 无法加载模块:20161115

[ 2016-11-18T21:32:16+08:00 ] 171.38.10.219 http://yule.sohu.com/20161111/n472913978.shtml
INFO: [ app_init ] --START--
INFO: Run Behavior\BuildLiteBehavior [ RunTime:0.000022s ]
INFO: [ app_init ] --END-- [ RunTime:0.000167s ]
ERR: 无法加载模块:20161111

[ 2016-11-18T21:32:46+08:00 ] 171.38.10.219 http://yule.sohu.com/20161115/n473230013.shtml
INFO: [ app_init ] --START--
INFO: Run Behavior\BuildLiteBehavior [ RunTime:0.000015s ]
INFO: [ app_init ] --END-- [ RunTime:0.000137s ]
ERR: 无法加载模块:20161115

[ 2016-11-18T21:32:56+08:00 ] 171.38.10.219 http://yule.sohu.com/20161115/n473227924.shtml
INFO: [ app_init ] --START--
INFO: Run Behavior\BuildLiteBehavior [ RunTime:0.000014s ]
INFO: [ app_init ] --END-- [ RunTime:0.000119s ]
ERR: 无法加载模块:20161115

[ 2016-11-18T21:33:08+08:00 ] 171.38.10.219 http://it.sohu.com/20161112/n473005295.shtml
INFO: [ app_init ] --START--
INFO: Run Behavior\BuildLiteBehavior [ RunTime:0.000015s ]
INFO: [ app_init ] --END-- [ RunTime:0.000131s ]
ERR: 无法加载模块:20161112

[ 2016-11-18T21:33:09+08:00 ] 171.38.10.219 http://yule.sohu.com/20161111/n472913978.shtml
INFO: [ app_init ] --START--
INFO: Run Behavior\BuildLiteBehavior [ RunTime:0.000015s ]
INFO: [ app_init ] --END-- [ RunTime:0.000119s ]
ERR: 无法加载模块:20161111

[ 2016-11-18T21:34:42+08:00 ] 171.38.10.219 http://it.sohu.com/20161115/n473278408.shtml
INFO: [ app_init ] --START--
INFO: Run Behavior\BuildLiteBehavior [ RunTime:0.000014s ]
INFO: [ app_init ] --END-- [ RunTime:0.000126s ]
ERR: 无法加载模块:20161115

[ 2016-11-18T21:34:55+08:00 ] 171.38.10.219 http://it.sohu.com/20161112/n473005295.shtml
INFO: [ app_init ] --START--
INFO: Run Behavior\BuildLiteBehavior [ RunTime:0.000015s ]
INFO: [ app_init ] --END-- [ RunTime:0.000143s ]
ERR: 无法加载模块:20161112

[ 2016-11-18T21:35:00+08:00 ] 171.38.10.219 http://it.sohu.com/20161111/n472918943.shtml
INFO: [ app_init ] --START--
INFO: Run Behavior\BuildLiteBehavior [ RunTime:0.000018s ]
INFO: [ app_init ] --END-- [ RunTime:0.000169s ]
ERR: 无法加载模块:20161111

[ 2016-11-18T21:35:10+08:00 ] 171.38.10.219 http://yule.sohu.com/20161111/n472916525.shtml
INFO: [ app_init ] --START--
INFO: Run Behavior\BuildLiteBehavior [ RunTime:0.000022s ]
INFO: [ app_init ] --END-- [ RunTime:0.000188s ]
ERR: 无法加载模块:20161111

[ 2016-11-18T21:38:01+08:00 ] 171.38.10.219 http://it.sohu.com/20161111/n472919023.shtml
INFO: [ app_init ] --START--
INFO: Run Behavior\BuildLiteBehavior [ RunTime:0.000015s ]
INFO: [ app_init ] --END-- [ RunTime:0.000151s ]
ERR: 无法加载模块:20161111

[ 2016-11-18T21:38:45+08:00 ] 171.38.10.219 http://yule.sohu.com/20161115/n473228289.shtml
INFO: [ app_init ] --START--
INFO: Run Behavior\BuildLiteBehavior [ RunTime:0.000015s ]
INFO: [ app_init ] --END-- [ RunTime:0.000126s ]
ERR: 无法加载模块:20161115

[ 2016-11-18T21:44:24+08:00 ] 171.38.10.219 http://yule.sohu.com/20161115/n473228289.shtml
INFO: [ app_init ] --START--
INFO: Run Behavior\BuildLiteBehavior [ RunTime:0.000016s ]
INFO: [ app_init ] --END-- [ RunTime:0.000133s ]
ERR: 无法加载模块:20161115

[ 2016-11-18T22:38:47+08:00 ] 104.223.133.108 /phpmyadmin
INFO: [ app_init ] --START--
INFO: Run Behavior\BuildLiteBehavior [ RunTime:0.000015s ]
INFO: [ app_init ] --END-- [ RunTime:0.000154s ]
ERR: 无法加载模块:Phpmyadmin

[ 2016-11-18T22:41:44+08:00 ] 66.249.73.173 /robots.txt
INFO: [ app_init ] --START--
INFO: Run Behavior\BuildLiteBehavior [ RunTime:0.000042s ]
INFO: [ app_init ] --END-- [ RunTime:0.000158s ]
ERR: 无法加载模块:Robots

[ 2016-11-18T22:41:45+08:00 ] 66.249.73.181 /cifhmiknisvzg.html
INFO: [ app_init ] --START--
INFO: Run Behavior\BuildLiteBehavior [ RunTime:0.000014s ]
INFO: [ app_init ] --END-- [ RunTime:0.000134s ]
ERR: 无法加载模块:Cifhmiknisvzg

[ 2016-11-18T22:42:47+08:00 ] 207.46.13.71 /robots.txt
INFO: [ app_init ] --START--
INFO: Run Behavior\BuildLiteBehavior [ RunTime:0.000015s ]
INFO: [ app_init ] --END-- [ RunTime:0.000133s ]
ERR: 无法加载模块:Robots

[ 2016-11-18T22:44:42+08:00 ] 171.38.10.219 http://www.le.com/ptv/vplay/27057024.html
INFO: [ app_init ] --START--
INFO: Run Behavior\BuildLiteBehavior [ RunTime:0.000022s ]
INFO: [ app_init ] --END-- [ RunTime:0.000173s ]
ERR: 无法加载模块:Ptv

[ 2016-11-18T22:47:44+08:00 ] 171.38.10.219 http://www.le.com/ptv/vplay/27057024.html
INFO: [ app_init ] --START--
INFO: Run Behavior\BuildLiteBehavior [ RunTime:0.000018s ]
INFO: [ app_init ] --END-- [ RunTime:0.000155s ]
ERR: 无法加载模块:Ptv

[ 2016-11-18T22:53:17+08:00 ] 223.74.85.10 /favicon.ico
INFO: [ app_init ] --START--
INFO: Run Behavior\BuildLiteBehavior [ RunTime:0.000014s ]
INFO: [ app_init ] --END-- [ RunTime:0.000118s ]
ERR: 无法加载模块:Favicon

[ 2016-11-18T23:07:38+08:00 ] 223.74.85.24 /favicon.ico
INFO: [ app_init ] --START--
INFO: Run Behavior\BuildLiteBehavior [ RunTime:0.000022s ]
INFO: [ app_init ] --END-- [ RunTime:0.000173s ]
ERR: 无法加载模块:Favicon

[ 2016-11-18T23:07:41+08:00 ] 223.74.85.24 /favicon.ico
INFO: [ app_init ] --START--
INFO: Run Behavior\BuildLiteBehavior [ RunTime:0.000015s ]
INFO: [ app_init ] --END-- [ RunTime:0.000137s ]
ERR: 无法加载模块:Favicon

[ 2016-11-18T23:09:06+08:00 ] 223.74.85.24 /favicon.ico
INFO: [ app_init ] --START--
INFO: Run Behavior\BuildLiteBehavior [ RunTime:0.000020s ]
INFO: [ app_init ] --END-- [ RunTime:0.000163s ]
ERR: 无法加载模块:Favicon

[ 2016-11-18T23:17:27+08:00 ] 171.38.10.219 http://bbs.auto.sina.cn/forum.php?mod=viewthread&tid=5404203
INFO: [ app_init ] --START--
INFO: Run Behavior\BuildLiteBehavior [ RunTime:0.000016s ]
INFO: [ app_init ] --END-- [ RunTime:0.000126s ]
ERR: 无法加载模块:Forum

[ 2016-11-18T23:18:40+08:00 ] 171.38.10.219 http://bbs.auto.sina.cn/forum.php?mod=viewthread&tid=5404568
INFO: [ app_init ] --START--
INFO: Run Behavior\BuildLiteBehavior [ RunTime:0.000016s ]
INFO: [ app_init ] --END-- [ RunTime:0.000130s ]
ERR: 无法加载模块:Forum

[ 2016-11-18T23:20:45+08:00 ] 171.38.10.219 http://club.it.sohu.com/it/thread/4hjp7w9nm6p
INFO: [ app_init ] --START--
INFO: Run Behavior\BuildLiteBehavior [ RunTime:0.000015s ]
INFO: [ app_init ] --END-- [ RunTime:0.000125s ]
ERR: 无法加载模块:It

[ 2016-11-18T23:21:29+08:00 ] 171.38.10.219 http://bbs.auto.sina.cn/forum.php?mod=viewthread&tid=5404203
INFO: [ app_init ] --START--
INFO: Run Behavior\BuildLiteBehavior [ RunTime:0.000021s ]
INFO: [ app_init ] --END-- [ RunTime:0.000169s ]
ERR: 无法加载模块:Forum

[ 2016-11-18T23:26:18+08:00 ] 171.38.10.219 http://bbs.auto.sina.cn/forum.php?mod=viewthread&tid=5404568
INFO: [ app_init ] --START--
INFO: Run Behavior\BuildLiteBehavior [ RunTime:0.000023s ]
INFO: [ app_init ] --END-- [ RunTime:0.000187s ]
ERR: 无法加载模块:Forum

[ 2016-11-18T23:29:45+08:00 ] 171.38.10.219 http://bbs.auto.sina.cn/forum.php?mod=viewthread&tid=5404203
INFO: [ app_init ] --START--
INFO: Run Behavior\BuildLiteBehavior [ RunTime:0.000015s ]
INFO: [ app_init ] --END-- [ RunTime:0.000128s ]
ERR: 无法加载模块:Forum

[ 2016-11-18T23:29:49+08:00 ] 171.38.10.219 http://www.xici.net/d235669549.htm
INFO: [ app_init ] --START--
INFO: Run Behavior\BuildLiteBehavior [ RunTime:0.000020s ]
INFO: [ app_init ] --END-- [ RunTime:0.000158s ]
ERR: 无法加载模块:D235669549

[ 2016-11-18T23:30:12+08:00 ] 171.38.10.219 http://sy.bbs.leju.com/thread-6202846588549751048.html
INFO: [ app_init ] --START--
INFO: Run Behavior\BuildLiteBehavior [ RunTime:0.000024s ]
INFO: [ app_init ] --END-- [ RunTime:0.000195s ]
ERR: 无法加载模块:Thread-6202846588549751048

[ 2016-11-18T23:30:34+08:00 ] 117.136.32.25 /favicon.ico
INFO: [ app_init ] --START--
INFO: Run Behavior\BuildLiteBehavior [ RunTime:0.000020s ]
INFO: [ app_init ] --END-- [ RunTime:0.000168s ]
ERR: 无法加载模块:Favicon

[ 2016-11-18T23:34:31+08:00 ] 171.38.10.219 http://blog.sina.com.cn/s/blog_1670830a50102wv2g.html
INFO: [ app_init ] --START--
INFO: Run Behavior\BuildLiteBehavior [ RunTime:0.000019s ]
INFO: [ app_init ] --END-- [ RunTime:0.000175s ]
ERR: 无法加载模块:S

[ 2016-11-18T23:35:58+08:00 ] 171.38.10.219 http://club.it.sohu.com/it/thread/4hjp7w9nm6p
INFO: [ app_init ] --START--
INFO: Run Behavior\BuildLiteBehavior [ RunTime:0.000014s ]
INFO: [ app_init ] --END-- [ RunTime:0.000122s ]
ERR: 无法加载模块:It

[ 2016-11-18T23:37:11+08:00 ] 223.74.85.10 /favicon.ico
INFO: [ app_init ] --START--
INFO: Run Behavior\BuildLiteBehavior [ RunTime:0.000014s ]
INFO: [ app_init ] --END-- [ RunTime:0.000123s ]
ERR: 无法加载模块:Favicon

[ 2016-11-18T23:37:13+08:00 ] 223.74.85.10 /favicon.ico
INFO: [ app_init ] --START--
INFO: Run Behavior\BuildLiteBehavior [ RunTime:0.000019s ]
INFO: [ app_init ] --END-- [ RunTime:0.000165s ]
ERR: 无法加载模块:Favicon

[ 2016-11-18T23:38:54+08:00 ] 223.74.85.24 /favicon.ico
INFO: [ app_init ] --START--
INFO: Run Behavior\BuildLiteBehavior [ RunTime:0.000016s ]
INFO: [ app_init ] --END-- [ RunTime:0.000149s ]
ERR: 无法加载模块:Favicon

[ 2016-11-18T23:39:43+08:00 ] 223.74.85.24 /favicon.ico
INFO: [ app_init ] --START--
INFO: Run Behavior\BuildLiteBehavior [ RunTime:0.000019s ]
INFO: [ app_init ] --END-- [ RunTime:0.000158s ]
ERR: 无法加载模块:Favicon

[ 2016-11-18T23:39:59+08:00 ] 223.74.85.10 /favicon.ico
INFO: [ app_init ] --START--
INFO: Run Behavior\BuildLiteBehavior [ RunTime:0.000018s ]
INFO: [ app_init ] --END-- [ RunTime:0.000130s ]
ERR: 无法加载模块:Favicon

[ 2016-11-18T23:40:01+08:00 ] 223.74.85.10 /favicon.ico
INFO: [ app_init ] --START--
INFO: Run Behavior\BuildLiteBehavior [ RunTime:0.000029s ]
INFO: [ app_init ] --END-- [ RunTime:0.000135s ]
ERR: 无法加载模块:Favicon

[ 2016-11-18T23:40:33+08:00 ] 171.38.10.219 http://bbs.auto.sina.cn/forum.php?mod=viewthread&tid=5404203
INFO: [ app_init ] --START--
INFO: Run Behavior\BuildLiteBehavior [ RunTime:0.000015s ]
INFO: [ app_init ] --END-- [ RunTime:0.000117s ]
ERR: 无法加载模块:Forum

[ 2016-11-18T23:41:42+08:00 ] 101.226.79.182 /phpmyadmin
INFO: [ app_init ] --START--
INFO: Run Behavior\BuildLiteBehavior [ RunTime:0.000020s ]
INFO: [ app_init ] --END-- [ RunTime:0.000140s ]
ERR: 无法加载模块:Phpmyadmin

[ 2016-11-18T23:45:16+08:00 ] 171.38.10.219 http://bbs.auto.sina.cn/forum.php?mod=viewthread&tid=5404203
INFO: [ app_init ] --START--
INFO: Run Behavior\BuildLiteBehavior [ RunTime:0.000020s ]
INFO: [ app_init ] --END-- [ RunTime:0.000191s ]
ERR: 无法加载模块:Forum

[ 2016-11-18T23:55:10+08:00 ] 115.159.185.225 /phpinfo.php
INFO: [ app_init ] --START--
INFO: Run Behavior\BuildLiteBehavior [ RunTime:0.000015s ]
INFO: [ app_init ] --END-- [ RunTime:0.000123s ]
ERR: 无法加载模块:Phpinfo

[ 2016-11-18T23:55:10+08:00 ] 115.159.185.225 /test.php
INFO: [ app_init ] --START--
INFO: Run Behavior\BuildLiteBehavior [ RunTime:0.000015s ]
INFO: [ app_init ] --END-- [ RunTime:0.000145s ]
ERR: 无法加载模块:Test

[ 2016-11-18T23:55:10+08:00 ] 115.159.185.225 /l.php
INFO: [ app_init ] --START--
INFO: Run Behavior\BuildLiteBehavior [ RunTime:0.000014s ]
INFO: [ app_init ] --END-- [ RunTime:0.000120s ]
ERR: 无法加载模块:L

[ 2016-11-18T23:55:32+08:00 ] 180.153.212.13 /xmlrpc.php
INFO: [ app_init ] --START--
INFO: Run Behavior\BuildLiteBehavior [ RunTime:0.000015s ]
INFO: [ app_init ] --END-- [ RunTime:0.000140s ]
ERR: 无法加载模块:Xmlrpc

