[ 2016-11-11T00:01:48+08:00 ] 119.97.146.76 /muieblackcat
INFO: [ app_init ] --START--
INFO: Run Behavior\BuildLiteBehavior [ RunTime:0.000053s ]
INFO: [ app_init ] --END-- [ RunTime:0.000187s ]
ERR: 无法加载模块:Muieblackcat

[ 2016-11-11T00:01:57+08:00 ] 119.97.146.76 //myadmin/scripts/setup.php
INFO: [ app_init ] --START--
INFO: Run Behavior\BuildLiteBehavior [ RunTime:0.000014s ]
INFO: [ app_init ] --END-- [ RunTime:0.000133s ]
ERR: 无法加载模块:Myadmin

[ 2016-11-11T00:01:57+08:00 ] 119.97.146.76 //MyAdmin/scripts/setup.php
INFO: [ app_init ] --START--
INFO: Run Behavior\BuildLiteBehavior [ RunTime:0.000015s ]
INFO: [ app_init ] --END-- [ RunTime:0.000133s ]
ERR: 无法加载模块:MyAdmin

[ 2016-11-11T01:03:46+08:00 ] 123.125.71.57 /robots.txt
INFO: [ app_init ] --START--
INFO: Run Behavior\BuildLiteBehavior [ RunTime:0.000025s ]
INFO: [ app_init ] --END-- [ RunTime:0.000212s ]
ERR: 无法加载模块:Robots

[ 2016-11-11T01:07:43+08:00 ] 101.226.35.225 /favicon.ico
INFO: [ app_init ] --START--
INFO: Run Behavior\BuildLiteBehavior [ RunTime:0.000015s ]
INFO: [ app_init ] --END-- [ RunTime:0.000117s ]
ERR: 无法加载模块:Favicon

[ 2016-11-11T01:07:43+08:00 ] 101.226.35.225 /favicon.ico
INFO: [ app_init ] --START--
INFO: Run Behavior\BuildLiteBehavior [ RunTime:0.000021s ]
INFO: [ app_init ] --END-- [ RunTime:0.000186s ]
ERR: 无法加载模块:Favicon

[ 2016-11-11T01:07:43+08:00 ] 101.226.35.225 /favicon.ico
INFO: [ app_init ] --START--
INFO: Run Behavior\BuildLiteBehavior [ RunTime:0.000014s ]
INFO: [ app_init ] --END-- [ RunTime:0.000131s ]
ERR: 无法加载模块:Favicon

[ 2016-11-11T01:44:26+08:00 ] 66.249.64.34 /robots.txt
INFO: [ app_init ] --START--
INFO: Run Behavior\BuildLiteBehavior [ RunTime:0.000014s ]
INFO: [ app_init ] --END-- [ RunTime:0.000141s ]
ERR: 无法加载模块:Robots

[ 2016-11-11T04:26:15+08:00 ] 66.249.64.163 /robots.txt
INFO: [ app_init ] --START--
INFO: Run Behavior\BuildLiteBehavior [ RunTime:0.000020s ]
INFO: [ app_init ] --END-- [ RunTime:0.000179s ]
ERR: 无法加载模块:Robots

[ 2016-11-11T06:08:12+08:00 ] 220.181.51.93 /robots.txt
INFO: [ app_init ] --START--
INFO: Run Behavior\BuildLiteBehavior [ RunTime:0.000021s ]
INFO: [ app_init ] --END-- [ RunTime:0.000179s ]
ERR: 无法加载模块:Robots

[ 2016-11-11T06:40:30+08:00 ] 201.173.64.235 /cgi/common.cgi
INFO: [ app_init ] --START--
INFO: Run Behavior\BuildLiteBehavior [ RunTime:0.000020s ]
INFO: [ app_init ] --END-- [ RunTime:0.000182s ]
ERR: 无法加载模块:Cgi

[ 2016-11-11T06:40:33+08:00 ] 201.173.64.235 /stssys.htm
INFO: [ app_init ] --START--
INFO: Run Behavior\BuildLiteBehavior [ RunTime:0.000014s ]
INFO: [ app_init ] --END-- [ RunTime:0.000123s ]
ERR: 无法加载模块:Stssys

[ 2016-11-11T06:40:38+08:00 ] 201.173.64.235 /command.php
INFO: [ app_init ] --START--
INFO: Run Behavior\BuildLiteBehavior [ RunTime:0.000015s ]
INFO: [ app_init ] --END-- [ RunTime:0.000131s ]
ERR: 无法加载模块:Command

[ 2016-11-11T06:40:41+08:00 ] 201.173.64.235 /language/Swedish${IFS}&&echo${IFS}610cker>qt&&tar${IFS}/string.js
INFO: [ app_init ] --START--
INFO: Run Behavior\BuildLiteBehavior [ RunTime:0.000021s ]
INFO: [ app_init ] --END-- [ RunTime:0.000173s ]
ERR: 无法加载模块:Language

[ 2016-11-11T09:16:20+08:00 ] 117.136.41.93 /favicon.ico
INFO: [ app_init ] --START--
INFO: Run Behavior\BuildLiteBehavior [ RunTime:0.000019s ]
INFO: [ app_init ] --END-- [ RunTime:0.000162s ]
ERR: 无法加载模块:Favicon

[ 2016-11-11T09:16:24+08:00 ] 117.136.41.93 /favicon.ico
INFO: [ app_init ] --START--
INFO: Run Behavior\BuildLiteBehavior [ RunTime:0.000021s ]
INFO: [ app_init ] --END-- [ RunTime:0.000199s ]
ERR: 无法加载模块:Favicon

[ 2016-11-11T09:16:50+08:00 ] 117.136.41.93 /favicon.ico
INFO: [ app_init ] --START--
INFO: Run Behavior\BuildLiteBehavior [ RunTime:0.000016s ]
INFO: [ app_init ] --END-- [ RunTime:0.000130s ]
ERR: 无法加载模块:Favicon

[ 2016-11-11T09:59:41+08:00 ] 176.31.61.216 /etc/lib/pChart2/examples/imageMap/index.php?Action=ViewPHP&Script=../../../../../cnf/db.php
INFO: [ app_init ] --START--
INFO: Run Behavior\BuildLiteBehavior [ RunTime:0.000016s ]
INFO: [ app_init ] --END-- [ RunTime:0.000138s ]
ERR: 无法加载模块:Etc

[ 2016-11-11T10:17:44+08:00 ] 62.197.208.36 /nagiosxi/login.php
INFO: [ app_init ] --START--
INFO: Run Behavior\BuildLiteBehavior [ RunTime:0.000015s ]
INFO: [ app_init ] --END-- [ RunTime:0.000142s ]
ERR: 无法加载模块:Nagiosxi

[ 2016-11-11T10:23:20+08:00 ] 171.38.2.99 http://www.xici.net/d235476848.htm
INFO: [ app_init ] --START--
INFO: Run Behavior\BuildLiteBehavior [ RunTime:0.000015s ]
INFO: [ app_init ] --END-- [ RunTime:0.000159s ]
ERR: 无法加载模块:D235476848

[ 2016-11-11T10:26:59+08:00 ] 171.38.2.99 http://s.dianping.com/topic/14617165?addNote=14617165
INFO: [ app_init ] --START--
INFO: Run Behavior\BuildLiteBehavior [ RunTime:0.000015s ]
INFO: [ app_init ] --END-- [ RunTime:0.000138s ]
ERR: 无法加载模块:Topic

[ 2016-11-11T10:27:49+08:00 ] 171.38.2.99 http://toutiao.com/i6351352144011985410/
INFO: [ app_init ] --START--
INFO: Run Behavior\BuildLiteBehavior [ RunTime:0.000020s ]
INFO: [ app_init ] --END-- [ RunTime:0.000141s ]
ERR: 无法加载模块:I6351352144011985410

[ 2016-11-11T10:27:55+08:00 ] 171.38.2.99 http://www.xici.net/d235520725.htm
INFO: [ app_init ] --START--
INFO: Run Behavior\BuildLiteBehavior [ RunTime:0.000014s ]
INFO: [ app_init ] --END-- [ RunTime:0.000125s ]
ERR: 无法加载模块:D235520725

[ 2016-11-11T10:37:07+08:00 ] 171.38.2.99 http://www.xici.net/d235464722.htm
INFO: [ app_init ] --START--
INFO: Run Behavior\BuildLiteBehavior [ RunTime:0.000015s ]
INFO: [ app_init ] --END-- [ RunTime:0.000132s ]
ERR: 无法加载模块:D235464722

[ 2016-11-11T10:47:03+08:00 ] 171.38.74.74 http://bbs.pcauto.com.cn/intf/topic/counter.ajax?tid=12267792&currentUrl=/topic.do?tid=12267792&currentReferer=&1478832338735
INFO: [ app_init ] --START--
INFO: Run Behavior\BuildLiteBehavior [ RunTime:0.000023s ]
INFO: [ app_init ] --END-- [ RunTime:0.000319s ]
ERR: 无法加载模块:Intf

[ 2016-11-11T10:48:54+08:00 ] 171.38.74.74 http://www.xici.net/d235476997.htm
INFO: [ app_init ] --START--
INFO: Run Behavior\BuildLiteBehavior [ RunTime:0.000015s ]
INFO: [ app_init ] --END-- [ RunTime:0.000133s ]
ERR: 无法加载模块:D235476997

[ 2016-11-11T10:49:20+08:00 ] 171.38.74.74 http://bbs.pcauto.com.cn/intf/topic/counter.ajax?tid=12267902&currentUrl=/topic.do?tid=12267902&currentReferer=&1478832475577
INFO: [ app_init ] --START--
INFO: Run Behavior\BuildLiteBehavior [ RunTime:0.000015s ]
INFO: [ app_init ] --END-- [ RunTime:0.000139s ]
ERR: 无法加载模块:Intf

[ 2016-11-11T10:49:22+08:00 ] 171.38.74.74 http://bbs.pcauto.com.cn/intf/topic/counter.ajax?tid=12267385&currentUrl=/topic.do?tid=12267385&currentReferer=&1478832477485
INFO: [ app_init ] --START--
INFO: Run Behavior\BuildLiteBehavior [ RunTime:0.000020s ]
INFO: [ app_init ] --END-- [ RunTime:0.000158s ]
ERR: 无法加载模块:Intf

[ 2016-11-11T10:51:25+08:00 ] 80.82.78.38 http://www.baidu.com/cache/global/img/gs.gif
INFO: [ app_init ] --START--
INFO: Run Behavior\BuildLiteBehavior [ RunTime:0.000014s ]
INFO: [ app_init ] --END-- [ RunTime:0.000126s ]
ERR: 无法加载模块:Cache

[ 2016-11-11T10:55:44+08:00 ] 171.38.74.74 http://bbs.pcauto.com.cn/intf/topic/counter.ajax?tid=12277821&currentUrl=/topic.do?tid=12277821&currentReferer=&1478832860231
INFO: [ app_init ] --START--
INFO: Run Behavior\BuildLiteBehavior [ RunTime:0.000020s ]
INFO: [ app_init ] --END-- [ RunTime:0.000132s ]
ERR: 无法加载模块:Intf

[ 2016-11-11T11:00:04+08:00 ] 171.38.74.74 http://toutiao.com/i6350537510195560961/
INFO: [ app_init ] --START--
INFO: Run Behavior\BuildLiteBehavior [ RunTime:0.000014s ]
INFO: [ app_init ] --END-- [ RunTime:0.000127s ]
ERR: 无法加载模块:I6350537510195560961

[ 2016-11-11T11:02:03+08:00 ] 171.38.74.74 http://bbs.pcauto.com.cn/intf/topic/counter.ajax?tid=12267424&currentUrl=/topic.do?tid=12267424&currentReferer=&1478833238343
INFO: [ app_init ] --START--
INFO: Run Behavior\BuildLiteBehavior [ RunTime:0.000014s ]
INFO: [ app_init ] --END-- [ RunTime:0.000124s ]
ERR: 无法加载模块:Intf

[ 2016-11-11T11:07:43+08:00 ] 171.38.74.74 http://bbs.pcauto.com.cn/intf/topic/counter.ajax?tid=12277975&currentUrl=/topic.do?tid=12277975&currentReferer=&1478833579685
INFO: [ app_init ] --START--
INFO: Run Behavior\BuildLiteBehavior [ RunTime:0.000029s ]
INFO: [ app_init ] --END-- [ RunTime:0.000142s ]
ERR: 无法加载模块:Intf

[ 2016-11-11T11:08:29+08:00 ] 101.226.35.225 /favicon.ico
INFO: [ app_init ] --START--
INFO: Run Behavior\BuildLiteBehavior [ RunTime:0.000020s ]
INFO: [ app_init ] --END-- [ RunTime:0.000160s ]
ERR: 无法加载模块:Favicon

[ 2016-11-11T11:08:29+08:00 ] 101.226.35.225 /favicon.ico
INFO: [ app_init ] --START--
INFO: Run Behavior\BuildLiteBehavior [ RunTime:0.000019s ]
INFO: [ app_init ] --END-- [ RunTime:0.000179s ]
ERR: 无法加载模块:Favicon

[ 2016-11-11T11:08:29+08:00 ] 101.226.35.225 /favicon.ico
INFO: [ app_init ] --START--
INFO: Run Behavior\BuildLiteBehavior [ RunTime:0.000014s ]
INFO: [ app_init ] --END-- [ RunTime:0.000120s ]
ERR: 无法加载模块:Favicon

[ 2016-11-11T11:11:27+08:00 ] 171.38.74.74 http://bbs.pcauto.com.cn/intf/topic/counter.ajax?tid=12277975&currentUrl=/topic.do?tid=12277975&currentReferer=&1478833802184
INFO: [ app_init ] --START--
INFO: Run Behavior\BuildLiteBehavior [ RunTime:0.000021s ]
INFO: [ app_init ] --END-- [ RunTime:0.000145s ]
ERR: 无法加载模块:Intf

[ 2016-11-11T11:13:41+08:00 ] 171.38.74.74 http://bbs.pcauto.com.cn/intf/topic/counter.ajax?tid=12267328&currentUrl=/topic.do?tid=12267328&currentReferer=&1478833937343
INFO: [ app_init ] --START--
INFO: Run Behavior\BuildLiteBehavior [ RunTime:0.000019s ]
INFO: [ app_init ] --END-- [ RunTime:0.000141s ]
ERR: 无法加载模块:Intf

[ 2016-11-11T11:20:21+08:00 ] 117.136.41.89 /favicon.ico
INFO: [ app_init ] --START--
INFO: Run Behavior\BuildLiteBehavior [ RunTime:0.000014s ]
INFO: [ app_init ] --END-- [ RunTime:0.000132s ]
ERR: 无法加载模块:Favicon

[ 2016-11-11T11:22:04+08:00 ] 171.38.74.74 http://www.xici.net/d235520725.htm
INFO: [ app_init ] --START--
INFO: Run Behavior\BuildLiteBehavior [ RunTime:0.000015s ]
INFO: [ app_init ] --END-- [ RunTime:0.000140s ]
ERR: 无法加载模块:D235520725

[ 2016-11-11T11:24:28+08:00 ] 171.38.74.74 http://www.xici.net/d235520725.htm
INFO: [ app_init ] --START--
INFO: Run Behavior\BuildLiteBehavior [ RunTime:0.000034s ]
INFO: [ app_init ] --END-- [ RunTime:0.000204s ]
ERR: 无法加载模块:D235520725

[ 2016-11-11T11:24:30+08:00 ] 171.38.74.74 http://www.xici.net/d235478109.htm
INFO: [ app_init ] --START--
INFO: Run Behavior\BuildLiteBehavior [ RunTime:0.000020s ]
INFO: [ app_init ] --END-- [ RunTime:0.000187s ]
ERR: 无法加载模块:D235478109

[ 2016-11-11T11:25:20+08:00 ] 171.38.74.74 http://club.eladies.sina.com.cn/viewthread.php?tid=6698335&pid=28837743&extra=page%3D1&frombbs=1
INFO: [ app_init ] --START--
INFO: Run Behavior\BuildLiteBehavior [ RunTime:0.000021s ]
INFO: [ app_init ] --END-- [ RunTime:0.000179s ]
ERR: 无法加载模块:Viewthread

[ 2016-11-11T11:27:43+08:00 ] 171.38.74.74 http://www.xici.net/d235476848.htm
INFO: [ app_init ] --START--
INFO: Run Behavior\BuildLiteBehavior [ RunTime:0.000015s ]
INFO: [ app_init ] --END-- [ RunTime:0.000149s ]
ERR: 无法加载模块:D235476848

[ 2016-11-11T11:28:07+08:00 ] 171.38.74.74 http://club.eladies.sina.com.cn/viewthread.php?tid=6698335&pid=28837743&extra=page%3D1&frombbs=1
INFO: [ app_init ] --START--
INFO: Run Behavior\BuildLiteBehavior [ RunTime:0.000018s ]
INFO: [ app_init ] --END-- [ RunTime:0.000195s ]
ERR: 无法加载模块:Viewthread

[ 2016-11-11T11:55:32+08:00 ] 171.38.74.74 http://club.qingdaonews.com/showAnnounce_1240_2062457_1_0.htm
INFO: [ app_init ] --START--
INFO: Run Behavior\BuildLiteBehavior [ RunTime:0.000015s ]
INFO: [ app_init ] --END-- [ RunTime:0.000145s ]
ERR: 无法加载模块:ShowAnnounce_1240_2062457_1_0

[ 2016-11-11T11:56:07+08:00 ] 171.38.74.74 http://baike.baidu.com/api/lemmapv?id=a079f3dea6ccd821d6a44b77&r=0.14788364827513452
INFO: [ app_init ] --START--
INFO: Run Behavior\BuildLiteBehavior [ RunTime:0.000018s ]
INFO: [ app_init ] --END-- [ RunTime:0.000159s ]
ERR: 无法加载模块:Api

[ 2016-11-11T11:58:40+08:00 ] 171.38.74.74 http://club.qingdaonews.com/showAnnounce_1240_2062457_1_0.htm
INFO: [ app_init ] --START--
INFO: Run Behavior\BuildLiteBehavior [ RunTime:0.000017s ]
INFO: [ app_init ] --END-- [ RunTime:0.000145s ]
ERR: 无法加载模块:ShowAnnounce_1240_2062457_1_0

[ 2016-11-11T11:59:09+08:00 ] 223.74.85.58 /favicon.ico
INFO: [ app_init ] --START--
INFO: Run Behavior\BuildLiteBehavior [ RunTime:0.000015s ]
INFO: [ app_init ] --END-- [ RunTime:0.000130s ]
ERR: 无法加载模块:Favicon

[ 2016-11-11T12:02:53+08:00 ] 171.38.74.74 http://club.qingdaonews.com/showAnnounce_1240_2062457_1_0.htm
INFO: [ app_init ] --START--
INFO: Run Behavior\BuildLiteBehavior [ RunTime:0.000013s ]
INFO: [ app_init ] --END-- [ RunTime:0.000150s ]
ERR: 无法加载模块:ShowAnnounce_1240_2062457_1_0

[ 2016-11-11T12:05:22+08:00 ] 171.38.74.74 http://club.qingdaonews.com/showAnnounce_1240_2062457_1_0.htm
INFO: [ app_init ] --START--
INFO: Run Behavior\BuildLiteBehavior [ RunTime:0.000015s ]
INFO: [ app_init ] --END-- [ RunTime:0.000129s ]
ERR: 无法加载模块:ShowAnnounce_1240_2062457_1_0

[ 2016-11-11T12:25:41+08:00 ] 171.38.74.74 http://bbs.tianya.cn/post-stocks-1805993-1.shtml
INFO: [ app_init ] --START--
INFO: Run Behavior\BuildLiteBehavior [ RunTime:0.000020s ]
INFO: [ app_init ] --END-- [ RunTime:0.000188s ]
ERR: 无法加载模块:Post-stocks-1805993-1

[ 2016-11-11T12:30:29+08:00 ] 171.38.74.74 http://club.qingdaonews.com/showAnnounce_1240_2062451_1_0.htm
INFO: [ app_init ] --START--
INFO: Run Behavior\BuildLiteBehavior [ RunTime:0.000018s ]
INFO: [ app_init ] --END-- [ RunTime:0.000179s ]
ERR: 无法加载模块:ShowAnnounce_1240_2062451_1_0

[ 2016-11-11T13:29:00+08:00 ] 14.152.69.89 /favicon.ico
INFO: [ app_init ] --START--
INFO: Run Behavior\BuildLiteBehavior [ RunTime:0.000035s ]
INFO: [ app_init ] --END-- [ RunTime:0.000186s ]
ERR: 无法加载模块:Favicon

[ 2016-11-11T13:34:22+08:00 ] 171.38.74.74 http://toutiao.com/i6351547690853073410/
INFO: [ app_init ] --START--
INFO: Run Behavior\BuildLiteBehavior [ RunTime:0.000021s ]
INFO: [ app_init ] --END-- [ RunTime:0.000188s ]
ERR: 无法加载模块:I6351547690853073410

[ 2016-11-11T13:34:52+08:00 ] 171.38.74.74 http://baike.baidu.com/api/lemmapv?id=a079f3dea6ccd821d6a44b77&r=0.14788424085989704
INFO: [ app_init ] --START--
INFO: Run Behavior\BuildLiteBehavior [ RunTime:0.000014s ]
INFO: [ app_init ] --END-- [ RunTime:0.000197s ]
ERR: 无法加载模块:Api

[ 2016-11-11T13:35:05+08:00 ] 171.38.74.74 http://toutiao.com/i6351547690853073410/
INFO: [ app_init ] --START--
INFO: Run Behavior\BuildLiteBehavior [ RunTime:0.000020s ]
INFO: [ app_init ] --END-- [ RunTime:0.000163s ]
ERR: 无法加载模块:I6351547690853073410

[ 2016-11-11T13:37:25+08:00 ] 171.38.74.74 http://bbs.tianya.cn/post-stocks-1805993-1.shtml
INFO: [ app_init ] --START--
INFO: Run Behavior\BuildLiteBehavior [ RunTime:0.000014s ]
INFO: [ app_init ] --END-- [ RunTime:0.000121s ]
ERR: 无法加载模块:Post-stocks-1805993-1

[ 2016-11-11T13:38:24+08:00 ] 171.38.74.74 http://toutiao.com/i6351547690853073410/
INFO: [ app_init ] --START--
INFO: Run Behavior\BuildLiteBehavior [ RunTime:0.000014s ]
INFO: [ app_init ] --END-- [ RunTime:0.000120s ]
ERR: 无法加载模块:I6351547690853073410

[ 2016-11-11T13:52:19+08:00 ] 171.38.74.74 http://toutiao.com/i6351559495381942786/
INFO: [ app_init ] --START--
INFO: Run Behavior\BuildLiteBehavior [ RunTime:0.000014s ]
INFO: [ app_init ] --END-- [ RunTime:0.000125s ]
ERR: 无法加载模块:I6351559495381942786

[ 2016-11-11T14:15:02+08:00 ] 172.82.166.210 http://www.baidu.com/cache/global/img/gs.gif
INFO: [ app_init ] --START--
INFO: Run Behavior\BuildLiteBehavior [ RunTime:0.000017s ]
INFO: [ app_init ] --END-- [ RunTime:0.000162s ]
ERR: 无法加载模块:Cache

[ 2016-11-11T14:17:06+08:00 ] 66.249.73.181 /robots.txt
INFO: [ app_init ] --START--
INFO: Run Behavior\BuildLiteBehavior [ RunTime:0.000031s ]
INFO: [ app_init ] --END-- [ RunTime:0.000197s ]
ERR: 无法加载模块:Robots

[ 2016-11-11T14:18:38+08:00 ] 122.147.47.39 /CFIDE/administrator/
INFO: [ app_init ] --START--
INFO: Run Behavior\BuildLiteBehavior [ RunTime:0.000014s ]
INFO: [ app_init ] --END-- [ RunTime:0.000122s ]
ERR: 无法加载模块:CFIDE

[ 2016-11-11T14:24:43+08:00 ] 117.136.41.113 /favicon.ico
INFO: [ app_init ] --START--
INFO: Run Behavior\BuildLiteBehavior [ RunTime:0.000014s ]
INFO: [ app_init ] --END-- [ RunTime:0.000129s ]
ERR: 无法加载模块:Favicon

[ 2016-11-11T14:24:49+08:00 ] 117.136.41.113 /favicon.ico
INFO: [ app_init ] --START--
INFO: Run Behavior\BuildLiteBehavior [ RunTime:0.000020s ]
INFO: [ app_init ] --END-- [ RunTime:0.000180s ]
ERR: 无法加载模块:Favicon

[ 2016-11-11T14:24:50+08:00 ] 117.136.41.113 /favicon.ico
INFO: [ app_init ] --START--
INFO: Run Behavior\BuildLiteBehavior [ RunTime:0.000021s ]
INFO: [ app_init ] --END-- [ RunTime:0.000179s ]
ERR: 无法加载模块:Favicon

[ 2016-11-11T14:29:16+08:00 ] 117.136.41.113 /favicon.ico
INFO: [ app_init ] --START--
INFO: Run Behavior\BuildLiteBehavior [ RunTime:0.000022s ]
INFO: [ app_init ] --END-- [ RunTime:0.000239s ]
ERR: 无法加载模块:Favicon

[ 2016-11-11T14:30:13+08:00 ] 171.38.74.74 http://baike.baidu.com/api/lemmapv?id=a079f3dea6ccd821d6a44b77&r=0.14788457292984681
INFO: [ app_init ] --START--
INFO: Run Behavior\BuildLiteBehavior [ RunTime:0.000019s ]
INFO: [ app_init ] --END-- [ RunTime:0.000140s ]
ERR: 无法加载模块:Api

[ 2016-11-11T14:38:57+08:00 ] 104.223.133.108 /phpmyadmin
INFO: [ app_init ] --START--
INFO: Run Behavior\BuildLiteBehavior [ RunTime:0.000014s ]
INFO: [ app_init ] --END-- [ RunTime:0.000127s ]
ERR: 无法加载模块:Phpmyadmin

[ 2016-11-11T15:03:52+08:00 ] 171.38.74.74 http://toutiao.com/i6351547690853073410/
INFO: [ app_init ] --START--
INFO: Run Behavior\BuildLiteBehavior [ RunTime:0.000015s ]
INFO: [ app_init ] --END-- [ RunTime:0.000120s ]
ERR: 无法加载模块:I6351547690853073410

[ 2016-11-11T15:04:49+08:00 ] 171.38.74.74 http://toutiao.com/i6351547690853073410/
INFO: [ app_init ] --START--
INFO: Run Behavior\BuildLiteBehavior [ RunTime:0.000014s ]
INFO: [ app_init ] --END-- [ RunTime:0.000126s ]
ERR: 无法加载模块:I6351547690853073410

[ 2016-11-11T15:16:11+08:00 ] 171.38.74.74 http://bbs.p2p110.com/thread-347021-1-1.html
INFO: [ app_init ] --START--
INFO: Run Behavior\BuildLiteBehavior [ RunTime:0.000015s ]
INFO: [ app_init ] --END-- [ RunTime:0.000141s ]
ERR: 无法加载模块:Thread-347021-1-1

[ 2016-11-11T15:22:45+08:00 ] 171.38.74.74 http://toutiao.com/i6351547690853073410/
INFO: [ app_init ] --START--
INFO: Run Behavior\BuildLiteBehavior [ RunTime:0.000018s ]
INFO: [ app_init ] --END-- [ RunTime:0.000154s ]
ERR: 无法加载模块:I6351547690853073410

[ 2016-11-11T15:25:08+08:00 ] 171.38.74.74 http://toutiao.com/i6351547690853073410/
INFO: [ app_init ] --START--
INFO: Run Behavior\BuildLiteBehavior [ RunTime:0.000022s ]
INFO: [ app_init ] --END-- [ RunTime:0.000186s ]
ERR: 无法加载模块:I6351547690853073410

[ 2016-11-11T15:25:34+08:00 ] 171.38.74.74 http://club.qingdaonews.com/showAnnounce_1240_2062451_1_0.htm
INFO: [ app_init ] --START--
INFO: Run Behavior\BuildLiteBehavior [ RunTime:0.000015s ]
INFO: [ app_init ] --END-- [ RunTime:0.000154s ]
ERR: 无法加载模块:ShowAnnounce_1240_2062451_1_0

[ 2016-11-11T15:41:22+08:00 ] 219.133.29.16 /phpinfo.php
INFO: [ app_init ] --START--
INFO: Run Behavior\BuildLiteBehavior [ RunTime:0.000014s ]
INFO: [ app_init ] --END-- [ RunTime:0.000120s ]
ERR: 无法加载模块:Phpinfo

[ 2016-11-11T15:41:22+08:00 ] 219.133.29.16 /test.php
INFO: [ app_init ] --START--
INFO: Run Behavior\BuildLiteBehavior [ RunTime:0.000014s ]
INFO: [ app_init ] --END-- [ RunTime:0.000140s ]
ERR: 无法加载模块:Test

[ 2016-11-11T15:41:22+08:00 ] 219.133.29.16 /l.php
INFO: [ app_init ] --START--
INFO: Run Behavior\BuildLiteBehavior [ RunTime:0.000015s ]
INFO: [ app_init ] --END-- [ RunTime:0.000134s ]
ERR: 无法加载模块:L

[ 2016-11-11T15:46:01+08:00 ] 219.133.29.16 /phpinfo.php
INFO: [ app_init ] --START--
INFO: Run Behavior\BuildLiteBehavior [ RunTime:0.000020s ]
INFO: [ app_init ] --END-- [ RunTime:0.000180s ]
ERR: 无法加载模块:Phpinfo

[ 2016-11-11T15:46:01+08:00 ] 219.133.29.16 /test.php
INFO: [ app_init ] --START--
INFO: Run Behavior\BuildLiteBehavior [ RunTime:0.000018s ]
INFO: [ app_init ] --END-- [ RunTime:0.000148s ]
ERR: 无法加载模块:Test

[ 2016-11-11T15:46:01+08:00 ] 219.133.29.16 /l.php
INFO: [ app_init ] --START--
INFO: Run Behavior\BuildLiteBehavior [ RunTime:0.000015s ]
INFO: [ app_init ] --END-- [ RunTime:0.000125s ]
ERR: 无法加载模块:L

[ 2016-11-11T16:29:23+08:00 ] 223.74.85.98 /favicon.ico
INFO: [ app_init ] --START--
INFO: Run Behavior\BuildLiteBehavior [ RunTime:0.000021s ]
INFO: [ app_init ] --END-- [ RunTime:0.000172s ]
ERR: 无法加载模块:Favicon

[ 2016-11-11T16:29:26+08:00 ] 223.74.85.98 /favicon.ico
INFO: [ app_init ] --START--
INFO: Run Behavior\BuildLiteBehavior [ RunTime:0.000018s ]
INFO: [ app_init ] --END-- [ RunTime:0.000161s ]
ERR: 无法加载模块:Favicon

[ 2016-11-11T16:32:45+08:00 ] 171.38.74.74 http://toutiao.com/i6351585257703080449/
INFO: [ app_init ] --START--
INFO: Run Behavior\BuildLiteBehavior [ RunTime:0.000014s ]
INFO: [ app_init ] --END-- [ RunTime:0.000122s ]
ERR: 无法加载模块:I6351585257703080449

[ 2016-11-11T17:31:31+08:00 ] 171.38.74.74 http://bbs.pcauto.com.cn/intf/topic/counter.ajax?tid=12267424&currentUrl=/topic.do?tid=12267424&currentReferer=&1478856606344
INFO: [ app_init ] --START--
INFO: Run Behavior\BuildLiteBehavior [ RunTime:0.000014s ]
INFO: [ app_init ] --END-- [ RunTime:0.000142s ]
ERR: 无法加载模块:Intf

[ 2016-11-11T17:31:59+08:00 ] 171.38.74.74 http://bbs.pcauto.com.cn/intf/topic/counter.ajax?tid=12267424&currentUrl=/topic.do?tid=12267424&currentReferer=&1478856635396
INFO: [ app_init ] --START--
INFO: Run Behavior\BuildLiteBehavior [ RunTime:0.000014s ]
INFO: [ app_init ] --END-- [ RunTime:0.000126s ]
ERR: 无法加载模块:Intf

[ 2016-11-11T19:41:37+08:00 ] 66.249.65.151 /robots.txt
INFO: [ app_init ] --START--
INFO: Run Behavior\BuildLiteBehavior [ RunTime:0.000015s ]
INFO: [ app_init ] --END-- [ RunTime:0.000143s ]
ERR: 无法加载模块:Robots

[ 2016-11-11T19:43:34+08:00 ] 139.201.126.208 /phpmyadmin
INFO: [ app_init ] --START--
INFO: Run Behavior\BuildLiteBehavior [ RunTime:0.000014s ]
INFO: [ app_init ] --END-- [ RunTime:0.000128s ]
ERR: 无法加载模块:Phpmyadmin

[ 2016-11-11T21:10:40+08:00 ] 101.226.35.225 /favicon.ico
INFO: [ app_init ] --START--
INFO: Run Behavior\BuildLiteBehavior [ RunTime:0.000014s ]
INFO: [ app_init ] --END-- [ RunTime:0.000124s ]
ERR: 无法加载模块:Favicon

[ 2016-11-11T21:10:40+08:00 ] 101.226.35.225 /favicon.ico
INFO: [ app_init ] --START--
INFO: Run Behavior\BuildLiteBehavior [ RunTime:0.000016s ]
INFO: [ app_init ] --END-- [ RunTime:0.000143s ]
ERR: 无法加载模块:Favicon

[ 2016-11-11T21:10:40+08:00 ] 101.226.35.225 /favicon.ico
INFO: [ app_init ] --START--
INFO: Run Behavior\BuildLiteBehavior [ RunTime:0.000013s ]
INFO: [ app_init ] --END-- [ RunTime:0.000123s ]
ERR: 无法加载模块:Favicon

[ 2016-11-11T21:28:08+08:00 ] 223.74.85.98 /favicon.ico
INFO: [ app_init ] --START--
INFO: Run Behavior\BuildLiteBehavior [ RunTime:0.000015s ]
INFO: [ app_init ] --END-- [ RunTime:0.000132s ]
ERR: 无法加载模块:Favicon

[ 2016-11-11T21:28:23+08:00 ] 223.74.85.98 /favicon.ico
INFO: [ app_init ] --START--
INFO: Run Behavior\BuildLiteBehavior [ RunTime:0.000014s ]
INFO: [ app_init ] --END-- [ RunTime:0.000120s ]
ERR: 无法加载模块:Favicon

[ 2016-11-11T22:12:35+08:00 ] 171.38.74.74 http://baa.bitauto.com/z300/thread-9831904.html
INFO: [ app_init ] --START--
INFO: Run Behavior\BuildLiteBehavior [ RunTime:0.000014s ]
INFO: [ app_init ] --END-- [ RunTime:0.000136s ]
ERR: 无法加载模块:Z300

[ 2016-11-11T22:25:33+08:00 ] 171.38.74.74 http://baa.bitauto.com/z300/thread-9800692.html
INFO: [ app_init ] --START--
INFO: Run Behavior\BuildLiteBehavior [ RunTime:0.000021s ]
INFO: [ app_init ] --END-- [ RunTime:0.000171s ]
ERR: 无法加载模块:Z300

[ 2016-11-11T22:31:02+08:00 ] 223.74.85.98 /favicon.ico
INFO: [ app_init ] --START--
INFO: Run Behavior\BuildLiteBehavior [ RunTime:0.000022s ]
INFO: [ app_init ] --END-- [ RunTime:0.000178s ]
ERR: 无法加载模块:Favicon

[ 2016-11-11T22:31:09+08:00 ] 223.74.85.98 /favicon.ico
INFO: [ app_init ] --START--
INFO: Run Behavior\BuildLiteBehavior [ RunTime:0.000021s ]
INFO: [ app_init ] --END-- [ RunTime:0.000165s ]
ERR: 无法加载模块:Favicon

[ 2016-11-11T22:32:44+08:00 ] 223.74.85.98 /favicon.ico
INFO: [ app_init ] --START--
INFO: Run Behavior\BuildLiteBehavior [ RunTime:0.000018s ]
INFO: [ app_init ] --END-- [ RunTime:0.000165s ]
ERR: 无法加载模块:Favicon

[ 2016-11-11T22:33:11+08:00 ] 223.74.85.98 /favicon.ico
INFO: [ app_init ] --START--
INFO: Run Behavior\BuildLiteBehavior [ RunTime:0.000021s ]
INFO: [ app_init ] --END-- [ RunTime:0.000173s ]
ERR: 无法加载模块:Favicon

[ 2016-11-11T22:35:12+08:00 ] 171.38.74.74 http://baa.bitauto.com/z300/thread-9800665.html
INFO: [ app_init ] --START--
INFO: Run Behavior\BuildLiteBehavior [ RunTime:0.000014s ]
INFO: [ app_init ] --END-- [ RunTime:0.000126s ]
ERR: 无法加载模块:Z300

[ 2016-11-11T22:36:41+08:00 ] 223.74.85.98 /favicon.ico
INFO: [ app_init ] --START--
INFO: Run Behavior\BuildLiteBehavior [ RunTime:0.000022s ]
INFO: [ app_init ] --END-- [ RunTime:0.000179s ]
ERR: 无法加载模块:Favicon

[ 2016-11-11T22:37:27+08:00 ] 223.74.85.98 /favicon.ico
INFO: [ app_init ] --START--
INFO: Run Behavior\BuildLiteBehavior [ RunTime:0.000014s ]
INFO: [ app_init ] --END-- [ RunTime:0.000131s ]
ERR: 无法加载模块:Favicon

[ 2016-11-11T22:39:25+08:00 ] 223.74.85.98 /favicon.ico
INFO: [ app_init ] --START--
INFO: Run Behavior\BuildLiteBehavior [ RunTime:0.000015s ]
INFO: [ app_init ] --END-- [ RunTime:0.000120s ]
ERR: 无法加载模块:Favicon

[ 2016-11-11T22:39:27+08:00 ] 223.74.85.98 /favicon.ico
INFO: [ app_init ] --START--
INFO: Run Behavior\BuildLiteBehavior [ RunTime:0.000015s ]
INFO: [ app_init ] --END-- [ RunTime:0.000137s ]
ERR: 无法加载模块:Favicon

[ 2016-11-11T22:39:29+08:00 ] 223.74.85.98 /favicon.ico
INFO: [ app_init ] --START--
INFO: Run Behavior\BuildLiteBehavior [ RunTime:0.000020s ]
INFO: [ app_init ] --END-- [ RunTime:0.000149s ]
ERR: 无法加载模块:Favicon

[ 2016-11-11T22:39:31+08:00 ] 223.74.85.98 /favicon.ico
INFO: [ app_init ] --START--
INFO: Run Behavior\BuildLiteBehavior [ RunTime:0.000018s ]
INFO: [ app_init ] --END-- [ RunTime:0.000149s ]
ERR: 无法加载模块:Favicon

[ 2016-11-11T22:40:05+08:00 ] 223.74.85.98 /favicon.ico
INFO: [ app_init ] --START--
INFO: Run Behavior\BuildLiteBehavior [ RunTime:0.000015s ]
INFO: [ app_init ] --END-- [ RunTime:0.000126s ]
ERR: 无法加载模块:Favicon

[ 2016-11-11T22:41:51+08:00 ] 223.74.85.98 /favicon.ico
INFO: [ app_init ] --START--
INFO: Run Behavior\BuildLiteBehavior [ RunTime:0.000017s ]
INFO: [ app_init ] --END-- [ RunTime:0.000146s ]
ERR: 无法加载模块:Favicon

[ 2016-11-11T22:44:32+08:00 ] 171.38.74.74 http://baa.bitauto.com/z300/thread-9797129.html
INFO: [ app_init ] --START--
INFO: Run Behavior\BuildLiteBehavior [ RunTime:0.000019s ]
INFO: [ app_init ] --END-- [ RunTime:0.000142s ]
ERR: 无法加载模块:Z300

[ 2016-11-11T23:02:53+08:00 ] 223.74.85.58 /favicon.ico
INFO: [ app_init ] --START--
INFO: Run Behavior\BuildLiteBehavior [ RunTime:0.000019s ]
INFO: [ app_init ] --END-- [ RunTime:0.000167s ]
ERR: 无法加载模块:Favicon

[ 2016-11-11T23:19:36+08:00 ] 223.74.85.58 /favicon.ico
INFO: [ app_init ] --START--
INFO: Run Behavior\BuildLiteBehavior [ RunTime:0.000021s ]
INFO: [ app_init ] --END-- [ RunTime:0.000158s ]
ERR: 无法加载模块:Favicon

[ 2016-11-11T23:53:30+08:00 ] 117.136.41.113 /favicon.ico
INFO: [ app_init ] --START--
INFO: Run Behavior\BuildLiteBehavior [ RunTime:0.000022s ]
INFO: [ app_init ] --END-- [ RunTime:0.000191s ]
ERR: 无法加载模块:Favicon

[ 2016-11-11T23:53:51+08:00 ] 117.136.41.113 /favicon.ico
INFO: [ app_init ] --START--
INFO: Run Behavior\BuildLiteBehavior [ RunTime:0.000021s ]
INFO: [ app_init ] --END-- [ RunTime:0.000191s ]
ERR: 无法加载模块:Favicon

[ 2016-11-11T23:54:00+08:00 ] 117.136.41.113 /favicon.ico
INFO: [ app_init ] --START--
INFO: Run Behavior\BuildLiteBehavior [ RunTime:0.000021s ]
INFO: [ app_init ] --END-- [ RunTime:0.000189s ]
ERR: 无法加载模块:Favicon

[ 2016-11-11T23:54:02+08:00 ] 117.136.41.113 /favicon.ico
INFO: [ app_init ] --START--
INFO: Run Behavior\BuildLiteBehavior [ RunTime:0.000015s ]
INFO: [ app_init ] --END-- [ RunTime:0.000155s ]
ERR: 无法加载模块:Favicon

