[ 2016-10-27T00:30:45+08:00 ] 23.252.162.206 /login.action
INFO: [ app_init ] --START--
INFO: Run Behavior\BuildLiteBehavior [ RunTime:0.000018s ]
INFO: [ app_init ] --END-- [ RunTime:0.000179s ]
ERR: 无法加载模块:Login

[ 2016-10-27T00:33:16+08:00 ] 183.232.210.59 /Portal/Portal.mwsl
INFO: [ app_init ] --START--
INFO: Run Behavior\BuildLiteBehavior [ RunTime:0.000010s ]
INFO: [ app_init ] --END-- [ RunTime:0.000087s ]
ERR: 无法加载模块:Portal

[ 2016-10-27T00:33:16+08:00 ] 183.232.210.59 /ibm/console/logon.jsp?action=OK
INFO: [ app_init ] --START--
INFO: Run Behavior\BuildLiteBehavior [ RunTime:0.000010s ]
INFO: [ app_init ] --END-- [ RunTime:0.000117s ]
ERR: 无法加载模块:Ibm

[ 2016-10-27T00:33:16+08:00 ] 183.232.210.59 /CSS/Miniweb.css
INFO: [ app_init ] --START--
INFO: Run Behavior\BuildLiteBehavior [ RunTime:0.000009s ]
INFO: [ app_init ] --END-- [ RunTime:0.000086s ]
ERR: 无法加载模块:CSS

[ 2016-10-27T00:33:16+08:00 ] 183.232.210.59 /translate.js
INFO: [ app_init ] --START--
INFO: Run Behavior\BuildLiteBehavior [ RunTime:0.000010s ]
INFO: [ app_init ] --END-- [ RunTime:0.000088s ]
ERR: 无法加载模块:Translate

[ 2016-10-27T00:33:16+08:00 ] 183.232.210.59 /console/
INFO: [ app_init ] --START--
INFO: Run Behavior\BuildLiteBehavior [ RunTime:0.000015s ]
INFO: [ app_init ] --END-- [ RunTime:0.000133s ]
ERR: 无法加载模块:Console

[ 2016-10-27T00:33:16+08:00 ] 183.232.210.59 /docs/cplugError.html/
INFO: [ app_init ] --START--
INFO: Run Behavior\BuildLiteBehavior [ RunTime:0.000011s ]
INFO: [ app_init ] --END-- [ RunTime:0.000104s ]
ERR: 无法加载模块:Docs

[ 2016-10-27T00:33:16+08:00 ] 183.232.210.59 /console/portal/0/Welcome
INFO: [ app_init ] --START--
INFO: Run Behavior\BuildLiteBehavior [ RunTime:0.000019s ]
INFO: [ app_init ] --END-- [ RunTime:0.000149s ]
ERR: 无法加载模块:Console

[ 2016-10-27T01:03:35+08:00 ] 220.181.108.119 /robots.txt
INFO: [ app_init ] --START--
INFO: Run Behavior\BuildLiteBehavior [ RunTime:0.000015s ]
INFO: [ app_init ] --END-- [ RunTime:0.000144s ]
ERR: 无法加载模块:Robots

[ 2016-10-27T01:07:12+08:00 ] 101.226.35.225 /favicon.ico
INFO: [ app_init ] --START--
INFO: Run Behavior\BuildLiteBehavior [ RunTime:0.000014s ]
INFO: [ app_init ] --END-- [ RunTime:0.000115s ]
ERR: 无法加载模块:Favicon

[ 2016-10-27T01:07:12+08:00 ] 101.226.35.225 /favicon.ico
INFO: [ app_init ] --START--
INFO: Run Behavior\BuildLiteBehavior [ RunTime:0.000021s ]
INFO: [ app_init ] --END-- [ RunTime:0.000227s ]
ERR: 无法加载模块:Favicon

[ 2016-10-27T01:07:12+08:00 ] 101.226.35.225 /favicon.ico
INFO: [ app_init ] --START--
INFO: Run Behavior\BuildLiteBehavior [ RunTime:0.000016s ]
INFO: [ app_init ] --END-- [ RunTime:0.000124s ]
ERR: 无法加载模块:Favicon

[ 2016-10-27T01:07:24+08:00 ] 198.52.119.97 /zz/combo?/os/mit/media/m/content_index/preview-default-min-e0e1d50.js
INFO: [ app_init ] --START--
INFO: Run Behavior\BuildLiteBehavior [ RunTime:0.000015s ]
INFO: [ app_init ] --END-- [ RunTime:0.000140s ]
ERR: 无法加载模块:Zz

[ 2016-10-27T01:12:22+08:00 ] 180.97.106.162 http://180.163.113.82/check_proxy
INFO: [ app_init ] --START--
INFO: Run Behavior\BuildLiteBehavior [ RunTime:0.000020s ]
INFO: [ app_init ] --END-- [ RunTime:0.000155s ]
ERR: 无法加载模块:Check_proxy

[ 2016-10-27T01:31:26+08:00 ] 119.97.146.76 /muieblackcat
INFO: [ app_init ] --START--
INFO: Run Behavior\BuildLiteBehavior [ RunTime:0.000033s ]
INFO: [ app_init ] --END-- [ RunTime:0.000178s ]
ERR: 无法加载模块:Muieblackcat

[ 2016-10-27T01:31:33+08:00 ] 119.97.146.76 //pma/scripts/setup.php
INFO: [ app_init ] --START--
INFO: Run Behavior\BuildLiteBehavior [ RunTime:0.000015s ]
INFO: [ app_init ] --END-- [ RunTime:0.000118s ]
ERR: 无法加载模块:Pma

[ 2016-10-27T01:31:34+08:00 ] 119.97.146.76 //myadmin/scripts/setup.php
INFO: [ app_init ] --START--
INFO: Run Behavior\BuildLiteBehavior [ RunTime:0.000015s ]
INFO: [ app_init ] --END-- [ RunTime:0.000136s ]
ERR: 无法加载模块:Myadmin

[ 2016-10-27T03:10:54+08:00 ] 104.223.133.24 /phpmyadmin
INFO: [ app_init ] --START--
INFO: Run Behavior\BuildLiteBehavior [ RunTime:0.000018s ]
INFO: [ app_init ] --END-- [ RunTime:0.000454s ]
ERR: 无法加载模块:Phpmyadmin

[ 2016-10-27T04:38:21+08:00 ] 198.52.119.97 /zz/combo?/os/mit/media/m/content_index/preview-default-min-e0e1d50.js
INFO: [ app_init ] --START--
INFO: Run Behavior\BuildLiteBehavior [ RunTime:0.000019s ]
INFO: [ app_init ] --END-- [ RunTime:0.000155s ]
ERR: 无法加载模块:Zz

[ 2016-10-27T06:30:44+08:00 ] 125.90.12.182 /favicon.ico
INFO: [ app_init ] --START--
INFO: Run Behavior\BuildLiteBehavior [ RunTime:0.000018s ]
INFO: [ app_init ] --END-- [ RunTime:0.000156s ]
ERR: 无法加载模块:Favicon

[ 2016-10-27T06:31:03+08:00 ] 125.90.12.182 /favicon.ico
INFO: [ app_init ] --START--
INFO: Run Behavior\BuildLiteBehavior [ RunTime:0.000015s ]
INFO: [ app_init ] --END-- [ RunTime:0.000140s ]
ERR: 无法加载模块:Favicon

[ 2016-10-27T06:31:12+08:00 ] 125.90.12.182 /favicon.ico
INFO: [ app_init ] --START--
INFO: Run Behavior\BuildLiteBehavior [ RunTime:0.000015s ]
INFO: [ app_init ] --END-- [ RunTime:0.000117s ]
ERR: 无法加载模块:Favicon

[ 2016-10-27T06:31:14+08:00 ] 125.90.12.182 /favicon.ico
INFO: [ app_init ] --START--
INFO: Run Behavior\BuildLiteBehavior [ RunTime:0.000014s ]
INFO: [ app_init ] --END-- [ RunTime:0.000116s ]
ERR: 无法加载模块:Favicon

[ 2016-10-27T06:31:18+08:00 ] 125.90.12.182 /favicon.ico
INFO: [ app_init ] --START--
INFO: Run Behavior\BuildLiteBehavior [ RunTime:0.000014s ]
INFO: [ app_init ] --END-- [ RunTime:0.000124s ]
ERR: 无法加载模块:Favicon

[ 2016-10-27T06:31:20+08:00 ] 125.90.12.182 /favicon.ico
INFO: [ app_init ] --START--
INFO: Run Behavior\BuildLiteBehavior [ RunTime:0.000022s ]
INFO: [ app_init ] --END-- [ RunTime:0.000169s ]
ERR: 无法加载模块:Favicon

[ 2016-10-27T06:31:33+08:00 ] 125.90.12.182 /favicon.ico
INFO: [ app_init ] --START--
INFO: Run Behavior\BuildLiteBehavior [ RunTime:0.000022s ]
INFO: [ app_init ] --END-- [ RunTime:0.000177s ]
ERR: 无法加载模块:Favicon

[ 2016-10-27T06:31:36+08:00 ] 125.90.12.182 /favicon.ico
INFO: [ app_init ] --START--
INFO: Run Behavior\BuildLiteBehavior [ RunTime:0.000014s ]
INFO: [ app_init ] --END-- [ RunTime:0.000115s ]
ERR: 无法加载模块:Favicon

[ 2016-10-27T06:31:38+08:00 ] 125.90.12.182 /favicon.ico
INFO: [ app_init ] --START--
INFO: Run Behavior\BuildLiteBehavior [ RunTime:0.000014s ]
INFO: [ app_init ] --END-- [ RunTime:0.000147s ]
ERR: 无法加载模块:Favicon

[ 2016-10-27T06:48:28+08:00 ] 66.249.65.165 /robots.txt
INFO: [ app_init ] --START--
INFO: Run Behavior\BuildLiteBehavior [ RunTime:0.000014s ]
INFO: [ app_init ] --END-- [ RunTime:0.000132s ]
ERR: 无法加载模块:Robots

[ 2016-10-27T07:15:05+08:00 ] 115.231.222.88 /phpmyadmin
INFO: [ app_init ] --START--
INFO: Run Behavior\BuildLiteBehavior [ RunTime:0.000019s ]
INFO: [ app_init ] --END-- [ RunTime:0.000161s ]
ERR: 无法加载模块:Phpmyadmin

[ 2016-10-27T07:45:33+08:00 ] 198.52.119.97 /zz/combo?/os/mit/media/m/content_index/preview-default-min-e0e1d50.js
INFO: [ app_init ] --START--
INFO: Run Behavior\BuildLiteBehavior [ RunTime:0.000015s ]
INFO: [ app_init ] --END-- [ RunTime:0.000125s ]
ERR: 无法加载模块:Zz

[ 2016-10-27T08:20:26+08:00 ] 117.136.41.89 /favicon.ico
INFO: [ app_init ] --START--
INFO: Run Behavior\BuildLiteBehavior [ RunTime:0.000020s ]
INFO: [ app_init ] --END-- [ RunTime:0.000166s ]
ERR: 无法加载模块:Favicon

[ 2016-10-27T10:59:37+08:00 ] 198.52.119.97 /zz/combo?/os/mit/media/m/content_index/preview-default-min-e0e1d50.js
INFO: [ app_init ] --START--
INFO: Run Behavior\BuildLiteBehavior [ RunTime:0.000014s ]
INFO: [ app_init ] --END-- [ RunTime:0.000118s ]
ERR: 无法加载模块:Zz

[ 2016-10-27T11:02:38+08:00 ] 220.181.108.123 /robots.txt
INFO: [ app_init ] --START--
INFO: Run Behavior\BuildLiteBehavior [ RunTime:0.000019s ]
INFO: [ app_init ] --END-- [ RunTime:0.000151s ]
ERR: 无法加载模块:Robots

[ 2016-10-27T11:09:34+08:00 ] 101.226.35.225 /favicon.ico
INFO: [ app_init ] --START--
INFO: Run Behavior\BuildLiteBehavior [ RunTime:0.000021s ]
INFO: [ app_init ] --END-- [ RunTime:0.000144s ]
ERR: 无法加载模块:Favicon

[ 2016-10-27T11:09:34+08:00 ] 101.226.35.225 /favicon.ico
INFO: [ app_init ] --START--
INFO: Run Behavior\BuildLiteBehavior [ RunTime:0.000021s ]
INFO: [ app_init ] --END-- [ RunTime:0.000149s ]
ERR: 无法加载模块:Favicon

[ 2016-10-27T11:09:34+08:00 ] 101.226.35.225 /favicon.ico
INFO: [ app_init ] --START--
INFO: Run Behavior\BuildLiteBehavior [ RunTime:0.000014s ]
INFO: [ app_init ] --END-- [ RunTime:0.000137s ]
ERR: 无法加载模块:Favicon

[ 2016-10-27T11:10:42+08:00 ] 198.52.119.97 /zz/combo?/os/mit/media/m/content_index/preview-default-min-e0e1d50.js
INFO: [ app_init ] --START--
INFO: Run Behavior\BuildLiteBehavior [ RunTime:0.000015s ]
INFO: [ app_init ] --END-- [ RunTime:0.000119s ]
ERR: 无法加载模块:Zz

[ 2016-10-27T11:35:08+08:00 ] 157.55.39.206 /robots.txt
INFO: [ app_init ] --START--
INFO: Run Behavior\BuildLiteBehavior [ RunTime:0.000015s ]
INFO: [ app_init ] --END-- [ RunTime:0.000144s ]
ERR: 无法加载模块:Robots

[ 2016-10-27T11:36:41+08:00 ] 171.38.23.179 http://www.xcar.com.cn/bbs/viewthread.php?tid=27699492
INFO: [ app_init ] --START--
INFO: Run Behavior\BuildLiteBehavior [ RunTime:0.000021s ]
INFO: [ app_init ] --END-- [ RunTime:0.000166s ]
ERR: 无法加载模块:Bbs

[ 2016-10-27T11:45:16+08:00 ] 171.38.23.179 http://it.sohu.com/20160920/n468797510.shtml
INFO: [ app_init ] --START--
INFO: Run Behavior\BuildLiteBehavior [ RunTime:0.000018s ]
INFO: [ app_init ] --END-- [ RunTime:0.000167s ]
ERR: 无法加载模块:20160920

[ 2016-10-27T11:50:46+08:00 ] 171.38.23.179 http://it.sohu.com/20160920/n468797510.shtml
INFO: [ app_init ] --START--
INFO: Run Behavior\BuildLiteBehavior [ RunTime:0.000014s ]
INFO: [ app_init ] --END-- [ RunTime:0.000141s ]
ERR: 无法加载模块:20160920

[ 2016-10-27T11:54:37+08:00 ] 171.38.23.179 http://chenkai.baijia.baidu.com/article/636050
INFO: [ app_init ] --START--
INFO: Run Behavior\BuildLiteBehavior [ RunTime:0.000023s ]
INFO: [ app_init ] --END-- [ RunTime:0.000176s ]
ERR: 无法加载模块:Article

[ 2016-10-27T11:54:37+08:00 ] 171.38.23.179 http://chenkai.baijia.baidu.com/article/636050
INFO: [ app_init ] --START--
INFO: Run Behavior\BuildLiteBehavior [ RunTime:0.000015s ]
INFO: [ app_init ] --END-- [ RunTime:0.000133s ]
ERR: 无法加载模块:Article

[ 2016-10-27T11:55:20+08:00 ] 171.38.23.179 http://it.sohu.com/20160920/n468797510.shtml
INFO: [ app_init ] --START--
INFO: Run Behavior\BuildLiteBehavior [ RunTime:0.000014s ]
INFO: [ app_init ] --END-- [ RunTime:0.000116s ]
ERR: 无法加载模块:20160920

[ 2016-10-27T11:56:35+08:00 ] 171.38.23.179 http://www.xcar.com.cn/bbs/viewthread.php?tid=27699492
INFO: [ app_init ] --START--
INFO: Run Behavior\BuildLiteBehavior [ RunTime:0.000014s ]
INFO: [ app_init ] --END-- [ RunTime:0.000117s ]
ERR: 无法加载模块:Bbs

[ 2016-10-27T12:17:32+08:00 ] 171.38.23.179 http://www.xcar.com.cn/bbs/viewthread.php?tid=27699492
INFO: [ app_init ] --START--
INFO: Run Behavior\BuildLiteBehavior [ RunTime:0.000015s ]
INFO: [ app_init ] --END-- [ RunTime:0.000162s ]
ERR: 无法加载模块:Bbs

[ 2016-10-27T12:21:11+08:00 ] 119.29.70.15 /phpmyadmin
INFO: [ app_init ] --START--
INFO: Run Behavior\BuildLiteBehavior [ RunTime:0.000014s ]
INFO: [ app_init ] --END-- [ RunTime:0.000140s ]
ERR: 无法加载模块:Phpmyadmin

[ 2016-10-27T12:42:20+08:00 ] 171.38.23.179 http://www.xcar.com.cn/bbs/viewthread.php?tid=27699492
INFO: [ app_init ] --START--
INFO: Run Behavior\BuildLiteBehavior [ RunTime:0.000014s ]
INFO: [ app_init ] --END-- [ RunTime:0.000120s ]
ERR: 无法加载模块:Bbs

[ 2016-10-27T12:42:37+08:00 ] 171.38.23.179 http://travel.sohu.com/20161023/n471072216.shtml
INFO: [ app_init ] --START--
INFO: Run Behavior\BuildLiteBehavior [ RunTime:0.000015s ]
INFO: [ app_init ] --END-- [ RunTime:0.000123s ]
ERR: 无法加载模块:20161023

[ 2016-10-27T12:43:25+08:00 ] 171.38.23.179 http://travel.sohu.com/20161023/n471072216.shtml
INFO: [ app_init ] --START--
INFO: Run Behavior\BuildLiteBehavior [ RunTime:0.000014s ]
INFO: [ app_init ] --END-- [ RunTime:0.000117s ]
ERR: 无法加载模块:20161023

[ 2016-10-27T13:51:16+08:00 ] 123.56.233.103 /admin
INFO: [ app_init ] --START--
INFO: Run Behavior\BuildLiteBehavior [ RunTime:0.000014s ]
INFO: [ app_init ] --END-- [ RunTime:0.000118s ]
ERR: 无法加载模块:Admin

[ 2016-10-27T13:55:32+08:00 ] 80.82.78.38 http://www.baidu.com/cache/global/img/gs.gif
INFO: [ app_init ] --START--
INFO: Run Behavior\BuildLiteBehavior [ RunTime:0.000016s ]
INFO: [ app_init ] --END-- [ RunTime:0.000140s ]
ERR: 无法加载模块:Cache

[ 2016-10-27T14:30:38+08:00 ] 198.52.119.97 /zz/combo?/os/mit/media/m/content_index/preview-default-min-e0e1d50.js
INFO: [ app_init ] --START--
INFO: Run Behavior\BuildLiteBehavior [ RunTime:0.000014s ]
INFO: [ app_init ] --END-- [ RunTime:0.000115s ]
ERR: 无法加载模块:Zz

[ 2016-10-27T15:15:25+08:00 ] 14.215.176.145 http://odds.500.com/fenxi/ouzhi-121772.shtml
INFO: [ app_init ] --START--
INFO: Run Behavior\BuildLiteBehavior [ RunTime:0.000018s ]
INFO: [ app_init ] --END-- [ RunTime:0.000158s ]
ERR: 无法加载模块:Fenxi

[ 2016-10-27T16:25:12+08:00 ] 171.38.4.71 http://www.lizhi.fm/audio_cnt?id=2563096447418993670
INFO: [ app_init ] --START--
INFO: Run Behavior\BuildLiteBehavior [ RunTime:0.000019s ]
INFO: [ app_init ] --END-- [ RunTime:0.000154s ]
ERR: 无法加载模块:Audio_cnt

[ 2016-10-27T16:37:37+08:00 ] 104.223.133.49 /phpmyadmin
INFO: [ app_init ] --START--
INFO: Run Behavior\BuildLiteBehavior [ RunTime:0.000027s ]
INFO: [ app_init ] --END-- [ RunTime:0.000228s ]
ERR: 无法加载模块:Phpmyadmin

[ 2016-10-27T16:50:34+08:00 ] 5.39.222.22 /wp-includes/
INFO: [ app_init ] --START--
INFO: Run Behavior\BuildLiteBehavior [ RunTime:0.000014s ]
INFO: [ app_init ] --END-- [ RunTime:0.000126s ]
ERR: 无法加载模块:Wp-includes

[ 2016-10-27T16:50:35+08:00 ] 5.39.222.22 /modules/
INFO: [ app_init ] --START--
INFO: Run Behavior\BuildLiteBehavior [ RunTime:0.000015s ]
INFO: [ app_init ] --END-- [ RunTime:0.000118s ]
ERR: 无法加载模块:Modules

[ 2016-10-27T16:57:00+08:00 ] 171.38.4.71 http://chenkai.baijia.baidu.com/article/563143
INFO: [ app_init ] --START--
INFO: Run Behavior\BuildLiteBehavior [ RunTime:0.000015s ]
INFO: [ app_init ] --END-- [ RunTime:0.000191s ]
ERR: 无法加载模块:Article

[ 2016-10-27T16:57:00+08:00 ] 171.38.4.71 http://chenkai.baijia.baidu.com/article/563143
INFO: [ app_init ] --START--
INFO: Run Behavior\BuildLiteBehavior [ RunTime:0.000020s ]
INFO: [ app_init ] --END-- [ RunTime:0.000160s ]
ERR: 无法加载模块:Article

[ 2016-10-27T17:03:15+08:00 ] 171.38.4.71 http://chenkai.baijia.baidu.com/article/636050
INFO: [ app_init ] --START--
INFO: Run Behavior\BuildLiteBehavior [ RunTime:0.000030s ]
INFO: [ app_init ] --END-- [ RunTime:0.000239s ]
ERR: 无法加载模块:Article

[ 2016-10-27T17:03:15+08:00 ] 171.38.4.71 http://chenkai.baijia.baidu.com/article/636050
INFO: [ app_init ] --START--
INFO: Run Behavior\BuildLiteBehavior [ RunTime:0.000018s ]
INFO: [ app_init ] --END-- [ RunTime:0.000177s ]
ERR: 无法加载模块:Article

[ 2016-10-27T17:03:16+08:00 ] 171.38.4.71 http://chenkai.baijia.baidu.com/article/566491
INFO: [ app_init ] --START--
INFO: Run Behavior\BuildLiteBehavior [ RunTime:0.000015s ]
INFO: [ app_init ] --END-- [ RunTime:0.000135s ]
ERR: 无法加载模块:Article

[ 2016-10-27T17:03:16+08:00 ] 171.38.4.71 http://chenkai.baijia.baidu.com/article/566491
INFO: [ app_init ] --START--
INFO: Run Behavior\BuildLiteBehavior [ RunTime:0.000015s ]
INFO: [ app_init ] --END-- [ RunTime:0.000118s ]
ERR: 无法加载模块:Article

[ 2016-10-27T17:03:18+08:00 ] 171.38.4.71 http://chenkai.baijia.baidu.com/article/667799
INFO: [ app_init ] --START--
INFO: Run Behavior\BuildLiteBehavior [ RunTime:0.000017s ]
INFO: [ app_init ] --END-- [ RunTime:0.000144s ]
ERR: 无法加载模块:Article

[ 2016-10-27T17:03:18+08:00 ] 171.38.4.71 http://chenkai.baijia.baidu.com/article/667799
INFO: [ app_init ] --START--
INFO: Run Behavior\BuildLiteBehavior [ RunTime:0.000020s ]
INFO: [ app_init ] --END-- [ RunTime:0.000150s ]
ERR: 无法加载模块:Article

[ 2016-10-27T17:03:21+08:00 ] 171.38.4.71 http://chenkai.baijia.baidu.com/article/567935
INFO: [ app_init ] --START--
INFO: Run Behavior\BuildLiteBehavior [ RunTime:0.000015s ]
INFO: [ app_init ] --END-- [ RunTime:0.000119s ]
ERR: 无法加载模块:Article

[ 2016-10-27T17:03:21+08:00 ] 171.38.4.71 http://chenkai.baijia.baidu.com/article/567935
INFO: [ app_init ] --START--
INFO: Run Behavior\BuildLiteBehavior [ RunTime:0.000015s ]
INFO: [ app_init ] --END-- [ RunTime:0.000132s ]
ERR: 无法加载模块:Article

[ 2016-10-27T17:03:22+08:00 ] 171.38.4.71 http://chenkai.baijia.baidu.com/article/636050
INFO: [ app_init ] --START--
INFO: Run Behavior\BuildLiteBehavior [ RunTime:0.000015s ]
INFO: [ app_init ] --END-- [ RunTime:0.000121s ]
ERR: 无法加载模块:Article

[ 2016-10-27T17:03:22+08:00 ] 171.38.4.71 http://chenkai.baijia.baidu.com/article/655356
INFO: [ app_init ] --START--
INFO: Run Behavior\BuildLiteBehavior [ RunTime:0.000019s ]
INFO: [ app_init ] --END-- [ RunTime:0.000153s ]
ERR: 无法加载模块:Article

[ 2016-10-27T17:03:22+08:00 ] 171.38.4.71 http://chenkai.baijia.baidu.com/article/636050
INFO: [ app_init ] --START--
INFO: Run Behavior\BuildLiteBehavior [ RunTime:0.000015s ]
INFO: [ app_init ] --END-- [ RunTime:0.000125s ]
ERR: 无法加载模块:Article

[ 2016-10-27T17:03:22+08:00 ] 171.38.4.71 http://chenkai.baijia.baidu.com/article/655356
INFO: [ app_init ] --START--
INFO: Run Behavior\BuildLiteBehavior [ RunTime:0.000019s ]
INFO: [ app_init ] --END-- [ RunTime:0.000155s ]
ERR: 无法加载模块:Article

[ 2016-10-27T17:07:59+08:00 ] 157.55.39.206 /robots.txt
INFO: [ app_init ] --START--
INFO: Run Behavior\BuildLiteBehavior [ RunTime:0.000021s ]
INFO: [ app_init ] --END-- [ RunTime:0.000174s ]
ERR: 无法加载模块:Robots

[ 2016-10-27T17:44:50+08:00 ] 198.52.119.97 /zz/combo?/os/mit/media/m/content_index/preview-default-min-e0e1d50.js
INFO: [ app_init ] --START--
INFO: Run Behavior\BuildLiteBehavior [ RunTime:0.000016s ]
INFO: [ app_init ] --END-- [ RunTime:0.000144s ]
ERR: 无法加载模块:Zz

[ 2016-10-27T17:55:21+08:00 ] 198.52.119.97 /zz/combo?/os/mit/media/m/content_index/preview-default-min-e0e1d50.js
INFO: [ app_init ] --START--
INFO: Run Behavior\BuildLiteBehavior [ RunTime:0.000021s ]
INFO: [ app_init ] --END-- [ RunTime:0.000188s ]
ERR: 无法加载模块:Zz

[ 2016-10-27T17:58:21+08:00 ] 52.57.76.134 http://54.90.189.128/hello?proxy_ip=119.29.132.76&proxy_port=80&found_timestamp=1477562301
INFO: [ app_init ] --START--
INFO: Run Behavior\BuildLiteBehavior [ RunTime:0.000021s ]
INFO: [ app_init ] --END-- [ RunTime:0.000165s ]
ERR: 无法加载模块:Hello

[ 2016-10-27T18:32:37+08:00 ] 180.97.106.143 http://odds.500.com/fenxi1/json/ouzhi.php?_=1477548995125&fid=435632&cid=250&r=1&time=2014-10-25%2012%3A47%3A43&type=europe
INFO: [ app_init ] --START--
INFO: Run Behavior\BuildLiteBehavior [ RunTime:0.000044s ]
INFO: [ app_init ] --END-- [ RunTime:0.000176s ]
ERR: 无法加载模块:Fenxi1

[ 2016-10-27T18:39:26+08:00 ] 171.38.4.71 http://v.ku6.com/show/zIrv-jsE7PVtus7ufEdjLg...html
INFO: [ app_init ] --START--
INFO: Run Behavior\BuildLiteBehavior [ RunTime:0.000014s ]
INFO: [ app_init ] --END-- [ RunTime:0.000130s ]
ERR: 无法加载模块:Show

[ 2016-10-27T18:41:46+08:00 ] 171.38.4.71 http://toutiao.com/i6346080928497926657/
INFO: [ app_init ] --START--
INFO: Run Behavior\BuildLiteBehavior [ RunTime:0.000021s ]
INFO: [ app_init ] --END-- [ RunTime:0.000173s ]
ERR: 无法加载模块:I6346080928497926657

[ 2016-10-27T18:43:43+08:00 ] 171.38.4.71 http://toutiao.com/i6346026986736976385/
INFO: [ app_init ] --START--
INFO: Run Behavior\BuildLiteBehavior [ RunTime:0.000015s ]
INFO: [ app_init ] --END-- [ RunTime:0.000126s ]
ERR: 无法加载模块:I6346026986736976385

[ 2016-10-27T18:45:01+08:00 ] 171.38.4.71 http://v.ku6.com/show/zIrv-jsE7PVtus7ufEdjLg...html
INFO: [ app_init ] --START--
INFO: Run Behavior\BuildLiteBehavior [ RunTime:0.000021s ]
INFO: [ app_init ] --END-- [ RunTime:0.000168s ]
ERR: 无法加载模块:Show

[ 2016-10-27T18:47:10+08:00 ] 171.38.4.71 http://toutiao.com/i6346080928497926657/
INFO: [ app_init ] --START--
INFO: Run Behavior\BuildLiteBehavior [ RunTime:0.000014s ]
INFO: [ app_init ] --END-- [ RunTime:0.000120s ]
ERR: 无法加载模块:I6346080928497926657

[ 2016-10-27T18:47:47+08:00 ] 116.55.227.87 /phpmyadmin
INFO: [ app_init ] --START--
INFO: Run Behavior\BuildLiteBehavior [ RunTime:0.000015s ]
INFO: [ app_init ] --END-- [ RunTime:0.000129s ]
ERR: 无法加载模块:Phpmyadmin

[ 2016-10-27T18:50:02+08:00 ] 171.38.4.71 http://statis.api.3g.youku.com/openapi-wireless/statis/vv?_t_=1477565344&e=md5&_s_=5cf262847597dc8b344d5a18f83c449e&pid=642a656c40601971&guid=ae67dc8c4f7655c81bb366a76237897c&mac=e6:2e:ae:e6:2e:66&imei=391204249373373&ver=5.5&operator=CMCC_46000&network=WIFI&sessionid=ae596349d475708236c0177e1150cf60&play_types=net&play_codes=200&type=begin&os=Android&video_format=1&play_decoding=1&id=XMTc3NjQ0MDkwNA==&ev=1&ctype=20&token=7392&oip=1965079382&sid=1477565344735e6199d73&autoplay=&dns=192.168.3.1&intrIP=192.168.3.51&video_coding_format=0&is_phone_stream=0&switch_original=0
INFO: [ app_init ] --START--
INFO: Run Behavior\BuildLiteBehavior [ RunTime:0.000022s ]
INFO: [ app_init ] --END-- [ RunTime:0.000185s ]
ERR: 无法加载模块:Openapi-wireless

[ 2016-10-27T18:51:48+08:00 ] 171.38.4.71 http://toutiao.com/i6345600542642799106/
INFO: [ app_init ] --START--
INFO: Run Behavior\BuildLiteBehavior [ RunTime:0.000014s ]
INFO: [ app_init ] --END-- [ RunTime:0.000116s ]
ERR: 无法加载模块:I6345600542642799106

[ 2016-10-27T18:52:30+08:00 ] 171.38.4.71 http://toutiao.com/i6346080928497926657/
INFO: [ app_init ] --START--
INFO: Run Behavior\BuildLiteBehavior [ RunTime:0.000018s ]
INFO: [ app_init ] --END-- [ RunTime:0.000150s ]
ERR: 无法加载模块:I6346080928497926657

[ 2016-10-27T18:53:01+08:00 ] 171.38.4.71 http://toutiao.com/i6346026986736976385/
INFO: [ app_init ] --START--
INFO: Run Behavior\BuildLiteBehavior [ RunTime:0.000020s ]
INFO: [ app_init ] --END-- [ RunTime:0.000166s ]
ERR: 无法加载模块:I6346026986736976385

[ 2016-10-27T18:53:16+08:00 ] 171.38.4.71 http://toutiao.com/i6346080928497926657/
INFO: [ app_init ] --START--
INFO: Run Behavior\BuildLiteBehavior [ RunTime:0.000021s ]
INFO: [ app_init ] --END-- [ RunTime:0.000184s ]
ERR: 无法加载模块:I6346080928497926657

[ 2016-10-27T18:53:40+08:00 ] 171.38.4.71 http://toutiao.com/i6346026986736976385/
INFO: [ app_init ] --START--
INFO: Run Behavior\BuildLiteBehavior [ RunTime:0.000015s ]
INFO: [ app_init ] --END-- [ RunTime:0.000120s ]
ERR: 无法加载模块:I6346026986736976385

[ 2016-10-27T18:54:02+08:00 ] 171.38.4.71 http://toutiao.com/i6346080928497926657/
INFO: [ app_init ] --START--
INFO: Run Behavior\BuildLiteBehavior [ RunTime:0.000020s ]
INFO: [ app_init ] --END-- [ RunTime:0.000159s ]
ERR: 无法加载模块:I6346080928497926657

[ 2016-10-27T18:54:11+08:00 ] 171.38.4.71 http://toutiao.com/i6345649174612017666/
INFO: [ app_init ] --START--
INFO: Run Behavior\BuildLiteBehavior [ RunTime:0.000019s ]
INFO: [ app_init ] --END-- [ RunTime:0.000165s ]
ERR: 无法加载模块:I6345649174612017666

[ 2016-10-27T18:55:59+08:00 ] 171.38.4.71 http://chenjun.baijia.baidu.com/article/670333
INFO: [ app_init ] --START--
INFO: Run Behavior\BuildLiteBehavior [ RunTime:0.000014s ]
INFO: [ app_init ] --END-- [ RunTime:0.000128s ]
ERR: 无法加载模块:Article

[ 2016-10-27T18:55:59+08:00 ] 171.38.4.71 http://chenjun.baijia.baidu.com/article/670333
INFO: [ app_init ] --START--
INFO: Run Behavior\BuildLiteBehavior [ RunTime:0.000019s ]
INFO: [ app_init ] --END-- [ RunTime:0.000128s ]
ERR: 无法加载模块:Article

[ 2016-10-27T18:56:27+08:00 ] 171.38.4.71 http://bbs.tianya.cn/post-665-1101129-1.shtml
INFO: [ app_init ] --START--
INFO: Run Behavior\BuildLiteBehavior [ RunTime:0.000015s ]
INFO: [ app_init ] --END-- [ RunTime:0.000167s ]
ERR: 无法加载模块:Post-665-1101129-1

[ 2016-10-27T18:56:51+08:00 ] 171.38.4.71 http://toutiao.com/i6345649174612017666/
INFO: [ app_init ] --START--
INFO: Run Behavior\BuildLiteBehavior [ RunTime:0.000015s ]
INFO: [ app_init ] --END-- [ RunTime:0.000133s ]
ERR: 无法加载模块:I6345649174612017666

[ 2016-10-27T18:57:08+08:00 ] 171.38.4.71 http://toutiao.com/i6345600542642799106/
INFO: [ app_init ] --START--
INFO: Run Behavior\BuildLiteBehavior [ RunTime:0.000014s ]
INFO: [ app_init ] --END-- [ RunTime:0.000136s ]
ERR: 无法加载模块:I6345600542642799106

[ 2016-10-27T18:58:48+08:00 ] 171.38.4.71 http://toutiao.com/i6346026986736976385/
INFO: [ app_init ] --START--
INFO: Run Behavior\BuildLiteBehavior [ RunTime:0.000021s ]
INFO: [ app_init ] --END-- [ RunTime:0.000171s ]
ERR: 无法加载模块:I6346026986736976385

[ 2016-10-27T19:03:23+08:00 ] 171.38.4.71 http://toutiao.com/i6346026986736976385/
INFO: [ app_init ] --START--
INFO: Run Behavior\BuildLiteBehavior [ RunTime:0.000022s ]
INFO: [ app_init ] --END-- [ RunTime:0.000190s ]
ERR: 无法加载模块:I6346026986736976385

[ 2016-10-27T19:05:51+08:00 ] 171.38.4.71 http://statis.api.3g.youku.com/openapi-wireless/statis/vv?_t_=1477566293&e=md5&_s_=b7564bd1991e92e41da21258b4f6bfb4&pid=642a656c40601971&guid=50f1f7713a00add4d53eb7dd820f802a&mac=39:8b:20:22:dd:0b&imei=772769616238128&ver=5.5&operator=CMCC_46000&network=WIFI&sessionid=2fbd270e7e2c92ce70321dc985062323&play_types=net&play_codes=200&type=begin&os=Android&video_format=1&play_decoding=1&id=XMTc3NjQ0MDkwNA==&ev=1&ctype=20&token=8403&oip=6292593288&sid=1477566293881677d5138&autoplay=&dns=192.168.3.1&intrIP=192.168.3.29&video_coding_format=0&is_phone_stream=0&switch_original=0
INFO: [ app_init ] --START--
INFO: Run Behavior\BuildLiteBehavior [ RunTime:0.000014s ]
INFO: [ app_init ] --END-- [ RunTime:0.000122s ]
ERR: 无法加载模块:Openapi-wireless

[ 2016-10-27T19:07:41+08:00 ] 171.38.4.71 http://toutiao.com/i6345649174612017666/
INFO: [ app_init ] --START--
INFO: Run Behavior\BuildLiteBehavior [ RunTime:0.000020s ]
INFO: [ app_init ] --END-- [ RunTime:0.000130s ]
ERR: 无法加载模块:I6345649174612017666

[ 2016-10-27T19:07:41+08:00 ] 171.38.4.71 http://www.le.com/ptv/vplay/26887043.html
INFO: [ app_init ] --START--
INFO: Run Behavior\BuildLiteBehavior [ RunTime:0.000014s ]
INFO: [ app_init ] --END-- [ RunTime:0.000120s ]
ERR: 无法加载模块:Ptv

[ 2016-10-27T19:10:30+08:00 ] 171.38.4.71 http://v.ku6.com/show/zIrv-jsE7PVtus7ufEdjLg...html
INFO: [ app_init ] --START--
INFO: Run Behavior\BuildLiteBehavior [ RunTime:0.000015s ]
INFO: [ app_init ] --END-- [ RunTime:0.000124s ]
ERR: 无法加载模块:Show

[ 2016-10-27T19:20:53+08:00 ] 171.38.4.71 http://v.ku6.com/show/zIrv-jsE7PVtus7ufEdjLg...html
INFO: [ app_init ] --START--
INFO: Run Behavior\BuildLiteBehavior [ RunTime:0.000021s ]
INFO: [ app_init ] --END-- [ RunTime:0.000173s ]
ERR: 无法加载模块:Show

[ 2016-10-27T19:25:16+08:00 ] 171.38.4.71 http://toutiao.com/i6346026986736976385/
INFO: [ app_init ] --START--
INFO: Run Behavior\BuildLiteBehavior [ RunTime:0.000020s ]
INFO: [ app_init ] --END-- [ RunTime:0.000165s ]
ERR: 无法加载模块:I6346026986736976385

[ 2016-10-27T20:55:55+08:00 ] 171.38.4.71 http://v.ku6.com/show/zIrv-jsE7PVtus7ufEdjLg...html
INFO: [ app_init ] --START--
INFO: Run Behavior\BuildLiteBehavior [ RunTime:0.000016s ]
INFO: [ app_init ] --END-- [ RunTime:0.000135s ]
ERR: 无法加载模块:Show

[ 2016-10-27T21:11:06+08:00 ] 101.226.35.225 /favicon.ico
INFO: [ app_init ] --START--
INFO: Run Behavior\BuildLiteBehavior [ RunTime:0.000016s ]
INFO: [ app_init ] --END-- [ RunTime:0.000136s ]
ERR: 无法加载模块:Favicon

[ 2016-10-27T21:11:06+08:00 ] 101.226.35.225 /favicon.ico
INFO: [ app_init ] --START--
INFO: Run Behavior\BuildLiteBehavior [ RunTime:0.000021s ]
INFO: [ app_init ] --END-- [ RunTime:0.000149s ]
ERR: 无法加载模块:Favicon

[ 2016-10-27T21:11:06+08:00 ] 101.226.35.225 /favicon.ico
INFO: [ app_init ] --START--
INFO: Run Behavior\BuildLiteBehavior [ RunTime:0.000021s ]
INFO: [ app_init ] --END-- [ RunTime:0.000174s ]
ERR: 无法加载模块:Favicon

[ 2016-10-27T21:37:09+08:00 ] 171.38.4.71 http://bbs.pcauto.com.cn/intf/topic/counter.ajax?tid=12264219&currentUrl=/topic.do?tid=12264219&currentReferer=&1477575371213
INFO: [ app_init ] --START--
INFO: Run Behavior\BuildLiteBehavior [ RunTime:0.000022s ]
INFO: [ app_init ] --END-- [ RunTime:0.000181s ]
ERR: 无法加载模块:Intf

[ 2016-10-27T21:39:43+08:00 ] 171.38.4.71 http://bbs.pcauto.com.cn/intf/topic/counter.ajax?tid=12264219&currentUrl=/topic.do?tid=12264219&currentReferer=&1477575526946
INFO: [ app_init ] --START--
INFO: Run Behavior\BuildLiteBehavior [ RunTime:0.000021s ]
INFO: [ app_init ] --END-- [ RunTime:0.000177s ]
ERR: 无法加载模块:Intf

[ 2016-10-27T21:41:46+08:00 ] 171.38.4.71 http://bbs.pcauto.com.cn/intf/topic/counter.ajax?tid=12263325&currentUrl=/topic.do?tid=12263325&currentReferer=&1477575649338
INFO: [ app_init ] --START--
INFO: Run Behavior\BuildLiteBehavior [ RunTime:0.000015s ]
INFO: [ app_init ] --END-- [ RunTime:0.000121s ]
ERR: 无法加载模块:Intf

[ 2016-10-27T21:46:36+08:00 ] 171.38.4.71 http://bbs.auto.sina.com.cn/12/thread-5398509-1-1.html
INFO: [ app_init ] --START--
INFO: Run Behavior\BuildLiteBehavior [ RunTime:0.000020s ]
INFO: [ app_init ] --END-- [ RunTime:0.000176s ]
ERR: 无法加载模块:12

[ 2016-10-27T21:53:36+08:00 ] 171.38.4.71 http://baa.bitauto.com/zhongtait600/thread-9830999.html
INFO: [ app_init ] --START--
INFO: Run Behavior\BuildLiteBehavior [ RunTime:0.000018s ]
INFO: [ app_init ] --END-- [ RunTime:0.000156s ]
ERR: 无法加载模块:Zhongtait600

[ 2016-10-27T22:04:40+08:00 ] 171.38.4.71 http://bbs.auto.sina.com.cn/12/thread-5398509-1-1.html
INFO: [ app_init ] --START--
INFO: Run Behavior\BuildLiteBehavior [ RunTime:0.000014s ]
INFO: [ app_init ] --END-- [ RunTime:0.000125s ]
ERR: 无法加载模块:12

[ 2016-10-27T22:06:05+08:00 ] 171.38.4.71 http://ajax.club.autohome.com.cn/Detail/LoadX_Mini?topicId=57080564&UID=-1&roleId=-1&bbs=c&bbsid=2334&pageIndex=1&_=1477577107258
INFO: [ app_init ] --START--
INFO: Run Behavior\BuildLiteBehavior [ RunTime:0.000019s ]
INFO: [ app_init ] --END-- [ RunTime:0.000147s ]
ERR: 无法加载模块:Detail

[ 2016-10-27T22:06:37+08:00 ] 171.38.4.71 http://bbs.auto.sina.com.cn/12/thread-5398509-1-1.html
INFO: [ app_init ] --START--
INFO: Run Behavior\BuildLiteBehavior [ RunTime:0.000019s ]
INFO: [ app_init ] --END-- [ RunTime:0.000162s ]
ERR: 无法加载模块:12

[ 2016-10-27T22:07:55+08:00 ] 171.38.4.71 http://bbs.auto.sina.com.cn/12/thread-5398509-1-1.html
INFO: [ app_init ] --START--
INFO: Run Behavior\BuildLiteBehavior [ RunTime:0.000015s ]
INFO: [ app_init ] --END-- [ RunTime:0.000135s ]
ERR: 无法加载模块:12

[ 2016-10-27T22:08:48+08:00 ] 171.38.4.71 http://ajax.club.autohome.com.cn/Detail/LoadX_Mini?topicId=57072957&UID=-1&roleId=-1&bbs=c&bbsid=2334&pageIndex=1&_=1477577270203
INFO: [ app_init ] --START--
INFO: Run Behavior\BuildLiteBehavior [ RunTime:0.000015s ]
INFO: [ app_init ] --END-- [ RunTime:0.000132s ]
ERR: 无法加载模块:Detail

[ 2016-10-27T22:26:51+08:00 ] 171.38.4.71 http://bbs.pcauto.com.cn/intf/topic/counter.ajax?tid=12263325&currentUrl=/topic.do?tid=12263325&currentReferer=&1477578353555
INFO: [ app_init ] --START--
INFO: Run Behavior\BuildLiteBehavior [ RunTime:0.000014s ]
INFO: [ app_init ] --END-- [ RunTime:0.000125s ]
ERR: 无法加载模块:Intf

[ 2016-10-27T22:46:14+08:00 ] 171.38.4.71 http://bbs.auto.sina.com.cn/12/thread-5398509-1-1.html
INFO: [ app_init ] --START--
INFO: Run Behavior\BuildLiteBehavior [ RunTime:0.000021s ]
INFO: [ app_init ] --END-- [ RunTime:0.000129s ]
ERR: 无法加载模块:12

[ 2016-10-27T22:48:47+08:00 ] 223.74.85.53 /favicon.ico
INFO: [ app_init ] --START--
INFO: Run Behavior\BuildLiteBehavior [ RunTime:0.000016s ]
INFO: [ app_init ] --END-- [ RunTime:0.000120s ]
ERR: 无法加载模块:Favicon

[ 2016-10-27T22:49:19+08:00 ] 171.38.4.71 http://ajax.club.autohome.com.cn/Detail/LoadX_Mini?topicId=57072197&UID=-1&roleId=-1&bbs=c&bbsid=2334&pageIndex=1&_=1477579701349
INFO: [ app_init ] --START--
INFO: Run Behavior\BuildLiteBehavior [ RunTime:0.000015s ]
INFO: [ app_init ] --END-- [ RunTime:0.000142s ]
ERR: 无法加载模块:Detail

[ 2016-10-27T22:50:08+08:00 ] 171.38.4.71 http://ajax.club.autohome.com.cn/Detail/LoadX_Mini?topicId=57072197&UID=-1&roleId=-1&bbs=c&bbsid=2334&pageIndex=1&_=1477579751194
INFO: [ app_init ] --START--
INFO: Run Behavior\BuildLiteBehavior [ RunTime:0.000034s ]
INFO: [ app_init ] --END-- [ RunTime:0.000161s ]
ERR: 无法加载模块:Detail

[ 2016-10-27T22:53:21+08:00 ] 171.38.4.71 http://baa.bitauto.com/zhongtait600/thread-9831092.html
INFO: [ app_init ] --START--
INFO: Run Behavior\BuildLiteBehavior [ RunTime:0.000015s ]
INFO: [ app_init ] --END-- [ RunTime:0.000122s ]
ERR: 无法加载模块:Zhongtait600

[ 2016-10-27T22:55:45+08:00 ] 223.74.85.53 /favicon.ico
INFO: [ app_init ] --START--
INFO: Run Behavior\BuildLiteBehavior [ RunTime:0.000019s ]
INFO: [ app_init ] --END-- [ RunTime:0.000166s ]
ERR: 无法加载模块:Favicon

[ 2016-10-27T22:55:49+08:00 ] 223.74.85.53 /favicon.ico
INFO: [ app_init ] --START--
INFO: Run Behavior\BuildLiteBehavior [ RunTime:0.000014s ]
INFO: [ app_init ] --END-- [ RunTime:0.000117s ]
ERR: 无法加载模块:Favicon

[ 2016-10-27T23:02:06+08:00 ] 223.74.85.105 /favicon.ico
INFO: [ app_init ] --START--
INFO: Run Behavior\BuildLiteBehavior [ RunTime:0.000015s ]
INFO: [ app_init ] --END-- [ RunTime:0.000121s ]
ERR: 无法加载模块:Favicon

[ 2016-10-27T23:06:31+08:00 ] 223.74.85.53 /favicon.ico
INFO: [ app_init ] --START--
INFO: Run Behavior\BuildLiteBehavior [ RunTime:0.000015s ]
INFO: [ app_init ] --END-- [ RunTime:0.000132s ]
ERR: 无法加载模块:Favicon

[ 2016-10-27T23:19:56+08:00 ] 171.38.4.71 http://baa.bitauto.com/zhongtait600/thread-9900370.html
INFO: [ app_init ] --START--
INFO: Run Behavior\BuildLiteBehavior [ RunTime:0.000015s ]
INFO: [ app_init ] --END-- [ RunTime:0.000120s ]
ERR: 无法加载模块:Zhongtait600

