[ 2016-11-03T00:05:13+08:00 ] 198.52.119.97 /zz/combo?/os/mit/media/m/content_index/preview-default-min-e0e1d50.js
INFO: [ app_init ] --START--
INFO: Run Behavior\BuildLiteBehavior [ RunTime:0.000017s ]
INFO: [ app_init ] --END-- [ RunTime:0.000139s ]
ERR: 无法加载模块:Zz

[ 2016-11-03T00:18:01+08:00 ] 125.88.146.182 /phpmyadmin
INFO: [ app_init ] --START--
INFO: Run Behavior\BuildLiteBehavior [ RunTime:0.000021s ]
INFO: [ app_init ] --END-- [ RunTime:0.000192s ]
ERR: 无法加载模块:Phpmyadmin

[ 2016-11-03T00:22:33+08:00 ] 171.38.0.53 http://www.le.com/ptv/vplay/26934767.html
INFO: [ app_init ] --START--
INFO: Run Behavior\BuildLiteBehavior [ RunTime:0.000023s ]
INFO: [ app_init ] --END-- [ RunTime:0.000181s ]
ERR: 无法加载模块:Ptv

[ 2016-11-03T01:12:51+08:00 ] 101.226.35.225 /favicon.ico
INFO: [ app_init ] --START--
INFO: Run Behavior\BuildLiteBehavior [ RunTime:0.000020s ]
INFO: [ app_init ] --END-- [ RunTime:0.000181s ]
ERR: 无法加载模块:Favicon

[ 2016-11-03T01:12:52+08:00 ] 101.226.35.225 /favicon.ico
INFO: [ app_init ] --START--
INFO: Run Behavior\BuildLiteBehavior [ RunTime:0.000015s ]
INFO: [ app_init ] --END-- [ RunTime:0.000148s ]
ERR: 无法加载模块:Favicon

[ 2016-11-03T01:12:52+08:00 ] 101.226.35.225 /favicon.ico
INFO: [ app_init ] --START--
INFO: Run Behavior\BuildLiteBehavior [ RunTime:0.000015s ]
INFO: [ app_init ] --END-- [ RunTime:0.000116s ]
ERR: 无法加载模块:Favicon

[ 2016-11-03T02:02:20+08:00 ] 180.97.106.162 http://180.163.113.82/check_proxy
INFO: [ app_init ] --START--
INFO: Run Behavior\BuildLiteBehavior [ RunTime:0.000021s ]
INFO: [ app_init ] --END-- [ RunTime:0.000191s ]
ERR: 无法加载模块:Check_proxy

[ 2016-11-03T02:37:52+08:00 ] 117.136.41.91 /favicon.ico
INFO: [ app_init ] --START--
INFO: Run Behavior\BuildLiteBehavior [ RunTime:0.000016s ]
INFO: [ app_init ] --END-- [ RunTime:0.000150s ]
ERR: 无法加载模块:Favicon

[ 2016-11-03T02:37:53+08:00 ] 117.136.41.91 /favicon.ico
INFO: [ app_init ] --START--
INFO: Run Behavior\BuildLiteBehavior [ RunTime:0.000020s ]
INFO: [ app_init ] --END-- [ RunTime:0.000164s ]
ERR: 无法加载模块:Favicon

[ 2016-11-03T02:40:53+08:00 ] 163.172.173.181 http://www.baidu.com/cache/global/img/gs.gif
INFO: [ app_init ] --START--
INFO: Run Behavior\BuildLiteBehavior [ RunTime:0.000014s ]
INFO: [ app_init ] --END-- [ RunTime:0.000120s ]
ERR: 无法加载模块:Cache

[ 2016-11-03T02:50:37+08:00 ] 80.82.78.38 http://www.baidu.com/cache/global/img/gs.gif
INFO: [ app_init ] --START--
INFO: Run Behavior\BuildLiteBehavior [ RunTime:0.000015s ]
INFO: [ app_init ] --END-- [ RunTime:0.000132s ]
ERR: 无法加载模块:Cache

[ 2016-11-03T03:34:06+08:00 ] 198.52.119.97 /zz/combo?/os/mit/media/m/content_index/preview-default-min-e0e1d50.js
INFO: [ app_init ] --START--
INFO: Run Behavior\BuildLiteBehavior [ RunTime:0.000022s ]
INFO: [ app_init ] --END-- [ RunTime:0.000172s ]
ERR: 无法加载模块:Zz

[ 2016-11-03T03:53:51+08:00 ] 104.223.133.49 /phpmyadmin
INFO: [ app_init ] --START--
INFO: Run Behavior\BuildLiteBehavior [ RunTime:0.000015s ]
INFO: [ app_init ] --END-- [ RunTime:0.000127s ]
ERR: 无法加载模块:Phpmyadmin

[ 2016-11-03T05:09:51+08:00 ] 118.178.228.150 /phpmyadmin
INFO: [ app_init ] --START--
INFO: Run Behavior\BuildLiteBehavior [ RunTime:0.000020s ]
INFO: [ app_init ] --END-- [ RunTime:0.000135s ]
ERR: 无法加载模块:Phpmyadmin

[ 2016-11-03T07:05:31+08:00 ] 198.52.119.97 /zz/combo?/os/mit/media/m/content_index/preview-default-min-e0e1d50.js
INFO: [ app_init ] --START--
INFO: Run Behavior\BuildLiteBehavior [ RunTime:0.000015s ]
INFO: [ app_init ] --END-- [ RunTime:0.000127s ]
ERR: 无法加载模块:Zz

[ 2016-11-03T08:55:15+08:00 ] 117.136.41.91 /favicon.ico
INFO: [ app_init ] --START--
INFO: Run Behavior\BuildLiteBehavior [ RunTime:0.000016s ]
INFO: [ app_init ] --END-- [ RunTime:0.000141s ]
ERR: 无法加载模块:Favicon

[ 2016-11-03T09:46:22+08:00 ] 171.38.0.53 http://log.u17.com/click.php?object_type=comic&object_id=134776&ext=1
INFO: [ app_init ] --START--
INFO: Run Behavior\BuildLiteBehavior [ RunTime:0.000016s ]
INFO: [ app_init ] --END-- [ RunTime:0.000134s ]
ERR: 无法加载模块:Click

[ 2016-11-03T09:50:51+08:00 ] 171.38.0.53 http://toutiao.com/i6348271557176984065
INFO: [ app_init ] --START--
INFO: Run Behavior\BuildLiteBehavior [ RunTime:0.000015s ]
INFO: [ app_init ] --END-- [ RunTime:0.000151s ]
ERR: 无法加载模块:I6348271557176984065

[ 2016-11-03T09:51:49+08:00 ] 171.38.0.53 http://log.u17.com/click.php?object_type=comic&object_id=134776&ext=1
INFO: [ app_init ] --START--
INFO: Run Behavior\BuildLiteBehavior [ RunTime:0.000022s ]
INFO: [ app_init ] --END-- [ RunTime:0.000176s ]
ERR: 无法加载模块:Click

[ 2016-11-03T09:53:04+08:00 ] 171.38.0.53 http://napi.uc.cn/3/classes/article/objects/a1bfacdb97a141b5aed7e2e274ec53c4/incrs/readtimes?_ch=readtimes&_app_id=cbd10b7b69994dca92e04fe00c05b8c2&_fetch=1&_fetch_incrs=1&_=1478137931127
INFO: [ app_init ] --START--
INFO: Run Behavior\BuildLiteBehavior [ RunTime:0.000017s ]
INFO: [ app_init ] --END-- [ RunTime:0.000159s ]
ERR: 无法加载模块:3

[ 2016-11-03T10:05:17+08:00 ] 171.38.0.53 http://log.u17.com/click.php?object_type=comic&object_id=134776&ext=1
INFO: [ app_init ] --START--
INFO: Run Behavior\BuildLiteBehavior [ RunTime:0.000019s ]
INFO: [ app_init ] --END-- [ RunTime:0.000164s ]
ERR: 无法加载模块:Click

[ 2016-11-03T10:08:31+08:00 ] 171.38.0.53 http://log.u17.com/click.php?object_type=comic&object_id=134776&ext=1
INFO: [ app_init ] --START--
INFO: Run Behavior\BuildLiteBehavior [ RunTime:0.000014s ]
INFO: [ app_init ] --END-- [ RunTime:0.000120s ]
ERR: 无法加载模块:Click

[ 2016-11-03T10:11:07+08:00 ] 171.38.0.53 http://log.u17.com/click.php?object_type=comic&object_id=134776&ext=1
INFO: [ app_init ] --START--
INFO: Run Behavior\BuildLiteBehavior [ RunTime:0.000023s ]
INFO: [ app_init ] --END-- [ RunTime:0.000171s ]
ERR: 无法加载模块:Click

[ 2016-11-03T10:12:49+08:00 ] 171.38.0.53 http://napi.uc.cn/3/classes/article/objects/a1bfacdb97a141b5aed7e2e274ec53c4/incrs/readtimes?_ch=readtimes&_app_id=cbd10b7b69994dca92e04fe00c05b8c2&_fetch=1&_fetch_incrs=1&_=1478139117274
INFO: [ app_init ] --START--
INFO: Run Behavior\BuildLiteBehavior [ RunTime:0.000014s ]
INFO: [ app_init ] --END-- [ RunTime:0.000131s ]
ERR: 无法加载模块:3

[ 2016-11-03T10:17:25+08:00 ] 171.38.0.53 http://toutiao.com/i6348271557176984065
INFO: [ app_init ] --START--
INFO: Run Behavior\BuildLiteBehavior [ RunTime:0.000017s ]
INFO: [ app_init ] --END-- [ RunTime:0.000161s ]
ERR: 无法加载模块:I6348271557176984065

[ 2016-11-03T10:21:51+08:00 ] 171.38.0.53 http://toutiao.com/i6348271557176984065
INFO: [ app_init ] --START--
INFO: Run Behavior\BuildLiteBehavior [ RunTime:0.000015s ]
INFO: [ app_init ] --END-- [ RunTime:0.000122s ]
ERR: 无法加载模块:I6348271557176984065

[ 2016-11-03T10:27:14+08:00 ] 223.74.85.109 /favicon.ico
INFO: [ app_init ] --START--
INFO: Run Behavior\BuildLiteBehavior [ RunTime:0.000021s ]
INFO: [ app_init ] --END-- [ RunTime:0.000163s ]
ERR: 无法加载模块:Favicon

[ 2016-11-03T10:27:18+08:00 ] 223.74.85.109 /favicon.ico
INFO: [ app_init ] --START--
INFO: Run Behavior\BuildLiteBehavior [ RunTime:0.000021s ]
INFO: [ app_init ] --END-- [ RunTime:0.000177s ]
ERR: 无法加载模块:Favicon

[ 2016-11-03T10:27:19+08:00 ] 223.74.85.109 /favicon.ico
INFO: [ app_init ] --START--
INFO: Run Behavior\BuildLiteBehavior [ RunTime:0.000016s ]
INFO: [ app_init ] --END-- [ RunTime:0.000143s ]
ERR: 无法加载模块:Favicon

[ 2016-11-03T10:27:22+08:00 ] 223.74.85.109 /favicon.ico
INFO: [ app_init ] --START--
INFO: Run Behavior\BuildLiteBehavior [ RunTime:0.000015s ]
INFO: [ app_init ] --END-- [ RunTime:0.000116s ]
ERR: 无法加载模块:Favicon

[ 2016-11-03T10:27:23+08:00 ] 223.74.85.109 /favicon.ico
INFO: [ app_init ] --START--
INFO: Run Behavior\BuildLiteBehavior [ RunTime:0.000015s ]
INFO: [ app_init ] --END-- [ RunTime:0.000122s ]
ERR: 无法加载模块:Favicon

[ 2016-11-03T10:27:29+08:00 ] 223.74.85.109 /favicon.ico
INFO: [ app_init ] --START--
INFO: Run Behavior\BuildLiteBehavior [ RunTime:0.000030s ]
INFO: [ app_init ] --END-- [ RunTime:0.000294s ]
ERR: 无法加载模块:Favicon

[ 2016-11-03T10:27:39+08:00 ] 223.74.85.109 /favicon.ico
INFO: [ app_init ] --START--
INFO: Run Behavior\BuildLiteBehavior [ RunTime:0.000020s ]
INFO: [ app_init ] --END-- [ RunTime:0.000165s ]
ERR: 无法加载模块:Favicon

[ 2016-11-03T10:32:04+08:00 ] 171.38.0.53 http://log.u17.com/click.php?object_type=comic&object_id=134776&ext=1
INFO: [ app_init ] --START--
INFO: Run Behavior\BuildLiteBehavior [ RunTime:0.000037s ]
INFO: [ app_init ] --END-- [ RunTime:0.000191s ]
ERR: 无法加载模块:Click

[ 2016-11-03T10:32:55+08:00 ] 171.38.0.53 http://bbs.hainan.net/post-912-38529-1.shtml
INFO: [ app_init ] --START--
INFO: Run Behavior\BuildLiteBehavior [ RunTime:0.000015s ]
INFO: [ app_init ] --END-- [ RunTime:0.000132s ]
ERR: 无法加载模块:Post-912-38529-1

[ 2016-11-03T10:33:27+08:00 ] 171.38.0.53 http://napi.uc.cn/3/classes/article/objects/a1bfacdb97a141b5aed7e2e274ec53c4/incrs/readtimes?_ch=readtimes&_app_id=cbd10b7b69994dca92e04fe00c05b8c2&_fetch=1&_fetch_incrs=1&_=1478140354971
INFO: [ app_init ] --START--
INFO: Run Behavior\BuildLiteBehavior [ RunTime:0.000023s ]
INFO: [ app_init ] --END-- [ RunTime:0.000182s ]
ERR: 无法加载模块:3

[ 2016-11-03T10:41:52+08:00 ] 223.74.85.109 /favicon.ico
INFO: [ app_init ] --START--
INFO: Run Behavior\BuildLiteBehavior [ RunTime:0.000021s ]
INFO: [ app_init ] --END-- [ RunTime:0.000181s ]
ERR: 无法加载模块:Favicon

[ 2016-11-03T10:41:54+08:00 ] 223.74.85.109 /favicon.ico
INFO: [ app_init ] --START--
INFO: Run Behavior\BuildLiteBehavior [ RunTime:0.000015s ]
INFO: [ app_init ] --END-- [ RunTime:0.000128s ]
ERR: 无法加载模块:Favicon

[ 2016-11-03T10:43:53+08:00 ] 219.133.40.15 /favicon.ico
INFO: [ app_init ] --START--
INFO: Run Behavior\BuildLiteBehavior [ RunTime:0.000015s ]
INFO: [ app_init ] --END-- [ RunTime:0.000119s ]
ERR: 无法加载模块:Favicon

[ 2016-11-03T10:50:21+08:00 ] 171.38.0.53 http://log.u17.com/click.php?object_type=comic&object_id=134776&ext=1
INFO: [ app_init ] --START--
INFO: Run Behavior\BuildLiteBehavior [ RunTime:0.000023s ]
INFO: [ app_init ] --END-- [ RunTime:0.000200s ]
ERR: 无法加载模块:Click

[ 2016-11-03T10:54:48+08:00 ] 171.38.0.53 http://log.u17.com/click.php?object_type=comic&object_id=134776&ext=1
INFO: [ app_init ] --START--
INFO: Run Behavior\BuildLiteBehavior [ RunTime:0.000016s ]
INFO: [ app_init ] --END-- [ RunTime:0.000129s ]
ERR: 无法加载模块:Click

[ 2016-11-03T10:56:28+08:00 ] 171.38.0.53 http://bbs.hainan.net/post-912-38529-1.shtml
INFO: [ app_init ] --START--
INFO: Run Behavior\BuildLiteBehavior [ RunTime:0.000032s ]
INFO: [ app_init ] --END-- [ RunTime:0.000142s ]
ERR: 无法加载模块:Post-912-38529-1

[ 2016-11-03T10:58:31+08:00 ] 171.38.0.53 http://ajax.club.autohome.com.cn/Detail/LoadX_Mini?callback=jsonpCallback&topicId=57685093&UID=-1&roleId=0&bbs=c&bbsid=3968&pageIndex=1&recom=0&_=1478141859846
INFO: [ app_init ] --START--
INFO: Run Behavior\BuildLiteBehavior [ RunTime:0.000014s ]
INFO: [ app_init ] --END-- [ RunTime:0.000125s ]
ERR: 无法加载模块:Detail

[ 2016-11-03T11:04:49+08:00 ] 171.38.0.53 http://ajax.club.autohome.com.cn/Detail/LoadX_Mini?callback=jsonpCallback&topicId=57685093&UID=-1&roleId=0&bbs=c&bbsid=3968&pageIndex=1&recom=0&_=1478142237542
INFO: [ app_init ] --START--
INFO: Run Behavior\BuildLiteBehavior [ RunTime:0.000015s ]
INFO: [ app_init ] --END-- [ RunTime:0.000123s ]
ERR: 无法加载模块:Detail

[ 2016-11-03T11:07:25+08:00 ] 219.133.40.15 /favicon.ico
INFO: [ app_init ] --START--
INFO: Run Behavior\BuildLiteBehavior [ RunTime:0.000027s ]
INFO: [ app_init ] --END-- [ RunTime:0.000150s ]
ERR: 无法加载模块:Favicon

[ 2016-11-03T11:09:05+08:00 ] 101.226.35.225 /favicon.ico
INFO: [ app_init ] --START--
INFO: Run Behavior\BuildLiteBehavior [ RunTime:0.000021s ]
INFO: [ app_init ] --END-- [ RunTime:0.000167s ]
ERR: 无法加载模块:Favicon

[ 2016-11-03T11:09:05+08:00 ] 101.226.35.225 /favicon.ico
INFO: [ app_init ] --START--
INFO: Run Behavior\BuildLiteBehavior [ RunTime:0.000022s ]
INFO: [ app_init ] --END-- [ RunTime:0.000205s ]
ERR: 无法加载模块:Favicon

[ 2016-11-03T11:09:05+08:00 ] 101.226.35.225 /favicon.ico
INFO: [ app_init ] --START--
INFO: Run Behavior\BuildLiteBehavior [ RunTime:0.000029s ]
INFO: [ app_init ] --END-- [ RunTime:0.000168s ]
ERR: 无法加载模块:Favicon

[ 2016-11-03T12:11:20+08:00 ] 116.8.239.195 /phpinfo.php
INFO: [ app_init ] --START--
INFO: Run Behavior\BuildLiteBehavior [ RunTime:0.000015s ]
INFO: [ app_init ] --END-- [ RunTime:0.000136s ]
ERR: 无法加载模块:Phpinfo

[ 2016-11-03T12:11:20+08:00 ] 116.8.239.195 /test.php
INFO: [ app_init ] --START--
INFO: Run Behavior\BuildLiteBehavior [ RunTime:0.000030s ]
INFO: [ app_init ] --END-- [ RunTime:0.000150s ]
ERR: 无法加载模块:Test

[ 2016-11-03T12:11:20+08:00 ] 116.8.239.195 /l.php
INFO: [ app_init ] --START--
INFO: Run Behavior\BuildLiteBehavior [ RunTime:0.000015s ]
INFO: [ app_init ] --END-- [ RunTime:0.000119s ]
ERR: 无法加载模块:L

[ 2016-11-03T12:24:41+08:00 ] 171.38.0.53 http://statis.api.3g.youku.com/openapi-wireless/statis/vv?_t_=1478147029&e=md5&_s_=a00e8e3df77b92fef007fa550c362100&pid=642a656c40601971&guid=9964aa24cad2b6279584240710aa44cd&mac=db:70:71:3c:6b:8f&imei=866324563632647&ver=5.5&operator=CMCC_46000&network=WIFI&sessionid=c78bd8f4aa148a8f7587707a97fc3427&play_types=net&play_codes=200&type=begin&os=Android&video_format=1&play_decoding=1&id=XMTc4NTMwMjMzMg==&ev=1&ctype=20&token=3467&oip=1419860317&sid=1478147029289ff4b032d&autoplay=&dns=192.168.3.1&intrIP=192.168.3.73&video_coding_format=0&is_phone_stream=0&switch_original=0
INFO: [ app_init ] --START--
INFO: Run Behavior\BuildLiteBehavior [ RunTime:0.000020s ]
INFO: [ app_init ] --END-- [ RunTime:0.000175s ]
ERR: 无法加载模块:Openapi-wireless

[ 2016-11-03T12:56:49+08:00 ] 116.8.239.195 /phpinfo.php
INFO: [ app_init ] --START--
INFO: Run Behavior\BuildLiteBehavior [ RunTime:0.000016s ]
INFO: [ app_init ] --END-- [ RunTime:0.000145s ]
ERR: 无法加载模块:Phpinfo

[ 2016-11-03T12:56:49+08:00 ] 116.8.239.195 /test.php
INFO: [ app_init ] --START--
INFO: Run Behavior\BuildLiteBehavior [ RunTime:0.000015s ]
INFO: [ app_init ] --END-- [ RunTime:0.000126s ]
ERR: 无法加载模块:Test

[ 2016-11-03T12:56:49+08:00 ] 116.8.239.195 /l.php
INFO: [ app_init ] --START--
INFO: Run Behavior\BuildLiteBehavior [ RunTime:0.000015s ]
INFO: [ app_init ] --END-- [ RunTime:0.000127s ]
ERR: 无法加载模块:L

[ 2016-11-03T13:00:41+08:00 ] 171.38.0.53 http://q.163.com/qinzia/poster/73183226/
INFO: [ app_init ] --START--
INFO: Run Behavior\BuildLiteBehavior [ RunTime:0.000019s ]
INFO: [ app_init ] --END-- [ RunTime:0.000162s ]
ERR: 无法加载模块:Qinzia

[ 2016-11-03T13:02:24+08:00 ] 171.38.0.53 http://q.163.com/qinzia/poster/73183226/
INFO: [ app_init ] --START--
INFO: Run Behavior\BuildLiteBehavior [ RunTime:0.000016s ]
INFO: [ app_init ] --END-- [ RunTime:0.000140s ]
ERR: 无法加载模块:Qinzia

[ 2016-11-03T13:04:27+08:00 ] 171.38.0.53 http://q.163.com/yuerqz/poster/73183231/
INFO: [ app_init ] --START--
INFO: Run Behavior\BuildLiteBehavior [ RunTime:0.000015s ]
INFO: [ app_init ] --END-- [ RunTime:0.000157s ]
ERR: 无法加载模块:Yuerqz

[ 2016-11-03T13:05:32+08:00 ] 171.38.0.53 http://q.163.com/youerjl/poster/73183232/
INFO: [ app_init ] --START--
INFO: Run Behavior\BuildLiteBehavior [ RunTime:0.000021s ]
INFO: [ app_init ] --END-- [ RunTime:0.000140s ]
ERR: 无法加载模块:Youerjl

[ 2016-11-03T13:05:40+08:00 ] 171.38.0.53 http://q.163.com/qinzia/poster/73183226/
INFO: [ app_init ] --START--
INFO: Run Behavior\BuildLiteBehavior [ RunTime:0.000023s ]
INFO: [ app_init ] --END-- [ RunTime:0.000209s ]
ERR: 无法加载模块:Qinzia

[ 2016-11-03T13:07:16+08:00 ] 171.38.0.53 http://q.163.com/yuerzq/poster/73183230/
INFO: [ app_init ] --START--
INFO: Run Behavior\BuildLiteBehavior [ RunTime:0.000015s ]
INFO: [ app_init ] --END-- [ RunTime:0.000147s ]
ERR: 无法加载模块:Yuerzq

[ 2016-11-03T13:11:32+08:00 ] 171.38.0.53 http://q.163.com/qinzixiu/poster/73183228/
INFO: [ app_init ] --START--
INFO: Run Behavior\BuildLiteBehavior [ RunTime:0.000015s ]
INFO: [ app_init ] --END-- [ RunTime:0.000148s ]
ERR: 无法加载模块:Qinzixiu

[ 2016-11-03T13:13:20+08:00 ] 171.38.0.53 http://q.163.com/mamibb/poster/73183229/
INFO: [ app_init ] --START--
INFO: Run Behavior\BuildLiteBehavior [ RunTime:0.000015s ]
INFO: [ app_init ] --END-- [ RunTime:0.000140s ]
ERR: 无法加载模块:Mamibb

[ 2016-11-03T13:17:54+08:00 ] 171.38.0.53 http://q.163.com/youerjl/poster/73183232/
INFO: [ app_init ] --START--
INFO: Run Behavior\BuildLiteBehavior [ RunTime:0.000014s ]
INFO: [ app_init ] --END-- [ RunTime:0.000121s ]
ERR: 无法加载模块:Youerjl

[ 2016-11-03T13:22:15+08:00 ] 171.38.0.53 http://q.163.com/youerjl/poster/73183232/
INFO: [ app_init ] --START--
INFO: Run Behavior\BuildLiteBehavior [ RunTime:0.000015s ]
INFO: [ app_init ] --END-- [ RunTime:0.000122s ]
ERR: 无法加载模块:Youerjl

[ 2016-11-03T13:59:45+08:00 ] 223.74.85.109 /favicon.ico
INFO: [ app_init ] --START--
INFO: Run Behavior\BuildLiteBehavior [ RunTime:0.000016s ]
INFO: [ app_init ] --END-- [ RunTime:0.000124s ]
ERR: 无法加载模块:Favicon

[ 2016-11-03T13:59:57+08:00 ] 223.74.85.109 /favicon.ico
INFO: [ app_init ] --START--
INFO: Run Behavior\BuildLiteBehavior [ RunTime:0.000024s ]
INFO: [ app_init ] --END-- [ RunTime:0.000179s ]
ERR: 无法加载模块:Favicon

[ 2016-11-03T13:59:59+08:00 ] 223.74.85.109 /favicon.ico
INFO: [ app_init ] --START--
INFO: Run Behavior\BuildLiteBehavior [ RunTime:0.000020s ]
INFO: [ app_init ] --END-- [ RunTime:0.000153s ]
ERR: 无法加载模块:Favicon

[ 2016-11-03T13:59:59+08:00 ] 223.74.85.109 /favicon.ico
INFO: [ app_init ] --START--
INFO: Run Behavior\BuildLiteBehavior [ RunTime:0.000016s ]
INFO: [ app_init ] --END-- [ RunTime:0.000121s ]
ERR: 无法加载模块:Favicon

[ 2016-11-03T14:22:23+08:00 ] 120.24.251.13 /admin
INFO: [ app_init ] --START--
INFO: Run Behavior\BuildLiteBehavior [ RunTime:0.000022s ]
INFO: [ app_init ] --END-- [ RunTime:0.000160s ]
ERR: 无法加载模块:Admin

[ 2016-11-03T15:35:55+08:00 ] 171.38.0.53 http://bbs.tianya.cn/post-stocks-1801460-1.shtml
INFO: [ app_init ] --START--
INFO: Run Behavior\BuildLiteBehavior [ RunTime:0.000015s ]
INFO: [ app_init ] --END-- [ RunTime:0.000142s ]
ERR: 无法加载模块:Post-stocks-1801460-1

[ 2016-11-03T15:37:10+08:00 ] 171.38.0.53 http://toutiao.com/i6348291596986876417/
INFO: [ app_init ] --START--
INFO: Run Behavior\BuildLiteBehavior [ RunTime:0.000015s ]
INFO: [ app_init ] --END-- [ RunTime:0.000126s ]
ERR: 无法加载模块:I6348291596986876417

[ 2016-11-03T15:44:20+08:00 ] 171.38.0.53 http://toutiao.com/i6348373976057643521/
INFO: [ app_init ] --START--
INFO: Run Behavior\BuildLiteBehavior [ RunTime:0.000016s ]
INFO: [ app_init ] --END-- [ RunTime:0.000141s ]
ERR: 无法加载模块:I6348373976057643521

[ 2016-11-03T15:47:16+08:00 ] 171.38.0.53 http://toutiao.com/i6348291596986876417/
INFO: [ app_init ] --START--
INFO: Run Behavior\BuildLiteBehavior [ RunTime:0.000020s ]
INFO: [ app_init ] --END-- [ RunTime:0.000176s ]
ERR: 无法加载模块:I6348291596986876417

[ 2016-11-03T15:47:48+08:00 ] 171.38.0.53 http://toutiao.com/i6348152199616397826/
INFO: [ app_init ] --START--
INFO: Run Behavior\BuildLiteBehavior [ RunTime:0.000016s ]
INFO: [ app_init ] --END-- [ RunTime:0.000137s ]
ERR: 无法加载模块:I6348152199616397826

[ 2016-11-03T15:48:31+08:00 ] 171.38.0.53 http://toutiao.com/i6348291596986876417/
INFO: [ app_init ] --START--
INFO: Run Behavior\BuildLiteBehavior [ RunTime:0.000015s ]
INFO: [ app_init ] --END-- [ RunTime:0.000155s ]
ERR: 无法加载模块:I6348291596986876417

[ 2016-11-03T16:31:06+08:00 ] 171.38.73.32 http://bbs.qianlong.com/forum.php?mod=viewthread&tid=9866632
INFO: [ app_init ] --START--
INFO: Run Behavior\BuildLiteBehavior [ RunTime:0.000016s ]
INFO: [ app_init ] --END-- [ RunTime:0.000146s ]
ERR: 无法加载模块:Forum

[ 2016-11-03T16:41:55+08:00 ] 171.38.73.32 http://toutiao.com/i6348608801389675010/
INFO: [ app_init ] --START--
INFO: Run Behavior\BuildLiteBehavior [ RunTime:0.000022s ]
INFO: [ app_init ] --END-- [ RunTime:0.000181s ]
ERR: 无法加载模块:I6348608801389675010

[ 2016-11-03T16:43:51+08:00 ] 171.38.73.32 http://bbs.chetxia.com/172/190_23005911_23005911.htm
INFO: [ app_init ] --START--
INFO: Run Behavior\BuildLiteBehavior [ RunTime:0.000015s ]
INFO: [ app_init ] --END-- [ RunTime:0.000124s ]
ERR: 无法加载模块:172

[ 2016-11-03T16:48:53+08:00 ] 171.38.73.32 http://yule.club.sohu.com/bagua/thread/4gru538qg3e
INFO: [ app_init ] --START--
INFO: Run Behavior\BuildLiteBehavior [ RunTime:0.000015s ]
INFO: [ app_init ] --END-- [ RunTime:0.000135s ]
ERR: 无法加载模块:Bagua

[ 2016-11-03T16:52:59+08:00 ] 171.38.73.32 http://bbs.zcinfo.net/forum.php?mod=viewthread&tid=1552030&extra=
INFO: [ app_init ] --START--
INFO: Run Behavior\BuildLiteBehavior [ RunTime:0.000016s ]
INFO: [ app_init ] --END-- [ RunTime:0.000132s ]
ERR: 无法加载模块:Forum

[ 2016-11-03T16:54:01+08:00 ] 171.38.73.32 http://www.a5.net/thread-22444274-1-1.html
INFO: [ app_init ] --START--
INFO: Run Behavior\BuildLiteBehavior [ RunTime:0.000014s ]
INFO: [ app_init ] --END-- [ RunTime:0.000126s ]
ERR: 无法加载模块:Thread-22444274-1-1

[ 2016-11-03T17:42:17+08:00 ] 171.38.73.32 http://www.zh50.com/thread-30463-1-1.html
INFO: [ app_init ] --START--
INFO: Run Behavior\BuildLiteBehavior [ RunTime:0.000023s ]
INFO: [ app_init ] --END-- [ RunTime:0.000206s ]
ERR: 无法加载模块:Thread-30463-1-1

[ 2016-11-03T17:48:16+08:00 ] 171.38.73.32 http://xyts.66rt.com/viewthread.php?tid=103569&extra=
INFO: [ app_init ] --START--
INFO: Run Behavior\BuildLiteBehavior [ RunTime:0.000015s ]
INFO: [ app_init ] --END-- [ RunTime:0.000121s ]
ERR: 无法加载模块:Viewthread

[ 2016-11-03T17:48:48+08:00 ] 171.38.73.32 http://bbs.verychongqing.com/thread-330323-1-1.html
INFO: [ app_init ] --START--
INFO: Run Behavior\BuildLiteBehavior [ RunTime:0.000022s ]
INFO: [ app_init ] --END-- [ RunTime:0.000198s ]
ERR: 无法加载模块:Thread-330323-1-1

[ 2016-11-03T17:58:32+08:00 ] 171.38.73.32 http://bbs.qianlong.com/forum.php?mod=viewthread&tid=9866632
INFO: [ app_init ] --START--
INFO: Run Behavior\BuildLiteBehavior [ RunTime:0.000024s ]
INFO: [ app_init ] --END-- [ RunTime:0.000179s ]
ERR: 无法加载模块:Forum

[ 2016-11-03T18:08:38+08:00 ] 171.38.73.32 http://bbs.zol.com.cn/sjbbs/d36879_409.html
INFO: [ app_init ] --START--
INFO: Run Behavior\BuildLiteBehavior [ RunTime:0.000014s ]
INFO: [ app_init ] --END-- [ RunTime:0.000133s ]
ERR: 无法加载模块:Sjbbs

[ 2016-11-03T18:25:48+08:00 ] 223.74.85.109 /favicon.ico
INFO: [ app_init ] --START--
INFO: Run Behavior\BuildLiteBehavior [ RunTime:0.000015s ]
INFO: [ app_init ] --END-- [ RunTime:0.000133s ]
ERR: 无法加载模块:Favicon

[ 2016-11-03T18:25:57+08:00 ] 223.74.85.109 /favicon.ico
INFO: [ app_init ] --START--
INFO: Run Behavior\BuildLiteBehavior [ RunTime:0.000023s ]
INFO: [ app_init ] --END-- [ RunTime:0.000177s ]
ERR: 无法加载模块:Favicon

[ 2016-11-03T18:26:05+08:00 ] 223.74.85.109 /favicon.ico
INFO: [ app_init ] --START--
INFO: Run Behavior\BuildLiteBehavior [ RunTime:0.000022s ]
INFO: [ app_init ] --END-- [ RunTime:0.000177s ]
ERR: 无法加载模块:Favicon

[ 2016-11-03T18:27:33+08:00 ] 223.74.85.109 /favicon.ico
INFO: [ app_init ] --START--
INFO: Run Behavior\BuildLiteBehavior [ RunTime:0.000015s ]
INFO: [ app_init ] --END-- [ RunTime:0.000128s ]
ERR: 无法加载模块:Favicon

[ 2016-11-03T18:27:35+08:00 ] 223.74.85.109 /favicon.ico
INFO: [ app_init ] --START--
INFO: Run Behavior\BuildLiteBehavior [ RunTime:0.000015s ]
INFO: [ app_init ] --END-- [ RunTime:0.000142s ]
ERR: 无法加载模块:Favicon

[ 2016-11-03T18:27:46+08:00 ] 223.74.85.109 /favicon.ico
INFO: [ app_init ] --START--
INFO: Run Behavior\BuildLiteBehavior [ RunTime:0.000019s ]
INFO: [ app_init ] --END-- [ RunTime:0.000159s ]
ERR: 无法加载模块:Favicon

[ 2016-11-03T18:28:12+08:00 ] 117.136.41.92 /favicon.ico
INFO: [ app_init ] --START--
INFO: Run Behavior\BuildLiteBehavior [ RunTime:0.000015s ]
INFO: [ app_init ] --END-- [ RunTime:0.000150s ]
ERR: 无法加载模块:Favicon

[ 2016-11-03T18:28:57+08:00 ] 117.136.41.92 /favicon.ico
INFO: [ app_init ] --START--
INFO: Run Behavior\BuildLiteBehavior [ RunTime:0.000014s ]
INFO: [ app_init ] --END-- [ RunTime:0.000121s ]
ERR: 无法加载模块:Favicon

[ 2016-11-03T18:29:10+08:00 ] 117.136.41.92 /favicon.ico
INFO: [ app_init ] --START--
INFO: Run Behavior\BuildLiteBehavior [ RunTime:0.000020s ]
INFO: [ app_init ] --END-- [ RunTime:0.000166s ]
ERR: 无法加载模块:Favicon

[ 2016-11-03T18:29:12+08:00 ] 117.136.41.92 /favicon.ico
INFO: [ app_init ] --START--
INFO: Run Behavior\BuildLiteBehavior [ RunTime:0.000015s ]
INFO: [ app_init ] --END-- [ RunTime:0.000125s ]
ERR: 无法加载模块:Favicon

[ 2016-11-03T18:29:16+08:00 ] 117.136.41.92 /favicon.ico
INFO: [ app_init ] --START--
INFO: Run Behavior\BuildLiteBehavior [ RunTime:0.000025s ]
INFO: [ app_init ] --END-- [ RunTime:0.000185s ]
ERR: 无法加载模块:Favicon

[ 2016-11-03T18:36:44+08:00 ] 223.74.85.119 /favicon.ico
INFO: [ app_init ] --START--
INFO: Run Behavior\BuildLiteBehavior [ RunTime:0.000024s ]
INFO: [ app_init ] --END-- [ RunTime:0.000188s ]
ERR: 无法加载模块:Favicon

[ 2016-11-03T18:37:22+08:00 ] 223.74.85.119 /favicon.ico
INFO: [ app_init ] --START--
INFO: Run Behavior\BuildLiteBehavior [ RunTime:0.000020s ]
INFO: [ app_init ] --END-- [ RunTime:0.000192s ]
ERR: 无法加载模块:Favicon

[ 2016-11-03T18:37:26+08:00 ] 223.74.85.119 /favicon.ico
INFO: [ app_init ] --START--
INFO: Run Behavior\BuildLiteBehavior [ RunTime:0.000020s ]
INFO: [ app_init ] --END-- [ RunTime:0.000157s ]
ERR: 无法加载模块:Favicon

[ 2016-11-03T18:37:29+08:00 ] 223.74.85.119 /favicon.ico
INFO: [ app_init ] --START--
INFO: Run Behavior\BuildLiteBehavior [ RunTime:0.000014s ]
INFO: [ app_init ] --END-- [ RunTime:0.000133s ]
ERR: 无法加载模块:Favicon

[ 2016-11-03T18:39:03+08:00 ] 117.136.41.92 /favicon.ico
INFO: [ app_init ] --START--
INFO: Run Behavior\BuildLiteBehavior [ RunTime:0.000015s ]
INFO: [ app_init ] --END-- [ RunTime:0.000153s ]
ERR: 无法加载模块:Favicon

[ 2016-11-03T18:40:30+08:00 ] 223.74.85.119 /favicon.ico
INFO: [ app_init ] --START--
INFO: Run Behavior\BuildLiteBehavior [ RunTime:0.000022s ]
INFO: [ app_init ] --END-- [ RunTime:0.000189s ]
ERR: 无法加载模块:Favicon

[ 2016-11-03T18:42:42+08:00 ] 223.74.85.119 /favicon.ico
INFO: [ app_init ] --START--
INFO: Run Behavior\BuildLiteBehavior [ RunTime:0.000023s ]
INFO: [ app_init ] --END-- [ RunTime:0.000132s ]
ERR: 无法加载模块:Favicon

[ 2016-11-03T18:42:46+08:00 ] 223.74.85.119 /favicon.ico
INFO: [ app_init ] --START--
INFO: Run Behavior\BuildLiteBehavior [ RunTime:0.000014s ]
INFO: [ app_init ] --END-- [ RunTime:0.000137s ]
ERR: 无法加载模块:Favicon

[ 2016-11-03T18:42:50+08:00 ] 223.74.85.119 /favicon.ico
INFO: [ app_init ] --START--
INFO: Run Behavior\BuildLiteBehavior [ RunTime:0.000019s ]
INFO: [ app_init ] --END-- [ RunTime:0.000147s ]
ERR: 无法加载模块:Favicon

[ 2016-11-03T18:42:51+08:00 ] 223.74.85.119 /favicon.ico
INFO: [ app_init ] --START--
INFO: Run Behavior\BuildLiteBehavior [ RunTime:0.000014s ]
INFO: [ app_init ] --END-- [ RunTime:0.000116s ]
ERR: 无法加载模块:Favicon

[ 2016-11-03T18:43:42+08:00 ] 223.74.85.119 /favicon.ico
INFO: [ app_init ] --START--
INFO: Run Behavior\BuildLiteBehavior [ RunTime:0.000021s ]
INFO: [ app_init ] --END-- [ RunTime:0.000167s ]
ERR: 无法加载模块:Favicon

[ 2016-11-03T18:43:43+08:00 ] 223.74.85.119 /favicon.ico
INFO: [ app_init ] --START--
INFO: Run Behavior\BuildLiteBehavior [ RunTime:0.000039s ]
INFO: [ app_init ] --END-- [ RunTime:0.000158s ]
ERR: 无法加载模块:Favicon

[ 2016-11-03T18:44:12+08:00 ] 223.74.85.119 /favicon.ico
INFO: [ app_init ] --START--
INFO: Run Behavior\BuildLiteBehavior [ RunTime:0.000015s ]
INFO: [ app_init ] --END-- [ RunTime:0.000124s ]
ERR: 无法加载模块:Favicon

[ 2016-11-03T18:53:54+08:00 ] 223.74.85.109 /favicon.ico
INFO: [ app_init ] --START--
INFO: Run Behavior\BuildLiteBehavior [ RunTime:0.000018s ]
INFO: [ app_init ] --END-- [ RunTime:0.000142s ]
ERR: 无法加载模块:Favicon

[ 2016-11-03T18:56:41+08:00 ] 117.136.79.187 /favicon.ico
INFO: [ app_init ] --START--
INFO: Run Behavior\BuildLiteBehavior [ RunTime:0.000018s ]
INFO: [ app_init ] --END-- [ RunTime:0.000145s ]
ERR: 无法加载模块:Favicon

[ 2016-11-03T18:56:44+08:00 ] 117.136.79.187 /favicon.ico
INFO: [ app_init ] --START--
INFO: Run Behavior\BuildLiteBehavior [ RunTime:0.000014s ]
INFO: [ app_init ] --END-- [ RunTime:0.000144s ]
ERR: 无法加载模块:Favicon

[ 2016-11-03T18:56:47+08:00 ] 117.136.79.187 /favicon.ico
INFO: [ app_init ] --START--
INFO: Run Behavior\BuildLiteBehavior [ RunTime:0.000015s ]
INFO: [ app_init ] --END-- [ RunTime:0.000143s ]
ERR: 无法加载模块:Favicon

[ 2016-11-03T18:56:55+08:00 ] 117.136.79.187 /favicon.ico
INFO: [ app_init ] --START--
INFO: Run Behavior\BuildLiteBehavior [ RunTime:0.000022s ]
INFO: [ app_init ] --END-- [ RunTime:0.000175s ]
ERR: 无法加载模块:Favicon

[ 2016-11-03T18:56:57+08:00 ] 117.136.79.187 /favicon.ico
INFO: [ app_init ] --START--
INFO: Run Behavior\BuildLiteBehavior [ RunTime:0.000018s ]
INFO: [ app_init ] --END-- [ RunTime:0.000144s ]
ERR: 无法加载模块:Favicon

[ 2016-11-03T18:57:01+08:00 ] 117.136.79.187 /favicon.ico
INFO: [ app_init ] --START--
INFO: Run Behavior\BuildLiteBehavior [ RunTime:0.000018s ]
INFO: [ app_init ] --END-- [ RunTime:0.000164s ]
ERR: 无法加载模块:Favicon

[ 2016-11-03T18:59:08+08:00 ] 117.136.79.187 /favicon.ico
INFO: [ app_init ] --START--
INFO: Run Behavior\BuildLiteBehavior [ RunTime:0.000015s ]
INFO: [ app_init ] --END-- [ RunTime:0.000153s ]
ERR: 无法加载模块:Favicon

[ 2016-11-03T19:20:44+08:00 ] 171.38.73.32 http://bbs.hometeda.com/thread-203270-1-1.html
INFO: [ app_init ] --START--
INFO: Run Behavior\BuildLiteBehavior [ RunTime:0.000018s ]
INFO: [ app_init ] --END-- [ RunTime:0.000167s ]
ERR: 无法加载模块:Thread-203270-1-1

[ 2016-11-03T19:25:27+08:00 ] 171.38.73.32 http://www.cdwjsq.com/thread-492969-1-1.html
INFO: [ app_init ] --START--
INFO: Run Behavior\BuildLiteBehavior [ RunTime:0.000020s ]
INFO: [ app_init ] --END-- [ RunTime:0.000196s ]
ERR: 无法加载模块:Thread-492969-1-1

[ 2016-11-03T19:28:21+08:00 ] 171.38.73.32 http://meehoo.net/forum.php?mod=viewthread&tid=107020&extra=
INFO: [ app_init ] --START--
INFO: Run Behavior\BuildLiteBehavior [ RunTime:0.000023s ]
INFO: [ app_init ] --END-- [ RunTime:0.000167s ]
ERR: 无法加载模块:Forum

[ 2016-11-03T19:30:20+08:00 ] 171.38.73.32 http://www.xxz.hn.cn/XXZ/forum.php?mod=viewthread&tid=203399&extra=
INFO: [ app_init ] --START--
INFO: Run Behavior\BuildLiteBehavior [ RunTime:0.000023s ]
INFO: [ app_init ] --END-- [ RunTime:0.000184s ]
ERR: 无法加载模块:XXZ

[ 2016-11-03T19:36:44+08:00 ] 171.38.73.32 http://www.92gai.com/read-htm-tid-23122-displayMode-1.html
INFO: [ app_init ] --START--
INFO: Run Behavior\BuildLiteBehavior [ RunTime:0.000016s ]
INFO: [ app_init ] --END-- [ RunTime:0.000138s ]
ERR: 无法加载模块:Read-htm-tid-23122-displayMode-1

[ 2016-11-03T20:30:08+08:00 ] 223.74.85.109 /favicon.ico
INFO: [ app_init ] --START--
INFO: Run Behavior\BuildLiteBehavior [ RunTime:0.000022s ]
INFO: [ app_init ] --END-- [ RunTime:0.000182s ]
ERR: 无法加载模块:Favicon

[ 2016-11-03T20:30:55+08:00 ] 223.74.85.109 /favicon.ico
INFO: [ app_init ] --START--
INFO: Run Behavior\BuildLiteBehavior [ RunTime:0.000016s ]
INFO: [ app_init ] --END-- [ RunTime:0.000142s ]
ERR: 无法加载模块:Favicon

[ 2016-11-03T20:30:56+08:00 ] 223.74.85.109 /favicon.ico
INFO: [ app_init ] --START--
INFO: Run Behavior\BuildLiteBehavior [ RunTime:0.000015s ]
INFO: [ app_init ] --END-- [ RunTime:0.000127s ]
ERR: 无法加载模块:Favicon

[ 2016-11-03T20:31:20+08:00 ] 223.74.85.109 /favicon.ico
INFO: [ app_init ] --START--
INFO: Run Behavior\BuildLiteBehavior [ RunTime:0.000014s ]
INFO: [ app_init ] --END-- [ RunTime:0.000121s ]
ERR: 无法加载模块:Favicon

[ 2016-11-03T20:31:22+08:00 ] 223.74.85.109 /favicon.ico
INFO: [ app_init ] --START--
INFO: Run Behavior\BuildLiteBehavior [ RunTime:0.000021s ]
INFO: [ app_init ] --END-- [ RunTime:0.000184s ]
ERR: 无法加载模块:Favicon

[ 2016-11-03T20:31:49+08:00 ] 223.74.85.109 /favicon.ico
INFO: [ app_init ] --START--
INFO: Run Behavior\BuildLiteBehavior [ RunTime:0.000015s ]
INFO: [ app_init ] --END-- [ RunTime:0.000135s ]
ERR: 无法加载模块:Favicon

[ 2016-11-03T20:31:50+08:00 ] 223.74.85.109 /favicon.ico
INFO: [ app_init ] --START--
INFO: Run Behavior\BuildLiteBehavior [ RunTime:0.000016s ]
INFO: [ app_init ] --END-- [ RunTime:0.000134s ]
ERR: 无法加载模块:Favicon

[ 2016-11-03T20:32:39+08:00 ] 223.74.85.109 /favicon.ico
INFO: [ app_init ] --START--
INFO: Run Behavior\BuildLiteBehavior [ RunTime:0.000021s ]
INFO: [ app_init ] --END-- [ RunTime:0.000144s ]
ERR: 无法加载模块:Favicon

[ 2016-11-03T20:33:18+08:00 ] 223.74.85.119 /favicon.ico
INFO: [ app_init ] --START--
INFO: Run Behavior\BuildLiteBehavior [ RunTime:0.000015s ]
INFO: [ app_init ] --END-- [ RunTime:0.000151s ]
ERR: 无法加载模块:Favicon

[ 2016-11-03T20:33:21+08:00 ] 223.74.85.119 /favicon.ico
INFO: [ app_init ] --START--
INFO: Run Behavior\BuildLiteBehavior [ RunTime:0.000015s ]
INFO: [ app_init ] --END-- [ RunTime:0.000126s ]
ERR: 无法加载模块:Favicon

[ 2016-11-03T20:33:26+08:00 ] 223.74.85.119 /favicon.ico
INFO: [ app_init ] --START--
INFO: Run Behavior\BuildLiteBehavior [ RunTime:0.000021s ]
INFO: [ app_init ] --END-- [ RunTime:0.000166s ]
ERR: 无法加载模块:Favicon

[ 2016-11-03T20:33:27+08:00 ] 223.74.85.119 /favicon.ico
INFO: [ app_init ] --START--
INFO: Run Behavior\BuildLiteBehavior [ RunTime:0.000015s ]
INFO: [ app_init ] --END-- [ RunTime:0.000126s ]
ERR: 无法加载模块:Favicon

[ 2016-11-03T20:33:28+08:00 ] 223.74.85.119 /favicon.ico
INFO: [ app_init ] --START--
INFO: Run Behavior\BuildLiteBehavior [ RunTime:0.000014s ]
INFO: [ app_init ] --END-- [ RunTime:0.000121s ]
ERR: 无法加载模块:Favicon

[ 2016-11-03T20:33:30+08:00 ] 223.74.85.119 /favicon.ico
INFO: [ app_init ] --START--
INFO: Run Behavior\BuildLiteBehavior [ RunTime:0.000017s ]
INFO: [ app_init ] --END-- [ RunTime:0.000140s ]
ERR: 无法加载模块:Favicon

[ 2016-11-03T20:33:36+08:00 ] 223.74.85.119 /favicon.ico
INFO: [ app_init ] --START--
INFO: Run Behavior\BuildLiteBehavior [ RunTime:0.000015s ]
INFO: [ app_init ] --END-- [ RunTime:0.000131s ]
ERR: 无法加载模块:Favicon

[ 2016-11-03T20:33:39+08:00 ] 223.74.85.119 /favicon.ico
INFO: [ app_init ] --START--
INFO: Run Behavior\BuildLiteBehavior [ RunTime:0.000023s ]
INFO: [ app_init ] --END-- [ RunTime:0.000158s ]
ERR: 无法加载模块:Favicon

[ 2016-11-03T20:33:42+08:00 ] 223.74.85.119 /favicon.ico
INFO: [ app_init ] --START--
INFO: Run Behavior\BuildLiteBehavior [ RunTime:0.000021s ]
INFO: [ app_init ] --END-- [ RunTime:0.000162s ]
ERR: 无法加载模块:Favicon

[ 2016-11-03T20:33:45+08:00 ] 223.74.85.119 /favicon.ico
INFO: [ app_init ] --START--
INFO: Run Behavior\BuildLiteBehavior [ RunTime:0.000015s ]
INFO: [ app_init ] --END-- [ RunTime:0.000123s ]
ERR: 无法加载模块:Favicon

[ 2016-11-03T20:34:48+08:00 ] 223.74.85.109 /favicon.ico
INFO: [ app_init ] --START--
INFO: Run Behavior\BuildLiteBehavior [ RunTime:0.000021s ]
INFO: [ app_init ] --END-- [ RunTime:0.000185s ]
ERR: 无法加载模块:Favicon

[ 2016-11-03T20:34:57+08:00 ] 223.74.85.109 /favicon.ico
INFO: [ app_init ] --START--
INFO: Run Behavior\BuildLiteBehavior [ RunTime:0.000042s ]
INFO: [ app_init ] --END-- [ RunTime:0.000198s ]
ERR: 无法加载模块:Favicon

[ 2016-11-03T20:35:25+08:00 ] 223.74.85.119 /favicon.ico
INFO: [ app_init ] --START--
INFO: Run Behavior\BuildLiteBehavior [ RunTime:0.000020s ]
INFO: [ app_init ] --END-- [ RunTime:0.000169s ]
ERR: 无法加载模块:Favicon

[ 2016-11-03T20:35:44+08:00 ] 223.74.85.119 /favicon.ico
INFO: [ app_init ] --START--
INFO: Run Behavior\BuildLiteBehavior [ RunTime:0.000015s ]
INFO: [ app_init ] --END-- [ RunTime:0.000119s ]
ERR: 无法加载模块:Favicon

[ 2016-11-03T20:35:51+08:00 ] 223.74.85.119 /favicon.ico
INFO: [ app_init ] --START--
INFO: Run Behavior\BuildLiteBehavior [ RunTime:0.000015s ]
INFO: [ app_init ] --END-- [ RunTime:0.000140s ]
ERR: 无法加载模块:Favicon

[ 2016-11-03T20:36:21+08:00 ] 223.74.85.119 /favicon.ico
INFO: [ app_init ] --START--
INFO: Run Behavior\BuildLiteBehavior [ RunTime:0.000023s ]
INFO: [ app_init ] --END-- [ RunTime:0.000176s ]
ERR: 无法加载模块:Favicon

[ 2016-11-03T20:37:25+08:00 ] 223.74.85.119 /favicon.ico
INFO: [ app_init ] --START--
INFO: Run Behavior\BuildLiteBehavior [ RunTime:0.000019s ]
INFO: [ app_init ] --END-- [ RunTime:0.000132s ]
ERR: 无法加载模块:Favicon

[ 2016-11-03T20:37:27+08:00 ] 223.74.85.119 /favicon.ico
INFO: [ app_init ] --START--
INFO: Run Behavior\BuildLiteBehavior [ RunTime:0.000017s ]
INFO: [ app_init ] --END-- [ RunTime:0.000152s ]
ERR: 无法加载模块:Favicon

[ 2016-11-03T20:37:30+08:00 ] 223.74.85.119 /favicon.ico
INFO: [ app_init ] --START--
INFO: Run Behavior\BuildLiteBehavior [ RunTime:0.000015s ]
INFO: [ app_init ] --END-- [ RunTime:0.000131s ]
ERR: 无法加载模块:Favicon

[ 2016-11-03T20:37:34+08:00 ] 223.74.85.119 /favicon.ico
INFO: [ app_init ] --START--
INFO: Run Behavior\BuildLiteBehavior [ RunTime:0.000021s ]
INFO: [ app_init ] --END-- [ RunTime:0.000174s ]
ERR: 无法加载模块:Favicon

[ 2016-11-03T20:37:44+08:00 ] 223.74.85.119 /favicon.ico
INFO: [ app_init ] --START--
INFO: Run Behavior\BuildLiteBehavior [ RunTime:0.000014s ]
INFO: [ app_init ] --END-- [ RunTime:0.000122s ]
ERR: 无法加载模块:Favicon

[ 2016-11-03T20:37:45+08:00 ] 223.74.85.119 /favicon.ico
INFO: [ app_init ] --START--
INFO: Run Behavior\BuildLiteBehavior [ RunTime:0.000028s ]
INFO: [ app_init ] --END-- [ RunTime:0.000167s ]
ERR: 无法加载模块:Favicon

[ 2016-11-03T20:39:08+08:00 ] 223.74.85.119 /favicon.ico
INFO: [ app_init ] --START--
INFO: Run Behavior\BuildLiteBehavior [ RunTime:0.000015s ]
INFO: [ app_init ] --END-- [ RunTime:0.000130s ]
ERR: 无法加载模块:Favicon

[ 2016-11-03T20:39:10+08:00 ] 223.74.85.119 /favicon.ico
INFO: [ app_init ] --START--
INFO: Run Behavior\BuildLiteBehavior [ RunTime:0.000014s ]
INFO: [ app_init ] --END-- [ RunTime:0.000117s ]
ERR: 无法加载模块:Favicon

[ 2016-11-03T20:39:11+08:00 ] 223.74.85.119 /favicon.ico
INFO: [ app_init ] --START--
INFO: Run Behavior\BuildLiteBehavior [ RunTime:0.000016s ]
INFO: [ app_init ] --END-- [ RunTime:0.000120s ]
ERR: 无法加载模块:Favicon

[ 2016-11-03T20:39:12+08:00 ] 223.74.85.119 /favicon.ico
INFO: [ app_init ] --START--
INFO: Run Behavior\BuildLiteBehavior [ RunTime:0.000021s ]
INFO: [ app_init ] --END-- [ RunTime:0.000173s ]
ERR: 无法加载模块:Favicon

[ 2016-11-03T20:40:41+08:00 ] 223.74.85.119 /favicon.ico
INFO: [ app_init ] --START--
INFO: Run Behavior\BuildLiteBehavior [ RunTime:0.000015s ]
INFO: [ app_init ] --END-- [ RunTime:0.000132s ]
ERR: 无法加载模块:Favicon

[ 2016-11-03T20:40:41+08:00 ] 223.74.85.119 /favicon.ico
INFO: [ app_init ] --START--
INFO: Run Behavior\BuildLiteBehavior [ RunTime:0.000016s ]
INFO: [ app_init ] --END-- [ RunTime:0.000151s ]
ERR: 无法加载模块:Favicon

[ 2016-11-03T20:41:42+08:00 ] 223.74.85.119 /favicon.ico
INFO: [ app_init ] --START--
INFO: Run Behavior\BuildLiteBehavior [ RunTime:0.000021s ]
INFO: [ app_init ] --END-- [ RunTime:0.000173s ]
ERR: 无法加载模块:Favicon

[ 2016-11-03T20:41:45+08:00 ] 223.74.85.119 /favicon.ico
INFO: [ app_init ] --START--
INFO: Run Behavior\BuildLiteBehavior [ RunTime:0.000020s ]
INFO: [ app_init ] --END-- [ RunTime:0.000179s ]
ERR: 无法加载模块:Favicon

[ 2016-11-03T20:41:50+08:00 ] 223.74.85.119 /favicon.ico
INFO: [ app_init ] --START--
INFO: Run Behavior\BuildLiteBehavior [ RunTime:0.000015s ]
INFO: [ app_init ] --END-- [ RunTime:0.000117s ]
ERR: 无法加载模块:Favicon

[ 2016-11-03T20:41:55+08:00 ] 223.74.85.119 /favicon.ico
INFO: [ app_init ] --START--
INFO: Run Behavior\BuildLiteBehavior [ RunTime:0.000015s ]
INFO: [ app_init ] --END-- [ RunTime:0.000123s ]
ERR: 无法加载模块:Favicon

[ 2016-11-03T20:41:59+08:00 ] 223.74.85.119 /favicon.ico
INFO: [ app_init ] --START--
INFO: Run Behavior\BuildLiteBehavior [ RunTime:0.000014s ]
INFO: [ app_init ] --END-- [ RunTime:0.000117s ]
ERR: 无法加载模块:Favicon

[ 2016-11-03T20:42:00+08:00 ] 223.74.85.119 /favicon.ico
INFO: [ app_init ] --START--
INFO: Run Behavior\BuildLiteBehavior [ RunTime:0.000016s ]
INFO: [ app_init ] --END-- [ RunTime:0.000137s ]
ERR: 无法加载模块:Favicon

[ 2016-11-03T20:42:22+08:00 ] 223.74.85.109 /favicon.ico
INFO: [ app_init ] --START--
INFO: Run Behavior\BuildLiteBehavior [ RunTime:0.000015s ]
INFO: [ app_init ] --END-- [ RunTime:0.000120s ]
ERR: 无法加载模块:Favicon

[ 2016-11-03T20:42:22+08:00 ] 223.74.85.109 /favicon.ico
INFO: [ app_init ] --START--
INFO: Run Behavior\BuildLiteBehavior [ RunTime:0.000024s ]
INFO: [ app_init ] --END-- [ RunTime:0.000202s ]
ERR: 无法加载模块:Favicon

[ 2016-11-03T20:42:25+08:00 ] 223.74.85.109 /favicon.ico
INFO: [ app_init ] --START--
INFO: Run Behavior\BuildLiteBehavior [ RunTime:0.000022s ]
INFO: [ app_init ] --END-- [ RunTime:0.000175s ]
ERR: 无法加载模块:Favicon

[ 2016-11-03T20:42:40+08:00 ] 223.74.85.109 /phpAdmin
INFO: [ app_init ] --START--
INFO: Run Behavior\BuildLiteBehavior [ RunTime:0.000015s ]
INFO: [ app_init ] --END-- [ RunTime:0.000132s ]
ERR: 无法加载模块:PhpAdmin

[ 2016-11-03T20:42:40+08:00 ] 223.74.85.109 /favicon.ico
INFO: [ app_init ] --START--
INFO: Run Behavior\BuildLiteBehavior [ RunTime:0.000023s ]
INFO: [ app_init ] --END-- [ RunTime:0.000138s ]
ERR: 无法加载模块:Favicon

[ 2016-11-03T20:42:47+08:00 ] 223.74.85.109 /phpAdmine
INFO: [ app_init ] --START--
INFO: Run Behavior\BuildLiteBehavior [ RunTime:0.000018s ]
INFO: [ app_init ] --END-- [ RunTime:0.000142s ]
ERR: 无法加载模块:PhpAdmine

[ 2016-11-03T20:42:54+08:00 ] 223.74.85.109 /phpadmine
INFO: [ app_init ] --START--
INFO: Run Behavior\BuildLiteBehavior [ RunTime:0.000015s ]
INFO: [ app_init ] --END-- [ RunTime:0.000120s ]
ERR: 无法加载模块:Phpadmine

[ 2016-11-03T20:43:03+08:00 ] 223.74.85.109 /phpmyadmine
INFO: [ app_init ] --START--
INFO: Run Behavior\BuildLiteBehavior [ RunTime:0.000021s ]
INFO: [ app_init ] --END-- [ RunTime:0.000174s ]
ERR: 无法加载模块:Phpmyadmine

[ 2016-11-03T20:43:12+08:00 ] 223.74.85.109 /phpMyadmine
INFO: [ app_init ] --START--
INFO: Run Behavior\BuildLiteBehavior [ RunTime:0.000021s ]
INFO: [ app_init ] --END-- [ RunTime:0.000144s ]
ERR: 无法加载模块:PhpMyadmine

[ 2016-11-03T20:43:18+08:00 ] 223.74.85.109 /phpMyAdmine
INFO: [ app_init ] --START--
INFO: Run Behavior\BuildLiteBehavior [ RunTime:0.000015s ]
INFO: [ app_init ] --END-- [ RunTime:0.000130s ]
ERR: 无法加载模块:PhpMyAdmine

[ 2016-11-03T20:44:43+08:00 ] 223.74.85.109 /phpMyadmin
INFO: [ app_init ] --START--
INFO: Run Behavior\BuildLiteBehavior [ RunTime:0.000016s ]
INFO: [ app_init ] --END-- [ RunTime:0.000150s ]
ERR: 无法加载模块:PhpMyadmin

[ 2016-11-03T20:49:44+08:00 ] 171.38.73.32 http://www.ngwy.org/thread-38482-1-1.html
INFO: [ app_init ] --START--
INFO: Run Behavior\BuildLiteBehavior [ RunTime:0.000020s ]
INFO: [ app_init ] --END-- [ RunTime:0.000178s ]
ERR: 无法加载模块:Thread-38482-1-1

[ 2016-11-03T20:50:03+08:00 ] 171.38.73.32 http://bbs.tianya.cn/post-stocks-1801460-1.shtml
INFO: [ app_init ] --START--
INFO: Run Behavior\BuildLiteBehavior [ RunTime:0.000015s ]
INFO: [ app_init ] --END-- [ RunTime:0.000149s ]
ERR: 无法加载模块:Post-stocks-1801460-1

[ 2016-11-03T20:50:57+08:00 ] 117.136.41.119 /favicon.ico
INFO: [ app_init ] --START--
INFO: Run Behavior\BuildLiteBehavior [ RunTime:0.000023s ]
INFO: [ app_init ] --END-- [ RunTime:0.000181s ]
ERR: 无法加载模块:Favicon

[ 2016-11-03T20:52:42+08:00 ] 223.74.85.109 /favicon.ico
INFO: [ app_init ] --START--
INFO: Run Behavior\BuildLiteBehavior [ RunTime:0.000016s ]
INFO: [ app_init ] --END-- [ RunTime:0.000134s ]
ERR: 无法加载模块:Favicon

[ 2016-11-03T20:52:43+08:00 ] 223.74.85.109 /favicon.ico
INFO: [ app_init ] --START--
INFO: Run Behavior\BuildLiteBehavior [ RunTime:0.000014s ]
INFO: [ app_init ] --END-- [ RunTime:0.000118s ]
ERR: 无法加载模块:Favicon

[ 2016-11-03T20:54:51+08:00 ] 223.74.85.109 /favicon.ico
INFO: [ app_init ] --START--
INFO: Run Behavior\BuildLiteBehavior [ RunTime:0.000016s ]
INFO: [ app_init ] --END-- [ RunTime:0.000144s ]
ERR: 无法加载模块:Favicon

[ 2016-11-03T20:54:53+08:00 ] 223.74.85.109 /favicon.ico
INFO: [ app_init ] --START--
INFO: Run Behavior\BuildLiteBehavior [ RunTime:0.000015s ]
INFO: [ app_init ] --END-- [ RunTime:0.000128s ]
ERR: 无法加载模块:Favicon

[ 2016-11-03T20:54:54+08:00 ] 223.74.85.109 /favicon.ico
INFO: [ app_init ] --START--
INFO: Run Behavior\BuildLiteBehavior [ RunTime:0.000021s ]
INFO: [ app_init ] --END-- [ RunTime:0.000181s ]
ERR: 无法加载模块:Favicon

[ 2016-11-03T20:54:55+08:00 ] 223.74.85.109 /favicon.ico
INFO: [ app_init ] --START--
INFO: Run Behavior\BuildLiteBehavior [ RunTime:0.000015s ]
INFO: [ app_init ] --END-- [ RunTime:0.000122s ]
ERR: 无法加载模块:Favicon

[ 2016-11-03T20:54:57+08:00 ] 223.74.85.109 /favicon.ico
INFO: [ app_init ] --START--
INFO: Run Behavior\BuildLiteBehavior [ RunTime:0.000023s ]
INFO: [ app_init ] --END-- [ RunTime:0.000201s ]
ERR: 无法加载模块:Favicon

[ 2016-11-03T20:54:59+08:00 ] 223.74.85.109 /favicon.ico
INFO: [ app_init ] --START--
INFO: Run Behavior\BuildLiteBehavior [ RunTime:0.000021s ]
INFO: [ app_init ] --END-- [ RunTime:0.000169s ]
ERR: 无法加载模块:Favicon

[ 2016-11-03T20:55:28+08:00 ] 223.74.85.109 /favicon.ico
INFO: [ app_init ] --START--
INFO: Run Behavior\BuildLiteBehavior [ RunTime:0.000014s ]
INFO: [ app_init ] --END-- [ RunTime:0.000121s ]
ERR: 无法加载模块:Favicon

[ 2016-11-03T20:55:30+08:00 ] 223.74.85.109 /favicon.ico
INFO: [ app_init ] --START--
INFO: Run Behavior\BuildLiteBehavior [ RunTime:0.000014s ]
INFO: [ app_init ] --END-- [ RunTime:0.000135s ]
ERR: 无法加载模块:Favicon

[ 2016-11-03T20:55:32+08:00 ] 223.74.85.109 /favicon.ico
INFO: [ app_init ] --START--
INFO: Run Behavior\BuildLiteBehavior [ RunTime:0.000015s ]
INFO: [ app_init ] --END-- [ RunTime:0.000121s ]
ERR: 无法加载模块:Favicon

[ 2016-11-03T20:55:33+08:00 ] 223.74.85.109 /favicon.ico
INFO: [ app_init ] --START--
INFO: Run Behavior\BuildLiteBehavior [ RunTime:0.000015s ]
INFO: [ app_init ] --END-- [ RunTime:0.000182s ]
ERR: 无法加载模块:Favicon

[ 2016-11-03T20:55:49+08:00 ] 223.74.85.109 /favicon.ico
INFO: [ app_init ] --START--
INFO: Run Behavior\BuildLiteBehavior [ RunTime:0.000016s ]
INFO: [ app_init ] --END-- [ RunTime:0.000132s ]
ERR: 无法加载模块:Favicon

[ 2016-11-03T20:56:03+08:00 ] 223.74.85.109 /favicon.ico
INFO: [ app_init ] --START--
INFO: Run Behavior\BuildLiteBehavior [ RunTime:0.000020s ]
INFO: [ app_init ] --END-- [ RunTime:0.000168s ]
ERR: 无法加载模块:Favicon

[ 2016-11-03T20:56:14+08:00 ] 171.38.73.32 http://bbs.tianya.cn/post-stocks-1801460-1.shtml
INFO: [ app_init ] --START--
INFO: Run Behavior\BuildLiteBehavior [ RunTime:0.000020s ]
INFO: [ app_init ] --END-- [ RunTime:0.000173s ]
ERR: 无法加载模块:Post-stocks-1801460-1

[ 2016-11-03T20:56:17+08:00 ] 223.74.85.109 /favicon.ico
INFO: [ app_init ] --START--
INFO: Run Behavior\BuildLiteBehavior [ RunTime:0.000024s ]
INFO: [ app_init ] --END-- [ RunTime:0.000176s ]
ERR: 无法加载模块:Favicon

[ 2016-11-03T20:56:17+08:00 ] 223.74.85.109 /favicon.ico
INFO: [ app_init ] --START--
INFO: Run Behavior\BuildLiteBehavior [ RunTime:0.000023s ]
INFO: [ app_init ] --END-- [ RunTime:0.000166s ]
ERR: 无法加载模块:Favicon

[ 2016-11-03T21:10:13+08:00 ] 223.74.85.109 /favicon.ico
INFO: [ app_init ] --START--
INFO: Run Behavior\BuildLiteBehavior [ RunTime:0.000015s ]
INFO: [ app_init ] --END-- [ RunTime:0.000122s ]
ERR: 无法加载模块:Favicon

[ 2016-11-03T21:11:30+08:00 ] 171.38.73.32 http://napi.uc.cn/3/classes/article/objects/564431e3c17b4925b1a7b426c4f0961c!!wm_id=4f0ef2e85ee543158883084260e43603/incrs/readtimes?_ch=readtimes&_app_id=cbd10b7b69994dca92e04fe00c05b8c2&_fetch=1&_fetch_incrs=1&_=1478178638368
INFO: [ app_init ] --START--
INFO: Run Behavior\BuildLiteBehavior [ RunTime:0.000015s ]
INFO: [ app_init ] --END-- [ RunTime:0.000135s ]
ERR: 无法加载模块:3

[ 2016-11-03T21:13:48+08:00 ] 101.226.35.225 /favicon.ico
INFO: [ app_init ] --START--
INFO: Run Behavior\BuildLiteBehavior [ RunTime:0.000021s ]
INFO: [ app_init ] --END-- [ RunTime:0.000152s ]
ERR: 无法加载模块:Favicon

[ 2016-11-03T21:13:48+08:00 ] 101.226.35.225 /favicon.ico
INFO: [ app_init ] --START--
INFO: Run Behavior\BuildLiteBehavior [ RunTime:0.000015s ]
INFO: [ app_init ] --END-- [ RunTime:0.000123s ]
ERR: 无法加载模块:Favicon

[ 2016-11-03T21:13:49+08:00 ] 101.226.35.225 /favicon.ico
INFO: [ app_init ] --START--
INFO: Run Behavior\BuildLiteBehavior [ RunTime:0.000028s ]
INFO: [ app_init ] --END-- [ RunTime:0.000141s ]
ERR: 无法加载模块:Favicon

[ 2016-11-03T21:13:51+08:00 ] 171.38.73.32 http://www.92gai.com/read-htm-tid-23122-displayMode-1.html
INFO: [ app_init ] --START--
INFO: Run Behavior\BuildLiteBehavior [ RunTime:0.000014s ]
INFO: [ app_init ] --END-- [ RunTime:0.000118s ]
ERR: 无法加载模块:Read-htm-tid-23122-displayMode-1

[ 2016-11-03T21:17:20+08:00 ] 171.38.73.32 http://www.92gai.com/read-htm-tid-23122-displayMode-1.html
INFO: [ app_init ] --START--
INFO: Run Behavior\BuildLiteBehavior [ RunTime:0.000020s ]
INFO: [ app_init ] --END-- [ RunTime:0.000160s ]
ERR: 无法加载模块:Read-htm-tid-23122-displayMode-1

[ 2016-11-03T21:17:33+08:00 ] 223.74.85.119 /favicon.ico
INFO: [ app_init ] --START--
INFO: Run Behavior\BuildLiteBehavior [ RunTime:0.000015s ]
INFO: [ app_init ] --END-- [ RunTime:0.000142s ]
ERR: 无法加载模块:Favicon

[ 2016-11-03T21:17:33+08:00 ] 223.74.85.119 /favicon.ico
INFO: [ app_init ] --START--
INFO: Run Behavior\BuildLiteBehavior [ RunTime:0.000018s ]
INFO: [ app_init ] --END-- [ RunTime:0.000168s ]
ERR: 无法加载模块:Favicon

[ 2016-11-03T21:19:35+08:00 ] 223.74.85.119 /favicon.ico
INFO: [ app_init ] --START--
INFO: Run Behavior\BuildLiteBehavior [ RunTime:0.000021s ]
INFO: [ app_init ] --END-- [ RunTime:0.000138s ]
ERR: 无法加载模块:Favicon

[ 2016-11-03T21:19:54+08:00 ] 223.74.85.119 /favicon.ico
INFO: [ app_init ] --START--
INFO: Run Behavior\BuildLiteBehavior [ RunTime:0.000015s ]
INFO: [ app_init ] --END-- [ RunTime:0.000129s ]
ERR: 无法加载模块:Favicon

[ 2016-11-03T21:19:56+08:00 ] 223.74.85.119 /favicon.ico
INFO: [ app_init ] --START--
INFO: Run Behavior\BuildLiteBehavior [ RunTime:0.000021s ]
INFO: [ app_init ] --END-- [ RunTime:0.000166s ]
ERR: 无法加载模块:Favicon

[ 2016-11-03T21:19:56+08:00 ] 223.74.85.119 /favicon.ico
INFO: [ app_init ] --START--
INFO: Run Behavior\BuildLiteBehavior [ RunTime:0.000015s ]
INFO: [ app_init ] --END-- [ RunTime:0.000118s ]
ERR: 无法加载模块:Favicon

[ 2016-11-03T21:20:06+08:00 ] 223.74.85.119 /favicon.ico
INFO: [ app_init ] --START--
INFO: Run Behavior\BuildLiteBehavior [ RunTime:0.000036s ]
INFO: [ app_init ] --END-- [ RunTime:0.000181s ]
ERR: 无法加载模块:Favicon

[ 2016-11-03T21:23:02+08:00 ] 223.74.85.119 /favicon.ico
INFO: [ app_init ] --START--
INFO: Run Behavior\BuildLiteBehavior [ RunTime:0.000015s ]
INFO: [ app_init ] --END-- [ RunTime:0.000135s ]
ERR: 无法加载模块:Favicon

[ 2016-11-03T21:23:04+08:00 ] 223.74.85.119 /favicon.ico
INFO: [ app_init ] --START--
INFO: Run Behavior\BuildLiteBehavior [ RunTime:0.000015s ]
INFO: [ app_init ] --END-- [ RunTime:0.000132s ]
ERR: 无法加载模块:Favicon

[ 2016-11-03T21:23:54+08:00 ] 120.239.147.139 /favicon.ico
INFO: [ app_init ] --START--
INFO: Run Behavior\BuildLiteBehavior [ RunTime:0.000019s ]
INFO: [ app_init ] --END-- [ RunTime:0.000148s ]
ERR: 无法加载模块:Favicon

[ 2016-11-03T21:24:00+08:00 ] 120.239.147.139 /favicon.ico
INFO: [ app_init ] --START--
INFO: Run Behavior\BuildLiteBehavior [ RunTime:0.000016s ]
INFO: [ app_init ] --END-- [ RunTime:0.000181s ]
ERR: 无法加载模块:Favicon

[ 2016-11-03T21:24:06+08:00 ] 120.239.147.139 /favicon.ico
INFO: [ app_init ] --START--
INFO: Run Behavior\BuildLiteBehavior [ RunTime:0.000021s ]
INFO: [ app_init ] --END-- [ RunTime:0.000187s ]
ERR: 无法加载模块:Favicon

[ 2016-11-03T21:24:11+08:00 ] 120.239.147.139 /favicon.ico
INFO: [ app_init ] --START--
INFO: Run Behavior\BuildLiteBehavior [ RunTime:0.000023s ]
INFO: [ app_init ] --END-- [ RunTime:0.000195s ]
ERR: 无法加载模块:Favicon

[ 2016-11-03T21:24:17+08:00 ] 223.74.85.119 /favicon.ico
INFO: [ app_init ] --START--
INFO: Run Behavior\BuildLiteBehavior [ RunTime:0.000017s ]
INFO: [ app_init ] --END-- [ RunTime:0.000128s ]
ERR: 无法加载模块:Favicon

[ 2016-11-03T21:31:27+08:00 ] 171.38.73.32 http://napi.uc.cn/3/classes/article/objects/564431e3c17b4925b1a7b426c4f0961c!!wm_id=4f0ef2e85ee543158883084260e43603/incrs/readtimes?_ch=readtimes&_app_id=cbd10b7b69994dca92e04fe00c05b8c2&_fetch=1&_fetch_incrs=1&_=1478179835252
INFO: [ app_init ] --START--
INFO: Run Behavior\BuildLiteBehavior [ RunTime:0.000031s ]
INFO: [ app_init ] --END-- [ RunTime:0.000217s ]
ERR: 无法加载模块:3

[ 2016-11-03T21:32:52+08:00 ] 171.38.73.32 http://www.92gai.com/read-htm-tid-23122-displayMode-1.html
INFO: [ app_init ] --START--
INFO: Run Behavior\BuildLiteBehavior [ RunTime:0.000018s ]
INFO: [ app_init ] --END-- [ RunTime:0.000140s ]
ERR: 无法加载模块:Read-htm-tid-23122-displayMode-1

[ 2016-11-03T21:33:10+08:00 ] 171.38.73.32 http://napi.uc.cn/3/classes/article/objects/564431e3c17b4925b1a7b426c4f0961c!!wm_id=4f0ef2e85ee543158883084260e43603/incrs/readtimes?_ch=readtimes&_app_id=cbd10b7b69994dca92e04fe00c05b8c2&_fetch=1&_fetch_incrs=1&_=1478179938748
INFO: [ app_init ] --START--
INFO: Run Behavior\BuildLiteBehavior [ RunTime:0.000021s ]
INFO: [ app_init ] --END-- [ RunTime:0.000180s ]
ERR: 无法加载模块:3

[ 2016-11-03T21:40:12+08:00 ] 171.38.73.32 http://www.92gai.com/read-htm-tid-23122-displayMode-1.html
INFO: [ app_init ] --START--
INFO: Run Behavior\BuildLiteBehavior [ RunTime:0.000015s ]
INFO: [ app_init ] --END-- [ RunTime:0.000125s ]
ERR: 无法加载模块:Read-htm-tid-23122-displayMode-1

[ 2016-11-03T21:45:18+08:00 ] 171.38.73.32 http://napi.uc.cn/3/classes/article/objects/564431e3c17b4925b1a7b426c4f0961c!!wm_id=4f0ef2e85ee543158883084260e43603/incrs/readtimes?_ch=readtimes&_app_id=cbd10b7b69994dca92e04fe00c05b8c2&_fetch=1&_fetch_incrs=1&_=1478180666188
INFO: [ app_init ] --START--
INFO: Run Behavior\BuildLiteBehavior [ RunTime:0.000021s ]
INFO: [ app_init ] --END-- [ RunTime:0.000153s ]
ERR: 无法加载模块:3

[ 2016-11-03T21:46:29+08:00 ] 171.38.73.32 http://www.92gai.com/read-htm-tid-23122-displayMode-1.html
INFO: [ app_init ] --START--
INFO: Run Behavior\BuildLiteBehavior [ RunTime:0.000020s ]
INFO: [ app_init ] --END-- [ RunTime:0.000156s ]
ERR: 无法加载模块:Read-htm-tid-23122-displayMode-1

[ 2016-11-03T21:46:32+08:00 ] 171.38.73.32 http://napi.uc.cn/3/classes/article/objects/564431e3c17b4925b1a7b426c4f0961c!!wm_id=4f0ef2e85ee543158883084260e43603/incrs/readtimes?_ch=readtimes&_app_id=cbd10b7b69994dca92e04fe00c05b8c2&_fetch=1&_fetch_incrs=1&_=1478180740103
INFO: [ app_init ] --START--
INFO: Run Behavior\BuildLiteBehavior [ RunTime:0.000020s ]
INFO: [ app_init ] --END-- [ RunTime:0.000170s ]
ERR: 无法加载模块:3

[ 2016-11-03T21:52:45+08:00 ] 171.38.73.32 http://blog.cnfol.com/jinminglunjin66/article/1478145714-121352331.html
INFO: [ app_init ] --START--
INFO: Run Behavior\BuildLiteBehavior [ RunTime:0.000029s ]
INFO: [ app_init ] --END-- [ RunTime:0.000147s ]
ERR: 无法加载模块:Jinminglunjin66

[ 2016-11-03T21:53:22+08:00 ] 171.38.73.32 http://blog.cnfol.com/jinminglunjin66/article/1478145714-121352331.html
INFO: [ app_init ] --START--
INFO: Run Behavior\BuildLiteBehavior [ RunTime:0.000015s ]
INFO: [ app_init ] --END-- [ RunTime:0.000121s ]
ERR: 无法加载模块:Jinminglunjin66

[ 2016-11-03T21:55:15+08:00 ] 171.38.73.32 http://napi.uc.cn/3/classes/article/objects/564431e3c17b4925b1a7b426c4f0961c!!wm_id=4f0ef2e85ee543158883084260e43603/incrs/readtimes?_ch=readtimes&_app_id=cbd10b7b69994dca92e04fe00c05b8c2&_fetch=1&_fetch_incrs=1&_=1478181263237
INFO: [ app_init ] --START--
INFO: Run Behavior\BuildLiteBehavior [ RunTime:0.000016s ]
INFO: [ app_init ] --END-- [ RunTime:0.000145s ]
ERR: 无法加载模块:3

[ 2016-11-03T21:57:49+08:00 ] 171.38.73.32 http://blog.cnfol.com/jinminglunjin66/article/1478145714-121352331.html
INFO: [ app_init ] --START--
INFO: Run Behavior\BuildLiteBehavior [ RunTime:0.000023s ]
INFO: [ app_init ] --END-- [ RunTime:0.000209s ]
ERR: 无法加载模块:Jinminglunjin66

[ 2016-11-03T22:03:43+08:00 ] 171.38.73.32 http://blog.cnfol.com/jinminglunjin66/article/1478101522-123390566.html
INFO: [ app_init ] --START--
INFO: Run Behavior\BuildLiteBehavior [ RunTime:0.000021s ]
INFO: [ app_init ] --END-- [ RunTime:0.000171s ]
ERR: 无法加载模块:Jinminglunjin66

[ 2016-11-03T22:11:40+08:00 ] 171.38.73.32 http://napi.uc.cn/3/classes/article/objects/564431e3c17b4925b1a7b426c4f0961c!!wm_id=4f0ef2e85ee543158883084260e43603/incrs/readtimes?_ch=readtimes&_app_id=cbd10b7b69994dca92e04fe00c05b8c2&_fetch=1&_fetch_incrs=1&_=1478182248603
INFO: [ app_init ] --START--
INFO: Run Behavior\BuildLiteBehavior [ RunTime:0.000015s ]
INFO: [ app_init ] --END-- [ RunTime:0.000121s ]
ERR: 无法加载模块:3

[ 2016-11-03T22:16:17+08:00 ] 171.38.73.32 http://napi.uc.cn/3/classes/article/objects/564431e3c17b4925b1a7b426c4f0961c!!wm_id=4f0ef2e85ee543158883084260e43603/incrs/readtimes?_ch=readtimes&_app_id=cbd10b7b69994dca92e04fe00c05b8c2&_fetch=1&_fetch_incrs=1&_=1478182525726
INFO: [ app_init ] --START--
INFO: Run Behavior\BuildLiteBehavior [ RunTime:0.000016s ]
INFO: [ app_init ] --END-- [ RunTime:0.000233s ]
ERR: 无法加载模块:3

[ 2016-11-03T22:32:20+08:00 ] 223.74.85.119 /favicon.ico
INFO: [ app_init ] --START--
INFO: Run Behavior\BuildLiteBehavior [ RunTime:0.000014s ]
INFO: [ app_init ] --END-- [ RunTime:0.000181s ]
ERR: 无法加载模块:Favicon

[ 2016-11-03T22:34:06+08:00 ] 117.136.32.26 /favicon.ico
INFO: [ app_init ] --START--
INFO: Run Behavior\BuildLiteBehavior [ RunTime:0.000020s ]
INFO: [ app_init ] --END-- [ RunTime:0.000166s ]
ERR: 无法加载模块:Favicon

[ 2016-11-03T22:35:04+08:00 ] 223.74.85.119 /favicon.ico
INFO: [ app_init ] --START--
INFO: Run Behavior\BuildLiteBehavior [ RunTime:0.000020s ]
INFO: [ app_init ] --END-- [ RunTime:0.000168s ]
ERR: 无法加载模块:Favicon

[ 2016-11-03T22:37:27+08:00 ] 117.136.32.26 /favicon.ico
INFO: [ app_init ] --START--
INFO: Run Behavior\BuildLiteBehavior [ RunTime:0.000016s ]
INFO: [ app_init ] --END-- [ RunTime:0.000121s ]
ERR: 无法加载模块:Favicon

[ 2016-11-03T22:47:37+08:00 ] 14.152.69.145 /favicon.ico
INFO: [ app_init ] --START--
INFO: Run Behavior\BuildLiteBehavior [ RunTime:0.000021s ]
INFO: [ app_init ] --END-- [ RunTime:0.000175s ]
ERR: 无法加载模块:Favicon

[ 2016-11-03T22:47:40+08:00 ] 120.239.147.199 /favicon.ico
INFO: [ app_init ] --START--
INFO: Run Behavior\BuildLiteBehavior [ RunTime:0.000022s ]
INFO: [ app_init ] --END-- [ RunTime:0.000137s ]
ERR: 无法加载模块:Favicon

[ 2016-11-03T22:47:42+08:00 ] 120.239.147.199 /favicon.ico
INFO: [ app_init ] --START--
INFO: Run Behavior\BuildLiteBehavior [ RunTime:0.000015s ]
INFO: [ app_init ] --END-- [ RunTime:0.000120s ]
ERR: 无法加载模块:Favicon

[ 2016-11-03T22:47:55+08:00 ] 120.239.147.199 /favicon.ico
INFO: [ app_init ] --START--
INFO: Run Behavior\BuildLiteBehavior [ RunTime:0.000015s ]
INFO: [ app_init ] --END-- [ RunTime:0.000127s ]
ERR: 无法加载模块:Favicon

[ 2016-11-03T22:48:19+08:00 ] 120.239.147.199 /favicon.ico
INFO: [ app_init ] --START--
INFO: Run Behavior\BuildLiteBehavior [ RunTime:0.000016s ]
INFO: [ app_init ] --END-- [ RunTime:0.000147s ]
ERR: 无法加载模块:Favicon

[ 2016-11-03T22:48:22+08:00 ] 120.239.147.199 /favicon.ico
INFO: [ app_init ] --START--
INFO: Run Behavior\BuildLiteBehavior [ RunTime:0.000014s ]
INFO: [ app_init ] --END-- [ RunTime:0.000127s ]
ERR: 无法加载模块:Favicon

[ 2016-11-03T22:49:06+08:00 ] 120.239.147.199 /favicon.ico
INFO: [ app_init ] --START--
INFO: Run Behavior\BuildLiteBehavior [ RunTime:0.000014s ]
INFO: [ app_init ] --END-- [ RunTime:0.000139s ]
ERR: 无法加载模块:Favicon

[ 2016-11-03T22:49:50+08:00 ] 120.239.147.199 /favicon.ico
INFO: [ app_init ] --START--
INFO: Run Behavior\BuildLiteBehavior [ RunTime:0.000016s ]
INFO: [ app_init ] --END-- [ RunTime:0.000142s ]
ERR: 无法加载模块:Favicon

[ 2016-11-03T22:50:35+08:00 ] 120.239.147.199 /favicon.ico
INFO: [ app_init ] --START--
INFO: Run Behavior\BuildLiteBehavior [ RunTime:0.000015s ]
INFO: [ app_init ] --END-- [ RunTime:0.000118s ]
ERR: 无法加载模块:Favicon

[ 2016-11-03T22:51:21+08:00 ] 120.239.147.199 /favicon.ico
INFO: [ app_init ] --START--
INFO: Run Behavior\BuildLiteBehavior [ RunTime:0.000021s ]
INFO: [ app_init ] --END-- [ RunTime:0.000178s ]
ERR: 无法加载模块:Favicon

[ 2016-11-03T22:51:24+08:00 ] 120.239.147.199 /favicon.ico
INFO: [ app_init ] --START--
INFO: Run Behavior\BuildLiteBehavior [ RunTime:0.000014s ]
INFO: [ app_init ] --END-- [ RunTime:0.000133s ]
ERR: 无法加载模块:Favicon

[ 2016-11-03T22:51:27+08:00 ] 120.239.147.199 /favicon.ico
INFO: [ app_init ] --START--
INFO: Run Behavior\BuildLiteBehavior [ RunTime:0.000021s ]
INFO: [ app_init ] --END-- [ RunTime:0.000162s ]
ERR: 无法加载模块:Favicon

[ 2016-11-03T22:51:44+08:00 ] 120.239.147.199 /favicon.ico
INFO: [ app_init ] --START--
INFO: Run Behavior\BuildLiteBehavior [ RunTime:0.000015s ]
INFO: [ app_init ] --END-- [ RunTime:0.000121s ]
ERR: 无法加载模块:Favicon

[ 2016-11-03T22:51:56+08:00 ] 120.239.147.199 /favicon.ico
INFO: [ app_init ] --START--
INFO: Run Behavior\BuildLiteBehavior [ RunTime:0.000016s ]
INFO: [ app_init ] --END-- [ RunTime:0.000141s ]
ERR: 无法加载模块:Favicon

[ 2016-11-03T22:51:57+08:00 ] 120.239.147.199 /favicon.ico
INFO: [ app_init ] --START--
INFO: Run Behavior\BuildLiteBehavior [ RunTime:0.000022s ]
INFO: [ app_init ] --END-- [ RunTime:0.000178s ]
ERR: 无法加载模块:Favicon

[ 2016-11-03T22:52:28+08:00 ] 120.239.147.199 /favicon.ico
INFO: [ app_init ] --START--
INFO: Run Behavior\BuildLiteBehavior [ RunTime:0.000014s ]
INFO: [ app_init ] --END-- [ RunTime:0.000119s ]
ERR: 无法加载模块:Favicon

[ 2016-11-03T22:52:31+08:00 ] 120.239.147.199 /favicon.ico
INFO: [ app_init ] --START--
INFO: Run Behavior\BuildLiteBehavior [ RunTime:0.000020s ]
INFO: [ app_init ] --END-- [ RunTime:0.000164s ]
ERR: 无法加载模块:Favicon

[ 2016-11-03T22:53:28+08:00 ] 120.239.147.199 /favicon.ico
INFO: [ app_init ] --START--
INFO: Run Behavior\BuildLiteBehavior [ RunTime:0.000015s ]
INFO: [ app_init ] --END-- [ RunTime:0.000150s ]
ERR: 无法加载模块:Favicon

[ 2016-11-03T22:53:39+08:00 ] 120.239.147.199 /favicon.ico
INFO: [ app_init ] --START--
INFO: Run Behavior\BuildLiteBehavior [ RunTime:0.000014s ]
INFO: [ app_init ] --END-- [ RunTime:0.000130s ]
ERR: 无法加载模块:Favicon

[ 2016-11-03T22:53:47+08:00 ] 120.239.147.199 /favicon.ico
INFO: [ app_init ] --START--
INFO: Run Behavior\BuildLiteBehavior [ RunTime:0.000020s ]
INFO: [ app_init ] --END-- [ RunTime:0.000164s ]
ERR: 无法加载模块:Favicon

[ 2016-11-03T22:57:22+08:00 ] 120.239.147.199 /favicon.ico
INFO: [ app_init ] --START--
INFO: Run Behavior\BuildLiteBehavior [ RunTime:0.000014s ]
INFO: [ app_init ] --END-- [ RunTime:0.000119s ]
ERR: 无法加载模块:Favicon

[ 2016-11-03T22:58:03+08:00 ] 120.239.147.199 /favicon.ico
INFO: [ app_init ] --START--
INFO: Run Behavior\BuildLiteBehavior [ RunTime:0.000023s ]
INFO: [ app_init ] --END-- [ RunTime:0.000154s ]
ERR: 无法加载模块:Favicon

[ 2016-11-03T23:00:35+08:00 ] 120.239.147.199 /favicon.ico
INFO: [ app_init ] --START--
INFO: Run Behavior\BuildLiteBehavior [ RunTime:0.000019s ]
INFO: [ app_init ] --END-- [ RunTime:0.000162s ]
ERR: 无法加载模块:Favicon

[ 2016-11-03T23:06:56+08:00 ] 120.239.147.199 /favicon.ico
INFO: [ app_init ] --START--
INFO: Run Behavior\BuildLiteBehavior [ RunTime:0.000015s ]
INFO: [ app_init ] --END-- [ RunTime:0.000131s ]
ERR: 无法加载模块:Favicon

[ 2016-11-03T23:06:58+08:00 ] 120.239.147.199 /favicon.ico
INFO: [ app_init ] --START--
INFO: Run Behavior\BuildLiteBehavior [ RunTime:0.000027s ]
INFO: [ app_init ] --END-- [ RunTime:0.000139s ]
ERR: 无法加载模块:Favicon

[ 2016-11-03T23:07:36+08:00 ] 120.239.147.199 /favicon.ico
INFO: [ app_init ] --START--
INFO: Run Behavior\BuildLiteBehavior [ RunTime:0.000015s ]
INFO: [ app_init ] --END-- [ RunTime:0.000136s ]
ERR: 无法加载模块:Favicon

[ 2016-11-03T23:10:26+08:00 ] 171.38.73.32 http://www.xici.net/d235159850.htm
INFO: [ app_init ] --START--
INFO: Run Behavior\BuildLiteBehavior [ RunTime:0.000015s ]
INFO: [ app_init ] --END-- [ RunTime:0.000131s ]
ERR: 无法加载模块:D235159850

[ 2016-11-03T23:10:34+08:00 ] 171.38.73.32 http://www.xici.net/d235159745.htm
INFO: [ app_init ] --START--
INFO: Run Behavior\BuildLiteBehavior [ RunTime:0.000022s ]
INFO: [ app_init ] --END-- [ RunTime:0.000174s ]
ERR: 无法加载模块:D235159745

[ 2016-11-03T23:13:49+08:00 ] 223.74.85.119 /favicon.ico
INFO: [ app_init ] --START--
INFO: Run Behavior\BuildLiteBehavior [ RunTime:0.000027s ]
INFO: [ app_init ] --END-- [ RunTime:0.000136s ]
ERR: 无法加载模块:Favicon

[ 2016-11-03T23:14:32+08:00 ] 14.152.69.215 /favicon.ico
INFO: [ app_init ] --START--
INFO: Run Behavior\BuildLiteBehavior [ RunTime:0.000022s ]
INFO: [ app_init ] --END-- [ RunTime:0.000178s ]
ERR: 无法加载模块:Favicon

[ 2016-11-03T23:15:23+08:00 ] 120.239.147.199 /favicon.ico
INFO: [ app_init ] --START--
INFO: Run Behavior\BuildLiteBehavior [ RunTime:0.000014s ]
INFO: [ app_init ] --END-- [ RunTime:0.000119s ]
ERR: 无法加载模块:Favicon

[ 2016-11-03T23:15:26+08:00 ] 120.239.147.199 /favicon.ico
INFO: [ app_init ] --START--
INFO: Run Behavior\BuildLiteBehavior [ RunTime:0.000019s ]
INFO: [ app_init ] --END-- [ RunTime:0.000172s ]
ERR: 无法加载模块:Favicon

[ 2016-11-03T23:15:27+08:00 ] 120.239.147.199 /favicon.ico
INFO: [ app_init ] --START--
INFO: Run Behavior\BuildLiteBehavior [ RunTime:0.000015s ]
INFO: [ app_init ] --END-- [ RunTime:0.000140s ]
ERR: 无法加载模块:Favicon

[ 2016-11-03T23:15:38+08:00 ] 120.239.147.199 /favicon.ico
INFO: [ app_init ] --START--
INFO: Run Behavior\BuildLiteBehavior [ RunTime:0.000022s ]
INFO: [ app_init ] --END-- [ RunTime:0.000187s ]
ERR: 无法加载模块:Favicon

[ 2016-11-03T23:15:39+08:00 ] 120.239.147.199 /favicon.ico
INFO: [ app_init ] --START--
INFO: Run Behavior\BuildLiteBehavior [ RunTime:0.000023s ]
INFO: [ app_init ] --END-- [ RunTime:0.000218s ]
ERR: 无法加载模块:Favicon

[ 2016-11-03T23:16:11+08:00 ] 120.239.147.199 /favicon.ico
INFO: [ app_init ] --START--
INFO: Run Behavior\BuildLiteBehavior [ RunTime:0.000021s ]
INFO: [ app_init ] --END-- [ RunTime:0.000142s ]
ERR: 无法加载模块:Favicon

[ 2016-11-03T23:16:12+08:00 ] 120.239.147.199 /favicon.ico
INFO: [ app_init ] --START--
INFO: Run Behavior\BuildLiteBehavior [ RunTime:0.000021s ]
INFO: [ app_init ] --END-- [ RunTime:0.000176s ]
ERR: 无法加载模块:Favicon

[ 2016-11-03T23:21:51+08:00 ] 223.74.85.119 /favicon.ico
INFO: [ app_init ] --START--
INFO: Run Behavior\BuildLiteBehavior [ RunTime:0.000019s ]
INFO: [ app_init ] --END-- [ RunTime:0.000162s ]
ERR: 无法加载模块:Favicon

[ 2016-11-03T23:22:09+08:00 ] 223.74.85.119 /favicon.ico
INFO: [ app_init ] --START--
INFO: Run Behavior\BuildLiteBehavior [ RunTime:0.000027s ]
INFO: [ app_init ] --END-- [ RunTime:0.000221s ]
ERR: 无法加载模块:Favicon

[ 2016-11-03T23:22:36+08:00 ] 223.74.85.119 /favicon.ico
INFO: [ app_init ] --START--
INFO: Run Behavior\BuildLiteBehavior [ RunTime:0.000021s ]
INFO: [ app_init ] --END-- [ RunTime:0.000177s ]
ERR: 无法加载模块:Favicon

[ 2016-11-03T23:23:25+08:00 ] 223.74.85.119 /favicon.ico
INFO: [ app_init ] --START--
INFO: Run Behavior\BuildLiteBehavior [ RunTime:0.000022s ]
INFO: [ app_init ] --END-- [ RunTime:0.000213s ]
ERR: 无法加载模块:Favicon

[ 2016-11-03T23:23:51+08:00 ] 223.74.85.119 /favicon.ico
INFO: [ app_init ] --START--
INFO: Run Behavior\BuildLiteBehavior [ RunTime:0.000019s ]
INFO: [ app_init ] --END-- [ RunTime:0.000175s ]
ERR: 无法加载模块:Favicon

[ 2016-11-03T23:23:57+08:00 ] 117.136.41.119 /favicon.ico
INFO: [ app_init ] --START--
INFO: Run Behavior\BuildLiteBehavior [ RunTime:0.000021s ]
INFO: [ app_init ] --END-- [ RunTime:0.000146s ]
ERR: 无法加载模块:Favicon

[ 2016-11-03T23:24:55+08:00 ] 223.74.85.119 /favicon.ico
INFO: [ app_init ] --START--
INFO: Run Behavior\BuildLiteBehavior [ RunTime:0.000016s ]
INFO: [ app_init ] --END-- [ RunTime:0.000130s ]
ERR: 无法加载模块:Favicon

[ 2016-11-03T23:25:38+08:00 ] 223.74.85.119 /favicon.ico
INFO: [ app_init ] --START--
INFO: Run Behavior\BuildLiteBehavior [ RunTime:0.000020s ]
INFO: [ app_init ] --END-- [ RunTime:0.000162s ]
ERR: 无法加载模块:Favicon

[ 2016-11-03T23:25:42+08:00 ] 223.74.85.119 /favicon.ico
INFO: [ app_init ] --START--
INFO: Run Behavior\BuildLiteBehavior [ RunTime:0.000023s ]
INFO: [ app_init ] --END-- [ RunTime:0.000143s ]
ERR: 无法加载模块:Favicon

[ 2016-11-03T23:25:43+08:00 ] 223.74.85.119 /favicon.ico
INFO: [ app_init ] --START--
INFO: Run Behavior\BuildLiteBehavior [ RunTime:0.000021s ]
INFO: [ app_init ] --END-- [ RunTime:0.000167s ]
ERR: 无法加载模块:Favicon

[ 2016-11-03T23:25:44+08:00 ] 223.74.85.119 /favicon.ico
INFO: [ app_init ] --START--
INFO: Run Behavior\BuildLiteBehavior [ RunTime:0.000016s ]
INFO: [ app_init ] --END-- [ RunTime:0.000149s ]
ERR: 无法加载模块:Favicon

