[ 2016-11-17T00:02:38+08:00 ] 222.84.195.23 http://toutiao.com/i6353153724726116865/
INFO: [ app_init ] --START--
INFO: Run Behavior\BuildLiteBehavior [ RunTime:0.000023s ]
INFO: [ app_init ] --END-- [ RunTime:0.000211s ]
ERR: 无法加载模块:I6353153724726116865

[ 2016-11-17T00:03:47+08:00 ] 222.84.195.23 http://toutiao.com/i6353153724726116865/
INFO: [ app_init ] --START--
INFO: Run Behavior\BuildLiteBehavior [ RunTime:0.000030s ]
INFO: [ app_init ] --END-- [ RunTime:0.000141s ]
ERR: 无法加载模块:I6353153724726116865

[ 2016-11-17T00:10:58+08:00 ] 222.84.195.23 http://toutiao.com/i6346396354754904578/
INFO: [ app_init ] --START--
INFO: Run Behavior\BuildLiteBehavior [ RunTime:0.000015s ]
INFO: [ app_init ] --END-- [ RunTime:0.000152s ]
ERR: 无法加载模块:I6346396354754904578

[ 2016-11-17T00:11:06+08:00 ] 222.84.195.23 http://toutiao.com/i6353557687321494018/
INFO: [ app_init ] --START--
INFO: Run Behavior\BuildLiteBehavior [ RunTime:0.000022s ]
INFO: [ app_init ] --END-- [ RunTime:0.000182s ]
ERR: 无法加载模块:I6353557687321494018

[ 2016-11-17T00:11:17+08:00 ] 222.84.195.23 http://toutiao.com/i6352772787957924353/
INFO: [ app_init ] --START--
INFO: Run Behavior\BuildLiteBehavior [ RunTime:0.000014s ]
INFO: [ app_init ] --END-- [ RunTime:0.000119s ]
ERR: 无法加载模块:I6352772787957924353

[ 2016-11-17T00:29:36+08:00 ] 120.239.147.253 /favicon.ico
INFO: [ app_init ] --START--
INFO: Run Behavior\BuildLiteBehavior [ RunTime:0.000015s ]
INFO: [ app_init ] --END-- [ RunTime:0.000151s ]
ERR: 无法加载模块:Favicon

[ 2016-11-17T01:07:16+08:00 ] 220.181.51.92 /robots.txt
INFO: [ app_init ] --START--
INFO: Run Behavior\BuildLiteBehavior [ RunTime:0.000015s ]
INFO: [ app_init ] --END-- [ RunTime:0.000126s ]
ERR: 无法加载模块:Robots

[ 2016-11-17T01:08:49+08:00 ] 101.226.35.225 /favicon.ico
INFO: [ app_init ] --START--
INFO: Run Behavior\BuildLiteBehavior [ RunTime:0.000015s ]
INFO: [ app_init ] --END-- [ RunTime:0.000120s ]
ERR: 无法加载模块:Favicon

[ 2016-11-17T01:08:49+08:00 ] 101.226.35.225 /favicon.ico
INFO: [ app_init ] --START--
INFO: Run Behavior\BuildLiteBehavior [ RunTime:0.000015s ]
INFO: [ app_init ] --END-- [ RunTime:0.000139s ]
ERR: 无法加载模块:Favicon

[ 2016-11-17T01:08:50+08:00 ] 101.226.35.225 /favicon.ico
INFO: [ app_init ] --START--
INFO: Run Behavior\BuildLiteBehavior [ RunTime:0.000014s ]
INFO: [ app_init ] --END-- [ RunTime:0.000125s ]
ERR: 无法加载模块:Favicon

[ 2016-11-17T02:28:38+08:00 ] 219.133.49.231 http://10.133.6.20/proxy.html
INFO: [ app_init ] --START--
INFO: Run Behavior\BuildLiteBehavior [ RunTime:0.000013s ]
INFO: [ app_init ] --END-- [ RunTime:0.000134s ]
ERR: 无法加载模块:Proxy

[ 2016-11-17T03:02:28+08:00 ] 123.125.71.85 /robots.txt
INFO: [ app_init ] --START--
INFO: Run Behavior\BuildLiteBehavior [ RunTime:0.000015s ]
INFO: [ app_init ] --END-- [ RunTime:0.000135s ]
ERR: 无法加载模块:Robots

[ 2016-11-17T03:14:51+08:00 ] 171.38.96.220 http://toutiao.com/i6347114502235881986/
INFO: [ app_init ] --START--
INFO: Run Behavior\BuildLiteBehavior [ RunTime:0.000022s ]
INFO: [ app_init ] --END-- [ RunTime:0.000185s ]
ERR: 无法加载模块:I6347114502235881986

[ 2016-11-17T03:22:54+08:00 ] 171.38.96.220 http://toutiao.com/i6353029315348660737/
INFO: [ app_init ] --START--
INFO: Run Behavior\BuildLiteBehavior [ RunTime:0.000021s ]
INFO: [ app_init ] --END-- [ RunTime:0.000192s ]
ERR: 无法加载模块:I6353029315348660737

[ 2016-11-17T03:23:08+08:00 ] 171.38.96.220 http://toutiao.com/i6351274055877804546/
INFO: [ app_init ] --START--
INFO: Run Behavior\BuildLiteBehavior [ RunTime:0.000015s ]
INFO: [ app_init ] --END-- [ RunTime:0.000131s ]
ERR: 无法加载模块:I6351274055877804546

[ 2016-11-17T03:25:20+08:00 ] 171.38.96.220 http://toutiao.com/i6340378650331841025/
INFO: [ app_init ] --START--
INFO: Run Behavior\BuildLiteBehavior [ RunTime:0.000015s ]
INFO: [ app_init ] --END-- [ RunTime:0.000125s ]
ERR: 无法加载模块:I6340378650331841025

[ 2016-11-17T03:26:50+08:00 ] 171.38.96.220 http://toutiao.com/i6351990145402536450/
INFO: [ app_init ] --START--
INFO: Run Behavior\BuildLiteBehavior [ RunTime:0.000015s ]
INFO: [ app_init ] --END-- [ RunTime:0.000121s ]
ERR: 无法加载模块:I6351990145402536450

[ 2016-11-17T03:30:53+08:00 ] 171.38.96.220 http://toutiao.com/i6347838347288773121/
INFO: [ app_init ] --START--
INFO: Run Behavior\BuildLiteBehavior [ RunTime:0.000015s ]
INFO: [ app_init ] --END-- [ RunTime:0.000118s ]
ERR: 无法加载模块:I6347838347288773121

[ 2016-11-17T03:32:20+08:00 ] 171.38.96.220 http://toutiao.com/i6348591733265138178/
INFO: [ app_init ] --START--
INFO: Run Behavior\BuildLiteBehavior [ RunTime:0.000015s ]
INFO: [ app_init ] --END-- [ RunTime:0.000143s ]
ERR: 无法加载模块:I6348591733265138178

[ 2016-11-17T03:34:51+08:00 ] 171.38.96.220 http://toutiao.com/i6346011960152162818/
INFO: [ app_init ] --START--
INFO: Run Behavior\BuildLiteBehavior [ RunTime:0.000021s ]
INFO: [ app_init ] --END-- [ RunTime:0.000169s ]
ERR: 无法加载模块:I6346011960152162818

[ 2016-11-17T03:34:53+08:00 ] 171.38.96.220 http://toutiao.com/i6348754269306356225/
INFO: [ app_init ] --START--
INFO: Run Behavior\BuildLiteBehavior [ RunTime:0.000021s ]
INFO: [ app_init ] --END-- [ RunTime:0.000167s ]
ERR: 无法加载模块:I6348754269306356225

[ 2016-11-17T03:36:00+08:00 ] 171.38.96.220 http://toutiao.com/i6348591733265138178/
INFO: [ app_init ] --START--
INFO: Run Behavior\BuildLiteBehavior [ RunTime:0.000014s ]
INFO: [ app_init ] --END-- [ RunTime:0.000131s ]
ERR: 无法加载模块:I6348591733265138178

[ 2016-11-17T03:36:09+08:00 ] 171.38.96.220 http://toutiao.com/i6348591733265138178/
INFO: [ app_init ] --START--
INFO: Run Behavior\BuildLiteBehavior [ RunTime:0.000015s ]
INFO: [ app_init ] --END-- [ RunTime:0.000117s ]
ERR: 无法加载模块:I6348591733265138178

[ 2016-11-17T03:36:39+08:00 ] 171.38.96.220 http://toutiao.com/i6347114502235881986/
INFO: [ app_init ] --START--
INFO: Run Behavior\BuildLiteBehavior [ RunTime:0.000013s ]
INFO: [ app_init ] --END-- [ RunTime:0.000116s ]
ERR: 无法加载模块:I6347114502235881986

[ 2016-11-17T03:39:41+08:00 ] 171.38.96.220 http://toutiao.com/i6350214842158154242/
INFO: [ app_init ] --START--
INFO: Run Behavior\BuildLiteBehavior [ RunTime:0.000015s ]
INFO: [ app_init ] --END-- [ RunTime:0.000117s ]
ERR: 无法加载模块:I6350214842158154242

[ 2016-11-17T03:40:02+08:00 ] 171.38.96.220 http://toutiao.com/i6351274055877804546/
INFO: [ app_init ] --START--
INFO: Run Behavior\BuildLiteBehavior [ RunTime:0.000014s ]
INFO: [ app_init ] --END-- [ RunTime:0.000119s ]
ERR: 无法加载模块:I6351274055877804546

[ 2016-11-17T03:44:55+08:00 ] 171.38.96.220 http://toutiao.com/i6351990145402536450/
INFO: [ app_init ] --START--
INFO: Run Behavior\BuildLiteBehavior [ RunTime:0.000019s ]
INFO: [ app_init ] --END-- [ RunTime:0.000129s ]
ERR: 无法加载模块:I6351990145402536450

[ 2016-11-17T03:45:26+08:00 ] 171.38.96.220 http://toutiao.com/i6350214842158154242/
INFO: [ app_init ] --START--
INFO: Run Behavior\BuildLiteBehavior [ RunTime:0.000022s ]
INFO: [ app_init ] --END-- [ RunTime:0.000191s ]
ERR: 无法加载模块:I6350214842158154242

[ 2016-11-17T03:45:27+08:00 ] 171.38.96.220 http://toutiao.com/i6351990145402536450/
INFO: [ app_init ] --START--
INFO: Run Behavior\BuildLiteBehavior [ RunTime:0.000021s ]
INFO: [ app_init ] --END-- [ RunTime:0.000200s ]
ERR: 无法加载模块:I6351990145402536450

[ 2016-11-17T03:45:39+08:00 ] 171.38.96.220 http://toutiao.com/i6345345447640433154/
INFO: [ app_init ] --START--
INFO: Run Behavior\BuildLiteBehavior [ RunTime:0.000015s ]
INFO: [ app_init ] --END-- [ RunTime:0.000123s ]
ERR: 无法加载模块:I6345345447640433154

[ 2016-11-17T03:46:58+08:00 ] 171.38.96.220 http://toutiao.com/i6345620184929141250/
INFO: [ app_init ] --START--
INFO: Run Behavior\BuildLiteBehavior [ RunTime:0.000014s ]
INFO: [ app_init ] --END-- [ RunTime:0.000119s ]
ERR: 无法加载模块:I6345620184929141250

[ 2016-11-17T03:47:20+08:00 ] 171.38.96.220 http://toutiao.com/i6350999100476883457/
INFO: [ app_init ] --START--
INFO: Run Behavior\BuildLiteBehavior [ RunTime:0.000014s ]
INFO: [ app_init ] --END-- [ RunTime:0.000118s ]
ERR: 无法加载模块:I6350999100476883457

[ 2016-11-17T03:50:17+08:00 ] 171.38.96.220 http://toutiao.com/i6350214842158154242/
INFO: [ app_init ] --START--
INFO: Run Behavior\BuildLiteBehavior [ RunTime:0.000020s ]
INFO: [ app_init ] --END-- [ RunTime:0.000504s ]
ERR: 无法加载模块:I6350214842158154242

[ 2016-11-17T03:57:28+08:00 ] 171.38.96.220 http://toutiao.com/i6344954036931789313/
INFO: [ app_init ] --START--
INFO: Run Behavior\BuildLiteBehavior [ RunTime:0.000019s ]
INFO: [ app_init ] --END-- [ RunTime:0.000156s ]
ERR: 无法加载模块:I6344954036931789313

[ 2016-11-17T03:57:51+08:00 ] 171.38.96.220 http://toutiao.com/i6352472095187796481/
INFO: [ app_init ] --START--
INFO: Run Behavior\BuildLiteBehavior [ RunTime:0.000019s ]
INFO: [ app_init ] --END-- [ RunTime:0.000154s ]
ERR: 无法加载模块:I6352472095187796481

[ 2016-11-17T03:58:09+08:00 ] 66.249.64.34 /robots.txt
INFO: [ app_init ] --START--
INFO: Run Behavior\BuildLiteBehavior [ RunTime:0.000020s ]
INFO: [ app_init ] --END-- [ RunTime:0.000208s ]
ERR: 无法加载模块:Robots

[ 2016-11-17T04:07:15+08:00 ] 171.38.96.220 http://toutiao.com/i6348754269306356225/
INFO: [ app_init ] --START--
INFO: Run Behavior\BuildLiteBehavior [ RunTime:0.000025s ]
INFO: [ app_init ] --END-- [ RunTime:0.000177s ]
ERR: 无法加载模块:I6348754269306356225

[ 2016-11-17T04:40:25+08:00 ] 104.128.144.131 /redirect.php
INFO: [ app_init ] --START--
INFO: Run Behavior\BuildLiteBehavior [ RunTime:0.000020s ]
INFO: [ app_init ] --END-- [ RunTime:0.000130s ]
ERR: 无法加载模块:Redirect

[ 2016-11-17T04:52:07+08:00 ] 212.92.127.214 /phpMyAdmin/scripts/setup.php
INFO: [ app_init ] --START--
INFO: Run Behavior\BuildLiteBehavior [ RunTime:0.000017s ]
INFO: [ app_init ] --END-- [ RunTime:0.000139s ]
ERR: 无法加载模块:PhpMyAdmin

[ 2016-11-17T05:56:02+08:00 ] 104.236.94.107 /icons/apache_pb.gif
INFO: [ app_init ] --START--
INFO: Run Behavior\BuildLiteBehavior [ RunTime:0.000018s ]
INFO: [ app_init ] --END-- [ RunTime:0.000168s ]
ERR: 无法加载模块:Icons

[ 2016-11-17T06:04:42+08:00 ] 171.38.96.220 http://imgcache.qq.com/wss/beian/static/block.html
INFO: [ app_init ] --START--
INFO: Run Behavior\BuildLiteBehavior [ RunTime:0.000015s ]
INFO: [ app_init ] --END-- [ RunTime:0.000142s ]
ERR: 无法加载模块:Wss

[ 2016-11-17T06:48:07+08:00 ] 171.38.96.220 http://imgcache.qq.com/wss/beian/static/block.html
INFO: [ app_init ] --START--
INFO: Run Behavior\BuildLiteBehavior [ RunTime:0.000014s ]
INFO: [ app_init ] --END-- [ RunTime:0.000131s ]
ERR: 无法加载模块:Wss

[ 2016-11-17T06:52:29+08:00 ] 66.249.64.167 /robots.txt
INFO: [ app_init ] --START--
INFO: Run Behavior\BuildLiteBehavior [ RunTime:0.000015s ]
INFO: [ app_init ] --END-- [ RunTime:0.000121s ]
ERR: 无法加载模块:Robots

[ 2016-11-17T08:03:09+08:00 ] 183.44.147.55 /favicon.ico
INFO: [ app_init ] --START--
INFO: Run Behavior\BuildLiteBehavior [ RunTime:0.000014s ]
INFO: [ app_init ] --END-- [ RunTime:0.000121s ]
ERR: 无法加载模块:Favicon

[ 2016-11-17T08:03:12+08:00 ] 183.44.147.55 /favicon.ico
INFO: [ app_init ] --START--
INFO: Run Behavior\BuildLiteBehavior [ RunTime:0.000028s ]
INFO: [ app_init ] --END-- [ RunTime:0.000134s ]
ERR: 无法加载模块:Favicon

[ 2016-11-17T08:03:18+08:00 ] 183.44.147.55 /favicon.ico
INFO: [ app_init ] --START--
INFO: Run Behavior\BuildLiteBehavior [ RunTime:0.000014s ]
INFO: [ app_init ] --END-- [ RunTime:0.000142s ]
ERR: 无法加载模块:Favicon

[ 2016-11-17T08:56:40+08:00 ] 117.136.79.184 /favicon.ico
INFO: [ app_init ] --START--
INFO: Run Behavior\BuildLiteBehavior [ RunTime:0.000028s ]
INFO: [ app_init ] --END-- [ RunTime:0.000198s ]
ERR: 无法加载模块:Favicon

[ 2016-11-17T08:56:42+08:00 ] 117.136.79.184 /favicon.ico
INFO: [ app_init ] --START--
INFO: Run Behavior\BuildLiteBehavior [ RunTime:0.000015s ]
INFO: [ app_init ] --END-- [ RunTime:0.000123s ]
ERR: 无法加载模块:Favicon

[ 2016-11-17T08:56:45+08:00 ] 117.136.79.184 /favicon.ico
INFO: [ app_init ] --START--
INFO: Run Behavior\BuildLiteBehavior [ RunTime:0.000015s ]
INFO: [ app_init ] --END-- [ RunTime:0.000123s ]
ERR: 无法加载模块:Favicon

[ 2016-11-17T09:27:36+08:00 ] 222.84.195.23 http://ajax.club.autohome.com.cn/Detail/LoadX_Mini?callback=jsonpCallback&topicId=57586288&UID=-1&roleId=0&bbs=c&bbsid=2381&pageIndex=1&recom=0&_=1479346054931
INFO: [ app_init ] --START--
INFO: Run Behavior\BuildLiteBehavior [ RunTime:0.000020s ]
INFO: [ app_init ] --END-- [ RunTime:0.000180s ]
ERR: 无法加载模块:Detail

[ 2016-11-17T09:44:30+08:00 ] 222.84.195.23 http://ajax.club.autohome.com.cn/Detail/LoadX_Mini?callback=jsonpCallback&topicId=57563033&UID=-1&roleId=0&bbs=c&bbsid=2381&pageIndex=1&recom=0&_=1479347068180
INFO: [ app_init ] --START--
INFO: Run Behavior\BuildLiteBehavior [ RunTime:0.000015s ]
INFO: [ app_init ] --END-- [ RunTime:0.000130s ]
ERR: 无法加载模块:Detail

[ 2016-11-17T09:49:15+08:00 ] 222.84.195.23 http://ajax.club.autohome.com.cn/Detail/LoadX_Mini?callback=jsonpCallback&topicId=57561257&UID=-1&roleId=0&bbs=c&bbsid=2381&pageIndex=1&recom=0&_=1479347353530
INFO: [ app_init ] --START--
INFO: Run Behavior\BuildLiteBehavior [ RunTime:0.000014s ]
INFO: [ app_init ] --END-- [ RunTime:0.000130s ]
ERR: 无法加载模块:Detail

[ 2016-11-17T09:55:26+08:00 ] 222.84.195.23 http://ajax.club.autohome.com.cn/Detail/LoadX_Mini?callback=jsonpCallback&topicId=57552839&UID=-1&roleId=0&bbs=c&bbsid=2381&pageIndex=1&recom=0&_=1479347724784
INFO: [ app_init ] --START--
INFO: Run Behavior\BuildLiteBehavior [ RunTime:0.000015s ]
INFO: [ app_init ] --END-- [ RunTime:0.000142s ]
ERR: 无法加载模块:Detail

[ 2016-11-17T09:56:42+08:00 ] 222.84.195.23 http://ajax.club.autohome.com.cn/Detail/LoadX_Mini?callback=jsonpCallback&topicId=57535121&UID=-1&roleId=0&bbs=c&bbsid=2381&pageIndex=1&recom=0&_=1479347800409
INFO: [ app_init ] --START--
INFO: Run Behavior\BuildLiteBehavior [ RunTime:0.000014s ]
INFO: [ app_init ] --END-- [ RunTime:0.000119s ]
ERR: 无法加载模块:Detail

[ 2016-11-17T10:03:01+08:00 ] 222.84.195.23 http://ajax.club.autohome.com.cn/Detail/LoadX_Mini?callback=jsonpCallback&topicId=57524746&UID=-1&roleId=0&bbs=c&bbsid=2381&pageIndex=1&recom=0&_=1479348179627
INFO: [ app_init ] --START--
INFO: Run Behavior\BuildLiteBehavior [ RunTime:0.000042s ]
INFO: [ app_init ] --END-- [ RunTime:0.000197s ]
ERR: 无法加载模块:Detail

[ 2016-11-17T11:16:19+08:00 ] 101.226.35.225 /favicon.ico
INFO: [ app_init ] --START--
INFO: Run Behavior\BuildLiteBehavior [ RunTime:0.000018s ]
INFO: [ app_init ] --END-- [ RunTime:0.000134s ]
ERR: 无法加载模块:Favicon

[ 2016-11-17T11:16:19+08:00 ] 101.226.35.225 /favicon.ico
INFO: [ app_init ] --START--
INFO: Run Behavior\BuildLiteBehavior [ RunTime:0.000014s ]
INFO: [ app_init ] --END-- [ RunTime:0.000134s ]
ERR: 无法加载模块:Favicon

[ 2016-11-17T11:16:19+08:00 ] 101.226.35.225 /favicon.ico
INFO: [ app_init ] --START--
INFO: Run Behavior\BuildLiteBehavior [ RunTime:0.000021s ]
INFO: [ app_init ] --END-- [ RunTime:0.000153s ]
ERR: 无法加载模块:Favicon

[ 2016-11-17T11:22:01+08:00 ] 183.61.51.226 /favicon.ico
INFO: [ app_init ] --START--
INFO: Run Behavior\BuildLiteBehavior [ RunTime:0.000015s ]
INFO: [ app_init ] --END-- [ RunTime:0.000121s ]
ERR: 无法加载模块:Favicon

[ 2016-11-17T13:36:36+08:00 ] 220.181.51.94 /robots.txt
INFO: [ app_init ] --START--
INFO: Run Behavior\BuildLiteBehavior [ RunTime:0.000015s ]
INFO: [ app_init ] --END-- [ RunTime:0.000148s ]
ERR: 无法加载模块:Robots

[ 2016-11-17T13:39:21+08:00 ] 171.38.10.219 http://blog.sina.com.cn/s/blog_bad68b4f0102wwmk.html
INFO: [ app_init ] --START--
INFO: Run Behavior\BuildLiteBehavior [ RunTime:0.000019s ]
INFO: [ app_init ] --END-- [ RunTime:0.000173s ]
ERR: 无法加载模块:S

[ 2016-11-17T13:41:11+08:00 ] 171.38.10.219 http://bbs.auto.sina.cn/forum.php?mod=viewthread&tid=5404203
INFO: [ app_init ] --START--
INFO: Run Behavior\BuildLiteBehavior [ RunTime:0.000020s ]
INFO: [ app_init ] --END-- [ RunTime:0.000187s ]
ERR: 无法加载模块:Forum

[ 2016-11-17T13:44:13+08:00 ] 171.38.10.219 http://blog.sina.com.cn/s/blog_bad68b4f0102wwmk.html
INFO: [ app_init ] --START--
INFO: Run Behavior\BuildLiteBehavior [ RunTime:0.000018s ]
INFO: [ app_init ] --END-- [ RunTime:0.000206s ]
ERR: 无法加载模块:S

[ 2016-11-17T13:47:53+08:00 ] 171.38.10.219 http://blog.sina.com.cn/s/blog_bad68b4f0102wwmk.html
INFO: [ app_init ] --START--
INFO: Run Behavior\BuildLiteBehavior [ RunTime:0.000016s ]
INFO: [ app_init ] --END-- [ RunTime:0.000148s ]
ERR: 无法加载模块:S

[ 2016-11-17T13:53:40+08:00 ] 171.38.10.219 http://bbs.hexun.com/service/visitlog.aspx?pid=10720318&bid=808
INFO: [ app_init ] --START--
INFO: Run Behavior\BuildLiteBehavior [ RunTime:0.000019s ]
INFO: [ app_init ] --END-- [ RunTime:0.000165s ]
ERR: 无法加载模块:Service

[ 2016-11-17T14:02:44+08:00 ] 171.38.10.219 http://bbs.hexun.com/service/visitlog.aspx?pid=10720318&bid=808
INFO: [ app_init ] --START--
INFO: Run Behavior\BuildLiteBehavior [ RunTime:0.000019s ]
INFO: [ app_init ] --END-- [ RunTime:0.000172s ]
ERR: 无法加载模块:Service

[ 2016-11-17T14:03:02+08:00 ] 101.226.125.103 /redirect.php
INFO: [ app_init ] --START--
INFO: Run Behavior\BuildLiteBehavior [ RunTime:0.000016s ]
INFO: [ app_init ] --END-- [ RunTime:0.000127s ]
ERR: 无法加载模块:Redirect

[ 2016-11-17T14:03:02+08:00 ] 101.226.61.206 /phpMyAdmin/scripts/setup.php
INFO: [ app_init ] --START--
INFO: Run Behavior\BuildLiteBehavior [ RunTime:0.000012s ]
INFO: [ app_init ] --END-- [ RunTime:0.000115s ]
ERR: 无法加载模块:PhpMyAdmin

[ 2016-11-17T14:28:50+08:00 ] 171.38.10.219 http://blog.sina.com.cn/s/blog_bad68b4f0102wwmk.html
INFO: [ app_init ] --START--
INFO: Run Behavior\BuildLiteBehavior [ RunTime:0.000023s ]
INFO: [ app_init ] --END-- [ RunTime:0.000215s ]
ERR: 无法加载模块:S

[ 2016-11-17T14:37:17+08:00 ] 171.38.10.219 http://blog.sina.com.cn/s/blog_bad68b4f0102wwmk.html
INFO: [ app_init ] --START--
INFO: Run Behavior\BuildLiteBehavior [ RunTime:0.000021s ]
INFO: [ app_init ] --END-- [ RunTime:0.000196s ]
ERR: 无法加载模块:S

[ 2016-11-17T14:45:05+08:00 ] 171.38.10.219 http://blog.sina.com.cn/s/blog_bad68b4f0102wwmk.html
INFO: [ app_init ] --START--
INFO: Run Behavior\BuildLiteBehavior [ RunTime:0.000015s ]
INFO: [ app_init ] --END-- [ RunTime:0.000123s ]
ERR: 无法加载模块:S

[ 2016-11-17T15:28:35+08:00 ] 171.38.10.219 http://bbs.auto.sina.cn/forum.php?mod=viewthread&tid=5404203
INFO: [ app_init ] --START--
INFO: Run Behavior\BuildLiteBehavior [ RunTime:0.000022s ]
INFO: [ app_init ] --END-- [ RunTime:0.000176s ]
ERR: 无法加载模块:Forum

[ 2016-11-17T15:36:09+08:00 ] 171.38.10.219 http://imgcache.qq.com/wss/beian/static/block.html
INFO: [ app_init ] --START--
INFO: Run Behavior\BuildLiteBehavior [ RunTime:0.000014s ]
INFO: [ app_init ] --END-- [ RunTime:0.000131s ]
ERR: 无法加载模块:Wss

[ 2016-11-17T15:37:59+08:00 ] 171.38.10.219 http://blog.sina.com.cn/s/blog_bad68b4f0102wwmk.html
INFO: [ app_init ] --START--
INFO: Run Behavior\BuildLiteBehavior [ RunTime:0.000015s ]
INFO: [ app_init ] --END-- [ RunTime:0.000126s ]
ERR: 无法加载模块:S

[ 2016-11-17T15:46:50+08:00 ] 171.38.10.219 http://bbs.auto.sina.cn/forum.php?mod=viewthread&tid=5404203
INFO: [ app_init ] --START--
INFO: Run Behavior\BuildLiteBehavior [ RunTime:0.000021s ]
INFO: [ app_init ] --END-- [ RunTime:0.000176s ]
ERR: 无法加载模块:Forum

[ 2016-11-17T16:21:32+08:00 ] 223.74.85.126 /favicon.ico
INFO: [ app_init ] --START--
INFO: Run Behavior\BuildLiteBehavior [ RunTime:0.000014s ]
INFO: [ app_init ] --END-- [ RunTime:0.000129s ]
ERR: 无法加载模块:Favicon

[ 2016-11-17T16:21:36+08:00 ] 223.74.85.126 /favicon.ico
INFO: [ app_init ] --START--
INFO: Run Behavior\BuildLiteBehavior [ RunTime:0.000020s ]
INFO: [ app_init ] --END-- [ RunTime:0.000165s ]
ERR: 无法加载模块:Favicon

[ 2016-11-17T16:21:37+08:00 ] 223.74.85.126 /favicon.ico
INFO: [ app_init ] --START--
INFO: Run Behavior\BuildLiteBehavior [ RunTime:0.000015s ]
INFO: [ app_init ] --END-- [ RunTime:0.000139s ]
ERR: 无法加载模块:Favicon

[ 2016-11-17T16:21:38+08:00 ] 223.74.85.126 /favicon.ico
INFO: [ app_init ] --START--
INFO: Run Behavior\BuildLiteBehavior [ RunTime:0.000023s ]
INFO: [ app_init ] --END-- [ RunTime:0.000202s ]
ERR: 无法加载模块:Favicon

[ 2016-11-17T16:21:40+08:00 ] 223.74.85.126 /favicon.ico
INFO: [ app_init ] --START--
INFO: Run Behavior\BuildLiteBehavior [ RunTime:0.000021s ]
INFO: [ app_init ] --END-- [ RunTime:0.000168s ]
ERR: 无法加载模块:Favicon

[ 2016-11-17T16:21:49+08:00 ] 223.74.85.126 /favicon.ico
INFO: [ app_init ] --START--
INFO: Run Behavior\BuildLiteBehavior [ RunTime:0.000016s ]
INFO: [ app_init ] --END-- [ RunTime:0.000146s ]
ERR: 无法加载模块:Favicon

[ 2016-11-17T16:21:52+08:00 ] 223.74.85.126 /favicon.ico
INFO: [ app_init ] --START--
INFO: Run Behavior\BuildLiteBehavior [ RunTime:0.000021s ]
INFO: [ app_init ] --END-- [ RunTime:0.000165s ]
ERR: 无法加载模块:Favicon

[ 2016-11-17T16:21:53+08:00 ] 223.74.85.126 /favicon.ico
INFO: [ app_init ] --START--
INFO: Run Behavior\BuildLiteBehavior [ RunTime:0.000019s ]
INFO: [ app_init ] --END-- [ RunTime:0.000154s ]
ERR: 无法加载模块:Favicon

[ 2016-11-17T16:21:53+08:00 ] 223.74.85.126 /favicon.ico
INFO: [ app_init ] --START--
INFO: Run Behavior\BuildLiteBehavior [ RunTime:0.000022s ]
INFO: [ app_init ] --END-- [ RunTime:0.000164s ]
ERR: 无法加载模块:Favicon

[ 2016-11-17T16:21:54+08:00 ] 223.74.85.126 /favicon.ico
INFO: [ app_init ] --START--
INFO: Run Behavior\BuildLiteBehavior [ RunTime:0.000020s ]
INFO: [ app_init ] --END-- [ RunTime:0.000165s ]
ERR: 无法加载模块:Favicon

[ 2016-11-17T16:21:55+08:00 ] 223.74.85.126 /favicon.ico
INFO: [ app_init ] --START--
INFO: Run Behavior\BuildLiteBehavior [ RunTime:0.000019s ]
INFO: [ app_init ] --END-- [ RunTime:0.000128s ]
ERR: 无法加载模块:Favicon

[ 2016-11-17T16:25:10+08:00 ] 171.38.10.219 http://blog.sina.com.cn/s/blog_bad68b4f0102wwmk.html
INFO: [ app_init ] --START--
INFO: Run Behavior\BuildLiteBehavior [ RunTime:0.000020s ]
INFO: [ app_init ] --END-- [ RunTime:0.000148s ]
ERR: 无法加载模块:S

[ 2016-11-17T16:36:08+08:00 ] 117.136.41.93 /favicon.ico
INFO: [ app_init ] --START--
INFO: Run Behavior\BuildLiteBehavior [ RunTime:0.000020s ]
INFO: [ app_init ] --END-- [ RunTime:0.000214s ]
ERR: 无法加载模块:Favicon

[ 2016-11-17T17:29:23+08:00 ] 120.239.147.22 /favicon.ico
INFO: [ app_init ] --START--
INFO: Run Behavior\BuildLiteBehavior [ RunTime:0.000021s ]
INFO: [ app_init ] --END-- [ RunTime:0.000192s ]
ERR: 无法加载模块:Favicon

[ 2016-11-17T17:29:38+08:00 ] 120.239.147.22 /favicon.ico
INFO: [ app_init ] --START--
INFO: Run Behavior\BuildLiteBehavior [ RunTime:0.000016s ]
INFO: [ app_init ] --END-- [ RunTime:0.000132s ]
ERR: 无法加载模块:Favicon

[ 2016-11-17T17:29:39+08:00 ] 120.239.147.22 /favicon.ico
INFO: [ app_init ] --START--
INFO: Run Behavior\BuildLiteBehavior [ RunTime:0.000016s ]
INFO: [ app_init ] --END-- [ RunTime:0.000124s ]
ERR: 无法加载模块:Favicon

[ 2016-11-17T17:29:39+08:00 ] 120.239.147.22 /favicon.ico
INFO: [ app_init ] --START--
INFO: Run Behavior\BuildLiteBehavior [ RunTime:0.000014s ]
INFO: [ app_init ] --END-- [ RunTime:0.000116s ]
ERR: 无法加载模块:Favicon

[ 2016-11-17T17:46:59+08:00 ] 171.38.10.219 http://imgcache.qq.com/wss/beian/static/block.html
INFO: [ app_init ] --START--
INFO: Run Behavior\BuildLiteBehavior [ RunTime:0.000071s ]
INFO: [ app_init ] --END-- [ RunTime:0.000229s ]
ERR: 无法加载模块:Wss

[ 2016-11-17T17:47:37+08:00 ] 171.38.10.219 http://imgcache.qq.com/wss/beian/static/block.html
INFO: [ app_init ] --START--
INFO: Run Behavior\BuildLiteBehavior [ RunTime:0.000015s ]
INFO: [ app_init ] --END-- [ RunTime:0.000134s ]
ERR: 无法加载模块:Wss

[ 2016-11-17T17:58:51+08:00 ] 171.38.10.219 http://imgcache.qq.com/wss/beian/static/block.html
INFO: [ app_init ] --START--
INFO: Run Behavior\BuildLiteBehavior [ RunTime:0.000015s ]
INFO: [ app_init ] --END-- [ RunTime:0.000172s ]
ERR: 无法加载模块:Wss

[ 2016-11-17T18:03:37+08:00 ] 66.249.73.181 /robots.txt
INFO: [ app_init ] --START--
INFO: Run Behavior\BuildLiteBehavior [ RunTime:0.000015s ]
INFO: [ app_init ] --END-- [ RunTime:0.000132s ]
ERR: 无法加载模块:Robots

[ 2016-11-17T18:24:10+08:00 ] 86.161.65.98 /robots.txt
INFO: [ app_init ] --START--
INFO: Run Behavior\BuildLiteBehavior [ RunTime:0.000015s ]
INFO: [ app_init ] --END-- [ RunTime:0.000152s ]
ERR: 无法加载模块:Robots

[ 2016-11-17T19:01:42+08:00 ] 171.38.10.219 http://imgcache.qq.com/wss/beian/static/block.html
INFO: [ app_init ] --START--
INFO: Run Behavior\BuildLiteBehavior [ RunTime:0.000014s ]
INFO: [ app_init ] --END-- [ RunTime:0.000120s ]
ERR: 无法加载模块:Wss

[ 2016-11-17T19:20:11+08:00 ] 171.38.10.219 http://bbs.auto.sina.cn/forum.php?mod=viewthread&tid=5404203
INFO: [ app_init ] --START--
INFO: Run Behavior\BuildLiteBehavior [ RunTime:0.000014s ]
INFO: [ app_init ] --END-- [ RunTime:0.000143s ]
ERR: 无法加载模块:Forum

[ 2016-11-17T19:29:30+08:00 ] 171.38.10.219 http://haoxiaoliang.baijia.baidu.com/article/695836
INFO: [ app_init ] --START--
INFO: Run Behavior\BuildLiteBehavior [ RunTime:0.000014s ]
INFO: [ app_init ] --END-- [ RunTime:0.000136s ]
ERR: 无法加载模块:Article

[ 2016-11-17T19:29:30+08:00 ] 171.38.10.219 http://haoxiaoliang.baijia.baidu.com/article/695836
INFO: [ app_init ] --START--
INFO: Run Behavior\BuildLiteBehavior [ RunTime:0.000015s ]
INFO: [ app_init ] --END-- [ RunTime:0.000127s ]
ERR: 无法加载模块:Article

[ 2016-11-17T19:29:41+08:00 ] 171.38.10.219 http://shangjigang.baijia.baidu.com/article/695886
INFO: [ app_init ] --START--
INFO: Run Behavior\BuildLiteBehavior [ RunTime:0.000019s ]
INFO: [ app_init ] --END-- [ RunTime:0.000163s ]
ERR: 无法加载模块:Article

[ 2016-11-17T19:29:41+08:00 ] 171.38.10.219 http://shangjigang.baijia.baidu.com/article/695886
INFO: [ app_init ] --START--
INFO: Run Behavior\BuildLiteBehavior [ RunTime:0.000020s ]
INFO: [ app_init ] --END-- [ RunTime:0.000157s ]
ERR: 无法加载模块:Article

[ 2016-11-17T19:30:54+08:00 ] 171.38.10.219 http://shangjigang.baijia.baidu.com/article/695886
INFO: [ app_init ] --START--
INFO: Run Behavior\BuildLiteBehavior [ RunTime:0.000021s ]
INFO: [ app_init ] --END-- [ RunTime:0.000177s ]
ERR: 无法加载模块:Article

[ 2016-11-17T19:30:54+08:00 ] 171.38.10.219 http://shangjigang.baijia.baidu.com/article/695886
INFO: [ app_init ] --START--
INFO: Run Behavior\BuildLiteBehavior [ RunTime:0.000014s ]
INFO: [ app_init ] --END-- [ RunTime:0.000117s ]
ERR: 无法加载模块:Article

[ 2016-11-17T19:31:36+08:00 ] 171.38.10.219 http://haoxiaoliang.baijia.baidu.com/article/695836
INFO: [ app_init ] --START--
INFO: Run Behavior\BuildLiteBehavior [ RunTime:0.000020s ]
INFO: [ app_init ] --END-- [ RunTime:0.000167s ]
ERR: 无法加载模块:Article

[ 2016-11-17T19:31:36+08:00 ] 171.38.10.219 http://haoxiaoliang.baijia.baidu.com/article/695836
INFO: [ app_init ] --START--
INFO: Run Behavior\BuildLiteBehavior [ RunTime:0.000015s ]
INFO: [ app_init ] --END-- [ RunTime:0.000117s ]
ERR: 无法加载模块:Article

[ 2016-11-17T19:34:04+08:00 ] 171.38.10.219 http://zhidao.baidu.com/api/qbpv?q=755888791569659884
INFO: [ app_init ] --START--
INFO: Run Behavior\BuildLiteBehavior [ RunTime:0.000019s ]
INFO: [ app_init ] --END-- [ RunTime:0.000168s ]
ERR: 无法加载模块:Api

[ 2016-11-17T19:34:45+08:00 ] 171.38.10.219 http://zhidao.baidu.com/api/qbpv?q=755888791569659884
INFO: [ app_init ] --START--
INFO: Run Behavior\BuildLiteBehavior [ RunTime:0.000019s ]
INFO: [ app_init ] --END-- [ RunTime:0.000140s ]
ERR: 无法加载模块:Api

[ 2016-11-17T19:36:13+08:00 ] 223.74.85.126 /favicon.ico
INFO: [ app_init ] --START--
INFO: Run Behavior\BuildLiteBehavior [ RunTime:0.000015s ]
INFO: [ app_init ] --END-- [ RunTime:0.000130s ]
ERR: 无法加载模块:Favicon

[ 2016-11-17T19:36:23+08:00 ] 223.74.85.126 /favicon.ico
INFO: [ app_init ] --START--
INFO: Run Behavior\BuildLiteBehavior [ RunTime:0.000016s ]
INFO: [ app_init ] --END-- [ RunTime:0.000140s ]
ERR: 无法加载模块:Favicon

[ 2016-11-17T19:36:24+08:00 ] 223.74.85.126 /favicon.ico
INFO: [ app_init ] --START--
INFO: Run Behavior\BuildLiteBehavior [ RunTime:0.000015s ]
INFO: [ app_init ] --END-- [ RunTime:0.000117s ]
ERR: 无法加载模块:Favicon

[ 2016-11-17T19:36:26+08:00 ] 223.74.85.126 /favicon.ico
INFO: [ app_init ] --START--
INFO: Run Behavior\BuildLiteBehavior [ RunTime:0.000015s ]
INFO: [ app_init ] --END-- [ RunTime:0.000135s ]
ERR: 无法加载模块:Favicon

[ 2016-11-17T19:40:33+08:00 ] 171.38.10.219 http://shangjigang.baijia.baidu.com/article/695886
INFO: [ app_init ] --START--
INFO: Run Behavior\BuildLiteBehavior [ RunTime:0.000023s ]
INFO: [ app_init ] --END-- [ RunTime:0.000195s ]
ERR: 无法加载模块:Article

[ 2016-11-17T19:40:33+08:00 ] 171.38.10.219 http://shangjigang.baijia.baidu.com/article/695886
INFO: [ app_init ] --START--
INFO: Run Behavior\BuildLiteBehavior [ RunTime:0.000020s ]
INFO: [ app_init ] --END-- [ RunTime:0.000162s ]
ERR: 无法加载模块:Article

[ 2016-11-17T19:45:57+08:00 ] 171.38.10.219 http://imgcache.qq.com/wss/beian/static/block.html
INFO: [ app_init ] --START--
INFO: Run Behavior\BuildLiteBehavior [ RunTime:0.000016s ]
INFO: [ app_init ] --END-- [ RunTime:0.000147s ]
ERR: 无法加载模块:Wss

[ 2016-11-17T19:52:28+08:00 ] 171.38.10.219 http://imgcache.qq.com/wss/beian/static/block.html
INFO: [ app_init ] --START--
INFO: Run Behavior\BuildLiteBehavior [ RunTime:0.000015s ]
INFO: [ app_init ] --END-- [ RunTime:0.000127s ]
ERR: 无法加载模块:Wss

[ 2016-11-17T20:18:53+08:00 ] 171.38.10.219 http://haoxiaoliang.baijia.baidu.com/article/695836
INFO: [ app_init ] --START--
INFO: Run Behavior\BuildLiteBehavior [ RunTime:0.000015s ]
INFO: [ app_init ] --END-- [ RunTime:0.000122s ]
ERR: 无法加载模块:Article

[ 2016-11-17T20:18:53+08:00 ] 171.38.10.219 http://haoxiaoliang.baijia.baidu.com/article/695836
INFO: [ app_init ] --START--
INFO: Run Behavior\BuildLiteBehavior [ RunTime:0.000016s ]
INFO: [ app_init ] --END-- [ RunTime:0.000137s ]
ERR: 无法加载模块:Article

[ 2016-11-17T20:30:54+08:00 ] 171.38.10.219 http://shangjigang.baijia.baidu.com/article/695886
INFO: [ app_init ] --START--
INFO: Run Behavior\BuildLiteBehavior [ RunTime:0.000021s ]
INFO: [ app_init ] --END-- [ RunTime:0.000168s ]
ERR: 无法加载模块:Article

[ 2016-11-17T20:30:54+08:00 ] 171.38.10.219 http://shangjigang.baijia.baidu.com/article/695886
INFO: [ app_init ] --START--
INFO: Run Behavior\BuildLiteBehavior [ RunTime:0.000015s ]
INFO: [ app_init ] --END-- [ RunTime:0.000152s ]
ERR: 无法加载模块:Article

[ 2016-11-17T20:32:52+08:00 ] 115.182.209.180 /qiyenews/1871.html
INFO: [ app_init ] --START--
INFO: Run Behavior\BuildLiteBehavior [ RunTime:0.000019s ]
INFO: [ app_init ] --END-- [ RunTime:0.000194s ]
ERR: 无法加载模块:Qiyenews

[ 2016-11-17T20:33:04+08:00 ] 171.38.10.219 http://haoxiaoliang.baijia.baidu.com/article/695836
INFO: [ app_init ] --START--
INFO: Run Behavior\BuildLiteBehavior [ RunTime:0.000020s ]
INFO: [ app_init ] --END-- [ RunTime:0.000133s ]
ERR: 无法加载模块:Article

[ 2016-11-17T20:33:04+08:00 ] 171.38.10.219 http://haoxiaoliang.baijia.baidu.com/article/695836
INFO: [ app_init ] --START--
INFO: Run Behavior\BuildLiteBehavior [ RunTime:0.000015s ]
INFO: [ app_init ] --END-- [ RunTime:0.000119s ]
ERR: 无法加载模块:Article

[ 2016-11-17T20:33:24+08:00 ] 171.38.10.219 http://haoxiaoliang.baijia.baidu.com/article/695836
INFO: [ app_init ] --START--
INFO: Run Behavior\BuildLiteBehavior [ RunTime:0.000019s ]
INFO: [ app_init ] --END-- [ RunTime:0.000175s ]
ERR: 无法加载模块:Article

[ 2016-11-17T20:33:24+08:00 ] 171.38.10.219 http://haoxiaoliang.baijia.baidu.com/article/695836
INFO: [ app_init ] --START--
INFO: Run Behavior\BuildLiteBehavior [ RunTime:0.000019s ]
INFO: [ app_init ] --END-- [ RunTime:0.000160s ]
ERR: 无法加载模块:Article

[ 2016-11-17T21:09:41+08:00 ] 101.226.35.225 /favicon.ico
INFO: [ app_init ] --START--
INFO: Run Behavior\BuildLiteBehavior [ RunTime:0.000015s ]
INFO: [ app_init ] --END-- [ RunTime:0.000140s ]
ERR: 无法加载模块:Favicon

[ 2016-11-17T21:09:41+08:00 ] 101.226.35.225 /favicon.ico
INFO: [ app_init ] --START--
INFO: Run Behavior\BuildLiteBehavior [ RunTime:0.000018s ]
INFO: [ app_init ] --END-- [ RunTime:0.000143s ]
ERR: 无法加载模块:Favicon

[ 2016-11-17T21:09:41+08:00 ] 101.226.35.225 /favicon.ico
INFO: [ app_init ] --START--
INFO: Run Behavior\BuildLiteBehavior [ RunTime:0.000014s ]
INFO: [ app_init ] --END-- [ RunTime:0.000116s ]
ERR: 无法加载模块:Favicon

[ 2016-11-17T22:05:19+08:00 ] 223.74.85.25 /favicon.ico
INFO: [ app_init ] --START--
INFO: Run Behavior\BuildLiteBehavior [ RunTime:0.000021s ]
INFO: [ app_init ] --END-- [ RunTime:0.000175s ]
ERR: 无法加载模块:Favicon

[ 2016-11-17T22:05:22+08:00 ] 223.74.85.25 /favicon.ico
INFO: [ app_init ] --START--
INFO: Run Behavior\BuildLiteBehavior [ RunTime:0.000021s ]
INFO: [ app_init ] --END-- [ RunTime:0.000166s ]
ERR: 无法加载模块:Favicon

[ 2016-11-17T22:14:47+08:00 ] 223.74.85.25 /favicon.ico
INFO: [ app_init ] --START--
INFO: Run Behavior\BuildLiteBehavior [ RunTime:0.000023s ]
INFO: [ app_init ] --END-- [ RunTime:0.000197s ]
ERR: 无法加载模块:Favicon

[ 2016-11-17T22:14:49+08:00 ] 223.74.85.25 /favicon.ico
INFO: [ app_init ] --START--
INFO: Run Behavior\BuildLiteBehavior [ RunTime:0.000015s ]
INFO: [ app_init ] --END-- [ RunTime:0.000117s ]
ERR: 无法加载模块:Favicon

[ 2016-11-17T22:14:50+08:00 ] 223.74.85.25 /favicon.ico
INFO: [ app_init ] --START--
INFO: Run Behavior\BuildLiteBehavior [ RunTime:0.000016s ]
INFO: [ app_init ] --END-- [ RunTime:0.000138s ]
ERR: 无法加载模块:Favicon

[ 2016-11-17T22:22:03+08:00 ] 223.74.85.126 /favicon.ico
INFO: [ app_init ] --START--
INFO: Run Behavior\BuildLiteBehavior [ RunTime:0.000022s ]
INFO: [ app_init ] --END-- [ RunTime:0.000147s ]
ERR: 无法加载模块:Favicon

[ 2016-11-17T22:30:38+08:00 ] 117.136.79.201 /favicon.ico
INFO: [ app_init ] --START--
INFO: Run Behavior\BuildLiteBehavior [ RunTime:0.000019s ]
INFO: [ app_init ] --END-- [ RunTime:0.000179s ]
ERR: 无法加载模块:Favicon

